2020-12-03 16:27:39,463 ERROR weaver.general.BaseBean  - ------是否开启字符转码----0---是否开启sql参数化解析-----0----nativepool----ecology
2020-12-03 16:27:39,972 ERROR weaver.general.BaseBean  - ExecuteSqlLogger start log write to file thread success...
2020-12-03 16:27:40,071 INFO  weaver.common.SystemInitialized  - System Initialized OK.
2020-12-03 16:27:40,543 INFO  weaver.general.InitServer  - System Init Message:mainControlIp= localIp:[192.168.56.1, 192.168.97.232]
2020-12-03 16:27:40,543 INFO  weaver.general.InitServer  - init ioc container...
2020-12-03 16:27:43,337 ERROR com.weaver.upgrade.FunctionUpgrade  - OS.name+++++++++++++++++++++:Windows 10
2020-12-03 16:27:43,337 ERROR com.weaver.upgrade.FunctionUpgrade  - srcfilePath+++++++++++++++++++++:D:\WEAVER\ecology\upgrade\src
2020-12-03 16:27:43,339 ERROR com.weaver.upgrade.FunctionUpgrade  - 本地Ip++++++++++：192.168.56.1
2020-12-03 16:27:43,339 ERROR com.weaver.upgrade.FunctionUpgrade  - 主节点MainControlIP++++++++++：
2020-12-03 16:27:43,516 INFO  weaver.general.InitServer  - end ioc container init...
2020-12-03 16:27:43,517 INFO  weaver.general.InitServer  - SystemUpgrade Start.....
2020-12-03 16:27:43,553 INFO  weaver.general.InitServer  - SystemUpgrade End.....
2020-12-03 16:27:43,553 INFO  weaver.general.InitServer  - InitServerXMLtoDBThread Start.....
2020-12-03 16:27:43,590 INFO  weaver.general.InitServer  - InitServerXMLtoDBThread End.....
2020-12-03 16:27:43,596 ERROR weaver.system.HtmlFieldToClob  - isrun:1
2020-12-03 16:27:43,597 ERROR weaver.system.HtmlFieldToClob  - isrun1:1
2020-12-03 16:27:43,617 ERROR weaver.conn.RecordSet  - WFVersionAdd insert Waiting...
2020-12-03 16:27:43,634 ERROR weaver.general.BaseBean  - 启动日志压缩线程....
2020-12-03 16:27:44,256 ERROR weaver.conn.RecordSet  - 生成前端JS使用的label信息...
2020-12-03 16:27:44,465 ERROR weaver.conn.RecordSet  - 生成前端JS使用的label信息成功...
2020-12-03 16:27:45,626 ERROR weaver.system.WorkflowVersionAdd  - workflowversion isrun:1
2020-12-03 16:27:45,626 ERROR weaver.system.WorkflowVersionAdd  - workflowversion isrun1:1
2020-12-03 16:27:45,918 INFO  weaver.general.InitServer  - end.....
2020-12-03 16:27:47,034 ERROR weaver.page.PageManager  - 清空二维码扫描缓存记录表
2020-12-03 16:27:47,167 ERROR weaver.cpt.util.CptInitManager  - weaver.cpt.util.CptInitManager is running start...
2020-12-03 16:27:47,182 ERROR weaver.formmode.cuspage.cpt.CptGenmenu4mode  - weaver.formmode.cuspage.cpt.CptGenmenu4mode is running start...
2020-12-03 16:27:47,197 ERROR weaver.formmode.cuspage.cpt.CptGenmenu4mode  - weaver.formmode.cuspage.cpt.CptGenmenu4mode is running end...
2020-12-03 16:27:47,276 ERROR weaver.cpt.util.CptInitManager  - weaver.cpt.util.CptInitManager is running end...
2020-12-03 16:27:49,379 ERROR org.directwebremoting.util.LogErrorHandler  - Line=52 Element type "filter" must be declared.
2020-12-03 16:27:49,380 ERROR org.directwebremoting.util.LogErrorHandler  - Line=53 The content of element type "allow" must match "(create|convert)*".
2020-12-03 16:27:51,236 ERROR weaver.conn.RecordSet  - select t1.* from  uf_zzzxx t1 where t1.formmodeid=50  and ( DATEDIFF(ss,t1.jzrq+' '+'23:55:50',getDate())>=(-1*60*60*24*30) and DATEDIFF(ss, CONVERT(varchar(10), GETDATE(), 120) +' '+'00:00:00',t1.jzrq+' '+'23:55:50')>=(-1*60*60*24*30) and t1.jzrq is not null and t1.jzrq<> '' )  and not exists(select 1 from mode_reminddata_all t2 where t2.remindjobid=1 and t2.billid=t1.id and lastdate= CONVERT(varchar(10), GETDATE(), 120)  and isnull(isRemindWorkflow,0)=1 )
2020-12-03 16:27:51,250 ERROR weaver.conn.RecordSet  - weaver.conn.RecordSet
com.microsoft.sqlserver.jdbc.SQLServerException: datediff 函数导致溢出。用于分隔两个日期/时间实例的日期部分的数字太大。请尝试使用日期部分精度较低的 datediff。
	at com.microsoft.sqlserver.jdbc.SQLServerException.makeFromDatabaseError(SQLServerException.java:196)
	at com.microsoft.sqlserver.jdbc.SQLServerResultSet$FetchBuffer.nextRow(SQLServerResultSet.java:4700)
	at com.microsoft.sqlserver.jdbc.SQLServerResultSet.fetchBufferNext(SQLServerResultSet.java:1683)
	at com.microsoft.sqlserver.jdbc.SQLServerResultSet.next(SQLServerResultSet.java:956)
	at weaver.conn.RecordSet.parseResultSet(RecordSet.java:1656)
	at weaver.conn.RecordSet.executeSql(RecordSet.java:916)
	at weaver.conn.RecordSet.executeSql(RecordSet.java:336)
	at weaver.formmode.task.action.TaskAction.doRemind(TaskAction.java:247)
	at weaver.formmode.task.action.WorkflowMessageTaskAction.doIt(WorkflowMessageTaskAction.java:33)
	at weaver.formmode.task.action.TaskAction.execute(TaskAction.java:34)
	at org.quartz.core.JobRunShell.run(JobRunShell.java:202)
	at org.quartz.simpl.SimpleThreadPool$WorkerThread.run(SimpleThreadPool.java:529)
2020-12-03 16:27:52,084 ERROR weaver.system.MonitorThreadManager  - >>>>MonitorThreadManager>>单独的预警关闭控制：isThreadWarningStart(zt)=0<<<<
2020-12-03 16:27:52,248 ERROR weaver.general.BaseBean  - 初始化微信推送扫描线程成功，扫描间隔1分钟---------
2020-12-03 16:28:00,802 INFO  weaver.filter.SecurityFilter  - Initializing filter 'SecurityFilter'
2020-12-03 16:28:07,347 INFO  weaver.filter.SecurityFilter  - Filter 'SecurityFilter' configured successfully
2020-12-03 16:28:07,375 ERROR weaver.general.BaseBean  - log4j reset thread start success...
2020-12-03 16:28:07,590 INFO  weaver.filter.XssFilter  - Initializing filter 'XssFilter'
2020-12-03 16:28:07,600 INFO  weaver.filter.XssFilter  - Filter 'XssFilter' configured successfully
2020-12-03 16:28:07,991 ERROR weaver.general.BaseBean  - ------是否开启字符转码----0---是否开启sql参数化解析-----0----nativepool----ecology
2020-12-03 16:28:08,049 ERROR weaver.general.BaseBean  - ExecuteSqlLogger start log write to file thread success...
2020-12-03 17:00:59,670 ERROR weaver.general.BaseBean  - ------是否开启字符转码----0---是否开启sql参数化解析-----0----nativepool----ecology
2020-12-03 17:01:00,177 ERROR weaver.general.BaseBean  - ExecuteSqlLogger start log write to file thread success...
2020-12-03 17:01:00,236 INFO  weaver.common.SystemInitialized  - System Initialized OK.
2020-12-03 17:01:00,582 INFO  weaver.general.InitServer  - System Init Message:mainControlIp= localIp:[192.168.56.1, 192.168.97.232]
2020-12-03 17:01:00,582 INFO  weaver.general.InitServer  - init ioc container...
2020-12-03 17:01:03,053 ERROR com.weaver.upgrade.FunctionUpgrade  - OS.name+++++++++++++++++++++:Windows 10
2020-12-03 17:01:03,053 ERROR com.weaver.upgrade.FunctionUpgrade  - srcfilePath+++++++++++++++++++++:D:\WEAVER\ecology\upgrade\src
2020-12-03 17:01:03,055 ERROR com.weaver.upgrade.FunctionUpgrade  - 本地Ip++++++++++：192.168.56.1
2020-12-03 17:01:03,055 ERROR com.weaver.upgrade.FunctionUpgrade  - 主节点MainControlIP++++++++++：
2020-12-03 17:01:03,170 INFO  weaver.general.InitServer  - end ioc container init...
2020-12-03 17:01:03,171 INFO  weaver.general.InitServer  - SystemUpgrade Start.....
2020-12-03 17:01:03,180 INFO  weaver.general.InitServer  - SystemUpgrade End.....
2020-12-03 17:01:03,180 INFO  weaver.general.InitServer  - InitServerXMLtoDBThread Start.....
2020-12-03 17:01:03,189 ERROR weaver.general.BaseBean  - 启动日志压缩线程....
2020-12-03 17:01:03,191 INFO  weaver.general.InitServer  - InitServerXMLtoDBThread End.....
2020-12-03 17:01:03,196 ERROR weaver.system.HtmlFieldToClob  - isrun:1
2020-12-03 17:01:03,197 ERROR weaver.system.HtmlFieldToClob  - isrun1:1
2020-12-03 17:01:03,198 ERROR weaver.conn.RecordSet  - WFVersionAdd insert Waiting...
2020-12-03 17:01:03,623 ERROR weaver.conn.RecordSet  - 生成前端JS使用的label信息...
2020-12-03 17:01:03,922 ERROR weaver.conn.RecordSet  - 生成前端JS使用的label信息成功...
2020-12-03 17:01:04,314 INFO  weaver.general.InitServer  - end.....
2020-12-03 17:01:05,217 ERROR weaver.system.WorkflowVersionAdd  - workflowversion isrun:1
2020-12-03 17:01:05,218 ERROR weaver.system.WorkflowVersionAdd  - workflowversion isrun1:1
2020-12-03 17:01:05,238 ERROR weaver.page.PageManager  - 清空二维码扫描缓存记录表
2020-12-03 17:01:05,297 ERROR weaver.cpt.util.CptInitManager  - weaver.cpt.util.CptInitManager is running start...
2020-12-03 17:01:05,298 ERROR weaver.formmode.cuspage.cpt.CptGenmenu4mode  - weaver.formmode.cuspage.cpt.CptGenmenu4mode is running start...
2020-12-03 17:01:05,306 ERROR weaver.formmode.cuspage.cpt.CptGenmenu4mode  - weaver.formmode.cuspage.cpt.CptGenmenu4mode is running end...
2020-12-03 17:01:05,364 ERROR weaver.cpt.util.CptInitManager  - weaver.cpt.util.CptInitManager is running end...
2020-12-03 17:01:07,164 ERROR org.directwebremoting.util.LogErrorHandler  - Line=52 Element type "filter" must be declared.
2020-12-03 17:01:07,165 ERROR org.directwebremoting.util.LogErrorHandler  - Line=53 The content of element type "allow" must match "(create|convert)*".
2020-12-03 17:01:09,602 ERROR weaver.conn.RecordSet  - select t1.* from  uf_zzzxx t1 where t1.formmodeid=50  and ( DATEDIFF(ss,t1.jzrq+' '+'23:55:50',getDate())>=(-1*60*60*24*30) and DATEDIFF(ss, CONVERT(varchar(10), GETDATE(), 120) +' '+'00:00:00',t1.jzrq+' '+'23:55:50')>=(-1*60*60*24*30) and t1.jzrq is not null and t1.jzrq<> '' )  and not exists(select 1 from mode_reminddata_all t2 where t2.remindjobid=1 and t2.billid=t1.id and lastdate= CONVERT(varchar(10), GETDATE(), 120)  and isnull(isRemindWorkflow,0)=1 )
2020-12-03 17:01:09,603 ERROR weaver.conn.RecordSet  - weaver.conn.RecordSet
com.microsoft.sqlserver.jdbc.SQLServerException: datediff 函数导致溢出。用于分隔两个日期/时间实例的日期部分的数字太大。请尝试使用日期部分精度较低的 datediff。
	at com.microsoft.sqlserver.jdbc.SQLServerException.makeFromDatabaseError(SQLServerException.java:196)
	at com.microsoft.sqlserver.jdbc.SQLServerResultSet$FetchBuffer.nextRow(SQLServerResultSet.java:4700)
	at com.microsoft.sqlserver.jdbc.SQLServerResultSet.fetchBufferNext(SQLServerResultSet.java:1683)
	at com.microsoft.sqlserver.jdbc.SQLServerResultSet.next(SQLServerResultSet.java:956)
	at weaver.conn.RecordSet.parseResultSet(RecordSet.java:1656)
	at weaver.conn.RecordSet.executeSql(RecordSet.java:916)
	at weaver.conn.RecordSet.executeSql(RecordSet.java:336)
	at weaver.formmode.task.action.TaskAction.doRemind(TaskAction.java:247)
	at weaver.formmode.task.action.WorkflowMessageTaskAction.doIt(WorkflowMessageTaskAction.java:33)
	at weaver.formmode.task.action.TaskAction.execute(TaskAction.java:34)
	at org.quartz.core.JobRunShell.run(JobRunShell.java:202)
	at org.quartz.simpl.SimpleThreadPool$WorkerThread.run(SimpleThreadPool.java:529)
2020-12-03 17:01:10,439 ERROR weaver.system.MonitorThreadManager  - >>>>MonitorThreadManager>>单独的预警关闭控制：isThreadWarningStart(zt)=0<<<<
2020-12-03 17:01:10,692 ERROR weaver.general.BaseBean  - 初始化微信推送扫描线程成功，扫描间隔1分钟---------
2020-12-03 17:01:12,664 INFO  weaver.filter.SecurityFilter  - Initializing filter 'SecurityFilter'
2020-12-03 17:01:18,384 INFO  weaver.filter.SecurityFilter  - Filter 'SecurityFilter' configured successfully
2020-12-03 17:01:18,390 ERROR weaver.general.BaseBean  - log4j reset thread start success...
2020-12-03 17:01:18,616 INFO  weaver.filter.XssFilter  - Initializing filter 'XssFilter'
2020-12-03 17:01:18,654 INFO  weaver.filter.XssFilter  - Filter 'XssFilter' configured successfully
2020-12-03 17:01:18,785 ERROR weaver.general.BaseBean  - ------是否开启字符转码----0---是否开启sql参数化解析-----0----nativepool----ecology
2020-12-03 17:01:18,813 ERROR weaver.general.BaseBean  - ExecuteSqlLogger start log write to file thread success...
2020-12-03 17:04:33,188 ERROR weaver.general.BaseBean  - ------是否开启字符转码----0---是否开启sql参数化解析-----0----nativepool----ecology
2020-12-03 17:04:33,670 ERROR weaver.general.BaseBean  - ExecuteSqlLogger start log write to file thread success...
2020-12-03 17:04:33,711 INFO  weaver.common.SystemInitialized  - System Initialized OK.
2020-12-03 17:04:34,008 INFO  weaver.general.InitServer  - System Init Message:mainControlIp= localIp:[192.168.56.1, 192.168.97.232]
2020-12-03 17:04:34,009 INFO  weaver.general.InitServer  - init ioc container...
2020-12-03 17:04:36,534 ERROR com.weaver.upgrade.FunctionUpgrade  - OS.name+++++++++++++++++++++:Windows 10
2020-12-03 17:04:36,534 ERROR com.weaver.upgrade.FunctionUpgrade  - srcfilePath+++++++++++++++++++++:D:\WEAVER\ecology\upgrade\src
2020-12-03 17:04:36,536 ERROR com.weaver.upgrade.FunctionUpgrade  - 本地Ip++++++++++：192.168.56.1
2020-12-03 17:04:36,537 ERROR com.weaver.upgrade.FunctionUpgrade  - 主节点MainControlIP++++++++++：
2020-12-03 17:04:36,690 INFO  weaver.general.InitServer  - end ioc container init...
2020-12-03 17:04:36,690 INFO  weaver.general.InitServer  - SystemUpgrade Start.....
2020-12-03 17:04:36,703 INFO  weaver.general.InitServer  - SystemUpgrade End.....
2020-12-03 17:04:36,703 INFO  weaver.general.InitServer  - InitServerXMLtoDBThread Start.....
2020-12-03 17:04:36,713 INFO  weaver.general.InitServer  - InitServerXMLtoDBThread End.....
2020-12-03 17:04:36,723 ERROR weaver.conn.RecordSet  - WFVersionAdd insert Waiting...
2020-12-03 17:04:36,726 ERROR weaver.general.BaseBean  - 启动日志压缩线程....
2020-12-03 17:04:36,725 ERROR weaver.system.HtmlFieldToClob  - isrun:1
2020-12-03 17:04:36,734 ERROR weaver.system.HtmlFieldToClob  - isrun1:1
2020-12-03 17:04:37,200 ERROR weaver.conn.RecordSet  - 生成前端JS使用的label信息...
2020-12-03 17:04:37,415 ERROR weaver.conn.RecordSet  - 生成前端JS使用的label信息成功...
2020-12-03 17:04:37,832 INFO  weaver.general.InitServer  - end.....
2020-12-03 17:04:38,652 ERROR weaver.page.PageManager  - 清空二维码扫描缓存记录表
2020-12-03 17:04:38,762 ERROR weaver.system.WorkflowVersionAdd  - workflowversion isrun:1
2020-12-03 17:04:38,762 ERROR weaver.system.WorkflowVersionAdd  - workflowversion isrun1:1
2020-12-03 17:04:38,781 ERROR weaver.cpt.util.CptInitManager  - weaver.cpt.util.CptInitManager is running start...
2020-12-03 17:04:38,783 ERROR weaver.formmode.cuspage.cpt.CptGenmenu4mode  - weaver.formmode.cuspage.cpt.CptGenmenu4mode is running start...
2020-12-03 17:04:38,801 ERROR weaver.formmode.cuspage.cpt.CptGenmenu4mode  - weaver.formmode.cuspage.cpt.CptGenmenu4mode is running end...
2020-12-03 17:04:38,831 ERROR weaver.cpt.util.CptInitManager  - weaver.cpt.util.CptInitManager is running end...
2020-12-03 17:04:40,363 ERROR org.directwebremoting.util.LogErrorHandler  - Line=52 Element type "filter" must be declared.
2020-12-03 17:04:40,365 ERROR org.directwebremoting.util.LogErrorHandler  - Line=53 The content of element type "allow" must match "(create|convert)*".
2020-12-03 17:04:42,127 ERROR weaver.conn.RecordSet  - select t1.* from  uf_zzzxx t1 where t1.formmodeid=50  and ( DATEDIFF(ss,t1.jzrq+' '+'23:55:50',getDate())>=(-1*60*60*24*30) and DATEDIFF(ss, CONVERT(varchar(10), GETDATE(), 120) +' '+'00:00:00',t1.jzrq+' '+'23:55:50')>=(-1*60*60*24*30) and t1.jzrq is not null and t1.jzrq<> '' )  and not exists(select 1 from mode_reminddata_all t2 where t2.remindjobid=1 and t2.billid=t1.id and lastdate= CONVERT(varchar(10), GETDATE(), 120)  and isnull(isRemindWorkflow,0)=1 )
2020-12-03 17:04:42,129 ERROR weaver.conn.RecordSet  - weaver.conn.RecordSet
com.microsoft.sqlserver.jdbc.SQLServerException: datediff 函数导致溢出。用于分隔两个日期/时间实例的日期部分的数字太大。请尝试使用日期部分精度较低的 datediff。
	at com.microsoft.sqlserver.jdbc.SQLServerException.makeFromDatabaseError(SQLServerException.java:196)
	at com.microsoft.sqlserver.jdbc.SQLServerResultSet$FetchBuffer.nextRow(SQLServerResultSet.java:4700)
	at com.microsoft.sqlserver.jdbc.SQLServerResultSet.fetchBufferNext(SQLServerResultSet.java:1683)
	at com.microsoft.sqlserver.jdbc.SQLServerResultSet.next(SQLServerResultSet.java:956)
	at weaver.conn.RecordSet.parseResultSet(RecordSet.java:1656)
	at weaver.conn.RecordSet.executeSql(RecordSet.java:916)
	at weaver.conn.RecordSet.executeSql(RecordSet.java:336)
	at weaver.formmode.task.action.TaskAction.doRemind(TaskAction.java:247)
	at weaver.formmode.task.action.WorkflowMessageTaskAction.doIt(WorkflowMessageTaskAction.java:33)
	at weaver.formmode.task.action.TaskAction.execute(TaskAction.java:34)
	at org.quartz.core.JobRunShell.run(JobRunShell.java:202)
	at org.quartz.simpl.SimpleThreadPool$WorkerThread.run(SimpleThreadPool.java:529)
2020-12-03 17:04:42,938 ERROR weaver.system.MonitorThreadManager  - >>>>MonitorThreadManager>>单独的预警关闭控制：isThreadWarningStart(zt)=0<<<<
2020-12-03 17:04:43,139 ERROR weaver.general.BaseBean  - 初始化微信推送扫描线程成功，扫描间隔1分钟---------
2020-12-03 17:04:45,027 INFO  weaver.filter.SecurityFilter  - Initializing filter 'SecurityFilter'
2020-12-03 17:04:49,893 INFO  weaver.filter.SecurityFilter  - Filter 'SecurityFilter' configured successfully
2020-12-03 17:04:49,898 ERROR weaver.general.BaseBean  - log4j reset thread start success...
2020-12-03 17:04:50,219 INFO  weaver.filter.XssFilter  - Initializing filter 'XssFilter'
2020-12-03 17:04:50,230 INFO  weaver.filter.XssFilter  - Filter 'XssFilter' configured successfully
2020-12-03 17:04:50,468 ERROR weaver.general.BaseBean  - ------是否开启字符转码----0---是否开启sql参数化解析-----0----nativepool----ecology
2020-12-03 17:04:50,556 ERROR weaver.general.BaseBean  - ExecuteSqlLogger start log write to file thread success...
2020-12-03 17:13:04,512 ERROR weaver.general.BaseBean  - ------是否开启字符转码----0---是否开启sql参数化解析-----0----nativepool----ecology
2020-12-03 17:13:04,866 ERROR weaver.general.BaseBean  - ExecuteSqlLogger start log write to file thread success...
2020-12-03 17:13:04,935 INFO  weaver.common.SystemInitialized  - System Initialized OK.
2020-12-03 17:13:05,655 INFO  weaver.general.InitServer  - System Init Message:mainControlIp= localIp:[192.168.56.1, 192.168.97.232]
2020-12-03 17:13:05,655 INFO  weaver.general.InitServer  - init ioc container...
2020-12-03 17:13:07,915 ERROR com.weaver.upgrade.FunctionUpgrade  - OS.name+++++++++++++++++++++:Windows 10
2020-12-03 17:13:07,915 ERROR com.weaver.upgrade.FunctionUpgrade  - srcfilePath+++++++++++++++++++++:D:\WEAVER\ecology\upgrade\src
2020-12-03 17:13:07,917 ERROR com.weaver.upgrade.FunctionUpgrade  - 本地Ip++++++++++：192.168.56.1
2020-12-03 17:13:07,917 ERROR com.weaver.upgrade.FunctionUpgrade  - 主节点MainControlIP++++++++++：
2020-12-03 17:13:08,055 INFO  weaver.general.InitServer  - end ioc container init...
2020-12-03 17:13:08,056 INFO  weaver.general.InitServer  - SystemUpgrade Start.....
2020-12-03 17:13:08,069 INFO  weaver.general.InitServer  - SystemUpgrade End.....
2020-12-03 17:13:08,070 INFO  weaver.general.InitServer  - InitServerXMLtoDBThread Start.....
2020-12-03 17:13:08,081 INFO  weaver.general.InitServer  - InitServerXMLtoDBThread End.....
2020-12-03 17:13:08,082 ERROR weaver.general.BaseBean  - 启动日志压缩线程....
2020-12-03 17:13:08,086 ERROR weaver.system.HtmlFieldToClob  - isrun:1
2020-12-03 17:13:08,087 ERROR weaver.system.HtmlFieldToClob  - isrun1:1
2020-12-03 17:13:08,089 ERROR weaver.conn.RecordSet  - WFVersionAdd insert Waiting...
2020-12-03 17:13:08,485 ERROR weaver.conn.RecordSet  - 生成前端JS使用的label信息...
2020-12-03 17:13:08,577 ERROR weaver.conn.RecordSet  - 生成前端JS使用的label信息成功...
2020-12-03 17:13:08,876 INFO  weaver.general.InitServer  - end.....
2020-12-03 17:13:09,628 ERROR weaver.page.PageManager  - 清空二维码扫描缓存记录表
2020-12-03 17:13:09,681 ERROR weaver.cpt.util.CptInitManager  - weaver.cpt.util.CptInitManager is running start...
2020-12-03 17:13:09,687 ERROR weaver.formmode.cuspage.cpt.CptGenmenu4mode  - weaver.formmode.cuspage.cpt.CptGenmenu4mode is running start...
2020-12-03 17:13:09,706 ERROR weaver.formmode.cuspage.cpt.CptGenmenu4mode  - weaver.formmode.cuspage.cpt.CptGenmenu4mode is running end...
2020-12-03 17:13:09,796 ERROR weaver.cpt.util.CptInitManager  - weaver.cpt.util.CptInitManager is running end...
2020-12-03 17:13:10,128 ERROR weaver.system.WorkflowVersionAdd  - workflowversion isrun:1
2020-12-03 17:13:10,128 ERROR weaver.system.WorkflowVersionAdd  - workflowversion isrun1:1
2020-12-03 17:13:11,418 ERROR org.directwebremoting.util.LogErrorHandler  - Line=52 Element type "filter" must be declared.
2020-12-03 17:13:11,421 ERROR org.directwebremoting.util.LogErrorHandler  - Line=53 The content of element type "allow" must match "(create|convert)*".
2020-12-03 17:13:13,431 ERROR weaver.conn.RecordSet  - select t1.* from  uf_zzzxx t1 where t1.formmodeid=50  and ( DATEDIFF(ss,t1.jzrq+' '+'23:55:50',getDate())>=(-1*60*60*24*30) and DATEDIFF(ss, CONVERT(varchar(10), GETDATE(), 120) +' '+'00:00:00',t1.jzrq+' '+'23:55:50')>=(-1*60*60*24*30) and t1.jzrq is not null and t1.jzrq<> '' )  and not exists(select 1 from mode_reminddata_all t2 where t2.remindjobid=1 and t2.billid=t1.id and lastdate= CONVERT(varchar(10), GETDATE(), 120)  and isnull(isRemindWorkflow,0)=1 )
2020-12-03 17:13:13,432 ERROR weaver.conn.RecordSet  - weaver.conn.RecordSet
com.microsoft.sqlserver.jdbc.SQLServerException: datediff 函数导致溢出。用于分隔两个日期/时间实例的日期部分的数字太大。请尝试使用日期部分精度较低的 datediff。
	at com.microsoft.sqlserver.jdbc.SQLServerException.makeFromDatabaseError(SQLServerException.java:196)
	at com.microsoft.sqlserver.jdbc.SQLServerResultSet$FetchBuffer.nextRow(SQLServerResultSet.java:4700)
	at com.microsoft.sqlserver.jdbc.SQLServerResultSet.fetchBufferNext(SQLServerResultSet.java:1683)
	at com.microsoft.sqlserver.jdbc.SQLServerResultSet.next(SQLServerResultSet.java:956)
	at weaver.conn.RecordSet.parseResultSet(RecordSet.java:1656)
	at weaver.conn.RecordSet.executeSql(RecordSet.java:916)
	at weaver.conn.RecordSet.executeSql(RecordSet.java:336)
	at weaver.formmode.task.action.TaskAction.doRemind(TaskAction.java:247)
	at weaver.formmode.task.action.WorkflowMessageTaskAction.doIt(WorkflowMessageTaskAction.java:33)
	at weaver.formmode.task.action.TaskAction.execute(TaskAction.java:34)
	at org.quartz.core.JobRunShell.run(JobRunShell.java:202)
	at org.quartz.simpl.SimpleThreadPool$WorkerThread.run(SimpleThreadPool.java:529)
2020-12-03 17:13:14,146 ERROR weaver.system.MonitorThreadManager  - >>>>MonitorThreadManager>>单独的预警关闭控制：isThreadWarningStart(zt)=0<<<<
2020-12-03 17:13:14,377 ERROR weaver.general.BaseBean  - 初始化微信推送扫描线程成功，扫描间隔1分钟---------
2020-12-03 17:13:16,308 INFO  weaver.filter.SecurityFilter  - Initializing filter 'SecurityFilter'
2020-12-03 17:13:20,184 INFO  weaver.filter.SecurityFilter  - Filter 'SecurityFilter' configured successfully
2020-12-03 17:13:20,190 ERROR weaver.general.BaseBean  - log4j reset thread start success...
2020-12-03 17:13:20,475 INFO  weaver.filter.XssFilter  - Initializing filter 'XssFilter'
2020-12-03 17:13:20,507 INFO  weaver.filter.XssFilter  - Filter 'XssFilter' configured successfully
2020-12-03 17:13:20,645 ERROR weaver.general.BaseBean  - ------是否开启字符转码----0---是否开启sql参数化解析-----0----nativepool----ecology
2020-12-03 17:13:20,687 ERROR weaver.general.BaseBean  - ExecuteSqlLogger start log write to file thread success...
2020-12-03 17:20:12,990 ERROR weaver.general.BaseBean  - ------是否开启字符转码----0---是否开启sql参数化解析-----0----nativepool----ecology
2020-12-03 17:20:13,451 ERROR weaver.general.BaseBean  - ExecuteSqlLogger start log write to file thread success...
2020-12-03 17:20:13,508 INFO  weaver.common.SystemInitialized  - System Initialized OK.
2020-12-03 17:20:13,801 INFO  weaver.general.InitServer  - System Init Message:mainControlIp= localIp:[192.168.56.1, 192.168.97.232]
2020-12-03 17:20:13,801 INFO  weaver.general.InitServer  - init ioc container...
2020-12-03 17:20:16,362 ERROR com.weaver.upgrade.FunctionUpgrade  - OS.name+++++++++++++++++++++:Windows 10
2020-12-03 17:20:16,362 ERROR com.weaver.upgrade.FunctionUpgrade  - srcfilePath+++++++++++++++++++++:D:\WEAVER\ecology\upgrade\src
2020-12-03 17:20:16,364 ERROR com.weaver.upgrade.FunctionUpgrade  - 本地Ip++++++++++：192.168.56.1
2020-12-03 17:20:16,364 ERROR com.weaver.upgrade.FunctionUpgrade  - 主节点MainControlIP++++++++++：
2020-12-03 17:20:16,494 INFO  weaver.general.InitServer  - end ioc container init...
2020-12-03 17:20:16,494 INFO  weaver.general.InitServer  - SystemUpgrade Start.....
2020-12-03 17:20:16,505 INFO  weaver.general.InitServer  - SystemUpgrade End.....
2020-12-03 17:20:16,505 INFO  weaver.general.InitServer  - InitServerXMLtoDBThread Start.....
2020-12-03 17:20:16,512 ERROR weaver.general.BaseBean  - 启动日志压缩线程....
2020-12-03 17:20:16,515 INFO  weaver.general.InitServer  - InitServerXMLtoDBThread End.....
2020-12-03 17:20:16,521 ERROR weaver.system.HtmlFieldToClob  - isrun:1
2020-12-03 17:20:16,522 ERROR weaver.system.HtmlFieldToClob  - isrun1:1
2020-12-03 17:20:16,523 ERROR weaver.conn.RecordSet  - WFVersionAdd insert Waiting...
2020-12-03 17:20:16,992 ERROR weaver.conn.RecordSet  - 生成前端JS使用的label信息...
2020-12-03 17:20:17,232 ERROR weaver.conn.RecordSet  - 生成前端JS使用的label信息成功...
2020-12-03 17:20:17,611 INFO  weaver.general.InitServer  - end.....
2020-12-03 17:20:18,549 ERROR weaver.system.WorkflowVersionAdd  - workflowversion isrun:1
2020-12-03 17:20:18,549 ERROR weaver.system.WorkflowVersionAdd  - workflowversion isrun1:1
2020-12-03 17:20:18,645 ERROR weaver.page.PageManager  - 清空二维码扫描缓存记录表
2020-12-03 17:20:18,808 ERROR weaver.cpt.util.CptInitManager  - weaver.cpt.util.CptInitManager is running start...
2020-12-03 17:20:18,814 ERROR weaver.formmode.cuspage.cpt.CptGenmenu4mode  - weaver.formmode.cuspage.cpt.CptGenmenu4mode is running start...
2020-12-03 17:20:18,874 ERROR weaver.formmode.cuspage.cpt.CptGenmenu4mode  - weaver.formmode.cuspage.cpt.CptGenmenu4mode is running end...
2020-12-03 17:20:19,424 ERROR weaver.cpt.util.CptInitManager  - weaver.cpt.util.CptInitManager is running end...
2020-12-03 17:20:21,069 ERROR org.directwebremoting.util.LogErrorHandler  - Line=52 Element type "filter" must be declared.
2020-12-03 17:20:21,071 ERROR org.directwebremoting.util.LogErrorHandler  - Line=53 The content of element type "allow" must match "(create|convert)*".
2020-12-03 17:20:23,330 ERROR weaver.conn.RecordSet  - select t1.* from  uf_zzzxx t1 where t1.formmodeid=50  and ( DATEDIFF(ss,t1.jzrq+' '+'23:55:50',getDate())>=(-1*60*60*24*30) and DATEDIFF(ss, CONVERT(varchar(10), GETDATE(), 120) +' '+'00:00:00',t1.jzrq+' '+'23:55:50')>=(-1*60*60*24*30) and t1.jzrq is not null and t1.jzrq<> '' )  and not exists(select 1 from mode_reminddata_all t2 where t2.remindjobid=1 and t2.billid=t1.id and lastdate= CONVERT(varchar(10), GETDATE(), 120)  and isnull(isRemindWorkflow,0)=1 )
2020-12-03 17:20:23,330 ERROR weaver.conn.RecordSet  - weaver.conn.RecordSet
com.microsoft.sqlserver.jdbc.SQLServerException: datediff 函数导致溢出。用于分隔两个日期/时间实例的日期部分的数字太大。请尝试使用日期部分精度较低的 datediff。
	at com.microsoft.sqlserver.jdbc.SQLServerException.makeFromDatabaseError(SQLServerException.java:196)
	at com.microsoft.sqlserver.jdbc.SQLServerResultSet$FetchBuffer.nextRow(SQLServerResultSet.java:4700)
	at com.microsoft.sqlserver.jdbc.SQLServerResultSet.fetchBufferNext(SQLServerResultSet.java:1683)
	at com.microsoft.sqlserver.jdbc.SQLServerResultSet.next(SQLServerResultSet.java:956)
	at weaver.conn.RecordSet.parseResultSet(RecordSet.java:1656)
	at weaver.conn.RecordSet.executeSql(RecordSet.java:916)
	at weaver.conn.RecordSet.executeSql(RecordSet.java:336)
	at weaver.formmode.task.action.TaskAction.doRemind(TaskAction.java:247)
	at weaver.formmode.task.action.WorkflowMessageTaskAction.doIt(WorkflowMessageTaskAction.java:33)
	at weaver.formmode.task.action.TaskAction.execute(TaskAction.java:34)
	at org.quartz.core.JobRunShell.run(JobRunShell.java:202)
	at org.quartz.simpl.SimpleThreadPool$WorkerThread.run(SimpleThreadPool.java:529)
2020-12-03 17:20:23,997 ERROR weaver.system.MonitorThreadManager  - >>>>MonitorThreadManager>>单独的预警关闭控制：isThreadWarningStart(zt)=0<<<<
2020-12-03 17:20:24,197 ERROR weaver.general.BaseBean  - 初始化微信推送扫描线程成功，扫描间隔1分钟---------
2020-12-03 17:20:27,774 INFO  weaver.filter.SecurityFilter  - Initializing filter 'SecurityFilter'
2020-12-03 17:20:32,651 INFO  weaver.filter.SecurityFilter  - Filter 'SecurityFilter' configured successfully
2020-12-03 17:20:32,667 ERROR weaver.general.BaseBean  - log4j reset thread start success...
2020-12-03 17:20:32,928 INFO  weaver.filter.XssFilter  - Initializing filter 'XssFilter'
2020-12-03 17:20:32,943 INFO  weaver.filter.XssFilter  - Filter 'XssFilter' configured successfully
2020-12-03 17:20:33,070 ERROR weaver.general.BaseBean  - ------是否开启字符转码----0---是否开启sql参数化解析-----0----nativepool----ecology
2020-12-03 17:20:33,080 ERROR weaver.general.BaseBean  - ExecuteSqlLogger start log write to file thread success...
2020-12-03 17:28:41,068 ERROR weaver.general.BaseBean  - ------是否开启字符转码----0---是否开启sql参数化解析-----0----nativepool----ecology
2020-12-03 17:28:41,601 ERROR weaver.general.BaseBean  - ExecuteSqlLogger start log write to file thread success...
2020-12-03 17:28:41,663 INFO  weaver.common.SystemInitialized  - System Initialized OK.
2020-12-03 17:28:42,010 INFO  weaver.general.InitServer  - System Init Message:mainControlIp= localIp:[192.168.56.1, 192.168.97.232]
2020-12-03 17:28:42,010 INFO  weaver.general.InitServer  - init ioc container...
2020-12-03 17:28:44,520 ERROR com.weaver.upgrade.FunctionUpgrade  - OS.name+++++++++++++++++++++:Windows 10
2020-12-03 17:28:44,520 ERROR com.weaver.upgrade.FunctionUpgrade  - srcfilePath+++++++++++++++++++++:D:\WEAVER\ecology\upgrade\src
2020-12-03 17:28:44,522 ERROR com.weaver.upgrade.FunctionUpgrade  - 本地Ip++++++++++：192.168.56.1
2020-12-03 17:28:44,522 ERROR com.weaver.upgrade.FunctionUpgrade  - 主节点MainControlIP++++++++++：
2020-12-03 17:28:44,635 INFO  weaver.general.InitServer  - end ioc container init...
2020-12-03 17:28:44,636 INFO  weaver.general.InitServer  - SystemUpgrade Start.....
2020-12-03 17:28:44,649 INFO  weaver.general.InitServer  - SystemUpgrade End.....
2020-12-03 17:28:44,649 INFO  weaver.general.InitServer  - InitServerXMLtoDBThread Start.....
2020-12-03 17:28:44,659 INFO  weaver.general.InitServer  - InitServerXMLtoDBThread End.....
2020-12-03 17:28:44,663 ERROR weaver.general.BaseBean  - 启动日志压缩线程....
2020-12-03 17:28:44,692 ERROR weaver.system.HtmlFieldToClob  - isrun:1
2020-12-03 17:28:44,693 ERROR weaver.system.HtmlFieldToClob  - isrun1:1
2020-12-03 17:28:44,693 ERROR weaver.conn.RecordSet  - WFVersionAdd insert Waiting...
2020-12-03 17:28:45,109 ERROR weaver.conn.RecordSet  - 生成前端JS使用的label信息...
2020-12-03 17:28:45,322 ERROR weaver.conn.RecordSet  - 生成前端JS使用的label信息成功...
2020-12-03 17:28:45,543 INFO  weaver.general.InitServer  - end.....
2020-12-03 17:28:46,287 ERROR weaver.page.PageManager  - 清空二维码扫描缓存记录表
2020-12-03 17:28:46,378 ERROR weaver.cpt.util.CptInitManager  - weaver.cpt.util.CptInitManager is running start...
2020-12-03 17:28:46,381 ERROR weaver.formmode.cuspage.cpt.CptGenmenu4mode  - weaver.formmode.cuspage.cpt.CptGenmenu4mode is running start...
2020-12-03 17:28:46,385 ERROR weaver.formmode.cuspage.cpt.CptGenmenu4mode  - weaver.formmode.cuspage.cpt.CptGenmenu4mode is running end...
2020-12-03 17:28:46,645 ERROR weaver.cpt.util.CptInitManager  - weaver.cpt.util.CptInitManager is running end...
2020-12-03 17:28:46,698 ERROR weaver.system.WorkflowVersionAdd  - workflowversion isrun:1
2020-12-03 17:28:46,698 ERROR weaver.system.WorkflowVersionAdd  - workflowversion isrun1:1
2020-12-03 17:28:48,433 ERROR org.directwebremoting.util.LogErrorHandler  - Line=52 Element type "filter" must be declared.
2020-12-03 17:28:48,434 ERROR org.directwebremoting.util.LogErrorHandler  - Line=53 The content of element type "allow" must match "(create|convert)*".
2020-12-03 17:28:50,551 ERROR weaver.conn.RecordSet  - select t1.* from  uf_zzzxx t1 where t1.formmodeid=50  and ( DATEDIFF(ss,t1.jzrq+' '+'23:55:50',getDate())>=(-1*60*60*24*30) and DATEDIFF(ss, CONVERT(varchar(10), GETDATE(), 120) +' '+'00:00:00',t1.jzrq+' '+'23:55:50')>=(-1*60*60*24*30) and t1.jzrq is not null and t1.jzrq<> '' )  and not exists(select 1 from mode_reminddata_all t2 where t2.remindjobid=1 and t2.billid=t1.id and lastdate= CONVERT(varchar(10), GETDATE(), 120)  and isnull(isRemindWorkflow,0)=1 )
2020-12-03 17:28:50,553 ERROR weaver.conn.RecordSet  - weaver.conn.RecordSet
com.microsoft.sqlserver.jdbc.SQLServerException: datediff 函数导致溢出。用于分隔两个日期/时间实例的日期部分的数字太大。请尝试使用日期部分精度较低的 datediff。
	at com.microsoft.sqlserver.jdbc.SQLServerException.makeFromDatabaseError(SQLServerException.java:196)
	at com.microsoft.sqlserver.jdbc.SQLServerResultSet$FetchBuffer.nextRow(SQLServerResultSet.java:4700)
	at com.microsoft.sqlserver.jdbc.SQLServerResultSet.fetchBufferNext(SQLServerResultSet.java:1683)
	at com.microsoft.sqlserver.jdbc.SQLServerResultSet.next(SQLServerResultSet.java:956)
	at weaver.conn.RecordSet.parseResultSet(RecordSet.java:1656)
	at weaver.conn.RecordSet.executeSql(RecordSet.java:916)
	at weaver.conn.RecordSet.executeSql(RecordSet.java:336)
	at weaver.formmode.task.action.TaskAction.doRemind(TaskAction.java:247)
	at weaver.formmode.task.action.WorkflowMessageTaskAction.doIt(WorkflowMessageTaskAction.java:33)
	at weaver.formmode.task.action.TaskAction.execute(TaskAction.java:34)
	at org.quartz.core.JobRunShell.run(JobRunShell.java:202)
	at org.quartz.simpl.SimpleThreadPool$WorkerThread.run(SimpleThreadPool.java:529)
2020-12-03 17:28:51,251 ERROR weaver.system.MonitorThreadManager  - >>>>MonitorThreadManager>>单独的预警关闭控制：isThreadWarningStart(zt)=0<<<<
2020-12-03 17:28:51,677 ERROR weaver.general.BaseBean  - 初始化微信推送扫描线程成功，扫描间隔1分钟---------
2020-12-03 17:28:53,581 INFO  weaver.filter.SecurityFilter  - Initializing filter 'SecurityFilter'
2020-12-03 17:28:57,180 INFO  weaver.filter.SecurityFilter  - Filter 'SecurityFilter' configured successfully
2020-12-03 17:28:57,185 ERROR weaver.general.BaseBean  - log4j reset thread start success...
2020-12-03 17:28:57,529 INFO  weaver.filter.XssFilter  - Initializing filter 'XssFilter'
2020-12-03 17:28:57,543 INFO  weaver.filter.XssFilter  - Filter 'XssFilter' configured successfully
2020-12-03 17:28:57,809 ERROR weaver.general.BaseBean  - ------是否开启字符转码----0---是否开启sql参数化解析-----0----nativepool----ecology
2020-12-03 17:28:57,852 ERROR weaver.general.BaseBean  - ExecuteSqlLogger start log write to file thread success...
