2020-11-23 09:54:04,720 ERROR weaver.general.BaseBean  - ------是否开启字符转码----0---是否开启sql参数化解析-----0----nativepool----ecology
2020-11-23 09:54:05,249 ERROR weaver.general.BaseBean  - ExecuteSqlLogger start log write to file thread success...
2020-11-23 09:54:05,345 INFO  weaver.common.SystemInitialized  - System Initialized OK.
2020-11-23 09:54:06,141 INFO  weaver.general.InitServer  - System Init Message:mainControlIp= localIp:[192.168.56.1, 192.168.97.232]
2020-11-23 09:54:06,142 INFO  weaver.general.InitServer  - init ioc container...
2020-11-23 09:54:09,973 ERROR com.weaver.upgrade.FunctionUpgrade  - OS.name+++++++++++++++++++++:Windows 10
2020-11-23 09:54:09,974 ERROR com.weaver.upgrade.FunctionUpgrade  - srcfilePath+++++++++++++++++++++:D:\WEAVER\ecology\upgrade\src
2020-11-23 09:54:09,997 ERROR com.weaver.upgrade.FunctionUpgrade  - 本地Ip++++++++++：192.168.56.1
2020-11-23 09:54:09,997 ERROR com.weaver.upgrade.FunctionUpgrade  - 主节点MainControlIP++++++++++：
2020-11-23 09:54:10,137 INFO  weaver.general.InitServer  - end ioc container init...
2020-11-23 09:54:10,138 INFO  weaver.general.InitServer  - SystemUpgrade Start.....
2020-11-23 09:54:10,177 INFO  weaver.general.InitServer  - SystemUpgrade End.....
2020-11-23 09:54:10,178 INFO  weaver.general.InitServer  - InitServerXMLtoDBThread Start.....
2020-11-23 09:54:10,190 ERROR weaver.general.BaseBean  - 启动日志压缩线程....
2020-11-23 09:54:10,212 INFO  weaver.general.InitServer  - InitServerXMLtoDBThread End.....
2020-11-23 09:54:10,217 ERROR weaver.system.HtmlFieldToClob  - isrun:1
2020-11-23 09:54:10,217 ERROR weaver.system.HtmlFieldToClob  - isrun1:1
2020-11-23 09:54:10,229 ERROR weaver.conn.RecordSet  - WFVersionAdd insert Waiting...
2020-11-23 09:54:10,964 ERROR weaver.conn.RecordSet  - 生成前端JS使用的label信息...
2020-11-23 09:54:11,891 ERROR weaver.conn.RecordSet  - 生成前端JS使用的label信息成功...
2020-11-23 09:54:12,245 ERROR weaver.system.WorkflowVersionAdd  - workflowversion isrun:1
2020-11-23 09:54:12,245 ERROR weaver.system.WorkflowVersionAdd  - workflowversion isrun1:1
2020-11-23 09:54:12,878 INFO  weaver.general.InitServer  - end.....
2020-11-23 09:54:14,070 ERROR weaver.page.PageManager  - 清空二维码扫描缓存记录表
2020-11-23 09:54:14,220 ERROR weaver.cpt.util.CptInitManager  - weaver.cpt.util.CptInitManager is running start...
2020-11-23 09:54:14,222 ERROR weaver.formmode.cuspage.cpt.CptGenmenu4mode  - weaver.formmode.cuspage.cpt.CptGenmenu4mode is running start...
2020-11-23 09:54:14,256 ERROR weaver.formmode.cuspage.cpt.CptGenmenu4mode  - weaver.formmode.cuspage.cpt.CptGenmenu4mode is running end...
2020-11-23 09:54:14,351 ERROR weaver.cpt.util.CptInitManager  - weaver.cpt.util.CptInitManager is running end...
2020-11-23 09:54:16,690 ERROR org.directwebremoting.util.LogErrorHandler  - Line=52 Element type "filter" must be declared.
2020-11-23 09:54:16,690 ERROR org.directwebremoting.util.LogErrorHandler  - Line=53 The content of element type "allow" must match "(create|convert)*".
2020-11-23 09:54:18,555 ERROR weaver.conn.RecordSet  - select t1.* from  uf_zzzxx t1 where t1.formmodeid=50  and ( DATEDIFF(ss,t1.jzrq+' '+'23:55:50',getDate())>=(-1*60*60*24*30) and DATEDIFF(ss, CONVERT(varchar(10), GETDATE(), 120) +' '+'00:00:00',t1.jzrq+' '+'23:55:50')>=(-1*60*60*24*30) and t1.jzrq is not null and t1.jzrq<> '' )  and not exists(select 1 from mode_reminddata_all t2 where t2.remindjobid=1 and t2.billid=t1.id and lastdate= CONVERT(varchar(10), GETDATE(), 120)  and isnull(isRemindWorkflow,0)=1 )
2020-11-23 09:54:18,594 ERROR weaver.conn.RecordSet  - weaver.conn.RecordSet
com.microsoft.sqlserver.jdbc.SQLServerException: datediff 函数导致溢出。用于分隔两个日期/时间实例的日期部分的数字太大。请尝试使用日期部分精度较低的 datediff。
	at com.microsoft.sqlserver.jdbc.SQLServerException.makeFromDatabaseError(SQLServerException.java:196)
	at com.microsoft.sqlserver.jdbc.SQLServerResultSet$FetchBuffer.nextRow(SQLServerResultSet.java:4700)
	at com.microsoft.sqlserver.jdbc.SQLServerResultSet.fetchBufferNext(SQLServerResultSet.java:1683)
	at com.microsoft.sqlserver.jdbc.SQLServerResultSet.next(SQLServerResultSet.java:956)
	at weaver.conn.RecordSet.parseResultSet(RecordSet.java:1656)
	at weaver.conn.RecordSet.executeSql(RecordSet.java:916)
	at weaver.conn.RecordSet.executeSql(RecordSet.java:336)
	at weaver.formmode.task.action.TaskAction.doRemind(TaskAction.java:247)
	at weaver.formmode.task.action.WorkflowMessageTaskAction.doIt(WorkflowMessageTaskAction.java:33)
	at weaver.formmode.task.action.TaskAction.execute(TaskAction.java:34)
	at org.quartz.core.JobRunShell.run(JobRunShell.java:202)
	at org.quartz.simpl.SimpleThreadPool$WorkerThread.run(SimpleThreadPool.java:529)
2020-11-23 09:54:19,327 ERROR weaver.system.MonitorThreadManager  - >>>>MonitorThreadManager>>单独的预警关闭控制：isThreadWarningStart(zt)=0<<<<
2020-11-23 09:54:19,494 ERROR weaver.general.BaseBean  - 初始化微信推送扫描线程成功，扫描间隔1分钟---------
2020-11-23 09:54:28,172 INFO  weaver.filter.SecurityFilter  - Initializing filter 'SecurityFilter'
2020-11-23 09:54:34,840 INFO  weaver.filter.SecurityFilter  - Filter 'SecurityFilter' configured successfully
2020-11-23 09:54:34,858 ERROR weaver.general.BaseBean  - log4j reset thread start success...
2020-11-23 09:54:35,114 INFO  weaver.filter.XssFilter  - Initializing filter 'XssFilter'
2020-11-23 09:54:35,125 INFO  weaver.filter.XssFilter  - Filter 'XssFilter' configured successfully
2020-11-23 09:54:35,466 ERROR weaver.general.BaseBean  - ------是否开启字符转码----0---是否开启sql参数化解析-----0----nativepool----ecology
2020-11-23 09:54:35,517 ERROR weaver.general.BaseBean  - ExecuteSqlLogger start log write to file thread success...
2020-11-23 09:55:04,880 ERROR com.shxiv.hfwh.rest.http.HttpServiceImpl  - 获取ERP-辅料备货数据job成功了！ 
2020-11-23 09:55:04,881 ERROR com.shxiv.hfwh.rest.http.HttpServiceImpl  - 辅料申请开始！ 
2020-11-23 09:55:04,882 ERROR com.shxiv.hfwh.rest.http.HttpServiceImpl  - 传入路径： http://rfid.chinabrandsgroup.com.cn:5618/api/acc_out?key=oa@mail.com&timestamp=20201123095502&sign=1fb95bbd149f1854d1c6d13c3bcbda18
2020-11-23 09:55:04,925 ERROR com.shxiv.hfwh.rest.http.HttpServiceImpl  - 获取ERP-辅料申请数据job成功了！ 
2020-11-23 09:55:04,925 ERROR com.shxiv.hfwh.rest.http.HttpServiceImpl  - 防伪标申请1开始！ 
2020-11-23 09:55:04,925 ERROR com.shxiv.hfwh.rest.http.HttpServiceImpl  - 传入路径： http://rfid.chinabrandsgroup.com.cn:5618/api/fake_out?key=oa@mail.com&timestamp=20201123095502&sign=1fb95bbd149f1854d1c6d13c3bcbda18
2020-11-23 09:55:04,962 ERROR com.shxiv.hfwh.rest.http.HttpServiceImpl  - 获取ERP-防伪申请数据job成功了！ 
2020-11-23 09:55:04,962 ERROR com.shxiv.hfwh.rest.http.HttpServiceImpl  - 防伪标申请2开始！ 
2020-11-23 09:55:04,962 ERROR com.shxiv.hfwh.rest.http.HttpServiceImpl  - 传入路径： http://rfid.chinabrandsgroup.com.cn:5618/api/fakenum_out?key=oa@mail.com&timestamp=20201123095502&sign=1fb95bbd149f1854d1c6d13c3bcbda18
2020-11-23 09:55:04,988 ERROR com.shxiv.hfwh.rest.http.HttpServiceImpl  - 获取ERP-防伪申请2数据job成功了！ 
2020-11-23 09:55:04,988 ERROR com.shxiv.hfwh.rest.http.HttpServiceImpl  - 防伪标备货开始！ 
2020-11-23 09:55:04,988 ERROR com.shxiv.hfwh.rest.http.HttpServiceImpl  - 传入路径： http://rfid.chinabrandsgroup.com.cn:5618/api/fake_in?key=oa@mail.com&timestamp=20201123095502&sign=1fb95bbd149f1854d1c6d13c3bcbda18
2020-11-23 09:55:05,016 ERROR com.shxiv.hfwh.rest.http.HttpServiceImpl  - 获取ERP-防伪标备货数据job成功了！ 
2020-11-23 09:55:05,016 ERROR com.shxiv.hfwh.rest.http.HttpServiceImpl  - 防伪标备货2开始！ 
2020-11-23 09:55:05,016 ERROR com.shxiv.hfwh.rest.http.HttpServiceImpl  - 传入路径： http://rfid.chinabrandsgroup.com.cn:5618/api/fakenum_in?key=oa@mail.com&timestamp=20201123095502&sign=1fb95bbd149f1854d1c6d13c3bcbda18
2020-11-23 09:55:05,045 ERROR com.shxiv.hfwh.rest.http.HttpServiceImpl  - 获取ERP-防伪申请2数据job成功了！ 
