2020-04-29 09:45:41,513 ERROR weaver.general.BaseBean  - ------是否开启字符转码----0---是否开启sql参数化解析-----0----nativepool----ecology
2020-04-29 09:45:42,063 ERROR weaver.general.BaseBean  - ExecuteSqlLogger start log write to file thread success...
2020-04-29 09:45:42,202 INFO  weaver.common.SystemInitialized  - System Initialized OK.
2020-04-29 09:45:42,876 INFO  weaver.general.InitServer  - System Init Message:mainControlIp= localIp:[192.168.97.232, 192.168.25.1, 192.168.149.1]
2020-04-29 09:45:42,876 INFO  weaver.general.InitServer  - init ioc container...
2020-04-29 09:45:43,698 ERROR com.weaver.upgrade.FunctionUpgrade  - OS.name+++++++++++++++++++++:Windows 10
2020-04-29 09:45:43,698 ERROR com.weaver.upgrade.FunctionUpgrade  - srcfilePath+++++++++++++++++++++:D:\WEAVER\ecology\upgrade\src
2020-04-29 09:45:43,701 ERROR com.weaver.upgrade.FunctionUpgrade  - 本地Ip++++++++++：192.168.25.1
2020-04-29 09:45:43,701 ERROR com.weaver.upgrade.FunctionUpgrade  - 主节点MainControlIP++++++++++：
2020-04-29 09:45:43,817 INFO  weaver.general.InitServer  - end ioc container init...
2020-04-29 09:45:43,818 INFO  weaver.general.InitServer  - SystemUpgrade Start.....
2020-04-29 09:45:43,832 INFO  weaver.general.InitServer  - SystemUpgrade End.....
2020-04-29 09:45:43,832 INFO  weaver.general.InitServer  - InitServerXMLtoDBThread Start.....
2020-04-29 09:45:43,840 ERROR weaver.general.BaseBean  - 启动日志压缩线程....
2020-04-29 09:45:43,858 INFO  weaver.general.InitServer  - InitServerXMLtoDBThread End.....
2020-04-29 09:45:43,887 ERROR weaver.system.HtmlFieldToClob  - isrun:1
2020-04-29 09:45:43,888 ERROR weaver.system.HtmlFieldToClob  - isrun1:1
2020-04-29 09:45:43,910 ERROR weaver.conn.RecordSet  - WFVersionAdd insert Waiting...
2020-04-29 09:45:44,689 ERROR weaver.conn.RecordSet  - 生成前端JS使用的label信息...
2020-04-29 09:45:44,721 ERROR weaver.conn.RecordSet  - 生成前端JS使用的label信息成功...
2020-04-29 09:45:45,212 INFO  weaver.general.InitServer  - end.....
2020-04-29 09:45:45,922 ERROR weaver.page.PageManager  - 清空二维码扫描缓存记录表
2020-04-29 09:45:45,925 ERROR weaver.system.WorkflowVersionAdd  - workflowversion isrun:1
2020-04-29 09:45:45,926 ERROR weaver.system.WorkflowVersionAdd  - workflowversion isrun1:1
2020-04-29 09:45:46,005 ERROR weaver.cpt.util.CptInitManager  - weaver.cpt.util.CptInitManager is running start...
2020-04-29 09:45:46,014 ERROR weaver.formmode.cuspage.cpt.CptGenmenu4mode  - weaver.formmode.cuspage.cpt.CptGenmenu4mode is running start...
2020-04-29 09:45:46,032 ERROR weaver.formmode.cuspage.cpt.CptGenmenu4mode  - weaver.formmode.cuspage.cpt.CptGenmenu4mode is running end...
2020-04-29 09:45:46,174 ERROR weaver.cpt.util.CptInitManager  - weaver.cpt.util.CptInitManager is running end...
2020-04-29 09:45:48,652 ERROR org.directwebremoting.util.LogErrorHandler  - Line=52 Element type "filter" must be declared.
2020-04-29 09:45:48,654 ERROR org.directwebremoting.util.LogErrorHandler  - Line=53 The content of element type "allow" must match "(create|convert)*".
2020-04-29 09:45:49,262 ERROR weaver.conn.RecordSet  - select t1.* from  uf_zzzxx t1 where t1.formmodeid=50  and ( DATEDIFF(ss,t1.jzrq+' '+'23:55:50',getDate())>=(-1*60*60*24*30) and DATEDIFF(ss, CONVERT(varchar(10), GETDATE(), 120) +' '+'00:00:00',t1.jzrq+' '+'23:55:50')>=(-1*60*60*24*30) and t1.jzrq is not null and t1.jzrq<> '' )  and not exists(select 1 from mode_reminddata_all t2 where t2.remindjobid=1 and t2.billid=t1.id and lastdate= CONVERT(varchar(10), GETDATE(), 120)  and isnull(isRemindWorkflow,0)=1 )
2020-04-29 09:45:49,264 ERROR weaver.conn.RecordSet  - weaver.conn.RecordSet
com.microsoft.sqlserver.jdbc.SQLServerException: datediff 函数导致溢出。用于分隔两个日期/时间实例的日期部分的数字太大。请尝试使用日期部分精度较低的 datediff。
	at com.microsoft.sqlserver.jdbc.SQLServerException.makeFromDatabaseError(SQLServerException.java:196)
	at com.microsoft.sqlserver.jdbc.SQLServerResultSet$FetchBuffer.nextRow(SQLServerResultSet.java:4700)
	at com.microsoft.sqlserver.jdbc.SQLServerResultSet.fetchBufferNext(SQLServerResultSet.java:1683)
	at com.microsoft.sqlserver.jdbc.SQLServerResultSet.next(SQLServerResultSet.java:956)
	at weaver.conn.RecordSet.parseResultSet(RecordSet.java:1656)
	at weaver.conn.RecordSet.executeSql(RecordSet.java:916)
	at weaver.conn.RecordSet.executeSql(RecordSet.java:336)
	at weaver.formmode.task.action.TaskAction.doRemind(TaskAction.java:247)
	at weaver.formmode.task.action.WorkflowMessageTaskAction.doIt(WorkflowMessageTaskAction.java:33)
	at weaver.formmode.task.action.TaskAction.execute(TaskAction.java:34)
	at org.quartz.core.JobRunShell.run(JobRunShell.java:202)
	at org.quartz.simpl.SimpleThreadPool$WorkerThread.run(SimpleThreadPool.java:529)
2020-04-29 09:45:50,338 ERROR weaver.system.MonitorThreadManager  - >>>>MonitorThreadManager>>单独的预警关闭控制：isThreadWarningStart(zt)=0<<<<
2020-04-29 09:45:50,641 ERROR weaver.general.BaseBean  - 初始化微信推送扫描线程成功，扫描间隔1分钟---------
2020-04-29 09:45:51,989 INFO  weaver.filter.SecurityFilter  - Initializing filter 'SecurityFilter'
2020-04-29 09:45:54,177 INFO  weaver.filter.SecurityFilter  - Filter 'SecurityFilter' configured successfully
2020-04-29 09:45:54,182 ERROR weaver.general.BaseBean  - log4j reset thread start success...
2020-04-29 09:46:45,581 ERROR weaver.conn.RecordSet  - WorkflowSignInput.jsp requestId=-1,workflowId=263,nodeId=2017
2020-04-29 09:46:45,582 INFO  weaver.odoc.workflow.workflow.utils.FormSignatureConfigUtil  - getFormSignatureConfig() workflowId=263,nodeId=2017,userId=1,language=7
2020-04-29 09:46:46,044 ERROR com.cloudstore.api.dao.Dao_OrgImpl  - in new selecthave
2020-04-29 09:46:49,468 ERROR weaver.workflow.datainput.DynamicDataInput  - GetOutFieldName with index SQL = select DBFieldName,tableid,pagefieldname,pagefieldindex from Workflow_DataInput_field where type=2 and DataInputID=322  and pagefieldindex=0
2020-04-29 09:46:49,519 ERROR weaver.workflow.datainput.DynamicDataInput  - GetOutFieldName with index SQL = select DBFieldName,tableid,pagefieldname,pagefieldindex from Workflow_DataInput_field where type=2 and DataInputID=322  and pagefieldindex=0
2020-04-29 09:46:49,716 ERROR weaver.workflow.datainput.DynamicDataInput  - 执行主表带流程表0 SQL：select  dz,kh from uf_bsqssj where (id is null or id='')
2020-04-29 09:46:49,717 ERROR weaver.workflow.datainput.DynamicDataInput  - GetOutFieldName with index SQL = select DBFieldName,tableid,pagefieldname,pagefieldindex from Workflow_DataInput_field where type=2 and DataInputID=322  and pagefieldindex=0
2020-04-29 09:46:49,745 ERROR weaver.workflow.datainput.DynamicDataInput  - 执行主表带流程表0 SQL：select  dz,kh from uf_bsqssj where (id is null or id='')
2020-04-29 09:46:56,675 ERROR weaver.conn.ConnectionPool  - ecology创建连接池失败，pool = null
2020-04-29 09:46:58,246 INFO  weaver.filter.SecurityFilter  - Initializing filter 'SecurityFilter'
2020-04-29 09:47:00,697 INFO  weaver.filter.SecurityFilter  - Filter 'SecurityFilter' configured successfully
2020-04-29 09:47:00,704 ERROR weaver.general.BaseBean  - log4j reset thread start success...
2020-04-29 09:47:01,965 INFO  weaver.filter.XssFilter  - Initializing filter 'XssFilter'
2020-04-29 09:47:01,976 INFO  weaver.filter.XssFilter  - Filter 'XssFilter' configured successfully
2020-04-29 09:47:02,152 ERROR weaver.general.BaseBean  - ------是否开启字符转码----0---是否开启sql参数化解析-----0----nativepool----ecology
2020-04-29 09:47:02,168 ERROR weaver.general.BaseBean  - ExecuteSqlLogger start log write to file thread success...
2020-04-29 09:51:44,849 ERROR weaver.systeminfo.menuconfig.MenuUtil  - 后端菜单查询sql:select * from (select isnull(c.isopen,m.infoid+(324855)+1) as isopen,m.* from ( ( SELECT t1.id as infoId, t1.labelId , t1.refersubid,t1.isCustom, t1.iconUrl ,t1.linkAddress,t1.baseTarget ,t1.parentId,t1.useCustomName as infoUseCustomName,t1.customName as infoCustomName,t1.customName_e as infoCustomName_e,t1.customName_t as infoCustomName_t,t1.module, t2.id,t2.visible,t2.viewIndex,t2.locked,t2.lockedById,t2.useCustomName,t2.customName,t2.customName_e,t2.customName_t,t2.resourcetype,t2.resourceid ,allt.c as  allParent,curt.c as curParent  FROM mainmenuinfo t1  left join (select count(0) c,parentId from mainmenuinfo group by  parentId )allt on t1.id=allt.parentId  left join (select count(0) c,parentId from mainmenuinfo it1 inner join mainmenuconfig it2 on it2.infoId = it1.id where it2.resourcetype = 3  and it2.resourceid = 1 group by it1.parentId)curt on t1.id=curt.parentId , mainmenuconfig t2 , SystemModule t3  WHERE t2.infoId = t1.id  AND t1.relatedModuleId = t3.id   and ((t2.resourcetype=1 and t2.resourceid =1) or (t2.resourcetype=3 and t2.resourceid=1)) AND t2.visible=1  AND t3.moduleReleased = 1 and t1.id in (SELECT infoid FROM menushareinfo WHERE (  CASE WHEN (sharetype = 1 AND sharevalue in (0,-2)  and dbo.Get_StrArrayStrOfIndex(isnull(seclevel,'0.1-0.1'),'-',1)<=30 and dbo.Get_StrArrayStrOfIndex(isnull(seclevel,'0.1-0.1'),'-',2)>=30 ) THEN  1 ELSE 0 END   = 1 OR   CASE WHEN (sharetype = 3 and dbo.Get_StrArrayStrOfIndex(isnull(seclevel,'0.1-0.1'),'-',1)<=30 and dbo.Get_StrArrayStrOfIndex(isnull(seclevel,'0.1-0.1'),'-',2)>=30 ) THEN  1 ELSE 0 END   = 1 OR   CASE WHEN (sharetype = 5 AND sharevalue = 1) THEN  1 ELSE 0 END   = 1   OR  CASE WHEN (sharetype = 6 AND sharevalue in (0,-4) and dbo.Get_StrArrayStrOfIndex(isnull(seclevel,'0.1-0.1'),'-',1)<=30 and dbo.Get_StrArrayStrOfIndex(isnull(seclevel,'0.1-0.1'),'-',2)>=30 ) THEN  1 ELSE 0 END   = 1 OR CASE WHEN (sharetype = 7 AND sharevalue = 0  and   ( case when jobtitlelevel=1  Then 1 else 0 end = 1     or       case when (jobtitlelevel=2 and ( '%,'+jobtitlesharevalue+',%' like '%,0,%'  or  '%,'+jobtitlesharevalue+',%' like '%,-2,%' ) ) Then 1 else 0 end = 1        or       case when (jobtitlelevel=3 and ( '%,'+jobtitlesharevalue+',%' like '%,0,%'  or  '%,'+jobtitlesharevalue+',%' like '%,-4,%' ) ) Then 1 else 0 end = 1    )) THEN  1 ELSE 0 END   = 1   OR    CASE WHEN (sharetype = 2 AND sharevalue IN ( select roleid  from hrmrolemembers role WHERE rolelevel <=role.rolelevel AND role.resourceid =1 ) and dbo.Get_StrArrayStrOfIndex(isnull(seclevel,'0.1-0.1'),'-',1)<=30 and dbo.Get_StrArrayStrOfIndex(isnull(seclevel,'0.1-0.1'),'-',2)>=30 ) THEN  1 ELSE 0 END   = 1  )  and resourcetype=1 and resourceid =1 and menutype='top' ) and t1.parentid =10003  ) union ( SELECT t1.id as infoId, t1.labelId , t1.refersubid,t1.isCustom, t1.iconUrl ,t1.linkAddress,t1.baseTarget ,t1.parentId,t1.useCustomName as infoUseCustomName,t1.customName as infoCustomName,t1.customName_e as infoCustomName_e,t1.customName_t as infoCustomName_t,t1.module, t2.id,t2.visible,t2.viewIndex,t2.locked,t2.lockedById,t2.useCustomName,t2.customName,t2.customName_e,t2.customName_t,t2.resourcetype,t2.resourceid ,allt.c as  allParent,curt.c as curParent  FROM mainmenuinfo t1  left join (select count(0) c,parentId from mainmenuinfo group by  parentId )allt on t1.id=allt.parentId  left join (select count(0) c,parentId from mainmenuinfo it1 inner join mainmenuconfig it2 on it2.infoId = it1.id where it2.resourcetype = 3  and it2.resourceid = 1 group by it1.parentId)curt on t1.id=curt.parentId , mainmenuconfig t2 , SystemModule t3  WHERE t2.infoId = t1.id  AND t1.relatedModuleId = t3.id   and ((t2.resourcetype=1 and t2.resourceid =1) or (t2.resourcetype=3 and t2.resourceid=1)) AND t2.visible=1  AND t3.moduleReleased = 1 and t1.id not in (SELECT infoid FROM menushareinfo where menutype='top'  and resourcetype=1 and resourceid =1 ) and t1.parentid =10003  ) ) m left join menucontrollist c on m.infoid+324789=c.menuid and c.type='top') a where a.isopen=a.infoid+(324855)+1 ORDER BY ISNULL(a.parentId,0),a.viewIndex,a.infoId
2020-04-29 09:51:44,970 ERROR weaver.systeminfo.menuconfig.MenuUtil  - 后端菜单查询sql:select * from (select isnull(c.isopen,m.infoid+(324855)+1) as isopen,m.* from ( ( SELECT t1.id as infoId, t1.labelId , t1.refersubid,t1.isCustom, t1.iconUrl ,t1.linkAddress,t1.baseTarget ,t1.parentId,t1.useCustomName as infoUseCustomName,t1.customName as infoCustomName,t1.customName_e as infoCustomName_e,t1.customName_t as infoCustomName_t,t1.module, t2.id,t2.visible,t2.viewIndex,t2.locked,t2.lockedById,t2.useCustomName,t2.customName,t2.customName_e,t2.customName_t,t2.resourcetype,t2.resourceid ,allt.c as  allParent,curt.c as curParent  FROM mainmenuinfo t1  left join (select count(0) c,parentId from mainmenuinfo group by  parentId )allt on t1.id=allt.parentId  left join (select count(0) c,parentId from mainmenuinfo it1 inner join mainmenuconfig it2 on it2.infoId = it1.id where it2.resourcetype = 3  and it2.resourceid = 1 group by it1.parentId)curt on t1.id=curt.parentId , mainmenuconfig t2 , SystemModule t3  WHERE t2.infoId = t1.id  AND t1.relatedModuleId = t3.id   and ((t2.resourcetype=1 and t2.resourceid =1) or (t2.resourcetype=3 and t2.resourceid=1)) AND t2.visible=1  AND t3.moduleReleased = 1 and t1.id in (SELECT infoid FROM menushareinfo WHERE (  CASE WHEN (sharetype = 1 AND sharevalue in (0,-2)  and dbo.Get_StrArrayStrOfIndex(isnull(seclevel,'0.1-0.1'),'-',1)<=30 and dbo.Get_StrArrayStrOfIndex(isnull(seclevel,'0.1-0.1'),'-',2)>=30 ) THEN  1 ELSE 0 END   = 1 OR   CASE WHEN (sharetype = 3 and dbo.Get_StrArrayStrOfIndex(isnull(seclevel,'0.1-0.1'),'-',1)<=30 and dbo.Get_StrArrayStrOfIndex(isnull(seclevel,'0.1-0.1'),'-',2)>=30 ) THEN  1 ELSE 0 END   = 1 OR   CASE WHEN (sharetype = 5 AND sharevalue = 1) THEN  1 ELSE 0 END   = 1   OR  CASE WHEN (sharetype = 6 AND sharevalue in (0,-4) and dbo.Get_StrArrayStrOfIndex(isnull(seclevel,'0.1-0.1'),'-',1)<=30 and dbo.Get_StrArrayStrOfIndex(isnull(seclevel,'0.1-0.1'),'-',2)>=30 ) THEN  1 ELSE 0 END   = 1 OR CASE WHEN (sharetype = 7 AND sharevalue = 0  and   ( case when jobtitlelevel=1  Then 1 else 0 end = 1     or       case when (jobtitlelevel=2 and ( '%,'+jobtitlesharevalue+',%' like '%,0,%'  or  '%,'+jobtitlesharevalue+',%' like '%,-2,%' ) ) Then 1 else 0 end = 1        or       case when (jobtitlelevel=3 and ( '%,'+jobtitlesharevalue+',%' like '%,0,%'  or  '%,'+jobtitlesharevalue+',%' like '%,-4,%' ) ) Then 1 else 0 end = 1    )) THEN  1 ELSE 0 END   = 1   OR    CASE WHEN (sharetype = 2 AND sharevalue IN ( select roleid  from hrmrolemembers role WHERE rolelevel <=role.rolelevel AND role.resourceid =1 ) and dbo.Get_StrArrayStrOfIndex(isnull(seclevel,'0.1-0.1'),'-',1)<=30 and dbo.Get_StrArrayStrOfIndex(isnull(seclevel,'0.1-0.1'),'-',2)>=30 ) THEN  1 ELSE 0 END   = 1  )  and resourcetype=1 and resourceid =1 and menutype='top' ) and t1.parentid =1288  ) union ( SELECT t1.id as infoId, t1.labelId , t1.refersubid,t1.isCustom, t1.iconUrl ,t1.linkAddress,t1.baseTarget ,t1.parentId,t1.useCustomName as infoUseCustomName,t1.customName as infoCustomName,t1.customName_e as infoCustomName_e,t1.customName_t as infoCustomName_t,t1.module, t2.id,t2.visible,t2.viewIndex,t2.locked,t2.lockedById,t2.useCustomName,t2.customName,t2.customName_e,t2.customName_t,t2.resourcetype,t2.resourceid ,allt.c as  allParent,curt.c as curParent  FROM mainmenuinfo t1  left join (select count(0) c,parentId from mainmenuinfo group by  parentId )allt on t1.id=allt.parentId  left join (select count(0) c,parentId from mainmenuinfo it1 inner join mainmenuconfig it2 on it2.infoId = it1.id where it2.resourcetype = 3  and it2.resourceid = 1 group by it1.parentId)curt on t1.id=curt.parentId , mainmenuconfig t2 , SystemModule t3  WHERE t2.infoId = t1.id  AND t1.relatedModuleId = t3.id   and ((t2.resourcetype=1 and t2.resourceid =1) or (t2.resourcetype=3 and t2.resourceid=1)) AND t2.visible=1  AND t3.moduleReleased = 1 and t1.id not in (SELECT infoid FROM menushareinfo where menutype='top'  and resourcetype=1 and resourceid =1 ) and t1.parentid =1288  ) ) m left join menucontrollist c on m.infoid+324789=c.menuid and c.type='top') a where a.isopen=a.infoid+(324855)+1 ORDER BY ISNULL(a.parentId,0),a.viewIndex,a.infoId
2020-04-29 09:51:46,496 ERROR weaver.systeminfo.menuconfig.MenuUtil  - 后端菜单查询sql:select * from (select isnull(c.isopen,m.infoid+(324855)+1) as isopen,m.* from ( ( SELECT t1.id as infoId, t1.labelId , t1.refersubid,t1.isCustom, t1.iconUrl ,t1.linkAddress,t1.baseTarget ,t1.parentId,t1.useCustomName as infoUseCustomName,t1.customName as infoCustomName,t1.customName_e as infoCustomName_e,t1.customName_t as infoCustomName_t,t1.module, t2.id,t2.visible,t2.viewIndex,t2.locked,t2.lockedById,t2.useCustomName,t2.customName,t2.customName_e,t2.customName_t,t2.resourcetype,t2.resourceid ,allt.c as  allParent,curt.c as curParent  FROM mainmenuinfo t1  left join (select count(0) c,parentId from mainmenuinfo group by  parentId )allt on t1.id=allt.parentId  left join (select count(0) c,parentId from mainmenuinfo it1 inner join mainmenuconfig it2 on it2.infoId = it1.id where it2.resourcetype = 3  and it2.resourceid = 1 group by it1.parentId)curt on t1.id=curt.parentId , mainmenuconfig t2 , SystemModule t3  WHERE t2.infoId = t1.id  AND t1.relatedModuleId = t3.id   and ((t2.resourcetype=1 and t2.resourceid =1) or (t2.resourcetype=3 and t2.resourceid=1)) AND t2.visible=1  AND t3.moduleReleased = 1 and t1.id in (SELECT infoid FROM menushareinfo WHERE (  CASE WHEN (sharetype = 1 AND sharevalue in (0,-2)  and dbo.Get_StrArrayStrOfIndex(isnull(seclevel,'0.1-0.1'),'-',1)<=30 and dbo.Get_StrArrayStrOfIndex(isnull(seclevel,'0.1-0.1'),'-',2)>=30 ) THEN  1 ELSE 0 END   = 1 OR   CASE WHEN (sharetype = 3 and dbo.Get_StrArrayStrOfIndex(isnull(seclevel,'0.1-0.1'),'-',1)<=30 and dbo.Get_StrArrayStrOfIndex(isnull(seclevel,'0.1-0.1'),'-',2)>=30 ) THEN  1 ELSE 0 END   = 1 OR   CASE WHEN (sharetype = 5 AND sharevalue = 1) THEN  1 ELSE 0 END   = 1   OR  CASE WHEN (sharetype = 6 AND sharevalue in (0,-4) and dbo.Get_StrArrayStrOfIndex(isnull(seclevel,'0.1-0.1'),'-',1)<=30 and dbo.Get_StrArrayStrOfIndex(isnull(seclevel,'0.1-0.1'),'-',2)>=30 ) THEN  1 ELSE 0 END   = 1 OR CASE WHEN (sharetype = 7 AND sharevalue = 0  and   ( case when jobtitlelevel=1  Then 1 else 0 end = 1     or       case when (jobtitlelevel=2 and ( '%,'+jobtitlesharevalue+',%' like '%,0,%'  or  '%,'+jobtitlesharevalue+',%' like '%,-2,%' ) ) Then 1 else 0 end = 1        or       case when (jobtitlelevel=3 and ( '%,'+jobtitlesharevalue+',%' like '%,0,%'  or  '%,'+jobtitlesharevalue+',%' like '%,-4,%' ) ) Then 1 else 0 end = 1    )) THEN  1 ELSE 0 END   = 1   OR    CASE WHEN (sharetype = 2 AND sharevalue IN ( select roleid  from hrmrolemembers role WHERE rolelevel <=role.rolelevel AND role.resourceid =1 ) and dbo.Get_StrArrayStrOfIndex(isnull(seclevel,'0.1-0.1'),'-',1)<=30 and dbo.Get_StrArrayStrOfIndex(isnull(seclevel,'0.1-0.1'),'-',2)>=30 ) THEN  1 ELSE 0 END   = 1  )  and resourcetype=1 and resourceid =1 and menutype='top' ) and t1.parentid =10005  ) union ( SELECT t1.id as infoId, t1.labelId , t1.refersubid,t1.isCustom, t1.iconUrl ,t1.linkAddress,t1.baseTarget ,t1.parentId,t1.useCustomName as infoUseCustomName,t1.customName as infoCustomName,t1.customName_e as infoCustomName_e,t1.customName_t as infoCustomName_t,t1.module, t2.id,t2.visible,t2.viewIndex,t2.locked,t2.lockedById,t2.useCustomName,t2.customName,t2.customName_e,t2.customName_t,t2.resourcetype,t2.resourceid ,allt.c as  allParent,curt.c as curParent  FROM mainmenuinfo t1  left join (select count(0) c,parentId from mainmenuinfo group by  parentId )allt on t1.id=allt.parentId  left join (select count(0) c,parentId from mainmenuinfo it1 inner join mainmenuconfig it2 on it2.infoId = it1.id where it2.resourcetype = 3  and it2.resourceid = 1 group by it1.parentId)curt on t1.id=curt.parentId , mainmenuconfig t2 , SystemModule t3  WHERE t2.infoId = t1.id  AND t1.relatedModuleId = t3.id   and ((t2.resourcetype=1 and t2.resourceid =1) or (t2.resourcetype=3 and t2.resourceid=1)) AND t2.visible=1  AND t3.moduleReleased = 1 and t1.id not in (SELECT infoid FROM menushareinfo where menutype='top'  and resourcetype=1 and resourceid =1 ) and t1.parentid =10005  ) ) m left join menucontrollist c on m.infoid+324789=c.menuid and c.type='top') a where a.isopen=a.infoid+(324855)+1 ORDER BY ISNULL(a.parentId,0),a.viewIndex,a.infoId
2020-04-29 09:55:41,593 ERROR weaver.system.WorkflowVersionAdd  - workflowversion isrun:1
2020-04-29 09:55:41,595 ERROR weaver.system.WorkflowVersionAdd  - workflowversion isrun1:1
2020-04-29 09:55:44,494 ERROR weaver.general.BaseBean  - 查询系统设置每页显示记录数据sql：select pagenumber from mode_customsearch where id=96
2020-04-29 09:55:51,213 ERROR weaver.general.BaseBean  - 查询系统设置每页显示记录数据sql：select pagenumber from mode_customsearch where id=111
2020-04-29 09:56:42,248 INFO  weaver.filter.SecurityFilter  - Filter 'SecurityFilter' configured successfully
2020-04-29 09:56:42,262 ERROR weaver.general.BaseBean  - log4j reset thread start success...
2020-04-29 10:03:06,432 ERROR weaver.general.BaseBean  - ------是否开启字符转码----0---是否开启sql参数化解析-----0----nativepool----ecology
2020-04-29 10:03:06,975 ERROR weaver.general.BaseBean  - ExecuteSqlLogger start log write to file thread success...
2020-04-29 10:03:07,036 INFO  weaver.common.SystemInitialized  - System Initialized OK.
2020-04-29 10:03:07,523 INFO  weaver.general.InitServer  - System Init Message:mainControlIp= localIp:[192.168.97.232, 192.168.25.1, 192.168.149.1]
2020-04-29 10:03:07,524 INFO  weaver.general.InitServer  - init ioc container...
2020-04-29 10:03:08,474 ERROR com.weaver.upgrade.FunctionUpgrade  - OS.name+++++++++++++++++++++:Windows 10
2020-04-29 10:03:08,474 ERROR com.weaver.upgrade.FunctionUpgrade  - srcfilePath+++++++++++++++++++++:D:\WEAVER\ecology\upgrade\src
2020-04-29 10:03:08,476 ERROR com.weaver.upgrade.FunctionUpgrade  - 本地Ip++++++++++：192.168.25.1
2020-04-29 10:03:08,476 ERROR com.weaver.upgrade.FunctionUpgrade  - 主节点MainControlIP++++++++++：
2020-04-29 10:03:08,601 INFO  weaver.general.InitServer  - end ioc container init...
2020-04-29 10:03:08,601 INFO  weaver.general.InitServer  - SystemUpgrade Start.....
2020-04-29 10:03:08,613 INFO  weaver.general.InitServer  - SystemUpgrade End.....
2020-04-29 10:03:08,614 INFO  weaver.general.InitServer  - InitServerXMLtoDBThread Start.....
2020-04-29 10:03:08,622 ERROR weaver.general.BaseBean  - 启动日志压缩线程....
2020-04-29 10:03:08,625 INFO  weaver.general.InitServer  - InitServerXMLtoDBThread End.....
2020-04-29 10:03:08,629 ERROR weaver.system.HtmlFieldToClob  - isrun:1
2020-04-29 10:03:08,630 ERROR weaver.system.HtmlFieldToClob  - isrun1:1
2020-04-29 10:03:08,632 ERROR weaver.conn.RecordSet  - WFVersionAdd insert Waiting...
2020-04-29 10:03:09,219 INFO  weaver.general.InitServer  - end.....
2020-04-29 10:03:09,452 ERROR weaver.conn.RecordSet  - 生成前端JS使用的label信息...
2020-04-29 10:03:09,489 ERROR weaver.conn.RecordSet  - 生成前端JS使用的label信息成功...
2020-04-29 10:03:09,638 ERROR weaver.page.PageManager  - 清空二维码扫描缓存记录表
2020-04-29 10:03:09,756 ERROR weaver.formmode.cuspage.cpt.CptGenmenu4mode  - weaver.formmode.cuspage.cpt.CptGenmenu4mode is running start...
2020-04-29 10:03:09,758 ERROR weaver.cpt.util.CptInitManager  - weaver.cpt.util.CptInitManager is running start...
2020-04-29 10:03:09,768 ERROR weaver.formmode.cuspage.cpt.CptGenmenu4mode  - weaver.formmode.cuspage.cpt.CptGenmenu4mode is running end...
2020-04-29 10:03:09,799 ERROR weaver.cpt.util.CptInitManager  - weaver.cpt.util.CptInitManager is running end...
2020-04-29 10:03:10,639 ERROR weaver.system.WorkflowVersionAdd  - workflowversion isrun:1
2020-04-29 10:03:10,640 ERROR weaver.system.WorkflowVersionAdd  - workflowversion isrun1:1
2020-04-29 10:03:11,105 ERROR org.directwebremoting.util.LogErrorHandler  - Line=52 Element type "filter" must be declared.
2020-04-29 10:03:11,106 ERROR org.directwebremoting.util.LogErrorHandler  - Line=53 The content of element type "allow" must match "(create|convert)*".
2020-04-29 10:03:12,926 ERROR weaver.conn.RecordSet  - select t1.* from  uf_zzzxx t1 where t1.formmodeid=50  and ( DATEDIFF(ss,t1.jzrq+' '+'23:55:50',getDate())>=(-1*60*60*24*30) and DATEDIFF(ss, CONVERT(varchar(10), GETDATE(), 120) +' '+'00:00:00',t1.jzrq+' '+'23:55:50')>=(-1*60*60*24*30) and t1.jzrq is not null and t1.jzrq<> '' )  and not exists(select 1 from mode_reminddata_all t2 where t2.remindjobid=1 and t2.billid=t1.id and lastdate= CONVERT(varchar(10), GETDATE(), 120)  and isnull(isRemindWorkflow,0)=1 )
2020-04-29 10:03:12,927 ERROR weaver.conn.RecordSet  - weaver.conn.RecordSet
com.microsoft.sqlserver.jdbc.SQLServerException: datediff 函数导致溢出。用于分隔两个日期/时间实例的日期部分的数字太大。请尝试使用日期部分精度较低的 datediff。
	at com.microsoft.sqlserver.jdbc.SQLServerException.makeFromDatabaseError(SQLServerException.java:196)
	at com.microsoft.sqlserver.jdbc.SQLServerResultSet$FetchBuffer.nextRow(SQLServerResultSet.java:4700)
	at com.microsoft.sqlserver.jdbc.SQLServerResultSet.fetchBufferNext(SQLServerResultSet.java:1683)
	at com.microsoft.sqlserver.jdbc.SQLServerResultSet.next(SQLServerResultSet.java:956)
	at weaver.conn.RecordSet.parseResultSet(RecordSet.java:1656)
	at weaver.conn.RecordSet.executeSql(RecordSet.java:916)
	at weaver.conn.RecordSet.executeSql(RecordSet.java:336)
	at weaver.formmode.task.action.TaskAction.doRemind(TaskAction.java:247)
	at weaver.formmode.task.action.WorkflowMessageTaskAction.doIt(WorkflowMessageTaskAction.java:33)
	at weaver.formmode.task.action.TaskAction.execute(TaskAction.java:34)
	at org.quartz.core.JobRunShell.run(JobRunShell.java:202)
	at org.quartz.simpl.SimpleThreadPool$WorkerThread.run(SimpleThreadPool.java:529)
2020-04-29 10:03:13,713 ERROR weaver.system.MonitorThreadManager  - >>>>MonitorThreadManager>>单独的预警关闭控制：isThreadWarningStart(zt)=0<<<<
2020-04-29 10:03:13,856 ERROR weaver.general.BaseBean  - 初始化微信推送扫描线程成功，扫描间隔1分钟---------
2020-04-29 10:03:15,170 INFO  weaver.filter.SecurityFilter  - Initializing filter 'SecurityFilter'
2020-04-29 10:03:17,322 INFO  weaver.filter.SecurityFilter  - Filter 'SecurityFilter' configured successfully
2020-04-29 10:03:17,368 ERROR weaver.general.BaseBean  - log4j reset thread start success...
2020-04-29 10:04:42,829 ERROR weaver.general.BaseBean  - ------是否开启字符转码----0---是否开启sql参数化解析-----0----nativepool----ecology
2020-04-29 10:04:43,417 ERROR weaver.general.BaseBean  - ExecuteSqlLogger start log write to file thread success...
2020-04-29 10:04:43,499 INFO  weaver.common.SystemInitialized  - System Initialized OK.
2020-04-29 10:04:43,925 INFO  weaver.general.InitServer  - System Init Message:mainControlIp= localIp:[192.168.97.232, 192.168.25.1, 192.168.149.1]
2020-04-29 10:04:43,925 INFO  weaver.general.InitServer  - init ioc container...
2020-04-29 10:04:44,798 ERROR com.weaver.upgrade.FunctionUpgrade  - OS.name+++++++++++++++++++++:Windows 10
2020-04-29 10:04:44,798 ERROR com.weaver.upgrade.FunctionUpgrade  - srcfilePath+++++++++++++++++++++:D:\WEAVER\ecology\upgrade\src
2020-04-29 10:04:44,800 ERROR com.weaver.upgrade.FunctionUpgrade  - 本地Ip++++++++++：192.168.25.1
2020-04-29 10:04:44,800 ERROR com.weaver.upgrade.FunctionUpgrade  - 主节点MainControlIP++++++++++：
2020-04-29 10:04:44,912 INFO  weaver.general.InitServer  - end ioc container init...
2020-04-29 10:04:44,912 INFO  weaver.general.InitServer  - SystemUpgrade Start.....
2020-04-29 10:04:44,923 INFO  weaver.general.InitServer  - SystemUpgrade End.....
2020-04-29 10:04:44,924 INFO  weaver.general.InitServer  - InitServerXMLtoDBThread Start.....
2020-04-29 10:04:44,933 INFO  weaver.general.InitServer  - InitServerXMLtoDBThread End.....
2020-04-29 10:04:44,935 ERROR weaver.general.BaseBean  - 启动日志压缩线程....
2020-04-29 10:04:44,938 ERROR weaver.system.HtmlFieldToClob  - isrun:1
2020-04-29 10:04:44,939 ERROR weaver.system.HtmlFieldToClob  - isrun1:1
2020-04-29 10:04:44,940 ERROR weaver.conn.RecordSet  - WFVersionAdd insert Waiting...
2020-04-29 10:04:45,549 INFO  weaver.general.InitServer  - end.....
2020-04-29 10:04:45,805 ERROR weaver.conn.RecordSet  - 生成前端JS使用的label信息...
2020-04-29 10:04:45,869 ERROR weaver.conn.RecordSet  - 生成前端JS使用的label信息成功...
2020-04-29 10:04:46,035 ERROR weaver.page.PageManager  - 清空二维码扫描缓存记录表
2020-04-29 10:04:46,104 ERROR weaver.formmode.cuspage.cpt.CptGenmenu4mode  - weaver.formmode.cuspage.cpt.CptGenmenu4mode is running start...
2020-04-29 10:04:46,106 ERROR weaver.cpt.util.CptInitManager  - weaver.cpt.util.CptInitManager is running start...
2020-04-29 10:04:46,118 ERROR weaver.formmode.cuspage.cpt.CptGenmenu4mode  - weaver.formmode.cuspage.cpt.CptGenmenu4mode is running end...
2020-04-29 10:04:46,143 ERROR weaver.cpt.util.CptInitManager  - weaver.cpt.util.CptInitManager is running end...
2020-04-29 10:04:46,943 ERROR weaver.system.WorkflowVersionAdd  - workflowversion isrun:1
2020-04-29 10:04:46,944 ERROR weaver.system.WorkflowVersionAdd  - workflowversion isrun1:1
2020-04-29 10:04:47,372 ERROR org.directwebremoting.util.LogErrorHandler  - Line=52 Element type "filter" must be declared.
2020-04-29 10:04:47,372 ERROR org.directwebremoting.util.LogErrorHandler  - Line=53 The content of element type "allow" must match "(create|convert)*".
2020-04-29 10:04:49,406 ERROR weaver.conn.RecordSet  - select t1.* from  uf_zzzxx t1 where t1.formmodeid=50  and ( DATEDIFF(ss,t1.jzrq+' '+'23:55:50',getDate())>=(-1*60*60*24*30) and DATEDIFF(ss, CONVERT(varchar(10), GETDATE(), 120) +' '+'00:00:00',t1.jzrq+' '+'23:55:50')>=(-1*60*60*24*30) and t1.jzrq is not null and t1.jzrq<> '' )  and not exists(select 1 from mode_reminddata_all t2 where t2.remindjobid=1 and t2.billid=t1.id and lastdate= CONVERT(varchar(10), GETDATE(), 120)  and isnull(isRemindWorkflow,0)=1 )
2020-04-29 10:04:49,407 ERROR weaver.conn.RecordSet  - weaver.conn.RecordSet
com.microsoft.sqlserver.jdbc.SQLServerException: datediff 函数导致溢出。用于分隔两个日期/时间实例的日期部分的数字太大。请尝试使用日期部分精度较低的 datediff。
	at com.microsoft.sqlserver.jdbc.SQLServerException.makeFromDatabaseError(SQLServerException.java:196)
	at com.microsoft.sqlserver.jdbc.SQLServerResultSet$FetchBuffer.nextRow(SQLServerResultSet.java:4700)
	at com.microsoft.sqlserver.jdbc.SQLServerResultSet.fetchBufferNext(SQLServerResultSet.java:1683)
	at com.microsoft.sqlserver.jdbc.SQLServerResultSet.next(SQLServerResultSet.java:956)
	at weaver.conn.RecordSet.parseResultSet(RecordSet.java:1656)
	at weaver.conn.RecordSet.executeSql(RecordSet.java:916)
	at weaver.conn.RecordSet.executeSql(RecordSet.java:336)
	at weaver.formmode.task.action.TaskAction.doRemind(TaskAction.java:247)
	at weaver.formmode.task.action.WorkflowMessageTaskAction.doIt(WorkflowMessageTaskAction.java:33)
	at weaver.formmode.task.action.TaskAction.execute(TaskAction.java:34)
	at org.quartz.core.JobRunShell.run(JobRunShell.java:202)
	at org.quartz.simpl.SimpleThreadPool$WorkerThread.run(SimpleThreadPool.java:529)
2020-04-29 10:04:49,950 ERROR weaver.system.MonitorThreadManager  - >>>>MonitorThreadManager>>单独的预警关闭控制：isThreadWarningStart(zt)=0<<<<
2020-04-29 10:04:50,139 ERROR weaver.general.BaseBean  - 初始化微信推送扫描线程成功，扫描间隔1分钟---------
2020-04-29 10:04:51,501 INFO  weaver.filter.SecurityFilter  - Initializing filter 'SecurityFilter'
2020-04-29 10:04:54,047 INFO  weaver.filter.SecurityFilter  - Filter 'SecurityFilter' configured successfully
2020-04-29 10:04:54,055 ERROR weaver.general.BaseBean  - log4j reset thread start success...
2020-04-29 10:04:54,414 INFO  weaver.filter.XssFilter  - Initializing filter 'XssFilter'
2020-04-29 10:04:54,428 INFO  weaver.filter.XssFilter  - Filter 'XssFilter' configured successfully
2020-04-29 10:04:54,711 ERROR weaver.general.BaseBean  - ------是否开启字符转码----0---是否开启sql参数化解析-----0----nativepool----ecology
2020-04-29 10:04:54,745 ERROR weaver.general.BaseBean  - ExecuteSqlLogger start log write to file thread success...
2020-04-29 10:05:44,381 ERROR weaver.workflow.datainput.DynamicDataInput  - GetOutFieldName with index SQL = select DBFieldName,tableid,pagefieldname,pagefieldindex from Workflow_DataInput_field where type=2 and DataInputID=243  and pagefieldindex=0
2020-04-29 10:05:44,411 ERROR weaver.workflow.datainput.DynamicDataInput  - GetOutFieldName with index SQL = select DBFieldName,tableid,pagefieldname,pagefieldindex from Workflow_DataInput_field where type=2 and DataInputID=243  and pagefieldindex=0
2020-04-29 10:05:44,418 ERROR weaver.workflow.datainput.DynamicDataInput  - 执行主表带流程表0 SQL：select  kh,dz from uf_bsqssj where id='98'
2020-04-29 10:05:44,419 ERROR weaver.workflow.datainput.DynamicDataInput  - GetOutFieldName with index SQL = select DBFieldName,tableid,pagefieldname,pagefieldindex from Workflow_DataInput_field where type=2 and DataInputID=243  and pagefieldindex=0
2020-04-29 10:05:44,424 ERROR weaver.workflow.datainput.DynamicDataInput  - 执行主表带流程表0 SQL：select  kh,dz from uf_bsqssj where id='98'
2020-04-29 10:05:47,569 ERROR weaver.workflow.datainput.DynamicDataInput  - GetOutFieldName with index SQL = select DBFieldName,tableid,pagefieldname,pagefieldindex from Workflow_DataInput_field where type=2 and DataInputID=368  and pagefieldindex=0
2020-04-29 10:05:47,607 ERROR weaver.workflow.datainput.DynamicDataInput  - GetOutFieldName with index SQL = select DBFieldName,tableid,pagefieldname,pagefieldindex from Workflow_DataInput_field where type=2 and DataInputID=368  and pagefieldindex=0
2020-04-29 10:05:47,613 ERROR weaver.workflow.datainput.DynamicDataInput  - 执行主表带流程表0 SQL：select  htksrq,sqip,htjsrq,sqqy from uf_HTK where id='98'
2020-04-29 10:05:47,615 ERROR weaver.workflow.datainput.DynamicDataInput  - GetOutFieldName with index SQL = select DBFieldName,tableid,pagefieldname,pagefieldindex from Workflow_DataInput_field where type=2 and DataInputID=368  and pagefieldindex=0
2020-04-29 10:05:47,620 ERROR weaver.workflow.datainput.DynamicDataInput  - 执行主表带流程表0 SQL：select  htksrq,sqip,htjsrq,sqqy from uf_HTK where id='98'
2020-04-29 10:05:57,661 INFO  weaver.filter.SecurityFilter  - Initializing filter 'SecurityFilter'
2020-04-29 10:05:59,874 INFO  weaver.filter.SecurityFilter  - Filter 'SecurityFilter' configured successfully
2020-04-29 10:05:59,903 ERROR weaver.general.BaseBean  - log4j reset thread start success...
2020-04-29 10:06:00,245 INFO  weaver.filter.XssFilter  - Initializing filter 'XssFilter'
2020-04-29 10:06:00,263 INFO  weaver.filter.XssFilter  - Filter 'XssFilter' configured successfully
2020-04-29 10:06:00,424 ERROR weaver.general.BaseBean  - ------是否开启字符转码----0---是否开启sql参数化解析-----0----nativepool----ecology
2020-04-29 10:06:00,440 ERROR weaver.general.BaseBean  - ExecuteSqlLogger start log write to file thread success...
2020-04-29 10:06:44,480 ERROR weaver.workflow.datainput.DynamicDataInput  - GetOutFieldName with index SQL = select DBFieldName,tableid,pagefieldname,pagefieldindex from Workflow_DataInput_field where type=2 and DataInputID=247  and pagefieldindex=0
2020-04-29 10:06:44,496 ERROR weaver.workflow.datainput.DynamicDataInput  - GetOutFieldName with index SQL = select DBFieldName,tableid,pagefieldname,pagefieldindex from Workflow_DataInput_field where type=2 and DataInputID=247  and pagefieldindex=0
2020-04-29 10:06:44,501 ERROR weaver.workflow.datainput.DynamicDataInput  - 执行主表带流程表0 SQL：select  khh,zh from uf_qygs where id='2'
2020-04-29 10:06:44,501 ERROR weaver.workflow.datainput.DynamicDataInput  - GetOutFieldName with index SQL = select DBFieldName,tableid,pagefieldname,pagefieldindex from Workflow_DataInput_field where type=2 and DataInputID=247  and pagefieldindex=0
2020-04-29 10:06:44,505 ERROR weaver.workflow.datainput.DynamicDataInput  - 执行主表带流程表0 SQL：select  khh,zh from uf_qygs where id='2'
2020-04-29 10:06:46,393 ERROR weaver.conn.RecordSet  - select userid, type, count(1) count FROM SysPoppupRemindInfoNew where requestid='57148' and () and usertype=0 group by userid, usertype, type, requestid
2020-04-29 10:06:46,396 ERROR weaver.conn.RecordSet  - weaver.conn.RecordSet
com.microsoft.sqlserver.jdbc.SQLServerException: ')' 附近有语法错误。
	at com.microsoft.sqlserver.jdbc.SQLServerException.makeFromDatabaseError(SQLServerException.java:196)
	at com.microsoft.sqlserver.jdbc.SQLServerStatement.getNextResult(SQLServerStatement.java:1454)
	at com.microsoft.sqlserver.jdbc.SQLServerStatement.doExecuteStatement(SQLServerStatement.java:786)
	at com.microsoft.sqlserver.jdbc.SQLServerStatement$StmtExecCmd.doExecute(SQLServerStatement.java:685)
	at com.microsoft.sqlserver.jdbc.TDSCommand.execute(IOBuffer.java:4026)
	at com.microsoft.sqlserver.jdbc.SQLServerConnection.executeCommand(SQLServerConnection.java:1416)
	at com.microsoft.sqlserver.jdbc.SQLServerStatement.executeCommand(SQLServerStatement.java:185)
	at com.microsoft.sqlserver.jdbc.SQLServerStatement.executeStatement(SQLServerStatement.java:160)
	at com.microsoft.sqlserver.jdbc.SQLServerStatement.execute(SQLServerStatement.java:658)
	at sun.reflect.GeneratedMethodAccessor117.invoke(Unknown Source)
	at sun.reflect.DelegatingMethodAccessorImpl.invoke(DelegatingMethodAccessorImpl.java:43)
	at java.lang.reflect.Method.invoke(Method.java:498)
	at org.logicalcobwebs.proxool.ProxyStatement.invoke(ProxyStatement.java:100)
	at org.logicalcobwebs.proxool.ProxyStatement.intercept(ProxyStatement.java:57)
	at $java.sql.Wrapper$$EnhancerByCGLIB$$bde144c0.execute(<generated>)
	at weaver.conn.RecordSet.executeSql(RecordSet.java:909)
	at weaver.conn.RecordSet.executeSql(RecordSet.java:336)
	at weaver.workflow.msg.PoppupRemindInfoUtil.addRequstids(PoppupRemindInfoUtil.java:409)
	at weaver.workflow.msg.PoppupRemindInfoUtil.addPoppupRemindInfo(PoppupRemindInfoUtil.java:478)
	at weaver.workflow.msg.PoppupRemindInfoUtil.insertPoppupRemindInfo(PoppupRemindInfoUtil.java:423)
	at weaver.workflow.msg.PoppupRemindInfoUtil.run(PoppupRemindInfoUtil.java:1139)
	at java.util.concurrent.ThreadPoolExecutor.runWorker(ThreadPoolExecutor.java:1149)
	at java.util.concurrent.ThreadPoolExecutor$Worker.run(ThreadPoolExecutor.java:624)
	at java.lang.Thread.run(Thread.java:748)
2020-04-29 10:06:46,466 ERROR weaver.workflow.msg.notificationInteface.MobileNotification  - ready to push:[], [], []
2020-04-29 10:06:46,504 ERROR weaver.mobile.plugin.ecology.service.PushNotificationService  - 消息推送失败!
java.lang.IllegalStateException: unsupported protocol: '114.55.246.39'
	at org.apache.commons.httpclient.protocol.Protocol.lazyRegisterProtocol(Protocol.java:149)
	at org.apache.commons.httpclient.protocol.Protocol.getProtocol(Protocol.java:117)
	at org.apache.commons.httpclient.HttpHost.<init>(HttpHost.java:107)
	at org.apache.commons.httpclient.HttpMethodBase.setURI(HttpMethodBase.java:280)
	at org.apache.commons.httpclient.HttpMethodBase.<init>(HttpMethodBase.java:220)
	at org.apache.commons.httpclient.methods.ExpectContinueMethod.<init>(ExpectContinueMethod.java:93)
	at org.apache.commons.httpclient.methods.EntityEnclosingMethod.<init>(EntityEnclosingMethod.java:119)
	at org.apache.commons.httpclient.methods.PostMethod.<init>(PostMethod.java:106)
	at weaver.mobile.plugin.ecology.service.PushNotificationService.pushByUserid(PushNotificationService.java:193)
	at weaver.workflow.msg.notificationInteface.MobileNotification.sendMsg(MobileNotification.java:155)
	at weaver.workflow.msg.WFNotificationService.run(WFNotificationService.java:45)
	at java.util.concurrent.ThreadPoolExecutor.runWorker(ThreadPoolExecutor.java:1149)
	at java.util.concurrent.ThreadPoolExecutor$Worker.run(ThreadPoolExecutor.java:624)
	at java.lang.Thread.run(Thread.java:748)
2020-04-29 10:06:46,521 ERROR weaver.workflow.msg.notificationInteface.MobileNotification  - 发送流程提醒到客户端e-message
2020-04-29 10:06:46,521 ERROR weaver.workflow.msg.notificationInteface.MobileNotification  - push to complete.
2020-04-29 10:06:46,609 ERROR weaver.general.BaseBean  - CustomerShareUtil: paras from workflow is #[userid] == 1[crmids] == 83[usertypes] == 1[resourceids] == 83[sharelevel] == 1
2020-04-29 10:15:43,306 INFO  weaver.filter.SecurityFilter  - Filter 'SecurityFilter' configured successfully
2020-04-29 10:15:43,314 ERROR weaver.general.BaseBean  - log4j reset thread start success...
