2020-11-05 14:34:11,254 ERROR weaver.general.BaseBean  - ------是否开启字符转码----0---是否开启sql参数化解析-----0----nativepool----ecology
2020-11-05 14:34:11,714 ERROR weaver.general.BaseBean  - ExecuteSqlLogger start log write to file thread success...
2020-11-05 14:34:11,842 INFO  weaver.common.SystemInitialized  - System Initialized OK.
2020-11-05 14:34:12,252 INFO  weaver.general.InitServer  - System Init Message:mainControlIp= localIp:[192.168.56.1, 192.168.97.232]
2020-11-05 14:34:12,253 INFO  weaver.general.InitServer  - init ioc container...
2020-11-05 14:34:15,203 ERROR com.weaver.upgrade.FunctionUpgrade  - OS.name+++++++++++++++++++++:Windows 10
2020-11-05 14:34:15,203 ERROR com.weaver.upgrade.FunctionUpgrade  - srcfilePath+++++++++++++++++++++:D:\WEAVER\ecology\upgrade\src
2020-11-05 14:34:15,206 ERROR com.weaver.upgrade.FunctionUpgrade  - 本地Ip++++++++++：192.168.56.1
2020-11-05 14:34:15,207 ERROR com.weaver.upgrade.FunctionUpgrade  - 主节点MainControlIP++++++++++：
2020-11-05 14:34:15,338 INFO  weaver.general.InitServer  - end ioc container init...
2020-11-05 14:34:15,339 INFO  weaver.general.InitServer  - SystemUpgrade Start.....
2020-11-05 14:34:15,373 INFO  weaver.general.InitServer  - SystemUpgrade End.....
2020-11-05 14:34:15,374 INFO  weaver.general.InitServer  - InitServerXMLtoDBThread Start.....
2020-11-05 14:34:15,382 ERROR weaver.general.BaseBean  - 启动日志压缩线程....
2020-11-05 14:34:15,405 INFO  weaver.general.InitServer  - InitServerXMLtoDBThread End.....
2020-11-05 14:34:15,410 ERROR weaver.system.HtmlFieldToClob  - isrun:1
2020-11-05 14:34:15,410 ERROR weaver.system.HtmlFieldToClob  - isrun1:1
2020-11-05 14:34:15,421 ERROR weaver.conn.RecordSet  - WFVersionAdd insert Waiting...
2020-11-05 14:34:15,778 ERROR weaver.conn.RecordSet  - 生成前端JS使用的label信息...
2020-11-05 14:34:15,922 ERROR weaver.conn.RecordSet  - 生成前端JS使用的label信息成功...
2020-11-05 14:34:16,820 INFO  weaver.general.InitServer  - end.....
2020-11-05 14:34:17,437 ERROR weaver.system.WorkflowVersionAdd  - workflowversion isrun:1
2020-11-05 14:34:17,437 ERROR weaver.system.WorkflowVersionAdd  - workflowversion isrun1:1
2020-11-05 14:34:17,905 ERROR weaver.page.PageManager  - 清空二维码扫描缓存记录表
2020-11-05 14:34:18,007 ERROR weaver.formmode.cuspage.cpt.CptGenmenu4mode  - weaver.formmode.cuspage.cpt.CptGenmenu4mode is running start...
2020-11-05 14:34:18,008 ERROR weaver.cpt.util.CptInitManager  - weaver.cpt.util.CptInitManager is running start...
2020-11-05 14:34:18,026 ERROR weaver.formmode.cuspage.cpt.CptGenmenu4mode  - weaver.formmode.cuspage.cpt.CptGenmenu4mode is running end...
2020-11-05 14:34:18,128 ERROR weaver.cpt.util.CptInitManager  - weaver.cpt.util.CptInitManager is running end...
2020-11-05 14:34:19,921 ERROR org.directwebremoting.util.LogErrorHandler  - Line=52 Element type "filter" must be declared.
2020-11-05 14:34:19,923 ERROR org.directwebremoting.util.LogErrorHandler  - Line=53 The content of element type "allow" must match "(create|convert)*".
2020-11-05 14:34:21,478 ERROR weaver.conn.RecordSet  - select t1.* from  uf_zzzxx t1 where t1.formmodeid=50  and ( DATEDIFF(ss,t1.jzrq+' '+'23:55:50',getDate())>=(-1*60*60*24*30) and DATEDIFF(ss, CONVERT(varchar(10), GETDATE(), 120) +' '+'00:00:00',t1.jzrq+' '+'23:55:50')>=(-1*60*60*24*30) and t1.jzrq is not null and t1.jzrq<> '' )  and not exists(select 1 from mode_reminddata_all t2 where t2.remindjobid=1 and t2.billid=t1.id and lastdate= CONVERT(varchar(10), GETDATE(), 120)  and isnull(isRemindWorkflow,0)=1 )
2020-11-05 14:34:21,493 ERROR weaver.conn.RecordSet  - weaver.conn.RecordSet
com.microsoft.sqlserver.jdbc.SQLServerException: datediff 函数导致溢出。用于分隔两个日期/时间实例的日期部分的数字太大。请尝试使用日期部分精度较低的 datediff。
	at com.microsoft.sqlserver.jdbc.SQLServerException.makeFromDatabaseError(SQLServerException.java:196)
	at com.microsoft.sqlserver.jdbc.SQLServerResultSet$FetchBuffer.nextRow(SQLServerResultSet.java:4700)
	at com.microsoft.sqlserver.jdbc.SQLServerResultSet.fetchBufferNext(SQLServerResultSet.java:1683)
	at com.microsoft.sqlserver.jdbc.SQLServerResultSet.next(SQLServerResultSet.java:956)
	at weaver.conn.RecordSet.parseResultSet(RecordSet.java:1656)
	at weaver.conn.RecordSet.executeSql(RecordSet.java:916)
	at weaver.conn.RecordSet.executeSql(RecordSet.java:336)
	at weaver.formmode.task.action.TaskAction.doRemind(TaskAction.java:247)
	at weaver.formmode.task.action.WorkflowMessageTaskAction.doIt(WorkflowMessageTaskAction.java:33)
	at weaver.formmode.task.action.TaskAction.execute(TaskAction.java:34)
	at org.quartz.core.JobRunShell.run(JobRunShell.java:202)
	at org.quartz.simpl.SimpleThreadPool$WorkerThread.run(SimpleThreadPool.java:529)
2020-11-05 14:34:22,484 ERROR weaver.system.MonitorThreadManager  - >>>>MonitorThreadManager>>单独的预警关闭控制：isThreadWarningStart(zt)=0<<<<
2020-11-05 14:34:22,634 ERROR weaver.general.BaseBean  - 初始化微信推送扫描线程成功，扫描间隔1分钟---------
2020-11-05 14:34:29,661 INFO  weaver.filter.SecurityFilter  - Initializing filter 'SecurityFilter'
2020-11-05 14:34:44,562 INFO  weaver.filter.SecurityFilter  - Filter 'SecurityFilter' configured successfully
2020-11-05 14:34:44,588 ERROR weaver.general.BaseBean  - log4j reset thread start success...
2020-11-05 14:34:44,956 INFO  weaver.filter.XssFilter  - Initializing filter 'XssFilter'
2020-11-05 14:34:44,968 INFO  weaver.filter.XssFilter  - Filter 'XssFilter' configured successfully
2020-11-05 14:34:45,522 ERROR weaver.general.BaseBean  - ------是否开启字符转码----0---是否开启sql参数化解析-----0----nativepool----ecology
2020-11-05 14:34:45,556 ERROR weaver.general.BaseBean  - ExecuteSqlLogger start log write to file thread success...
2020-11-05 14:42:09,774 DEBUG org.apache.commons.httpclient.params.DefaultHttpParams  - Set parameter http.method.retry-handler = org.apache.commons.httpclient.DefaultHttpMethodRetryHandler@3d512652
2020-11-05 14:42:09,921 ERROR weaver.general.BaseBean  - ------是否开启字符转码----0---是否开启sql参数化解析-----0----nativepool----ecology
2020-11-05 14:42:10,295 ERROR weaver.general.BaseBean  - ExecuteSqlLogger start log write to file thread success...
2020-11-05 14:42:10,351 INFO  weaver.common.SystemInitialized  - System Initialized OK.
2020-11-05 14:42:10,757 INFO  weaver.general.InitServer  - System Init Message:mainControlIp= localIp:[192.168.56.1, 192.168.97.232]
2020-11-05 14:42:10,757 INFO  weaver.general.InitServer  - init ioc container...
2020-11-05 14:42:13,620 ERROR com.weaver.upgrade.FunctionUpgrade  - OS.name+++++++++++++++++++++:Windows 10
2020-11-05 14:42:13,621 ERROR com.weaver.upgrade.FunctionUpgrade  - srcfilePath+++++++++++++++++++++:D:\WEAVER\ecology\upgrade\src
2020-11-05 14:42:13,622 ERROR com.weaver.upgrade.FunctionUpgrade  - 本地Ip++++++++++：192.168.56.1
2020-11-05 14:42:13,623 ERROR com.weaver.upgrade.FunctionUpgrade  - 主节点MainControlIP++++++++++：
2020-11-05 14:42:13,791 INFO  weaver.general.InitServer  - end ioc container init...
2020-11-05 14:42:13,792 INFO  weaver.general.InitServer  - SystemUpgrade Start.....
2020-11-05 14:42:13,804 INFO  weaver.general.InitServer  - SystemUpgrade End.....
2020-11-05 14:42:13,804 INFO  weaver.general.InitServer  - InitServerXMLtoDBThread Start.....
2020-11-05 14:42:13,812 INFO  weaver.general.InitServer  - InitServerXMLtoDBThread End.....
2020-11-05 14:42:13,918 ERROR weaver.conn.RecordSet  - WFVersionAdd insert Waiting...
2020-11-05 14:42:13,922 ERROR weaver.system.HtmlFieldToClob  - isrun:1
2020-11-05 14:42:13,970 ERROR weaver.system.HtmlFieldToClob  - isrun1:1
2020-11-05 14:42:14,273 ERROR weaver.general.BaseBean  - 启动日志压缩线程....
2020-11-05 14:42:14,372 ERROR weaver.conn.RecordSet  - 生成前端JS使用的label信息...
2020-11-05 14:42:14,551 ERROR weaver.conn.RecordSet  - 生成前端JS使用的label信息成功...
2020-11-05 14:42:14,782 INFO  weaver.general.InitServer  - end.....
2020-11-05 14:42:15,395 ERROR weaver.page.PageManager  - 清空二维码扫描缓存记录表
2020-11-05 14:42:15,435 ERROR weaver.cpt.util.CptInitManager  - weaver.cpt.util.CptInitManager is running start...
2020-11-05 14:42:15,528 ERROR weaver.formmode.cuspage.cpt.CptGenmenu4mode  - weaver.formmode.cuspage.cpt.CptGenmenu4mode is running start...
2020-11-05 14:42:15,539 ERROR weaver.formmode.cuspage.cpt.CptGenmenu4mode  - weaver.formmode.cuspage.cpt.CptGenmenu4mode is running end...
2020-11-05 14:42:15,880 ERROR weaver.cpt.util.CptInitManager  - weaver.cpt.util.CptInitManager is running end...
2020-11-05 14:42:15,951 ERROR weaver.system.WorkflowVersionAdd  - workflowversion isrun:1
2020-11-05 14:42:15,952 ERROR weaver.system.WorkflowVersionAdd  - workflowversion isrun1:1
2020-11-05 14:42:17,267 ERROR org.directwebremoting.util.LogErrorHandler  - Line=52 Element type "filter" must be declared.
2020-11-05 14:42:17,267 ERROR org.directwebremoting.util.LogErrorHandler  - Line=53 The content of element type "allow" must match "(create|convert)*".
2020-11-05 14:42:18,933 ERROR weaver.conn.RecordSet  - select t1.* from  uf_zzzxx t1 where t1.formmodeid=50  and ( DATEDIFF(ss,t1.jzrq+' '+'23:55:50',getDate())>=(-1*60*60*24*30) and DATEDIFF(ss, CONVERT(varchar(10), GETDATE(), 120) +' '+'00:00:00',t1.jzrq+' '+'23:55:50')>=(-1*60*60*24*30) and t1.jzrq is not null and t1.jzrq<> '' )  and not exists(select 1 from mode_reminddata_all t2 where t2.remindjobid=1 and t2.billid=t1.id and lastdate= CONVERT(varchar(10), GETDATE(), 120)  and isnull(isRemindWorkflow,0)=1 )
2020-11-05 14:42:18,934 ERROR weaver.conn.RecordSet  - weaver.conn.RecordSet
com.microsoft.sqlserver.jdbc.SQLServerException: datediff 函数导致溢出。用于分隔两个日期/时间实例的日期部分的数字太大。请尝试使用日期部分精度较低的 datediff。
	at com.microsoft.sqlserver.jdbc.SQLServerException.makeFromDatabaseError(SQLServerException.java:196)
	at com.microsoft.sqlserver.jdbc.SQLServerResultSet$FetchBuffer.nextRow(SQLServerResultSet.java:4700)
	at com.microsoft.sqlserver.jdbc.SQLServerResultSet.fetchBufferNext(SQLServerResultSet.java:1683)
	at com.microsoft.sqlserver.jdbc.SQLServerResultSet.next(SQLServerResultSet.java:956)
	at weaver.conn.RecordSet.parseResultSet(RecordSet.java:1656)
	at weaver.conn.RecordSet.executeSql(RecordSet.java:916)
	at weaver.conn.RecordSet.executeSql(RecordSet.java:336)
	at weaver.formmode.task.action.TaskAction.doRemind(TaskAction.java:247)
	at weaver.formmode.task.action.WorkflowMessageTaskAction.doIt(WorkflowMessageTaskAction.java:33)
	at weaver.formmode.task.action.TaskAction.execute(TaskAction.java:34)
	at org.quartz.core.JobRunShell.run(JobRunShell.java:202)
	at org.quartz.simpl.SimpleThreadPool$WorkerThread.run(SimpleThreadPool.java:529)
2020-11-05 14:42:19,645 ERROR weaver.system.MonitorThreadManager  - >>>>MonitorThreadManager>>单独的预警关闭控制：isThreadWarningStart(zt)=0<<<<
2020-11-05 14:42:19,813 ERROR weaver.general.BaseBean  - 初始化微信推送扫描线程成功，扫描间隔1分钟---------
2020-11-05 14:42:21,675 INFO  weaver.filter.SecurityFilter  - Initializing filter 'SecurityFilter'
2020-11-05 14:42:36,136 INFO  weaver.filter.SecurityFilter  - Filter 'SecurityFilter' configured successfully
2020-11-05 14:42:36,142 ERROR weaver.general.BaseBean  - log4j reset thread start success...
2020-11-05 14:42:36,420 INFO  weaver.filter.XssFilter  - Initializing filter 'XssFilter'
2020-11-05 14:42:36,443 INFO  weaver.filter.XssFilter  - Filter 'XssFilter' configured successfully
2020-11-05 14:42:36,587 ERROR weaver.general.BaseBean  - ------是否开启字符转码----0---是否开启sql参数化解析-----0----nativepool----ecology
2020-11-05 14:42:36,606 ERROR weaver.general.BaseBean  - ExecuteSqlLogger start log write to file thread success...
2020-11-05 14:50:19,041 ERROR weaver.general.BaseBean  - ------是否开启字符转码----0---是否开启sql参数化解析-----0----nativepool----ecology
2020-11-05 14:50:19,533 ERROR weaver.general.BaseBean  - ExecuteSqlLogger start log write to file thread success...
2020-11-05 14:50:19,589 INFO  weaver.common.SystemInitialized  - System Initialized OK.
2020-11-05 14:50:20,031 INFO  weaver.general.InitServer  - System Init Message:mainControlIp= localIp:[192.168.56.1, 192.168.97.232]
2020-11-05 14:50:20,031 INFO  weaver.general.InitServer  - init ioc container...
2020-11-05 14:50:22,834 ERROR com.weaver.upgrade.FunctionUpgrade  - OS.name+++++++++++++++++++++:Windows 10
2020-11-05 14:50:22,834 ERROR com.weaver.upgrade.FunctionUpgrade  - srcfilePath+++++++++++++++++++++:D:\WEAVER\ecology\upgrade\src
2020-11-05 14:50:22,837 ERROR com.weaver.upgrade.FunctionUpgrade  - 本地Ip++++++++++：192.168.56.1
2020-11-05 14:50:22,837 ERROR com.weaver.upgrade.FunctionUpgrade  - 主节点MainControlIP++++++++++：
2020-11-05 14:50:22,989 INFO  weaver.general.InitServer  - end ioc container init...
2020-11-05 14:50:22,990 INFO  weaver.general.InitServer  - SystemUpgrade Start.....
2020-11-05 14:50:23,003 INFO  weaver.general.InitServer  - SystemUpgrade End.....
2020-11-05 14:50:23,003 INFO  weaver.general.InitServer  - InitServerXMLtoDBThread Start.....
2020-11-05 14:50:23,012 INFO  weaver.general.InitServer  - InitServerXMLtoDBThread End.....
2020-11-05 14:50:23,114 ERROR weaver.conn.RecordSet  - WFVersionAdd insert Waiting...
2020-11-05 14:50:23,115 ERROR weaver.system.HtmlFieldToClob  - isrun:1
2020-11-05 14:50:23,146 ERROR weaver.system.HtmlFieldToClob  - isrun1:1
2020-11-05 14:50:23,286 ERROR weaver.general.BaseBean  - 启动日志压缩线程....
2020-11-05 14:50:23,829 ERROR weaver.conn.RecordSet  - 生成前端JS使用的label信息...
2020-11-05 14:50:23,934 ERROR weaver.conn.RecordSet  - 生成前端JS使用的label信息成功...
2020-11-05 14:50:24,104 INFO  weaver.general.InitServer  - end.....
2020-11-05 14:50:24,864 ERROR weaver.page.PageManager  - 清空二维码扫描缓存记录表
2020-11-05 14:50:24,890 ERROR weaver.cpt.util.CptInitManager  - weaver.cpt.util.CptInitManager is running start...
2020-11-05 14:50:24,894 ERROR weaver.formmode.cuspage.cpt.CptGenmenu4mode  - weaver.formmode.cuspage.cpt.CptGenmenu4mode is running start...
2020-11-05 14:50:24,901 ERROR weaver.formmode.cuspage.cpt.CptGenmenu4mode  - weaver.formmode.cuspage.cpt.CptGenmenu4mode is running end...
2020-11-05 14:50:24,937 ERROR weaver.cpt.util.CptInitManager  - weaver.cpt.util.CptInitManager is running end...
2020-11-05 14:50:25,153 ERROR weaver.system.WorkflowVersionAdd  - workflowversion isrun:1
2020-11-05 14:50:25,153 ERROR weaver.system.WorkflowVersionAdd  - workflowversion isrun1:1
2020-11-05 14:50:26,450 ERROR org.directwebremoting.util.LogErrorHandler  - Line=52 Element type "filter" must be declared.
2020-11-05 14:50:26,451 ERROR org.directwebremoting.util.LogErrorHandler  - Line=53 The content of element type "allow" must match "(create|convert)*".
2020-11-05 14:50:27,973 ERROR weaver.conn.RecordSet  - select t1.* from  uf_zzzxx t1 where t1.formmodeid=50  and ( DATEDIFF(ss,t1.jzrq+' '+'23:55:50',getDate())>=(-1*60*60*24*30) and DATEDIFF(ss, CONVERT(varchar(10), GETDATE(), 120) +' '+'00:00:00',t1.jzrq+' '+'23:55:50')>=(-1*60*60*24*30) and t1.jzrq is not null and t1.jzrq<> '' )  and not exists(select 1 from mode_reminddata_all t2 where t2.remindjobid=1 and t2.billid=t1.id and lastdate= CONVERT(varchar(10), GETDATE(), 120)  and isnull(isRemindWorkflow,0)=1 )
2020-11-05 14:50:27,974 ERROR weaver.conn.RecordSet  - weaver.conn.RecordSet
com.microsoft.sqlserver.jdbc.SQLServerException: datediff 函数导致溢出。用于分隔两个日期/时间实例的日期部分的数字太大。请尝试使用日期部分精度较低的 datediff。
	at com.microsoft.sqlserver.jdbc.SQLServerException.makeFromDatabaseError(SQLServerException.java:196)
	at com.microsoft.sqlserver.jdbc.SQLServerResultSet$FetchBuffer.nextRow(SQLServerResultSet.java:4700)
	at com.microsoft.sqlserver.jdbc.SQLServerResultSet.fetchBufferNext(SQLServerResultSet.java:1683)
	at com.microsoft.sqlserver.jdbc.SQLServerResultSet.next(SQLServerResultSet.java:956)
	at weaver.conn.RecordSet.parseResultSet(RecordSet.java:1656)
	at weaver.conn.RecordSet.executeSql(RecordSet.java:916)
	at weaver.conn.RecordSet.executeSql(RecordSet.java:336)
	at weaver.formmode.task.action.TaskAction.doRemind(TaskAction.java:247)
	at weaver.formmode.task.action.WorkflowMessageTaskAction.doIt(WorkflowMessageTaskAction.java:33)
	at weaver.formmode.task.action.TaskAction.execute(TaskAction.java:34)
	at org.quartz.core.JobRunShell.run(JobRunShell.java:202)
	at org.quartz.simpl.SimpleThreadPool$WorkerThread.run(SimpleThreadPool.java:529)
2020-11-05 14:50:29,087 ERROR weaver.system.MonitorThreadManager  - >>>>MonitorThreadManager>>单独的预警关闭控制：isThreadWarningStart(zt)=0<<<<
2020-11-05 14:50:29,210 ERROR weaver.general.BaseBean  - 初始化微信推送扫描线程成功，扫描间隔1分钟---------
2020-11-05 14:50:31,117 INFO  weaver.filter.SecurityFilter  - Initializing filter 'SecurityFilter'
2020-11-05 14:50:44,973 INFO  weaver.filter.SecurityFilter  - Filter 'SecurityFilter' configured successfully
2020-11-05 14:50:44,979 ERROR weaver.general.BaseBean  - log4j reset thread start success...
2020-11-05 14:50:45,183 INFO  weaver.filter.XssFilter  - Initializing filter 'XssFilter'
2020-11-05 14:50:45,204 INFO  weaver.filter.XssFilter  - Filter 'XssFilter' configured successfully
2020-11-05 14:50:45,347 ERROR weaver.general.BaseBean  - ------是否开启字符转码----0---是否开启sql参数化解析-----0----nativepool----ecology
2020-11-05 14:50:45,363 ERROR weaver.general.BaseBean  - ExecuteSqlLogger start log write to file thread success...
2020-11-05 15:01:44,933 ERROR weaver.general.BaseBean  - ------是否开启字符转码----0---是否开启sql参数化解析-----0----nativepool----ecology
2020-11-05 15:01:45,329 ERROR weaver.general.BaseBean  - ExecuteSqlLogger start log write to file thread success...
2020-11-05 15:01:45,382 INFO  weaver.common.SystemInitialized  - System Initialized OK.
2020-11-05 15:01:45,776 INFO  weaver.general.InitServer  - System Init Message:mainControlIp= localIp:[192.168.56.1, 192.168.97.232]
2020-11-05 15:01:45,777 INFO  weaver.general.InitServer  - init ioc container...
2020-11-05 15:01:48,105 ERROR com.weaver.upgrade.FunctionUpgrade  - OS.name+++++++++++++++++++++:Windows 10
2020-11-05 15:01:48,106 ERROR com.weaver.upgrade.FunctionUpgrade  - srcfilePath+++++++++++++++++++++:D:\WEAVER\ecology\upgrade\src
2020-11-05 15:01:48,108 ERROR com.weaver.upgrade.FunctionUpgrade  - 本地Ip++++++++++：192.168.56.1
2020-11-05 15:01:48,108 ERROR com.weaver.upgrade.FunctionUpgrade  - 主节点MainControlIP++++++++++：
2020-11-05 15:01:48,242 INFO  weaver.general.InitServer  - end ioc container init...
2020-11-05 15:01:48,243 INFO  weaver.general.InitServer  - SystemUpgrade Start.....
2020-11-05 15:01:48,251 INFO  weaver.general.InitServer  - SystemUpgrade End.....
2020-11-05 15:01:48,252 INFO  weaver.general.InitServer  - InitServerXMLtoDBThread Start.....
2020-11-05 15:01:48,258 ERROR weaver.general.BaseBean  - 启动日志压缩线程....
2020-11-05 15:01:48,261 INFO  weaver.general.InitServer  - InitServerXMLtoDBThread End.....
2020-11-05 15:01:48,267 ERROR weaver.system.HtmlFieldToClob  - isrun:1
2020-11-05 15:01:48,268 ERROR weaver.system.HtmlFieldToClob  - isrun1:1
2020-11-05 15:01:48,269 ERROR weaver.conn.RecordSet  - WFVersionAdd insert Waiting...
2020-11-05 15:01:48,717 ERROR weaver.conn.RecordSet  - 生成前端JS使用的label信息...
2020-11-05 15:01:48,945 ERROR weaver.conn.RecordSet  - 生成前端JS使用的label信息成功...
2020-11-05 15:01:49,376 INFO  weaver.general.InitServer  - end.....
2020-11-05 15:01:49,966 ERROR weaver.page.PageManager  - 清空二维码扫描缓存记录表
2020-11-05 15:01:50,009 ERROR weaver.formmode.cuspage.cpt.CptGenmenu4mode  - weaver.formmode.cuspage.cpt.CptGenmenu4mode is running start...
2020-11-05 15:01:50,011 ERROR weaver.cpt.util.CptInitManager  - weaver.cpt.util.CptInitManager is running start...
2020-11-05 15:01:50,034 ERROR weaver.formmode.cuspage.cpt.CptGenmenu4mode  - weaver.formmode.cuspage.cpt.CptGenmenu4mode is running end...
2020-11-05 15:01:50,073 ERROR weaver.cpt.util.CptInitManager  - weaver.cpt.util.CptInitManager is running end...
2020-11-05 15:01:50,285 ERROR weaver.system.WorkflowVersionAdd  - workflowversion isrun:1
2020-11-05 15:01:50,285 ERROR weaver.system.WorkflowVersionAdd  - workflowversion isrun1:1
2020-11-05 15:01:51,542 ERROR org.directwebremoting.util.LogErrorHandler  - Line=52 Element type "filter" must be declared.
2020-11-05 15:01:51,542 ERROR org.directwebremoting.util.LogErrorHandler  - Line=53 The content of element type "allow" must match "(create|convert)*".
2020-11-05 15:01:53,397 ERROR weaver.conn.RecordSet  - select t1.* from  uf_zzzxx t1 where t1.formmodeid=50  and ( DATEDIFF(ss,t1.jzrq+' '+'23:55:50',getDate())>=(-1*60*60*24*30) and DATEDIFF(ss, CONVERT(varchar(10), GETDATE(), 120) +' '+'00:00:00',t1.jzrq+' '+'23:55:50')>=(-1*60*60*24*30) and t1.jzrq is not null and t1.jzrq<> '' )  and not exists(select 1 from mode_reminddata_all t2 where t2.remindjobid=1 and t2.billid=t1.id and lastdate= CONVERT(varchar(10), GETDATE(), 120)  and isnull(isRemindWorkflow,0)=1 )
2020-11-05 15:01:53,398 ERROR weaver.conn.RecordSet  - weaver.conn.RecordSet
com.microsoft.sqlserver.jdbc.SQLServerException: datediff 函数导致溢出。用于分隔两个日期/时间实例的日期部分的数字太大。请尝试使用日期部分精度较低的 datediff。
	at com.microsoft.sqlserver.jdbc.SQLServerException.makeFromDatabaseError(SQLServerException.java:196)
	at com.microsoft.sqlserver.jdbc.SQLServerResultSet$FetchBuffer.nextRow(SQLServerResultSet.java:4700)
	at com.microsoft.sqlserver.jdbc.SQLServerResultSet.fetchBufferNext(SQLServerResultSet.java:1683)
	at com.microsoft.sqlserver.jdbc.SQLServerResultSet.next(SQLServerResultSet.java:956)
	at weaver.conn.RecordSet.parseResultSet(RecordSet.java:1656)
	at weaver.conn.RecordSet.executeSql(RecordSet.java:916)
	at weaver.conn.RecordSet.executeSql(RecordSet.java:336)
	at weaver.formmode.task.action.TaskAction.doRemind(TaskAction.java:247)
	at weaver.formmode.task.action.WorkflowMessageTaskAction.doIt(WorkflowMessageTaskAction.java:33)
	at weaver.formmode.task.action.TaskAction.execute(TaskAction.java:34)
	at org.quartz.core.JobRunShell.run(JobRunShell.java:202)
	at org.quartz.simpl.SimpleThreadPool$WorkerThread.run(SimpleThreadPool.java:529)
2020-11-05 15:01:54,107 ERROR weaver.system.MonitorThreadManager  - >>>>MonitorThreadManager>>单独的预警关闭控制：isThreadWarningStart(zt)=0<<<<
2020-11-05 15:01:54,227 ERROR weaver.general.BaseBean  - 初始化微信推送扫描线程成功，扫描间隔1分钟---------
2020-11-05 15:01:56,103 INFO  weaver.filter.SecurityFilter  - Initializing filter 'SecurityFilter'
2020-11-05 15:02:00,985 INFO  weaver.filter.SecurityFilter  - Filter 'SecurityFilter' configured successfully
2020-11-05 15:02:00,990 ERROR weaver.general.BaseBean  - log4j reset thread start success...
2020-11-05 15:02:01,282 INFO  weaver.filter.XssFilter  - Initializing filter 'XssFilter'
2020-11-05 15:02:01,294 INFO  weaver.filter.XssFilter  - Filter 'XssFilter' configured successfully
2020-11-05 15:02:01,438 ERROR weaver.general.BaseBean  - ------是否开启字符转码----0---是否开启sql参数化解析-----0----nativepool----ecology
2020-11-05 15:02:01,449 ERROR weaver.general.BaseBean  - ExecuteSqlLogger start log write to file thread success...
2020-11-05 15:04:10,364 INFO  weaver.filter.SecurityFilter  - Initializing filter 'SecurityFilter'
2020-11-05 15:04:12,945 INFO  weaver.filter.SecurityFilter  - Filter 'SecurityFilter' configured successfully
2020-11-05 15:04:12,951 ERROR weaver.general.BaseBean  - log4j reset thread start success...
2020-11-05 15:04:13,104 INFO  weaver.filter.XssFilter  - Initializing filter 'XssFilter'
2020-11-05 15:04:13,136 INFO  weaver.filter.XssFilter  - Filter 'XssFilter' configured successfully
2020-11-05 15:04:13,252 ERROR weaver.general.BaseBean  - ------是否开启字符转码----0---是否开启sql参数化解析-----0----nativepool----ecology
2020-11-05 15:04:13,263 ERROR weaver.general.BaseBean  - ExecuteSqlLogger start log write to file thread success...
2020-11-05 16:00:54,560 ERROR weaver.general.BaseBean  - ------是否开启字符转码----0---是否开启sql参数化解析-----0----nativepool----ecology
2020-11-05 16:00:54,992 ERROR weaver.general.BaseBean  - ExecuteSqlLogger start log write to file thread success...
2020-11-05 16:00:55,074 INFO  weaver.common.SystemInitialized  - System Initialized OK.
2020-11-05 16:00:55,490 INFO  weaver.general.InitServer  - System Init Message:mainControlIp= localIp:[192.168.56.1, 192.168.97.232]
2020-11-05 16:00:55,490 INFO  weaver.general.InitServer  - init ioc container...
2020-11-05 16:00:58,109 ERROR com.weaver.upgrade.FunctionUpgrade  - OS.name+++++++++++++++++++++:Windows 10
2020-11-05 16:00:58,109 ERROR com.weaver.upgrade.FunctionUpgrade  - srcfilePath+++++++++++++++++++++:D:\WEAVER\ecology\upgrade\src
2020-11-05 16:00:58,111 ERROR com.weaver.upgrade.FunctionUpgrade  - 本地Ip++++++++++：192.168.56.1
2020-11-05 16:00:58,111 ERROR com.weaver.upgrade.FunctionUpgrade  - 主节点MainControlIP++++++++++：
2020-11-05 16:00:58,252 INFO  weaver.general.InitServer  - end ioc container init...
2020-11-05 16:00:58,253 INFO  weaver.general.InitServer  - SystemUpgrade Start.....
2020-11-05 16:00:58,265 INFO  weaver.general.InitServer  - SystemUpgrade End.....
2020-11-05 16:00:58,265 INFO  weaver.general.InitServer  - InitServerXMLtoDBThread Start.....
2020-11-05 16:00:58,272 ERROR weaver.general.BaseBean  - 启动日志压缩线程....
2020-11-05 16:00:58,275 INFO  weaver.general.InitServer  - InitServerXMLtoDBThread End.....
2020-11-05 16:00:58,280 ERROR weaver.system.HtmlFieldToClob  - isrun:1
2020-11-05 16:00:58,281 ERROR weaver.system.HtmlFieldToClob  - isrun1:1
2020-11-05 16:00:58,281 ERROR weaver.conn.RecordSet  - WFVersionAdd insert Waiting...
2020-11-05 16:00:59,079 ERROR weaver.conn.RecordSet  - 生成前端JS使用的label信息...
2020-11-05 16:00:59,267 ERROR weaver.conn.RecordSet  - 生成前端JS使用的label信息成功...
2020-11-05 16:00:59,607 INFO  weaver.general.InitServer  - end.....
2020-11-05 16:01:00,316 ERROR weaver.system.WorkflowVersionAdd  - workflowversion isrun:1
2020-11-05 16:01:00,325 ERROR weaver.system.WorkflowVersionAdd  - workflowversion isrun1:1
2020-11-05 16:01:00,409 ERROR weaver.page.PageManager  - 清空二维码扫描缓存记录表
2020-11-05 16:01:00,565 ERROR weaver.cpt.util.CptInitManager  - weaver.cpt.util.CptInitManager is running start...
2020-11-05 16:01:00,566 ERROR weaver.formmode.cuspage.cpt.CptGenmenu4mode  - weaver.formmode.cuspage.cpt.CptGenmenu4mode is running start...
2020-11-05 16:01:00,604 ERROR weaver.formmode.cuspage.cpt.CptGenmenu4mode  - weaver.formmode.cuspage.cpt.CptGenmenu4mode is running end...
2020-11-05 16:01:00,701 ERROR weaver.cpt.util.CptInitManager  - weaver.cpt.util.CptInitManager is running end...
2020-11-05 16:01:02,318 ERROR org.directwebremoting.util.LogErrorHandler  - Line=52 Element type "filter" must be declared.
2020-11-05 16:01:02,318 ERROR org.directwebremoting.util.LogErrorHandler  - Line=53 The content of element type "allow" must match "(create|convert)*".
2020-11-05 16:01:04,645 ERROR weaver.conn.RecordSet  - select t1.* from  uf_zzzxx t1 where t1.formmodeid=50  and ( DATEDIFF(ss,t1.jzrq+' '+'23:55:50',getDate())>=(-1*60*60*24*30) and DATEDIFF(ss, CONVERT(varchar(10), GETDATE(), 120) +' '+'00:00:00',t1.jzrq+' '+'23:55:50')>=(-1*60*60*24*30) and t1.jzrq is not null and t1.jzrq<> '' )  and not exists(select 1 from mode_reminddata_all t2 where t2.remindjobid=1 and t2.billid=t1.id and lastdate= CONVERT(varchar(10), GETDATE(), 120)  and isnull(isRemindWorkflow,0)=1 )
2020-11-05 16:01:04,646 ERROR weaver.conn.RecordSet  - weaver.conn.RecordSet
com.microsoft.sqlserver.jdbc.SQLServerException: datediff 函数导致溢出。用于分隔两个日期/时间实例的日期部分的数字太大。请尝试使用日期部分精度较低的 datediff。
	at com.microsoft.sqlserver.jdbc.SQLServerException.makeFromDatabaseError(SQLServerException.java:196)
	at com.microsoft.sqlserver.jdbc.SQLServerResultSet$FetchBuffer.nextRow(SQLServerResultSet.java:4700)
	at com.microsoft.sqlserver.jdbc.SQLServerResultSet.fetchBufferNext(SQLServerResultSet.java:1683)
	at com.microsoft.sqlserver.jdbc.SQLServerResultSet.next(SQLServerResultSet.java:956)
	at weaver.conn.RecordSet.parseResultSet(RecordSet.java:1656)
	at weaver.conn.RecordSet.executeSql(RecordSet.java:916)
	at weaver.conn.RecordSet.executeSql(RecordSet.java:336)
	at weaver.formmode.task.action.TaskAction.doRemind(TaskAction.java:247)
	at weaver.formmode.task.action.WorkflowMessageTaskAction.doIt(WorkflowMessageTaskAction.java:33)
	at weaver.formmode.task.action.TaskAction.execute(TaskAction.java:34)
	at org.quartz.core.JobRunShell.run(JobRunShell.java:202)
	at org.quartz.simpl.SimpleThreadPool$WorkerThread.run(SimpleThreadPool.java:529)
2020-11-05 16:01:04,808 ERROR weaver.system.MonitorThreadManager  - >>>>MonitorThreadManager>>单独的预警关闭控制：isThreadWarningStart(zt)=0<<<<
2020-11-05 16:01:04,948 ERROR weaver.general.BaseBean  - 初始化微信推送扫描线程成功，扫描间隔1分钟---------
2020-11-05 16:01:06,828 INFO  weaver.filter.SecurityFilter  - Initializing filter 'SecurityFilter'
2020-11-05 16:01:19,414 INFO  weaver.filter.SecurityFilter  - Filter 'SecurityFilter' configured successfully
2020-11-05 16:01:19,421 ERROR weaver.general.BaseBean  - log4j reset thread start success...
2020-11-05 16:01:19,695 INFO  weaver.filter.XssFilter  - Initializing filter 'XssFilter'
2020-11-05 16:01:19,714 INFO  weaver.filter.XssFilter  - Filter 'XssFilter' configured successfully
2020-11-05 16:01:19,885 ERROR weaver.general.BaseBean  - ------是否开启字符转码----0---是否开启sql参数化解析-----0----nativepool----ecology
2020-11-05 16:01:19,898 ERROR weaver.general.BaseBean  - ExecuteSqlLogger start log write to file thread success...
2020-11-05 16:13:03,644 ERROR weaver.general.BaseBean  - ------是否开启字符转码----0---是否开启sql参数化解析-----0----nativepool----ecology
2020-11-05 16:13:04,034 ERROR weaver.general.BaseBean  - ExecuteSqlLogger start log write to file thread success...
2020-11-05 16:13:04,118 INFO  weaver.common.SystemInitialized  - System Initialized OK.
2020-11-05 16:13:04,507 INFO  weaver.general.InitServer  - System Init Message:mainControlIp= localIp:[192.168.56.1, 192.168.97.232]
2020-11-05 16:13:04,507 INFO  weaver.general.InitServer  - init ioc container...
2020-11-05 16:13:07,538 ERROR com.weaver.upgrade.FunctionUpgrade  - OS.name+++++++++++++++++++++:Windows 10
2020-11-05 16:13:07,538 ERROR com.weaver.upgrade.FunctionUpgrade  - srcfilePath+++++++++++++++++++++:D:\WEAVER\ecology\upgrade\src
2020-11-05 16:13:07,540 ERROR com.weaver.upgrade.FunctionUpgrade  - 本地Ip++++++++++：192.168.56.1
2020-11-05 16:13:07,540 ERROR com.weaver.upgrade.FunctionUpgrade  - 主节点MainControlIP++++++++++：
2020-11-05 16:13:07,674 INFO  weaver.general.InitServer  - end ioc container init...
2020-11-05 16:13:07,675 INFO  weaver.general.InitServer  - SystemUpgrade Start.....
2020-11-05 16:13:07,687 INFO  weaver.general.InitServer  - SystemUpgrade End.....
2020-11-05 16:13:07,688 INFO  weaver.general.InitServer  - InitServerXMLtoDBThread Start.....
2020-11-05 16:13:07,696 INFO  weaver.general.InitServer  - InitServerXMLtoDBThread End.....
2020-11-05 16:13:07,783 ERROR weaver.conn.RecordSet  - WFVersionAdd insert Waiting...
2020-11-05 16:13:07,784 ERROR weaver.system.HtmlFieldToClob  - isrun:1
2020-11-05 16:13:07,836 ERROR weaver.system.HtmlFieldToClob  - isrun1:1
2020-11-05 16:13:07,980 ERROR weaver.general.BaseBean  - 启动日志压缩线程....
2020-11-05 16:13:08,370 ERROR weaver.conn.RecordSet  - 生成前端JS使用的label信息...
2020-11-05 16:13:08,464 ERROR weaver.conn.RecordSet  - 生成前端JS使用的label信息成功...
2020-11-05 16:13:08,716 INFO  weaver.general.InitServer  - end.....
2020-11-05 16:13:09,411 ERROR weaver.page.PageManager  - 清空二维码扫描缓存记录表
2020-11-05 16:13:09,445 ERROR weaver.cpt.util.CptInitManager  - weaver.cpt.util.CptInitManager is running start...
2020-11-05 16:13:09,452 ERROR weaver.formmode.cuspage.cpt.CptGenmenu4mode  - weaver.formmode.cuspage.cpt.CptGenmenu4mode is running start...
2020-11-05 16:13:09,458 ERROR weaver.formmode.cuspage.cpt.CptGenmenu4mode  - weaver.formmode.cuspage.cpt.CptGenmenu4mode is running end...
2020-11-05 16:13:09,514 ERROR weaver.cpt.util.CptInitManager  - weaver.cpt.util.CptInitManager is running end...
2020-11-05 16:13:09,839 ERROR weaver.system.WorkflowVersionAdd  - workflowversion isrun:1
2020-11-05 16:13:09,840 ERROR weaver.system.WorkflowVersionAdd  - workflowversion isrun1:1
2020-11-05 16:13:11,369 ERROR org.directwebremoting.util.LogErrorHandler  - Line=52 Element type "filter" must be declared.
2020-11-05 16:13:11,370 ERROR org.directwebremoting.util.LogErrorHandler  - Line=53 The content of element type "allow" must match "(create|convert)*".
2020-11-05 16:13:13,097 ERROR weaver.conn.RecordSet  - select t1.* from  uf_zzzxx t1 where t1.formmodeid=50  and ( DATEDIFF(ss,t1.jzrq+' '+'23:55:50',getDate())>=(-1*60*60*24*30) and DATEDIFF(ss, CONVERT(varchar(10), GETDATE(), 120) +' '+'00:00:00',t1.jzrq+' '+'23:55:50')>=(-1*60*60*24*30) and t1.jzrq is not null and t1.jzrq<> '' )  and not exists(select 1 from mode_reminddata_all t2 where t2.remindjobid=1 and t2.billid=t1.id and lastdate= CONVERT(varchar(10), GETDATE(), 120)  and isnull(isRemindWorkflow,0)=1 )
2020-11-05 16:13:13,099 ERROR weaver.conn.RecordSet  - weaver.conn.RecordSet
com.microsoft.sqlserver.jdbc.SQLServerException: datediff 函数导致溢出。用于分隔两个日期/时间实例的日期部分的数字太大。请尝试使用日期部分精度较低的 datediff。
	at com.microsoft.sqlserver.jdbc.SQLServerException.makeFromDatabaseError(SQLServerException.java:196)
	at com.microsoft.sqlserver.jdbc.SQLServerResultSet$FetchBuffer.nextRow(SQLServerResultSet.java:4700)
	at com.microsoft.sqlserver.jdbc.SQLServerResultSet.fetchBufferNext(SQLServerResultSet.java:1683)
	at com.microsoft.sqlserver.jdbc.SQLServerResultSet.next(SQLServerResultSet.java:956)
	at weaver.conn.RecordSet.parseResultSet(RecordSet.java:1656)
	at weaver.conn.RecordSet.executeSql(RecordSet.java:916)
	at weaver.conn.RecordSet.executeSql(RecordSet.java:336)
	at weaver.formmode.task.action.TaskAction.doRemind(TaskAction.java:247)
	at weaver.formmode.task.action.WorkflowMessageTaskAction.doIt(WorkflowMessageTaskAction.java:33)
	at weaver.formmode.task.action.TaskAction.execute(TaskAction.java:34)
	at org.quartz.core.JobRunShell.run(JobRunShell.java:202)
	at org.quartz.simpl.SimpleThreadPool$WorkerThread.run(SimpleThreadPool.java:529)
2020-11-05 16:13:13,987 ERROR weaver.system.MonitorThreadManager  - >>>>MonitorThreadManager>>单独的预警关闭控制：isThreadWarningStart(zt)=0<<<<
2020-11-05 16:13:14,215 ERROR weaver.general.BaseBean  - 初始化微信推送扫描线程成功，扫描间隔1分钟---------
2020-11-05 16:13:16,160 INFO  weaver.filter.SecurityFilter  - Initializing filter 'SecurityFilter'
2020-11-05 16:13:28,806 INFO  weaver.filter.SecurityFilter  - Filter 'SecurityFilter' configured successfully
2020-11-05 16:13:28,818 ERROR weaver.general.BaseBean  - log4j reset thread start success...
2020-11-05 16:13:29,070 INFO  weaver.filter.XssFilter  - Initializing filter 'XssFilter'
2020-11-05 16:13:29,082 INFO  weaver.filter.XssFilter  - Filter 'XssFilter' configured successfully
2020-11-05 16:13:29,283 ERROR weaver.general.BaseBean  - ------是否开启字符转码----0---是否开启sql参数化解析-----0----nativepool----ecology
2020-11-05 16:13:29,294 ERROR weaver.general.BaseBean  - ExecuteSqlLogger start log write to file thread success...
2020-11-05 16:21:01,171 ERROR weaver.general.BaseBean  - ------是否开启字符转码----0---是否开启sql参数化解析-----0----nativepool----ecology
2020-11-05 16:21:01,571 ERROR weaver.general.BaseBean  - ExecuteSqlLogger start log write to file thread success...
2020-11-05 16:21:01,615 INFO  weaver.common.SystemInitialized  - System Initialized OK.
2020-11-05 16:21:01,902 INFO  weaver.general.InitServer  - System Init Message:mainControlIp= localIp:[192.168.56.1, 192.168.97.232]
2020-11-05 16:21:01,902 INFO  weaver.general.InitServer  - init ioc container...
2020-11-05 16:21:02,825 ERROR com.weaver.upgrade.FunctionUpgrade  - OS.name+++++++++++++++++++++:Windows 10
2020-11-05 16:21:02,826 ERROR com.weaver.upgrade.FunctionUpgrade  - srcfilePath+++++++++++++++++++++:D:\WEAVER\ecology\upgrade\src
2020-11-05 16:21:02,827 ERROR com.weaver.upgrade.FunctionUpgrade  - 本地Ip++++++++++：192.168.56.1
2020-11-05 16:21:02,827 ERROR com.weaver.upgrade.FunctionUpgrade  - 主节点MainControlIP++++++++++：
2020-11-05 16:21:04,769 INFO  weaver.general.InitServer  - end ioc container init...
2020-11-05 16:21:04,770 INFO  weaver.general.InitServer  - SystemUpgrade Start.....
2020-11-05 16:21:04,780 INFO  weaver.general.InitServer  - SystemUpgrade End.....
2020-11-05 16:21:04,781 INFO  weaver.general.InitServer  - InitServerXMLtoDBThread Start.....
2020-11-05 16:21:04,788 ERROR weaver.general.BaseBean  - 启动日志压缩线程....
2020-11-05 16:21:04,790 INFO  weaver.general.InitServer  - InitServerXMLtoDBThread End.....
2020-11-05 16:21:04,796 ERROR weaver.system.HtmlFieldToClob  - isrun:1
2020-11-05 16:21:04,796 ERROR weaver.system.HtmlFieldToClob  - isrun1:1
2020-11-05 16:21:04,797 ERROR weaver.conn.RecordSet  - WFVersionAdd insert Waiting...
2020-11-05 16:21:05,044 ERROR weaver.conn.RecordSet  - 生成前端JS使用的label信息...
2020-11-05 16:21:05,251 ERROR weaver.conn.RecordSet  - 生成前端JS使用的label信息成功...
2020-11-05 16:21:05,634 INFO  weaver.general.InitServer  - end.....
2020-11-05 16:21:06,234 ERROR weaver.page.PageManager  - 清空二维码扫描缓存记录表
2020-11-05 16:21:06,285 ERROR weaver.formmode.cuspage.cpt.CptGenmenu4mode  - weaver.formmode.cuspage.cpt.CptGenmenu4mode is running start...
2020-11-05 16:21:06,287 ERROR weaver.cpt.util.CptInitManager  - weaver.cpt.util.CptInitManager is running start...
2020-11-05 16:21:06,299 ERROR weaver.formmode.cuspage.cpt.CptGenmenu4mode  - weaver.formmode.cuspage.cpt.CptGenmenu4mode is running end...
2020-11-05 16:21:06,340 ERROR weaver.cpt.util.CptInitManager  - weaver.cpt.util.CptInitManager is running end...
2020-11-05 16:21:06,884 ERROR weaver.system.WorkflowVersionAdd  - workflowversion isrun:1
2020-11-05 16:21:06,885 ERROR weaver.system.WorkflowVersionAdd  - workflowversion isrun1:1
2020-11-05 16:21:08,113 ERROR org.directwebremoting.util.LogErrorHandler  - Line=52 Element type "filter" must be declared.
2020-11-05 16:21:08,114 ERROR org.directwebremoting.util.LogErrorHandler  - Line=53 The content of element type "allow" must match "(create|convert)*".
2020-11-05 16:21:09,936 ERROR weaver.conn.RecordSet  - select t1.* from  uf_zzzxx t1 where t1.formmodeid=50  and ( DATEDIFF(ss,t1.jzrq+' '+'23:55:50',getDate())>=(-1*60*60*24*30) and DATEDIFF(ss, CONVERT(varchar(10), GETDATE(), 120) +' '+'00:00:00',t1.jzrq+' '+'23:55:50')>=(-1*60*60*24*30) and t1.jzrq is not null and t1.jzrq<> '' )  and not exists(select 1 from mode_reminddata_all t2 where t2.remindjobid=1 and t2.billid=t1.id and lastdate= CONVERT(varchar(10), GETDATE(), 120)  and isnull(isRemindWorkflow,0)=1 )
2020-11-05 16:21:09,937 ERROR weaver.conn.RecordSet  - weaver.conn.RecordSet
com.microsoft.sqlserver.jdbc.SQLServerException: datediff 函数导致溢出。用于分隔两个日期/时间实例的日期部分的数字太大。请尝试使用日期部分精度较低的 datediff。
	at com.microsoft.sqlserver.jdbc.SQLServerException.makeFromDatabaseError(SQLServerException.java:196)
	at com.microsoft.sqlserver.jdbc.SQLServerResultSet$FetchBuffer.nextRow(SQLServerResultSet.java:4700)
	at com.microsoft.sqlserver.jdbc.SQLServerResultSet.fetchBufferNext(SQLServerResultSet.java:1683)
	at com.microsoft.sqlserver.jdbc.SQLServerResultSet.next(SQLServerResultSet.java:956)
	at weaver.conn.RecordSet.parseResultSet(RecordSet.java:1656)
	at weaver.conn.RecordSet.executeSql(RecordSet.java:916)
	at weaver.conn.RecordSet.executeSql(RecordSet.java:336)
	at weaver.formmode.task.action.TaskAction.doRemind(TaskAction.java:247)
	at weaver.formmode.task.action.WorkflowMessageTaskAction.doIt(WorkflowMessageTaskAction.java:33)
	at weaver.formmode.task.action.TaskAction.execute(TaskAction.java:34)
	at org.quartz.core.JobRunShell.run(JobRunShell.java:202)
	at org.quartz.simpl.SimpleThreadPool$WorkerThread.run(SimpleThreadPool.java:529)
2020-11-05 16:21:10,662 ERROR weaver.system.MonitorThreadManager  - >>>>MonitorThreadManager>>单独的预警关闭控制：isThreadWarningStart(zt)=0<<<<
2020-11-05 16:21:10,990 ERROR weaver.general.BaseBean  - 初始化微信推送扫描线程成功，扫描间隔1分钟---------
2020-11-05 16:21:13,036 INFO  weaver.filter.SecurityFilter  - Initializing filter 'SecurityFilter'
2020-11-05 16:21:26,480 INFO  weaver.filter.SecurityFilter  - Filter 'SecurityFilter' configured successfully
2020-11-05 16:21:26,485 ERROR weaver.general.BaseBean  - log4j reset thread start success...
2020-11-05 16:21:26,763 INFO  weaver.filter.XssFilter  - Initializing filter 'XssFilter'
2020-11-05 16:21:26,779 INFO  weaver.filter.XssFilter  - Filter 'XssFilter' configured successfully
2020-11-05 16:21:26,927 ERROR weaver.general.BaseBean  - ------是否开启字符转码----0---是否开启sql参数化解析-----0----nativepool----ecology
2020-11-05 16:21:27,058 ERROR weaver.general.BaseBean  - ExecuteSqlLogger start log write to file thread success...
