2020-12-04 11:13:41,511 ERROR weaver.general.BaseBean  - ------是否开启字符转码----0---是否开启sql参数化解析-----0----nativepool----ecology
2020-12-04 11:13:41,943 ERROR weaver.general.BaseBean  - ExecuteSqlLogger start log write to file thread success...
2020-12-04 11:13:42,064 INFO  weaver.common.SystemInitialized  - System Initialized OK.
2020-12-04 11:13:42,307 INFO  weaver.general.InitServer  - System Init Message:mainControlIp= localIp:[192.168.56.1, 192.168.97.232]
2020-12-04 11:13:42,307 INFO  weaver.general.InitServer  - init ioc container...
2020-12-04 11:13:45,380 ERROR com.weaver.upgrade.FunctionUpgrade  - OS.name+++++++++++++++++++++:Windows 10
2020-12-04 11:13:45,381 ERROR com.weaver.upgrade.FunctionUpgrade  - srcfilePath+++++++++++++++++++++:D:\WEAVER\ecology\upgrade\src
2020-12-04 11:13:45,383 ERROR com.weaver.upgrade.FunctionUpgrade  - 本地Ip++++++++++：192.168.56.1
2020-12-04 11:13:45,384 ERROR com.weaver.upgrade.FunctionUpgrade  - 主节点MainControlIP++++++++++：
2020-12-04 11:13:45,510 INFO  weaver.general.InitServer  - end ioc container init...
2020-12-04 11:13:45,510 INFO  weaver.general.InitServer  - SystemUpgrade Start.....
2020-12-04 11:13:45,553 INFO  weaver.general.InitServer  - SystemUpgrade End.....
2020-12-04 11:13:45,554 INFO  weaver.general.InitServer  - InitServerXMLtoDBThread Start.....
2020-12-04 11:13:45,560 ERROR weaver.general.BaseBean  - 启动日志压缩线程....
2020-12-04 11:13:45,604 INFO  weaver.general.InitServer  - InitServerXMLtoDBThread End.....
2020-12-04 11:13:45,609 ERROR weaver.system.HtmlFieldToClob  - isrun:1
2020-12-04 11:13:45,609 ERROR weaver.system.HtmlFieldToClob  - isrun1:1
2020-12-04 11:13:45,618 ERROR weaver.conn.RecordSet  - WFVersionAdd insert Waiting...
2020-12-04 11:13:45,983 ERROR weaver.conn.RecordSet  - 生成前端JS使用的label信息...
2020-12-04 11:13:46,087 ERROR weaver.conn.RecordSet  - 生成前端JS使用的label信息成功...
2020-12-04 11:13:46,907 INFO  weaver.general.InitServer  - end.....
2020-12-04 11:13:47,641 ERROR weaver.system.WorkflowVersionAdd  - workflowversion isrun:1
2020-12-04 11:13:47,641 ERROR weaver.system.WorkflowVersionAdd  - workflowversion isrun1:1
2020-12-04 11:13:48,046 ERROR weaver.page.PageManager  - 清空二维码扫描缓存记录表
2020-12-04 11:13:48,272 ERROR weaver.cpt.util.CptInitManager  - weaver.cpt.util.CptInitManager is running start...
2020-12-04 11:13:48,286 ERROR weaver.formmode.cuspage.cpt.CptGenmenu4mode  - weaver.formmode.cuspage.cpt.CptGenmenu4mode is running start...
2020-12-04 11:13:48,338 ERROR weaver.formmode.cuspage.cpt.CptGenmenu4mode  - weaver.formmode.cuspage.cpt.CptGenmenu4mode is running end...
2020-12-04 11:13:48,380 ERROR weaver.cpt.util.CptInitManager  - weaver.cpt.util.CptInitManager is running end...
2020-12-04 11:13:50,252 ERROR org.directwebremoting.util.LogErrorHandler  - Line=52 Element type "filter" must be declared.
2020-12-04 11:13:50,253 ERROR org.directwebremoting.util.LogErrorHandler  - Line=53 The content of element type "allow" must match "(create|convert)*".
2020-12-04 11:13:50,944 ERROR weaver.conn.RecordSet  - select t1.* from  uf_zzzxx t1 where t1.formmodeid=50  and ( DATEDIFF(ss,t1.jzrq+' '+'23:55:50',getDate())>=(-1*60*60*24*30) and DATEDIFF(ss, CONVERT(varchar(10), GETDATE(), 120) +' '+'00:00:00',t1.jzrq+' '+'23:55:50')>=(-1*60*60*24*30) and t1.jzrq is not null and t1.jzrq<> '' )  and not exists(select 1 from mode_reminddata_all t2 where t2.remindjobid=1 and t2.billid=t1.id and lastdate= CONVERT(varchar(10), GETDATE(), 120)  and isnull(isRemindWorkflow,0)=1 )
2020-12-04 11:13:50,950 ERROR weaver.conn.RecordSet  - weaver.conn.RecordSet
com.microsoft.sqlserver.jdbc.SQLServerException: datediff 函数导致溢出。用于分隔两个日期/时间实例的日期部分的数字太大。请尝试使用日期部分精度较低的 datediff。
	at com.microsoft.sqlserver.jdbc.SQLServerException.makeFromDatabaseError(SQLServerException.java:196)
	at com.microsoft.sqlserver.jdbc.SQLServerResultSet$FetchBuffer.nextRow(SQLServerResultSet.java:4700)
	at com.microsoft.sqlserver.jdbc.SQLServerResultSet.fetchBufferNext(SQLServerResultSet.java:1683)
	at com.microsoft.sqlserver.jdbc.SQLServerResultSet.next(SQLServerResultSet.java:956)
	at weaver.conn.RecordSet.parseResultSet(RecordSet.java:1656)
	at weaver.conn.RecordSet.executeSql(RecordSet.java:916)
	at weaver.conn.RecordSet.executeSql(RecordSet.java:336)
	at weaver.formmode.task.action.TaskAction.doRemind(TaskAction.java:247)
	at weaver.formmode.task.action.WorkflowMessageTaskAction.doIt(WorkflowMessageTaskAction.java:33)
	at weaver.formmode.task.action.TaskAction.execute(TaskAction.java:34)
	at org.quartz.core.JobRunShell.run(JobRunShell.java:202)
	at org.quartz.simpl.SimpleThreadPool$WorkerThread.run(SimpleThreadPool.java:529)
2020-12-04 11:13:52,514 ERROR weaver.system.MonitorThreadManager  - >>>>MonitorThreadManager>>单独的预警关闭控制：isThreadWarningStart(zt)=0<<<<
2020-12-04 11:13:52,672 ERROR weaver.general.BaseBean  - 初始化微信推送扫描线程成功，扫描间隔1分钟---------
2020-12-04 11:13:59,852 INFO  weaver.filter.SecurityFilter  - Initializing filter 'SecurityFilter'
2020-12-04 11:14:15,122 INFO  weaver.filter.SecurityFilter  - Filter 'SecurityFilter' configured successfully
2020-12-04 11:14:15,140 ERROR weaver.general.BaseBean  - log4j reset thread start success...
2020-12-04 11:14:15,416 INFO  weaver.filter.XssFilter  - Initializing filter 'XssFilter'
2020-12-04 11:14:15,439 INFO  weaver.filter.XssFilter  - Filter 'XssFilter' configured successfully
2020-12-04 11:14:15,789 ERROR weaver.general.BaseBean  - ------是否开启字符转码----0---是否开启sql参数化解析-----0----nativepool----ecology
2020-12-04 11:14:15,848 ERROR weaver.general.BaseBean  - ExecuteSqlLogger start log write to file thread success...
