2020-10-26 14:46:39,218 ERROR weaver.general.BaseBean  - ------是否开启字符转码----0---是否开启sql参数化解析-----0----nativepool----ecology
2020-10-26 14:46:40,308 ERROR weaver.general.BaseBean  - ExecuteSqlLogger start log write to file thread success...
2020-10-26 14:46:40,473 INFO  weaver.common.SystemInitialized  - System Initialized OK.
2020-10-26 14:46:40,713 INFO  weaver.general.InitServer  - System Init Message:mainControlIp= localIp:[192.168.56.1, 192.168.97.232]
2020-10-26 14:46:40,713 INFO  weaver.general.InitServer  - init ioc container...
2020-10-26 14:46:48,800 ERROR com.weaver.upgrade.FunctionUpgrade  - OS.name+++++++++++++++++++++:Windows 10
2020-10-26 14:46:48,800 ERROR com.weaver.upgrade.FunctionUpgrade  - srcfilePath+++++++++++++++++++++:D:\WEAVER\ecology\upgrade\src
2020-10-26 14:46:48,803 ERROR com.weaver.upgrade.FunctionUpgrade  - 本地Ip++++++++++：192.168.56.1
2020-10-26 14:46:48,804 ERROR com.weaver.upgrade.FunctionUpgrade  - 主节点MainControlIP++++++++++：
2020-10-26 14:46:49,118 INFO  weaver.general.InitServer  - end ioc container init...
2020-10-26 14:46:49,119 INFO  weaver.general.InitServer  - SystemUpgrade Start.....
2020-10-26 14:46:49,160 INFO  weaver.general.InitServer  - SystemUpgrade End.....
2020-10-26 14:46:49,161 INFO  weaver.general.InitServer  - InitServerXMLtoDBThread Start.....
2020-10-26 14:46:49,244 INFO  weaver.general.InitServer  - InitServerXMLtoDBThread End.....
2020-10-26 14:46:49,291 ERROR weaver.system.HtmlFieldToClob  - isrun:1
2020-10-26 14:46:49,292 ERROR weaver.system.HtmlFieldToClob  - isrun1:1
2020-10-26 14:46:49,317 ERROR weaver.conn.RecordSet  - WFVersionAdd insert Waiting...
2020-10-26 14:46:49,816 ERROR weaver.general.BaseBean  - 启动日志压缩线程....
2020-10-26 14:46:50,603 ERROR weaver.conn.RecordSet  - 生成前端JS使用的label信息...
2020-10-26 14:46:50,973 ERROR weaver.conn.RecordSet  - 生成前端JS使用的label信息成功...
2020-10-26 14:46:51,317 ERROR weaver.conn.RecordSet  - WFVersionAdd insert Waiting...
2020-10-26 14:46:52,495 INFO  weaver.general.InitServer  - end.....
2020-10-26 14:46:53,391 ERROR weaver.system.WorkflowVersionAdd  - workflowversion isrun:1
2020-10-26 14:46:53,392 ERROR weaver.system.WorkflowVersionAdd  - workflowversion isrun1:1
2020-10-26 14:46:54,221 ERROR weaver.page.PageManager  - 清空二维码扫描缓存记录表
2020-10-26 14:46:54,379 ERROR weaver.cpt.util.CptInitManager  - weaver.cpt.util.CptInitManager is running start...
2020-10-26 14:46:54,389 ERROR weaver.formmode.cuspage.cpt.CptGenmenu4mode  - weaver.formmode.cuspage.cpt.CptGenmenu4mode is running start...
2020-10-26 14:46:54,402 ERROR weaver.formmode.cuspage.cpt.CptGenmenu4mode  - weaver.formmode.cuspage.cpt.CptGenmenu4mode is running end...
2020-10-26 14:46:54,963 ERROR weaver.cpt.util.CptInitManager  - weaver.cpt.util.CptInitManager is running end...
2020-10-26 14:46:56,663 ERROR org.directwebremoting.util.LogErrorHandler  - Line=52 Element type "filter" must be declared.
2020-10-26 14:46:56,663 ERROR org.directwebremoting.util.LogErrorHandler  - Line=53 The content of element type "allow" must match "(create|convert)*".
2020-10-26 14:46:58,755 ERROR weaver.conn.RecordSet  - select t1.* from  uf_zzzxx t1 where t1.formmodeid=50  and ( DATEDIFF(ss,t1.jzrq+' '+'23:55:50',getDate())>=(-1*60*60*24*30) and DATEDIFF(ss, CONVERT(varchar(10), GETDATE(), 120) +' '+'00:00:00',t1.jzrq+' '+'23:55:50')>=(-1*60*60*24*30) and t1.jzrq is not null and t1.jzrq<> '' )  and not exists(select 1 from mode_reminddata_all t2 where t2.remindjobid=1 and t2.billid=t1.id and lastdate= CONVERT(varchar(10), GETDATE(), 120)  and isnull(isRemindWorkflow,0)=1 )
2020-10-26 14:46:58,769 ERROR weaver.conn.RecordSet  - weaver.conn.RecordSet
com.microsoft.sqlserver.jdbc.SQLServerException: datediff 函数导致溢出。用于分隔两个日期/时间实例的日期部分的数字太大。请尝试使用日期部分精度较低的 datediff。
	at com.microsoft.sqlserver.jdbc.SQLServerException.makeFromDatabaseError(SQLServerException.java:196)
	at com.microsoft.sqlserver.jdbc.SQLServerResultSet$FetchBuffer.nextRow(SQLServerResultSet.java:4700)
	at com.microsoft.sqlserver.jdbc.SQLServerResultSet.fetchBufferNext(SQLServerResultSet.java:1683)
	at com.microsoft.sqlserver.jdbc.SQLServerResultSet.next(SQLServerResultSet.java:956)
	at weaver.conn.RecordSet.parseResultSet(RecordSet.java:1656)
	at weaver.conn.RecordSet.executeSql(RecordSet.java:916)
	at weaver.conn.RecordSet.executeSql(RecordSet.java:336)
	at weaver.formmode.task.action.TaskAction.doRemind(TaskAction.java:247)
	at weaver.formmode.task.action.WorkflowMessageTaskAction.doIt(WorkflowMessageTaskAction.java:33)
	at weaver.formmode.task.action.TaskAction.execute(TaskAction.java:34)
	at org.quartz.core.JobRunShell.run(JobRunShell.java:202)
	at org.quartz.simpl.SimpleThreadPool$WorkerThread.run(SimpleThreadPool.java:529)
2020-10-26 14:46:59,199 ERROR weaver.system.MonitorThreadManager  - >>>>MonitorThreadManager>>单独的预警关闭控制：isThreadWarningStart(zt)=0<<<<
2020-10-26 14:46:59,450 ERROR weaver.general.BaseBean  - 初始化微信推送扫描线程成功，扫描间隔1分钟---------
2020-10-26 14:47:05,264 INFO  weaver.filter.SecurityFilter  - Initializing filter 'SecurityFilter'
2020-10-26 14:47:12,708 INFO  weaver.filter.SecurityFilter  - Filter 'SecurityFilter' configured successfully
2020-10-26 14:47:12,747 ERROR weaver.general.BaseBean  - log4j reset thread start success...
2020-10-26 14:47:12,990 INFO  weaver.filter.XssFilter  - Initializing filter 'XssFilter'
2020-10-26 14:47:13,032 INFO  weaver.filter.XssFilter  - Filter 'XssFilter' configured successfully
2020-10-26 14:47:13,674 ERROR weaver.general.BaseBean  - ------是否开启字符转码----0---是否开启sql参数化解析-----0----nativepool----ecology
2020-10-26 14:47:13,735 ERROR weaver.general.BaseBean  - ExecuteSqlLogger start log write to file thread success...
2020-10-26 15:03:50,616 ERROR weaver.general.BaseBean  - ------是否开启字符转码----0---是否开启sql参数化解析-----0----nativepool----ecology
2020-10-26 15:03:50,960 ERROR weaver.general.BaseBean  - ExecuteSqlLogger start log write to file thread success...
2020-10-26 15:03:51,040 INFO  weaver.common.SystemInitialized  - System Initialized OK.
2020-10-26 15:03:51,813 INFO  weaver.general.InitServer  - System Init Message:mainControlIp= localIp:[192.168.56.1, 192.168.97.232]
2020-10-26 15:03:51,813 INFO  weaver.general.InitServer  - init ioc container...
2020-10-26 15:03:54,167 ERROR com.weaver.upgrade.FunctionUpgrade  - OS.name+++++++++++++++++++++:Windows 10
2020-10-26 15:03:54,167 ERROR com.weaver.upgrade.FunctionUpgrade  - srcfilePath+++++++++++++++++++++:D:\WEAVER\ecology\upgrade\src
2020-10-26 15:03:54,169 ERROR com.weaver.upgrade.FunctionUpgrade  - 本地Ip++++++++++：192.168.56.1
2020-10-26 15:03:54,169 ERROR com.weaver.upgrade.FunctionUpgrade  - 主节点MainControlIP++++++++++：
2020-10-26 15:03:54,353 INFO  weaver.general.InitServer  - end ioc container init...
2020-10-26 15:03:54,353 INFO  weaver.general.InitServer  - SystemUpgrade Start.....
2020-10-26 15:03:54,368 INFO  weaver.general.InitServer  - SystemUpgrade End.....
2020-10-26 15:03:54,368 INFO  weaver.general.InitServer  - InitServerXMLtoDBThread Start.....
2020-10-26 15:03:54,382 ERROR weaver.general.BaseBean  - 启动日志压缩线程....
2020-10-26 15:03:54,399 INFO  weaver.general.InitServer  - InitServerXMLtoDBThread End.....
2020-10-26 15:03:54,419 ERROR weaver.system.HtmlFieldToClob  - isrun:1
2020-10-26 15:03:54,420 ERROR weaver.system.HtmlFieldToClob  - isrun1:1
2020-10-26 15:03:54,424 ERROR weaver.conn.RecordSet  - WFVersionAdd insert Waiting...
2020-10-26 15:03:54,637 ERROR weaver.conn.RecordSet  - 生成前端JS使用的label信息...
2020-10-26 15:03:54,831 ERROR weaver.conn.RecordSet  - 生成前端JS使用的label信息成功...
2020-10-26 15:03:55,557 INFO  weaver.general.InitServer  - end.....
2020-10-26 15:03:56,313 ERROR weaver.page.PageManager  - 清空二维码扫描缓存记录表
2020-10-26 15:03:56,409 ERROR weaver.cpt.util.CptInitManager  - weaver.cpt.util.CptInitManager is running start...
2020-10-26 15:03:56,429 ERROR weaver.formmode.cuspage.cpt.CptGenmenu4mode  - weaver.formmode.cuspage.cpt.CptGenmenu4mode is running start...
2020-10-26 15:03:56,432 ERROR weaver.system.WorkflowVersionAdd  - workflowversion isrun:1
2020-10-26 15:03:56,432 ERROR weaver.system.WorkflowVersionAdd  - workflowversion isrun1:1
2020-10-26 15:03:56,444 ERROR weaver.formmode.cuspage.cpt.CptGenmenu4mode  - weaver.formmode.cuspage.cpt.CptGenmenu4mode is running end...
2020-10-26 15:03:56,589 ERROR weaver.cpt.util.CptInitManager  - weaver.cpt.util.CptInitManager is running end...
2020-10-26 15:03:58,856 ERROR org.directwebremoting.util.LogErrorHandler  - Line=52 Element type "filter" must be declared.
2020-10-26 15:03:58,856 ERROR org.directwebremoting.util.LogErrorHandler  - Line=53 The content of element type "allow" must match "(create|convert)*".
2020-10-26 15:04:01,024 ERROR weaver.conn.RecordSet  - select t1.* from  uf_zzzxx t1 where t1.formmodeid=50  and ( DATEDIFF(ss,t1.jzrq+' '+'23:55:50',getDate())>=(-1*60*60*24*30) and DATEDIFF(ss, CONVERT(varchar(10), GETDATE(), 120) +' '+'00:00:00',t1.jzrq+' '+'23:55:50')>=(-1*60*60*24*30) and t1.jzrq is not null and t1.jzrq<> '' )  and not exists(select 1 from mode_reminddata_all t2 where t2.remindjobid=1 and t2.billid=t1.id and lastdate= CONVERT(varchar(10), GETDATE(), 120)  and isnull(isRemindWorkflow,0)=1 )
2020-10-26 15:04:01,025 ERROR weaver.conn.RecordSet  - weaver.conn.RecordSet
com.microsoft.sqlserver.jdbc.SQLServerException: datediff 函数导致溢出。用于分隔两个日期/时间实例的日期部分的数字太大。请尝试使用日期部分精度较低的 datediff。
	at com.microsoft.sqlserver.jdbc.SQLServerException.makeFromDatabaseError(SQLServerException.java:196)
	at com.microsoft.sqlserver.jdbc.SQLServerResultSet$FetchBuffer.nextRow(SQLServerResultSet.java:4700)
	at com.microsoft.sqlserver.jdbc.SQLServerResultSet.fetchBufferNext(SQLServerResultSet.java:1683)
	at com.microsoft.sqlserver.jdbc.SQLServerResultSet.next(SQLServerResultSet.java:956)
	at weaver.conn.RecordSet.parseResultSet(RecordSet.java:1656)
	at weaver.conn.RecordSet.executeSql(RecordSet.java:916)
	at weaver.conn.RecordSet.executeSql(RecordSet.java:336)
	at weaver.formmode.task.action.TaskAction.doRemind(TaskAction.java:247)
	at weaver.formmode.task.action.WorkflowMessageTaskAction.doIt(WorkflowMessageTaskAction.java:33)
	at weaver.formmode.task.action.TaskAction.execute(TaskAction.java:34)
	at org.quartz.core.JobRunShell.run(JobRunShell.java:202)
	at org.quartz.simpl.SimpleThreadPool$WorkerThread.run(SimpleThreadPool.java:529)
2020-10-26 15:04:01,084 ERROR weaver.conn.RecordSet  - select t1.* from  uf_HTK t1 where t1.formmodeid=30  and ( DATEDIFF(ss,t1.htjsrq+' '+'00:00:00',getDate())>=(-1*60*60*24*30) and DATEDIFF(ss, CONVERT(varchar(10), GETDATE(), 120) +' '+'00:00:00',t1.htjsrq+' '+'00:00:00')>=(-1*60*60*24*30) and t1.htjsrq is not null and t1.htjsrq<> '' )  and not exists(select 1 from mode_reminddata_all t2 where t2.remindjobid=4 and t2.billid=t1.id and lastdate= CONVERT(varchar(10), GETDATE(), 120)  and isnull(isRemindWorkflow,0)=1 )
2020-10-26 15:04:01,085 ERROR weaver.conn.RecordSet  - weaver.conn.RecordSet
com.microsoft.sqlserver.jdbc.SQLServerException: datediff 函数导致溢出。用于分隔两个日期/时间实例的日期部分的数字太大。请尝试使用日期部分精度较低的 datediff。
	at com.microsoft.sqlserver.jdbc.SQLServerException.makeFromDatabaseError(SQLServerException.java:196)
	at com.microsoft.sqlserver.jdbc.SQLServerResultSet$FetchBuffer.nextRow(SQLServerResultSet.java:4700)
	at com.microsoft.sqlserver.jdbc.SQLServerResultSet.fetchBufferNext(SQLServerResultSet.java:1683)
	at com.microsoft.sqlserver.jdbc.SQLServerResultSet.next(SQLServerResultSet.java:956)
	at weaver.conn.RecordSet.parseResultSet(RecordSet.java:1656)
	at weaver.conn.RecordSet.executeSql(RecordSet.java:916)
	at weaver.conn.RecordSet.executeSql(RecordSet.java:336)
	at weaver.formmode.task.action.TaskAction.doRemind(TaskAction.java:247)
	at weaver.formmode.task.action.WorkflowMessageTaskAction.doIt(WorkflowMessageTaskAction.java:33)
	at weaver.formmode.task.action.TaskAction.execute(TaskAction.java:34)
	at org.quartz.core.JobRunShell.run(JobRunShell.java:202)
	at org.quartz.simpl.SimpleThreadPool$WorkerThread.run(SimpleThreadPool.java:529)
2020-10-26 15:04:01,199 ERROR weaver.conn.RecordSet  - select t1.* from  uf_HTK t1 where t1.formmodeid=30  and ( DATEDIFF(ss,t1.htjsrq+' '+'00:00:00',getDate())>=(0) and DATEDIFF(ss, CONVERT(varchar(10), GETDATE(), 120) +' '+'00:00:00',t1.htjsrq+' '+'00:00:00')>=(0) and t1.htjsrq is not null and t1.htjsrq<> '' )  and not exists(select 1 from mode_reminddata_all t2 where t2.remindjobid=5 and t2.billid=t1.id and lastdate= CONVERT(varchar(10), GETDATE(), 120)  and isnull(isRemindWorkflow,0)=1 )
2020-10-26 15:04:01,200 ERROR weaver.conn.RecordSet  - weaver.conn.RecordSet
com.microsoft.sqlserver.jdbc.SQLServerException: datediff 函数导致溢出。用于分隔两个日期/时间实例的日期部分的数字太大。请尝试使用日期部分精度较低的 datediff。
	at com.microsoft.sqlserver.jdbc.SQLServerException.makeFromDatabaseError(SQLServerException.java:196)
	at com.microsoft.sqlserver.jdbc.SQLServerResultSet$FetchBuffer.nextRow(SQLServerResultSet.java:4700)
	at com.microsoft.sqlserver.jdbc.SQLServerResultSet.fetchBufferNext(SQLServerResultSet.java:1683)
	at com.microsoft.sqlserver.jdbc.SQLServerResultSet.next(SQLServerResultSet.java:956)
	at weaver.conn.RecordSet.parseResultSet(RecordSet.java:1656)
	at weaver.conn.RecordSet.executeSql(RecordSet.java:916)
	at weaver.conn.RecordSet.executeSql(RecordSet.java:336)
	at weaver.formmode.task.action.TaskAction.doRemind(TaskAction.java:247)
	at weaver.formmode.task.action.WorkflowMessageTaskAction.doIt(WorkflowMessageTaskAction.java:33)
	at weaver.formmode.task.action.TaskAction.execute(TaskAction.java:34)
	at org.quartz.core.JobRunShell.run(JobRunShell.java:202)
	at org.quartz.simpl.SimpleThreadPool$WorkerThread.run(SimpleThreadPool.java:529)
2020-10-26 15:04:02,164 ERROR weaver.system.MonitorThreadManager  - >>>>MonitorThreadManager>>单独的预警关闭控制：isThreadWarningStart(zt)=0<<<<
2020-10-26 15:04:02,521 ERROR weaver.general.BaseBean  - 初始化微信推送扫描线程成功，扫描间隔1分钟---------
2020-10-26 15:04:07,216 INFO  weaver.filter.SecurityFilter  - Initializing filter 'SecurityFilter'
2020-10-26 15:04:07,764 ERROR weaver.mobile.plugin.ecology.service.PushNotificationService  - 消息推送失败!
java.lang.IllegalStateException: unsupported protocol: '114.55.246.39'
	at org.apache.commons.httpclient.protocol.Protocol.lazyRegisterProtocol(Protocol.java:149)
	at org.apache.commons.httpclient.protocol.Protocol.getProtocol(Protocol.java:117)
	at org.apache.commons.httpclient.HttpHost.<init>(HttpHost.java:107)
	at org.apache.commons.httpclient.HttpMethodBase.setURI(HttpMethodBase.java:280)
	at org.apache.commons.httpclient.HttpMethodBase.<init>(HttpMethodBase.java:220)
	at org.apache.commons.httpclient.methods.ExpectContinueMethod.<init>(ExpectContinueMethod.java:93)
	at org.apache.commons.httpclient.methods.EntityEnclosingMethod.<init>(EntityEnclosingMethod.java:119)
	at org.apache.commons.httpclient.methods.PostMethod.<init>(PostMethod.java:106)
	at weaver.mobile.plugin.ecology.service.PushNotificationService.pushByUserid(PushNotificationService.java:193)
	at weaver.mobile.webservices.workflow.soa.RequestPreProcessing.preprocessingStatus(RequestPreProcessing.java:197)
	at weaver.mobile.webservices.workflow.soa.RequestPreProcessing.run(RequestPreProcessing.java:101)
	at java.util.concurrent.ThreadPoolExecutor.runWorker(ThreadPoolExecutor.java:1149)
	at java.util.concurrent.ThreadPoolExecutor$Worker.run(ThreadPoolExecutor.java:624)
	at java.lang.Thread.run(Thread.java:748)
2020-10-26 15:04:07,772 ERROR weaver.workflow.msg.notificationInteface.MobileNotification  - ready to push:[1], [], [流程:(系统管理员)HFYY-043-PFI-MLA-XINGKA-201710012020-09-30]
2020-10-26 15:04:07,773 ERROR weaver.mobile.plugin.ecology.service.PushNotificationService  - 消息推送失败!
java.lang.IllegalStateException: unsupported protocol: '114.55.246.39'
	at org.apache.commons.httpclient.protocol.Protocol.lazyRegisterProtocol(Protocol.java:149)
	at org.apache.commons.httpclient.protocol.Protocol.getProtocol(Protocol.java:117)
	at org.apache.commons.httpclient.HttpHost.<init>(HttpHost.java:107)
	at org.apache.commons.httpclient.HttpMethodBase.setURI(HttpMethodBase.java:280)
	at org.apache.commons.httpclient.HttpMethodBase.<init>(HttpMethodBase.java:220)
	at org.apache.commons.httpclient.methods.ExpectContinueMethod.<init>(ExpectContinueMethod.java:93)
	at org.apache.commons.httpclient.methods.EntityEnclosingMethod.<init>(EntityEnclosingMethod.java:119)
	at org.apache.commons.httpclient.methods.PostMethod.<init>(PostMethod.java:106)
	at weaver.mobile.plugin.ecology.service.PushNotificationService.pushByUserid(PushNotificationService.java:193)
	at weaver.workflow.msg.notificationInteface.MobileNotification.sendMsg(MobileNotification.java:155)
	at weaver.workflow.msg.WFNotificationService.run(WFNotificationService.java:45)
	at java.util.concurrent.ThreadPoolExecutor.runWorker(ThreadPoolExecutor.java:1149)
	at java.util.concurrent.ThreadPoolExecutor$Worker.run(ThreadPoolExecutor.java:624)
	at java.lang.Thread.run(Thread.java:748)
2020-10-26 15:04:07,856 ERROR weaver.general.BaseBean  - 初始化云桥httpclient连接池成功，DEFAULT_MAX_PER_ROUTE：500---MAX_TOTAL_CONNECTIONS：500---------
2020-10-26 15:04:07,937 ERROR weaver.workflow.msg.notificationInteface.MobileNotification  - 发送流程提醒到客户端e-message
2020-10-26 15:04:07,938 ERROR weaver.workflow.msg.notificationInteface.MobileNotification  - push to complete.
2020-10-26 15:04:08,544 ERROR weaver.general.BaseBean  - 调用云桥(http://114.55.246.39:8088)接口发送消息失败---数据id：57270 数据内容：HFYY-043-P...  用户列表：1 模板：4925ab1f8e9a46f58323d7d6a87abd87 错误信息：微信企业号[红纺文化-工作流程]发送失败！消息接收人【1】不在应用可见范围内,或者没有绑定微信账号
2020-10-26 15:04:08,616 ERROR weaver.general.BaseBean  - CustomerShareUtil: paras from workflow is #[userid] == 1[crmids] == 0[usertypes] == 0[resourceids] == 1[sharelevel] == 1
2020-10-26 15:04:08,650 ERROR weaver.docs.share.DocShareUtil  - docRightFilterForRequestId() userId=1;docids=0;requestid=-1
2020-10-26 15:04:13,630 INFO  weaver.filter.SecurityFilter  - Filter 'SecurityFilter' configured successfully
2020-10-26 15:04:13,635 ERROR weaver.general.BaseBean  - log4j reset thread start success...
2020-10-26 15:04:13,792 INFO  weaver.filter.XssFilter  - Initializing filter 'XssFilter'
2020-10-26 15:04:13,804 INFO  weaver.filter.XssFilter  - Filter 'XssFilter' configured successfully
2020-10-26 15:04:13,938 ERROR weaver.general.BaseBean  - ------是否开启字符转码----0---是否开启sql参数化解析-----0----nativepool----ecology
2020-10-26 15:04:13,949 ERROR weaver.general.BaseBean  - ExecuteSqlLogger start log write to file thread success...
2020-10-26 15:05:00,264 ERROR com.shxiv.hfwh.rest.http.HttpServiceImpl  - 传入路径： http://rfid.chinabrandsgroup.com.cn:5618/api/acc_in?key=oa@mail.com&timestamp=20201026150500&sign=f7f86b47a1bbff4e42e8e680c1136633
2020-10-26 15:05:11,974 ERROR com.shxiv.hfwh.rest.http.HttpServiceImpl  - e错误： {"@type":"java.lang.NullPointerException","stackTrace":[{"className":"com.shxiv.hfwh.rest.http.HttpServiceImpl","fileName":"HttpServiceImpl.java","lineNumber":65,"methodName":"addMessage","nativeMethod":false},{"className":"com.shxiv.hfwh.rest.http.HttpServiceImpl","fileName":"HttpServiceImpl.java","lineNumber":23,"methodName":"execute","nativeMethod":false},{"className":"weaver.interfaces.schedule.WeaverJob","fileName":"WeaverJob.java","lineNumber":32,"methodName":"execute","nativeMethod":false},{"className":"org.quartz.core.JobRunShell","fileName":"JobRunShell.java","lineNumber":202,"methodName":"run","nativeMethod":false},{"className":"org.quartz.simpl.SimpleThreadPool$WorkerThread","fileName":"SimpleThreadPool.java","lineNumber":529,"methodName":"run","nativeMethod":false}],"suppressed":[]}
2020-10-26 15:06:24,913 INFO  weaver.filter.SecurityFilter  - Initializing filter 'SecurityFilter'
2020-10-26 15:06:29,829 INFO  weaver.filter.SecurityFilter  - Filter 'SecurityFilter' configured successfully
2020-10-26 15:06:29,834 ERROR weaver.general.BaseBean  - log4j reset thread start success...
2020-10-26 15:06:29,967 INFO  weaver.filter.XssFilter  - Initializing filter 'XssFilter'
2020-10-26 15:06:29,977 INFO  weaver.filter.XssFilter  - Filter 'XssFilter' configured successfully
2020-10-26 15:06:30,311 ERROR weaver.general.BaseBean  - ------是否开启字符转码----0---是否开启sql参数化解析-----0----nativepool----ecology
2020-10-26 15:06:30,321 ERROR weaver.general.BaseBean  - ExecuteSqlLogger start log write to file thread success...
2020-10-26 15:08:21,354 ERROR weaver.general.BaseBean  - ------是否开启字符转码----0---是否开启sql参数化解析-----0----nativepool----ecology
2020-10-26 15:08:21,717 ERROR weaver.general.BaseBean  - ExecuteSqlLogger start log write to file thread success...
2020-10-26 15:08:21,778 INFO  weaver.common.SystemInitialized  - System Initialized OK.
2020-10-26 15:08:22,174 INFO  weaver.general.InitServer  - System Init Message:mainControlIp= localIp:[192.168.56.1, 192.168.97.232]
2020-10-26 15:08:22,174 INFO  weaver.general.InitServer  - init ioc container...
2020-10-26 15:08:23,543 ERROR com.weaver.upgrade.FunctionUpgrade  - OS.name+++++++++++++++++++++:Windows 10
2020-10-26 15:08:23,544 ERROR com.weaver.upgrade.FunctionUpgrade  - srcfilePath+++++++++++++++++++++:D:\WEAVER\ecology\upgrade\src
2020-10-26 15:08:23,546 ERROR com.weaver.upgrade.FunctionUpgrade  - 本地Ip++++++++++：192.168.56.1
2020-10-26 15:08:23,546 ERROR com.weaver.upgrade.FunctionUpgrade  - 主节点MainControlIP++++++++++：
2020-10-26 15:08:23,744 INFO  weaver.general.InitServer  - end ioc container init...
2020-10-26 15:08:23,745 INFO  weaver.general.InitServer  - SystemUpgrade Start.....
2020-10-26 15:08:23,758 INFO  weaver.general.InitServer  - SystemUpgrade End.....
2020-10-26 15:08:23,758 INFO  weaver.general.InitServer  - InitServerXMLtoDBThread Start.....
2020-10-26 15:08:23,765 INFO  weaver.general.InitServer  - InitServerXMLtoDBThread End.....
2020-10-26 15:08:23,924 ERROR weaver.conn.RecordSet  - WFVersionAdd insert Waiting...
2020-10-26 15:08:23,924 ERROR weaver.system.HtmlFieldToClob  - isrun:1
2020-10-26 15:08:23,993 ERROR weaver.system.HtmlFieldToClob  - isrun1:1
2020-10-26 15:08:24,056 ERROR weaver.general.BaseBean  - 启动日志压缩线程....
2020-10-26 15:08:24,366 ERROR weaver.conn.RecordSet  - 生成前端JS使用的label信息...
2020-10-26 15:08:24,490 ERROR weaver.conn.RecordSet  - 生成前端JS使用的label信息成功...
2020-10-26 15:08:24,689 INFO  weaver.general.InitServer  - end.....
2020-10-26 15:08:25,435 ERROR weaver.page.PageManager  - 清空二维码扫描缓存记录表
2020-10-26 15:08:25,497 ERROR weaver.cpt.util.CptInitManager  - weaver.cpt.util.CptInitManager is running start...
2020-10-26 15:08:25,513 ERROR weaver.formmode.cuspage.cpt.CptGenmenu4mode  - weaver.formmode.cuspage.cpt.CptGenmenu4mode is running start...
2020-10-26 15:08:25,521 ERROR weaver.formmode.cuspage.cpt.CptGenmenu4mode  - weaver.formmode.cuspage.cpt.CptGenmenu4mode is running end...
2020-10-26 15:08:25,567 ERROR weaver.cpt.util.CptInitManager  - weaver.cpt.util.CptInitManager is running end...
2020-10-26 15:08:25,998 ERROR weaver.system.WorkflowVersionAdd  - workflowversion isrun:1
2020-10-26 15:08:25,999 ERROR weaver.system.WorkflowVersionAdd  - workflowversion isrun1:1
2020-10-26 15:08:27,053 ERROR org.directwebremoting.util.LogErrorHandler  - Line=52 Element type "filter" must be declared.
2020-10-26 15:08:27,054 ERROR org.directwebremoting.util.LogErrorHandler  - Line=53 The content of element type "allow" must match "(create|convert)*".
2020-10-26 15:08:28,850 ERROR weaver.conn.RecordSet  - select t1.* from  uf_zzzxx t1 where t1.formmodeid=50  and ( DATEDIFF(ss,t1.jzrq+' '+'23:55:50',getDate())>=(-1*60*60*24*30) and DATEDIFF(ss, CONVERT(varchar(10), GETDATE(), 120) +' '+'00:00:00',t1.jzrq+' '+'23:55:50')>=(-1*60*60*24*30) and t1.jzrq is not null and t1.jzrq<> '' )  and not exists(select 1 from mode_reminddata_all t2 where t2.remindjobid=1 and t2.billid=t1.id and lastdate= CONVERT(varchar(10), GETDATE(), 120)  and isnull(isRemindWorkflow,0)=1 )
2020-10-26 15:08:28,851 ERROR weaver.conn.RecordSet  - weaver.conn.RecordSet
com.microsoft.sqlserver.jdbc.SQLServerException: datediff 函数导致溢出。用于分隔两个日期/时间实例的日期部分的数字太大。请尝试使用日期部分精度较低的 datediff。
	at com.microsoft.sqlserver.jdbc.SQLServerException.makeFromDatabaseError(SQLServerException.java:196)
	at com.microsoft.sqlserver.jdbc.SQLServerResultSet$FetchBuffer.nextRow(SQLServerResultSet.java:4700)
	at com.microsoft.sqlserver.jdbc.SQLServerResultSet.fetchBufferNext(SQLServerResultSet.java:1683)
	at com.microsoft.sqlserver.jdbc.SQLServerResultSet.next(SQLServerResultSet.java:956)
	at weaver.conn.RecordSet.parseResultSet(RecordSet.java:1656)
	at weaver.conn.RecordSet.executeSql(RecordSet.java:916)
	at weaver.conn.RecordSet.executeSql(RecordSet.java:336)
	at weaver.formmode.task.action.TaskAction.doRemind(TaskAction.java:247)
	at weaver.formmode.task.action.WorkflowMessageTaskAction.doIt(WorkflowMessageTaskAction.java:33)
	at weaver.formmode.task.action.TaskAction.execute(TaskAction.java:34)
	at org.quartz.core.JobRunShell.run(JobRunShell.java:202)
	at org.quartz.simpl.SimpleThreadPool$WorkerThread.run(SimpleThreadPool.java:529)
2020-10-26 15:08:29,689 ERROR weaver.system.MonitorThreadManager  - >>>>MonitorThreadManager>>单独的预警关闭控制：isThreadWarningStart(zt)=0<<<<
2020-10-26 15:08:29,882 ERROR weaver.general.BaseBean  - 初始化微信推送扫描线程成功，扫描间隔1分钟---------
2020-10-26 15:08:31,846 INFO  weaver.filter.SecurityFilter  - Initializing filter 'SecurityFilter'
2020-10-26 15:08:38,764 INFO  weaver.filter.SecurityFilter  - Filter 'SecurityFilter' configured successfully
2020-10-26 15:08:38,770 ERROR weaver.general.BaseBean  - log4j reset thread start success...
2020-10-26 17:14:02,641 ERROR weaver.general.BaseBean  - ------是否开启字符转码----0---是否开启sql参数化解析-----0----nativepool----ecology
2020-10-26 17:14:03,042 ERROR weaver.general.BaseBean  - ExecuteSqlLogger start log write to file thread success...
2020-10-26 17:14:03,116 INFO  weaver.common.SystemInitialized  - System Initialized OK.
2020-10-26 17:14:03,531 INFO  weaver.general.InitServer  - System Init Message:mainControlIp= localIp:[192.168.56.1, 192.168.97.232]
2020-10-26 17:14:03,531 INFO  weaver.general.InitServer  - init ioc container...
2020-10-26 17:14:05,986 ERROR com.weaver.upgrade.FunctionUpgrade  - OS.name+++++++++++++++++++++:Windows 10
2020-10-26 17:14:05,986 ERROR com.weaver.upgrade.FunctionUpgrade  - srcfilePath+++++++++++++++++++++:D:\WEAVER\ecology\upgrade\src
2020-10-26 17:14:05,987 ERROR com.weaver.upgrade.FunctionUpgrade  - 本地Ip++++++++++：192.168.56.1
2020-10-26 17:14:05,988 ERROR com.weaver.upgrade.FunctionUpgrade  - 主节点MainControlIP++++++++++：
2020-10-26 17:14:06,094 INFO  weaver.general.InitServer  - end ioc container init...
2020-10-26 17:14:06,094 INFO  weaver.general.InitServer  - SystemUpgrade Start.....
2020-10-26 17:14:06,105 INFO  weaver.general.InitServer  - SystemUpgrade End.....
2020-10-26 17:14:06,105 INFO  weaver.general.InitServer  - InitServerXMLtoDBThread Start.....
2020-10-26 17:14:06,112 ERROR weaver.general.BaseBean  - 启动日志压缩线程....
2020-10-26 17:14:06,116 INFO  weaver.general.InitServer  - InitServerXMLtoDBThread End.....
2020-10-26 17:14:06,120 ERROR weaver.system.HtmlFieldToClob  - isrun:1
2020-10-26 17:14:06,121 ERROR weaver.system.HtmlFieldToClob  - isrun1:1
2020-10-26 17:14:06,122 ERROR weaver.conn.RecordSet  - WFVersionAdd insert Waiting...
2020-10-26 17:14:07,154 ERROR weaver.conn.RecordSet  - 生成前端JS使用的label信息...
2020-10-26 17:14:07,387 ERROR weaver.conn.RecordSet  - 生成前端JS使用的label信息成功...
2020-10-26 17:14:07,894 INFO  weaver.general.InitServer  - end.....
2020-10-26 17:14:08,148 ERROR weaver.system.WorkflowVersionAdd  - workflowversion isrun:1
2020-10-26 17:14:08,148 ERROR weaver.system.WorkflowVersionAdd  - workflowversion isrun1:1
2020-10-26 17:14:08,634 ERROR weaver.page.PageManager  - 清空二维码扫描缓存记录表
2020-10-26 17:14:08,681 ERROR weaver.cpt.util.CptInitManager  - weaver.cpt.util.CptInitManager is running start...
2020-10-26 17:14:08,688 ERROR weaver.formmode.cuspage.cpt.CptGenmenu4mode  - weaver.formmode.cuspage.cpt.CptGenmenu4mode is running start...
2020-10-26 17:14:08,697 ERROR weaver.formmode.cuspage.cpt.CptGenmenu4mode  - weaver.formmode.cuspage.cpt.CptGenmenu4mode is running end...
2020-10-26 17:14:08,829 ERROR weaver.cpt.util.CptInitManager  - weaver.cpt.util.CptInitManager is running end...
2020-10-26 17:14:10,232 ERROR org.directwebremoting.util.LogErrorHandler  - Line=52 Element type "filter" must be declared.
2020-10-26 17:14:10,232 ERROR org.directwebremoting.util.LogErrorHandler  - Line=53 The content of element type "allow" must match "(create|convert)*".
2020-10-26 17:14:12,320 ERROR weaver.conn.RecordSet  - select t1.* from  uf_zzzxx t1 where t1.formmodeid=50  and ( DATEDIFF(ss,t1.jzrq+' '+'23:55:50',getDate())>=(-1*60*60*24*30) and DATEDIFF(ss, CONVERT(varchar(10), GETDATE(), 120) +' '+'00:00:00',t1.jzrq+' '+'23:55:50')>=(-1*60*60*24*30) and t1.jzrq is not null and t1.jzrq<> '' )  and not exists(select 1 from mode_reminddata_all t2 where t2.remindjobid=1 and t2.billid=t1.id and lastdate= CONVERT(varchar(10), GETDATE(), 120)  and isnull(isRemindWorkflow,0)=1 )
2020-10-26 17:14:12,321 ERROR weaver.conn.RecordSet  - weaver.conn.RecordSet
com.microsoft.sqlserver.jdbc.SQLServerException: datediff 函数导致溢出。用于分隔两个日期/时间实例的日期部分的数字太大。请尝试使用日期部分精度较低的 datediff。
	at com.microsoft.sqlserver.jdbc.SQLServerException.makeFromDatabaseError(SQLServerException.java:196)
	at com.microsoft.sqlserver.jdbc.SQLServerResultSet$FetchBuffer.nextRow(SQLServerResultSet.java:4700)
	at com.microsoft.sqlserver.jdbc.SQLServerResultSet.fetchBufferNext(SQLServerResultSet.java:1683)
	at com.microsoft.sqlserver.jdbc.SQLServerResultSet.next(SQLServerResultSet.java:956)
	at weaver.conn.RecordSet.parseResultSet(RecordSet.java:1656)
	at weaver.conn.RecordSet.executeSql(RecordSet.java:916)
	at weaver.conn.RecordSet.executeSql(RecordSet.java:336)
	at weaver.formmode.task.action.TaskAction.doRemind(TaskAction.java:247)
	at weaver.formmode.task.action.WorkflowMessageTaskAction.doIt(WorkflowMessageTaskAction.java:33)
	at weaver.formmode.task.action.TaskAction.execute(TaskAction.java:34)
	at org.quartz.core.JobRunShell.run(JobRunShell.java:202)
	at org.quartz.simpl.SimpleThreadPool$WorkerThread.run(SimpleThreadPool.java:529)
2020-10-26 17:14:13,003 ERROR weaver.system.MonitorThreadManager  - >>>>MonitorThreadManager>>单独的预警关闭控制：isThreadWarningStart(zt)=0<<<<
2020-10-26 17:14:13,145 ERROR weaver.general.BaseBean  - 初始化微信推送扫描线程成功，扫描间隔1分钟---------
2020-10-26 17:14:15,606 INFO  weaver.filter.SecurityFilter  - Initializing filter 'SecurityFilter'
2020-10-26 17:14:22,864 INFO  weaver.filter.SecurityFilter  - Filter 'SecurityFilter' configured successfully
2020-10-26 17:14:22,882 ERROR weaver.general.BaseBean  - log4j reset thread start success...
2020-10-26 17:14:23,189 INFO  weaver.filter.XssFilter  - Initializing filter 'XssFilter'
2020-10-26 17:14:23,210 INFO  weaver.filter.XssFilter  - Filter 'XssFilter' configured successfully
2020-10-26 17:14:23,647 ERROR weaver.general.BaseBean  - ------是否开启字符转码----0---是否开启sql参数化解析-----0----nativepool----ecology
2020-10-26 17:14:23,824 ERROR weaver.general.BaseBean  - ExecuteSqlLogger start log write to file thread success...
2020-10-26 17:58:09,206 ERROR weaver.general.BaseBean  - ------是否开启字符转码----0---是否开启sql参数化解析-----0----nativepool----ecology
2020-10-26 17:58:10,072 ERROR weaver.general.BaseBean  - ExecuteSqlLogger start log write to file thread success...
2020-10-26 17:58:10,226 INFO  weaver.common.SystemInitialized  - System Initialized OK.
2020-10-26 17:58:10,544 INFO  weaver.general.InitServer  - System Init Message:mainControlIp= localIp:[192.168.56.1, 192.168.97.232]
2020-10-26 17:58:10,545 INFO  weaver.general.InitServer  - init ioc container...
2020-10-26 17:58:12,968 ERROR com.weaver.upgrade.FunctionUpgrade  - OS.name+++++++++++++++++++++:Windows 10
2020-10-26 17:58:12,968 ERROR com.weaver.upgrade.FunctionUpgrade  - srcfilePath+++++++++++++++++++++:D:\WEAVER\ecology\upgrade\src
2020-10-26 17:58:12,969 ERROR com.weaver.upgrade.FunctionUpgrade  - 本地Ip++++++++++：192.168.56.1
2020-10-26 17:58:12,970 ERROR com.weaver.upgrade.FunctionUpgrade  - 主节点MainControlIP++++++++++：
2020-10-26 17:58:13,130 INFO  weaver.general.InitServer  - end ioc container init...
2020-10-26 17:58:13,130 INFO  weaver.general.InitServer  - SystemUpgrade Start.....
2020-10-26 17:58:13,175 INFO  weaver.general.InitServer  - SystemUpgrade End.....
2020-10-26 17:58:13,175 INFO  weaver.general.InitServer  - InitServerXMLtoDBThread Start.....
2020-10-26 17:58:13,185 INFO  weaver.general.InitServer  - InitServerXMLtoDBThread End.....
2020-10-26 17:58:13,191 ERROR weaver.system.HtmlFieldToClob  - isrun:1
2020-10-26 17:58:13,192 ERROR weaver.conn.RecordSet  - WFVersionAdd insert Waiting...
2020-10-26 17:58:13,195 ERROR weaver.system.HtmlFieldToClob  - isrun1:1
2020-10-26 17:58:13,196 ERROR weaver.general.BaseBean  - 启动日志压缩线程....
2020-10-26 17:58:13,772 ERROR weaver.conn.RecordSet  - 生成前端JS使用的label信息...
2020-10-26 17:58:13,866 ERROR weaver.conn.RecordSet  - 生成前端JS使用的label信息成功...
2020-10-26 17:58:14,243 INFO  weaver.general.InitServer  - end.....
2020-10-26 17:58:14,954 ERROR weaver.page.PageManager  - 清空二维码扫描缓存记录表
2020-10-26 17:58:14,990 ERROR weaver.cpt.util.CptInitManager  - weaver.cpt.util.CptInitManager is running start...
2020-10-26 17:58:14,992 ERROR weaver.formmode.cuspage.cpt.CptGenmenu4mode  - weaver.formmode.cuspage.cpt.CptGenmenu4mode is running start...
2020-10-26 17:58:15,004 ERROR weaver.formmode.cuspage.cpt.CptGenmenu4mode  - weaver.formmode.cuspage.cpt.CptGenmenu4mode is running end...
2020-10-26 17:58:15,041 ERROR weaver.cpt.util.CptInitManager  - weaver.cpt.util.CptInitManager is running end...
2020-10-26 17:58:15,212 ERROR weaver.system.WorkflowVersionAdd  - workflowversion isrun:1
2020-10-26 17:58:15,212 ERROR weaver.system.WorkflowVersionAdd  - workflowversion isrun1:1
2020-10-26 17:58:16,636 ERROR org.directwebremoting.util.LogErrorHandler  - Line=52 Element type "filter" must be declared.
2020-10-26 17:58:16,637 ERROR org.directwebremoting.util.LogErrorHandler  - Line=53 The content of element type "allow" must match "(create|convert)*".
2020-10-26 17:58:18,167 ERROR weaver.conn.RecordSet  - select t1.* from  uf_zzzxx t1 where t1.formmodeid=50  and ( DATEDIFF(ss,t1.jzrq+' '+'23:55:50',getDate())>=(-1*60*60*24*30) and DATEDIFF(ss, CONVERT(varchar(10), GETDATE(), 120) +' '+'00:00:00',t1.jzrq+' '+'23:55:50')>=(-1*60*60*24*30) and t1.jzrq is not null and t1.jzrq<> '' )  and not exists(select 1 from mode_reminddata_all t2 where t2.remindjobid=1 and t2.billid=t1.id and lastdate= CONVERT(varchar(10), GETDATE(), 120)  and isnull(isRemindWorkflow,0)=1 )
2020-10-26 17:58:18,168 ERROR weaver.conn.RecordSet  - weaver.conn.RecordSet
com.microsoft.sqlserver.jdbc.SQLServerException: datediff 函数导致溢出。用于分隔两个日期/时间实例的日期部分的数字太大。请尝试使用日期部分精度较低的 datediff。
	at com.microsoft.sqlserver.jdbc.SQLServerException.makeFromDatabaseError(SQLServerException.java:196)
	at com.microsoft.sqlserver.jdbc.SQLServerResultSet$FetchBuffer.nextRow(SQLServerResultSet.java:4700)
	at com.microsoft.sqlserver.jdbc.SQLServerResultSet.fetchBufferNext(SQLServerResultSet.java:1683)
	at com.microsoft.sqlserver.jdbc.SQLServerResultSet.next(SQLServerResultSet.java:956)
	at weaver.conn.RecordSet.parseResultSet(RecordSet.java:1656)
	at weaver.conn.RecordSet.executeSql(RecordSet.java:916)
	at weaver.conn.RecordSet.executeSql(RecordSet.java:336)
	at weaver.formmode.task.action.TaskAction.doRemind(TaskAction.java:247)
	at weaver.formmode.task.action.WorkflowMessageTaskAction.doIt(WorkflowMessageTaskAction.java:33)
	at weaver.formmode.task.action.TaskAction.execute(TaskAction.java:34)
	at org.quartz.core.JobRunShell.run(JobRunShell.java:202)
	at org.quartz.simpl.SimpleThreadPool$WorkerThread.run(SimpleThreadPool.java:529)
2020-10-26 17:58:19,516 ERROR weaver.system.MonitorThreadManager  - >>>>MonitorThreadManager>>单独的预警关闭控制：isThreadWarningStart(zt)=0<<<<
2020-10-26 17:58:19,721 ERROR weaver.general.BaseBean  - 初始化微信推送扫描线程成功，扫描间隔1分钟---------
2020-10-26 17:58:22,012 INFO  weaver.filter.SecurityFilter  - Initializing filter 'SecurityFilter'
2020-10-26 17:58:28,421 INFO  weaver.filter.SecurityFilter  - Filter 'SecurityFilter' configured successfully
2020-10-26 17:58:28,432 ERROR weaver.general.BaseBean  - log4j reset thread start success...
2020-10-26 17:58:28,794 INFO  weaver.filter.XssFilter  - Initializing filter 'XssFilter'
2020-10-26 17:58:28,801 INFO  weaver.filter.XssFilter  - Filter 'XssFilter' configured successfully
2020-10-26 17:58:29,158 ERROR weaver.general.BaseBean  - ------是否开启字符转码----0---是否开启sql参数化解析-----0----nativepool----ecology
2020-10-26 17:58:29,328 ERROR weaver.general.BaseBean  - ExecuteSqlLogger start log write to file thread success...
2020-10-26 18:24:28,434 ERROR weaver.general.BaseBean  - ------是否开启字符转码----0---是否开启sql参数化解析-----0----nativepool----ecology
2020-10-26 18:24:28,813 ERROR weaver.general.BaseBean  - ExecuteSqlLogger start log write to file thread success...
2020-10-26 18:24:28,860 INFO  weaver.common.SystemInitialized  - System Initialized OK.
2020-10-26 18:24:29,371 INFO  weaver.general.InitServer  - System Init Message:mainControlIp= localIp:[192.168.56.1, 192.168.97.232]
2020-10-26 18:24:29,371 INFO  weaver.general.InitServer  - init ioc container...
2020-10-26 18:24:31,659 ERROR com.weaver.upgrade.FunctionUpgrade  - OS.name+++++++++++++++++++++:Windows 10
2020-10-26 18:24:31,659 ERROR com.weaver.upgrade.FunctionUpgrade  - srcfilePath+++++++++++++++++++++:D:\WEAVER\ecology\upgrade\src
2020-10-26 18:24:31,661 ERROR com.weaver.upgrade.FunctionUpgrade  - 本地Ip++++++++++：192.168.56.1
2020-10-26 18:24:31,661 ERROR com.weaver.upgrade.FunctionUpgrade  - 主节点MainControlIP++++++++++：
2020-10-26 18:24:31,906 INFO  weaver.general.InitServer  - end ioc container init...
2020-10-26 18:24:31,907 INFO  weaver.general.InitServer  - SystemUpgrade Start.....
2020-10-26 18:24:32,285 INFO  weaver.general.InitServer  - SystemUpgrade End.....
2020-10-26 18:24:32,286 INFO  weaver.general.InitServer  - InitServerXMLtoDBThread Start.....
2020-10-26 18:24:32,296 INFO  weaver.general.InitServer  - InitServerXMLtoDBThread End.....
2020-10-26 18:24:32,335 ERROR weaver.system.HtmlFieldToClob  - isrun:1
2020-10-26 18:24:32,442 ERROR weaver.system.HtmlFieldToClob  - isrun1:1
2020-10-26 18:24:32,335 ERROR weaver.conn.RecordSet  - WFVersionAdd insert Waiting...
2020-10-26 18:24:32,473 ERROR weaver.general.BaseBean  - 启动日志压缩线程....
2020-10-26 18:24:32,829 ERROR weaver.conn.RecordSet  - 生成前端JS使用的label信息...
2020-10-26 18:24:32,940 ERROR weaver.conn.RecordSet  - 生成前端JS使用的label信息成功...
2020-10-26 18:24:33,250 INFO  weaver.general.InitServer  - end.....
2020-10-26 18:24:33,930 ERROR weaver.page.PageManager  - 清空二维码扫描缓存记录表
2020-10-26 18:24:34,246 ERROR weaver.cpt.util.CptInitManager  - weaver.cpt.util.CptInitManager is running start...
2020-10-26 18:24:34,255 ERROR weaver.formmode.cuspage.cpt.CptGenmenu4mode  - weaver.formmode.cuspage.cpt.CptGenmenu4mode is running start...
2020-10-26 18:24:34,263 ERROR weaver.formmode.cuspage.cpt.CptGenmenu4mode  - weaver.formmode.cuspage.cpt.CptGenmenu4mode is running end...
2020-10-26 18:24:34,319 ERROR weaver.cpt.util.CptInitManager  - weaver.cpt.util.CptInitManager is running end...
2020-10-26 18:24:34,447 ERROR weaver.system.WorkflowVersionAdd  - workflowversion isrun:1
2020-10-26 18:24:34,447 ERROR weaver.system.WorkflowVersionAdd  - workflowversion isrun1:1
2020-10-26 18:24:36,343 ERROR org.directwebremoting.util.LogErrorHandler  - Line=52 Element type "filter" must be declared.
2020-10-26 18:24:36,344 ERROR org.directwebremoting.util.LogErrorHandler  - Line=53 The content of element type "allow" must match "(create|convert)*".
2020-10-26 18:24:38,535 ERROR weaver.conn.RecordSet  - select t1.* from  uf_zzzxx t1 where t1.formmodeid=50  and ( DATEDIFF(ss,t1.jzrq+' '+'23:55:50',getDate())>=(-1*60*60*24*30) and DATEDIFF(ss, CONVERT(varchar(10), GETDATE(), 120) +' '+'00:00:00',t1.jzrq+' '+'23:55:50')>=(-1*60*60*24*30) and t1.jzrq is not null and t1.jzrq<> '' )  and not exists(select 1 from mode_reminddata_all t2 where t2.remindjobid=1 and t2.billid=t1.id and lastdate= CONVERT(varchar(10), GETDATE(), 120)  and isnull(isRemindWorkflow,0)=1 )
2020-10-26 18:24:38,536 ERROR weaver.conn.RecordSet  - weaver.conn.RecordSet
com.microsoft.sqlserver.jdbc.SQLServerException: datediff 函数导致溢出。用于分隔两个日期/时间实例的日期部分的数字太大。请尝试使用日期部分精度较低的 datediff。
	at com.microsoft.sqlserver.jdbc.SQLServerException.makeFromDatabaseError(SQLServerException.java:196)
	at com.microsoft.sqlserver.jdbc.SQLServerResultSet$FetchBuffer.nextRow(SQLServerResultSet.java:4700)
	at com.microsoft.sqlserver.jdbc.SQLServerResultSet.fetchBufferNext(SQLServerResultSet.java:1683)
	at com.microsoft.sqlserver.jdbc.SQLServerResultSet.next(SQLServerResultSet.java:956)
	at weaver.conn.RecordSet.parseResultSet(RecordSet.java:1656)
	at weaver.conn.RecordSet.executeSql(RecordSet.java:916)
	at weaver.conn.RecordSet.executeSql(RecordSet.java:336)
	at weaver.formmode.task.action.TaskAction.doRemind(TaskAction.java:247)
	at weaver.formmode.task.action.WorkflowMessageTaskAction.doIt(WorkflowMessageTaskAction.java:33)
	at weaver.formmode.task.action.TaskAction.execute(TaskAction.java:34)
	at org.quartz.core.JobRunShell.run(JobRunShell.java:202)
	at org.quartz.simpl.SimpleThreadPool$WorkerThread.run(SimpleThreadPool.java:529)
2020-10-26 18:24:40,484 ERROR weaver.system.MonitorThreadManager  - >>>>MonitorThreadManager>>单独的预警关闭控制：isThreadWarningStart(zt)=0<<<<
2020-10-26 18:24:40,824 ERROR weaver.general.BaseBean  - 初始化微信推送扫描线程成功，扫描间隔1分钟---------
2020-10-26 18:24:42,850 INFO  weaver.filter.SecurityFilter  - Initializing filter 'SecurityFilter'
2020-10-26 18:24:47,757 INFO  weaver.filter.SecurityFilter  - Filter 'SecurityFilter' configured successfully
2020-10-26 18:24:47,764 ERROR weaver.general.BaseBean  - log4j reset thread start success...
2020-10-26 18:24:48,081 INFO  weaver.filter.XssFilter  - Initializing filter 'XssFilter'
2020-10-26 18:24:48,095 INFO  weaver.filter.XssFilter  - Filter 'XssFilter' configured successfully
2020-10-26 18:24:48,447 ERROR weaver.general.BaseBean  - ------是否开启字符转码----0---是否开启sql参数化解析-----0----nativepool----ecology
2020-10-26 18:24:48,458 ERROR weaver.general.BaseBean  - ExecuteSqlLogger start log write to file thread success...
