2020-12-08 10:23:20,984 ERROR weaver.general.BaseBean  - ------是否开启字符转码----0---是否开启sql参数化解析-----0----nativepool----ecology
2020-12-08 10:23:21,409 ERROR weaver.general.BaseBean  - ExecuteSqlLogger start log write to file thread success...
2020-12-08 10:23:21,533 INFO  weaver.common.SystemInitialized  - System Initialized OK.
2020-12-08 10:23:22,075 INFO  weaver.general.InitServer  - System Init Message:mainControlIp= localIp:[192.168.56.1, 192.168.97.232]
2020-12-08 10:23:22,075 INFO  weaver.general.InitServer  - init ioc container...
2020-12-08 10:23:24,481 ERROR com.weaver.upgrade.FunctionUpgrade  - OS.name+++++++++++++++++++++:Windows 10
2020-12-08 10:23:24,481 ERROR com.weaver.upgrade.FunctionUpgrade  - srcfilePath+++++++++++++++++++++:D:\WEAVER\ecology\upgrade\src
2020-12-08 10:23:24,483 ERROR com.weaver.upgrade.FunctionUpgrade  - 本地Ip++++++++++：192.168.56.1
2020-12-08 10:23:24,484 ERROR com.weaver.upgrade.FunctionUpgrade  - 主节点MainControlIP++++++++++：
2020-12-08 10:23:24,626 INFO  weaver.general.InitServer  - end ioc container init...
2020-12-08 10:23:24,626 INFO  weaver.general.InitServer  - SystemUpgrade Start.....
2020-12-08 10:23:24,638 INFO  weaver.general.InitServer  - SystemUpgrade End.....
2020-12-08 10:23:24,639 INFO  weaver.general.InitServer  - InitServerXMLtoDBThread Start.....
2020-12-08 10:23:24,646 ERROR weaver.general.BaseBean  - 启动日志压缩线程....
2020-12-08 10:23:24,673 INFO  weaver.general.InitServer  - InitServerXMLtoDBThread End.....
2020-12-08 10:23:24,679 ERROR weaver.system.HtmlFieldToClob  - isrun:1
2020-12-08 10:23:24,680 ERROR weaver.system.HtmlFieldToClob  - isrun1:1
2020-12-08 10:23:24,699 ERROR weaver.conn.RecordSet  - WFVersionAdd insert Waiting...
2020-12-08 10:23:24,950 ERROR weaver.conn.RecordSet  - 生成前端JS使用的label信息...
2020-12-08 10:23:25,107 ERROR weaver.conn.RecordSet  - 生成前端JS使用的label信息成功...
2020-12-08 10:23:25,895 INFO  weaver.general.InitServer  - end.....
2020-12-08 10:23:26,699 ERROR weaver.page.PageManager  - 清空二维码扫描缓存记录表
2020-12-08 10:23:26,709 ERROR weaver.system.WorkflowVersionAdd  - workflowversion isrun:1
2020-12-08 10:23:26,709 ERROR weaver.system.WorkflowVersionAdd  - workflowversion isrun1:1
2020-12-08 10:23:26,755 ERROR weaver.cpt.util.CptInitManager  - weaver.cpt.util.CptInitManager is running start...
2020-12-08 10:23:26,780 ERROR weaver.formmode.cuspage.cpt.CptGenmenu4mode  - weaver.formmode.cuspage.cpt.CptGenmenu4mode is running start...
2020-12-08 10:23:26,802 ERROR weaver.formmode.cuspage.cpt.CptGenmenu4mode  - weaver.formmode.cuspage.cpt.CptGenmenu4mode is running end...
2020-12-08 10:23:26,856 ERROR weaver.cpt.util.CptInitManager  - weaver.cpt.util.CptInitManager is running end...
2020-12-08 10:23:28,573 ERROR org.directwebremoting.util.LogErrorHandler  - Line=52 Element type "filter" must be declared.
2020-12-08 10:23:28,574 ERROR org.directwebremoting.util.LogErrorHandler  - Line=53 The content of element type "allow" must match "(create|convert)*".
2020-12-08 10:23:30,554 ERROR weaver.conn.RecordSet  - select t1.* from  uf_zzzxx t1 where t1.formmodeid=50  and ( DATEDIFF(ss,t1.jzrq+' '+'23:55:50',getDate())>=(-1*60*60*24*30) and DATEDIFF(ss, CONVERT(varchar(10), GETDATE(), 120) +' '+'00:00:00',t1.jzrq+' '+'23:55:50')>=(-1*60*60*24*30) and t1.jzrq is not null and t1.jzrq<> '' )  and not exists(select 1 from mode_reminddata_all t2 where t2.remindjobid=1 and t2.billid=t1.id and lastdate= CONVERT(varchar(10), GETDATE(), 120)  and isnull(isRemindWorkflow,0)=1 )
2020-12-08 10:23:30,555 ERROR weaver.conn.RecordSet  - weaver.conn.RecordSet
com.microsoft.sqlserver.jdbc.SQLServerException: datediff 函数导致溢出。用于分隔两个日期/时间实例的日期部分的数字太大。请尝试使用日期部分精度较低的 datediff。
	at com.microsoft.sqlserver.jdbc.SQLServerException.makeFromDatabaseError(SQLServerException.java:196)
	at com.microsoft.sqlserver.jdbc.SQLServerResultSet$FetchBuffer.nextRow(SQLServerResultSet.java:4700)
	at com.microsoft.sqlserver.jdbc.SQLServerResultSet.fetchBufferNext(SQLServerResultSet.java:1683)
	at com.microsoft.sqlserver.jdbc.SQLServerResultSet.next(SQLServerResultSet.java:956)
	at weaver.conn.RecordSet.parseResultSet(RecordSet.java:1656)
	at weaver.conn.RecordSet.executeSql(RecordSet.java:916)
	at weaver.conn.RecordSet.executeSql(RecordSet.java:336)
	at weaver.formmode.task.action.TaskAction.doRemind(TaskAction.java:247)
	at weaver.formmode.task.action.WorkflowMessageTaskAction.doIt(WorkflowMessageTaskAction.java:33)
	at weaver.formmode.task.action.TaskAction.execute(TaskAction.java:34)
	at org.quartz.core.JobRunShell.run(JobRunShell.java:202)
	at org.quartz.simpl.SimpleThreadPool$WorkerThread.run(SimpleThreadPool.java:529)
2020-12-08 10:23:31,244 ERROR weaver.system.MonitorThreadManager  - >>>>MonitorThreadManager>>单独的预警关闭控制：isThreadWarningStart(zt)=0<<<<
2020-12-08 10:23:31,455 ERROR weaver.general.BaseBean  - 初始化微信推送扫描线程成功，扫描间隔1分钟---------
2020-12-08 10:23:37,945 INFO  weaver.filter.SecurityFilter  - Initializing filter 'SecurityFilter'
2020-12-08 10:23:43,952 INFO  weaver.filter.SecurityFilter  - Filter 'SecurityFilter' configured successfully
2020-12-08 10:23:43,962 ERROR weaver.general.BaseBean  - log4j reset thread start success...
2020-12-08 10:23:44,241 INFO  weaver.filter.XssFilter  - Initializing filter 'XssFilter'
2020-12-08 10:23:44,264 INFO  weaver.filter.XssFilter  - Filter 'XssFilter' configured successfully
2020-12-08 10:23:44,586 ERROR weaver.general.BaseBean  - ------是否开启字符转码----0---是否开启sql参数化解析-----0----nativepool----ecology
2020-12-08 10:23:44,645 ERROR weaver.general.BaseBean  - ExecuteSqlLogger start log write to file thread success...
2020-12-08 15:53:26,911 ERROR weaver.general.BaseBean  - ------是否开启字符转码----0---是否开启sql参数化解析-----0----nativepool----ecology
2020-12-08 15:53:27,390 ERROR weaver.general.BaseBean  - ExecuteSqlLogger start log write to file thread success...
2020-12-08 15:53:27,497 INFO  weaver.common.SystemInitialized  - System Initialized OK.
2020-12-08 15:53:27,797 INFO  weaver.general.InitServer  - System Init Message:mainControlIp= localIp:[192.168.56.1, 192.168.97.232]
2020-12-08 15:53:27,797 INFO  weaver.general.InitServer  - init ioc container...
2020-12-08 15:53:30,736 ERROR com.weaver.upgrade.FunctionUpgrade  - OS.name+++++++++++++++++++++:Windows 10
2020-12-08 15:53:30,737 ERROR com.weaver.upgrade.FunctionUpgrade  - srcfilePath+++++++++++++++++++++:D:\WEAVER\ecology\upgrade\src
2020-12-08 15:53:30,739 ERROR com.weaver.upgrade.FunctionUpgrade  - 本地Ip++++++++++：192.168.56.1
2020-12-08 15:53:30,740 ERROR com.weaver.upgrade.FunctionUpgrade  - 主节点MainControlIP++++++++++：
2020-12-08 15:53:30,909 INFO  weaver.general.InitServer  - end ioc container init...
2020-12-08 15:53:30,909 INFO  weaver.general.InitServer  - SystemUpgrade Start.....
2020-12-08 15:53:31,332 INFO  weaver.general.InitServer  - SystemUpgrade End.....
2020-12-08 15:53:31,332 INFO  weaver.general.InitServer  - InitServerXMLtoDBThread Start.....
2020-12-08 15:53:31,354 INFO  weaver.general.InitServer  - InitServerXMLtoDBThread End.....
2020-12-08 15:53:31,363 ERROR weaver.system.HtmlFieldToClob  - isrun:1
2020-12-08 15:53:31,365 ERROR weaver.system.HtmlFieldToClob  - isrun1:1
2020-12-08 15:53:31,384 ERROR weaver.conn.RecordSet  - WFVersionAdd insert Waiting...
2020-12-08 15:53:31,523 ERROR weaver.general.BaseBean  - 启动日志压缩线程....
2020-12-08 15:53:31,673 ERROR weaver.conn.RecordSet  - 生成前端JS使用的label信息...
2020-12-08 15:53:31,770 ERROR weaver.conn.RecordSet  - 生成前端JS使用的label信息成功...
2020-12-08 15:53:33,048 INFO  weaver.general.InitServer  - end.....
2020-12-08 15:53:33,428 ERROR weaver.system.WorkflowVersionAdd  - workflowversion isrun:1
2020-12-08 15:53:33,429 ERROR weaver.system.WorkflowVersionAdd  - workflowversion isrun1:1
2020-12-08 15:53:34,243 ERROR weaver.page.PageManager  - 清空二维码扫描缓存记录表
2020-12-08 15:53:34,442 ERROR weaver.formmode.cuspage.cpt.CptGenmenu4mode  - weaver.formmode.cuspage.cpt.CptGenmenu4mode is running start...
2020-12-08 15:53:34,443 ERROR weaver.cpt.util.CptInitManager  - weaver.cpt.util.CptInitManager is running start...
2020-12-08 15:53:34,460 ERROR weaver.formmode.cuspage.cpt.CptGenmenu4mode  - weaver.formmode.cuspage.cpt.CptGenmenu4mode is running end...
2020-12-08 15:53:34,539 ERROR weaver.cpt.util.CptInitManager  - weaver.cpt.util.CptInitManager is running end...
2020-12-08 15:53:36,498 ERROR org.directwebremoting.util.LogErrorHandler  - Line=52 Element type "filter" must be declared.
2020-12-08 15:53:36,498 ERROR org.directwebremoting.util.LogErrorHandler  - Line=53 The content of element type "allow" must match "(create|convert)*".
2020-12-08 15:53:38,947 ERROR weaver.conn.RecordSet  - select t1.* from  uf_zzzxx t1 where t1.formmodeid=50  and ( DATEDIFF(ss,t1.jzrq+' '+'23:55:50',getDate())>=(-1*60*60*24*30) and DATEDIFF(ss, CONVERT(varchar(10), GETDATE(), 120) +' '+'00:00:00',t1.jzrq+' '+'23:55:50')>=(-1*60*60*24*30) and t1.jzrq is not null and t1.jzrq<> '' )  and not exists(select 1 from mode_reminddata_all t2 where t2.remindjobid=1 and t2.billid=t1.id and lastdate= CONVERT(varchar(10), GETDATE(), 120)  and isnull(isRemindWorkflow,0)=1 )
2020-12-08 15:53:38,958 ERROR weaver.conn.RecordSet  - weaver.conn.RecordSet
com.microsoft.sqlserver.jdbc.SQLServerException: datediff 函数导致溢出。用于分隔两个日期/时间实例的日期部分的数字太大。请尝试使用日期部分精度较低的 datediff。
	at com.microsoft.sqlserver.jdbc.SQLServerException.makeFromDatabaseError(SQLServerException.java:196)
	at com.microsoft.sqlserver.jdbc.SQLServerResultSet$FetchBuffer.nextRow(SQLServerResultSet.java:4700)
	at com.microsoft.sqlserver.jdbc.SQLServerResultSet.fetchBufferNext(SQLServerResultSet.java:1683)
	at com.microsoft.sqlserver.jdbc.SQLServerResultSet.next(SQLServerResultSet.java:956)
	at weaver.conn.RecordSet.parseResultSet(RecordSet.java:1656)
	at weaver.conn.RecordSet.executeSql(RecordSet.java:916)
	at weaver.conn.RecordSet.executeSql(RecordSet.java:336)
	at weaver.formmode.task.action.TaskAction.doRemind(TaskAction.java:247)
	at weaver.formmode.task.action.WorkflowMessageTaskAction.doIt(WorkflowMessageTaskAction.java:33)
	at weaver.formmode.task.action.TaskAction.execute(TaskAction.java:34)
	at org.quartz.core.JobRunShell.run(JobRunShell.java:202)
	at org.quartz.simpl.SimpleThreadPool$WorkerThread.run(SimpleThreadPool.java:529)
2020-12-08 15:53:39,883 ERROR weaver.system.MonitorThreadManager  - >>>>MonitorThreadManager>>单独的预警关闭控制：isThreadWarningStart(zt)=0<<<<
2020-12-08 15:53:40,160 ERROR weaver.general.BaseBean  - 初始化微信推送扫描线程成功，扫描间隔1分钟---------
2020-12-08 15:53:52,436 INFO  weaver.filter.SecurityFilter  - Initializing filter 'SecurityFilter'
2020-12-08 15:54:00,532 INFO  weaver.filter.SecurityFilter  - Filter 'SecurityFilter' configured successfully
2020-12-08 15:54:00,547 ERROR weaver.general.BaseBean  - log4j reset thread start success...
2020-12-08 15:54:00,897 INFO  weaver.filter.XssFilter  - Initializing filter 'XssFilter'
2020-12-08 15:54:00,909 INFO  weaver.filter.XssFilter  - Filter 'XssFilter' configured successfully
2020-12-08 15:54:01,256 ERROR weaver.general.BaseBean  - ------是否开启字符转码----0---是否开启sql参数化解析-----0----nativepool----ecology
2020-12-08 15:54:01,305 ERROR weaver.general.BaseBean  - ExecuteSqlLogger start log write to file thread success...
2020-12-08 16:07:45,589 ERROR weaver.general.BaseBean  - ------是否开启字符转码----0---是否开启sql参数化解析-----0----nativepool----ecology
2020-12-08 16:07:46,022 ERROR weaver.general.BaseBean  - ExecuteSqlLogger start log write to file thread success...
2020-12-08 16:07:46,069 INFO  weaver.common.SystemInitialized  - System Initialized OK.
2020-12-08 16:07:46,499 INFO  weaver.general.InitServer  - System Init Message:mainControlIp= localIp:[192.168.56.1, 192.168.97.232]
2020-12-08 16:07:46,499 INFO  weaver.general.InitServer  - init ioc container...
2020-12-08 16:07:49,029 ERROR com.weaver.upgrade.FunctionUpgrade  - OS.name+++++++++++++++++++++:Windows 10
2020-12-08 16:07:49,029 ERROR com.weaver.upgrade.FunctionUpgrade  - srcfilePath+++++++++++++++++++++:D:\WEAVER\ecology\upgrade\src
2020-12-08 16:07:49,030 ERROR com.weaver.upgrade.FunctionUpgrade  - 本地Ip++++++++++：192.168.56.1
2020-12-08 16:07:49,030 ERROR com.weaver.upgrade.FunctionUpgrade  - 主节点MainControlIP++++++++++：
2020-12-08 16:07:49,156 INFO  weaver.general.InitServer  - end ioc container init...
2020-12-08 16:07:49,156 INFO  weaver.general.InitServer  - SystemUpgrade Start.....
2020-12-08 16:07:49,170 INFO  weaver.general.InitServer  - SystemUpgrade End.....
2020-12-08 16:07:49,170 INFO  weaver.general.InitServer  - InitServerXMLtoDBThread Start.....
2020-12-08 16:07:49,178 ERROR weaver.general.BaseBean  - 启动日志压缩线程....
2020-12-08 16:07:49,269 INFO  weaver.general.InitServer  - InitServerXMLtoDBThread End.....
2020-12-08 16:07:49,285 ERROR weaver.system.HtmlFieldToClob  - isrun:1
2020-12-08 16:07:49,287 ERROR weaver.system.HtmlFieldToClob  - isrun1:1
2020-12-08 16:07:49,289 ERROR weaver.conn.RecordSet  - WFVersionAdd insert Waiting...
2020-12-08 16:07:49,854 ERROR weaver.conn.RecordSet  - 生成前端JS使用的label信息...
2020-12-08 16:07:50,133 ERROR weaver.conn.RecordSet  - 生成前端JS使用的label信息成功...
2020-12-08 16:07:50,824 INFO  weaver.general.InitServer  - end.....
2020-12-08 16:07:51,328 ERROR weaver.system.WorkflowVersionAdd  - workflowversion isrun:1
2020-12-08 16:07:51,328 ERROR weaver.system.WorkflowVersionAdd  - workflowversion isrun1:1
2020-12-08 16:07:51,518 ERROR weaver.page.PageManager  - 清空二维码扫描缓存记录表
2020-12-08 16:07:51,585 ERROR weaver.cpt.util.CptInitManager  - weaver.cpt.util.CptInitManager is running start...
2020-12-08 16:07:51,592 ERROR weaver.formmode.cuspage.cpt.CptGenmenu4mode  - weaver.formmode.cuspage.cpt.CptGenmenu4mode is running start...
2020-12-08 16:07:51,609 ERROR weaver.formmode.cuspage.cpt.CptGenmenu4mode  - weaver.formmode.cuspage.cpt.CptGenmenu4mode is running end...
2020-12-08 16:07:51,694 ERROR weaver.cpt.util.CptInitManager  - weaver.cpt.util.CptInitManager is running end...
2020-12-08 16:07:53,334 ERROR org.directwebremoting.util.LogErrorHandler  - Line=52 Element type "filter" must be declared.
2020-12-08 16:07:53,334 ERROR org.directwebremoting.util.LogErrorHandler  - Line=53 The content of element type "allow" must match "(create|convert)*".
2020-12-08 16:07:55,496 ERROR weaver.conn.RecordSet  - select t1.* from  uf_zzzxx t1 where t1.formmodeid=50  and ( DATEDIFF(ss,t1.jzrq+' '+'23:55:50',getDate())>=(-1*60*60*24*30) and DATEDIFF(ss, CONVERT(varchar(10), GETDATE(), 120) +' '+'00:00:00',t1.jzrq+' '+'23:55:50')>=(-1*60*60*24*30) and t1.jzrq is not null and t1.jzrq<> '' )  and not exists(select 1 from mode_reminddata_all t2 where t2.remindjobid=1 and t2.billid=t1.id and lastdate= CONVERT(varchar(10), GETDATE(), 120)  and isnull(isRemindWorkflow,0)=1 )
2020-12-08 16:07:55,497 ERROR weaver.conn.RecordSet  - weaver.conn.RecordSet
com.microsoft.sqlserver.jdbc.SQLServerException: datediff 函数导致溢出。用于分隔两个日期/时间实例的日期部分的数字太大。请尝试使用日期部分精度较低的 datediff。
	at com.microsoft.sqlserver.jdbc.SQLServerException.makeFromDatabaseError(SQLServerException.java:196)
	at com.microsoft.sqlserver.jdbc.SQLServerResultSet$FetchBuffer.nextRow(SQLServerResultSet.java:4700)
	at com.microsoft.sqlserver.jdbc.SQLServerResultSet.fetchBufferNext(SQLServerResultSet.java:1683)
	at com.microsoft.sqlserver.jdbc.SQLServerResultSet.next(SQLServerResultSet.java:956)
	at weaver.conn.RecordSet.parseResultSet(RecordSet.java:1656)
	at weaver.conn.RecordSet.executeSql(RecordSet.java:916)
	at weaver.conn.RecordSet.executeSql(RecordSet.java:336)
	at weaver.formmode.task.action.TaskAction.doRemind(TaskAction.java:247)
	at weaver.formmode.task.action.WorkflowMessageTaskAction.doIt(WorkflowMessageTaskAction.java:33)
	at weaver.formmode.task.action.TaskAction.execute(TaskAction.java:34)
	at org.quartz.core.JobRunShell.run(JobRunShell.java:202)
	at org.quartz.simpl.SimpleThreadPool$WorkerThread.run(SimpleThreadPool.java:529)
2020-12-08 16:07:56,219 ERROR weaver.system.MonitorThreadManager  - >>>>MonitorThreadManager>>单独的预警关闭控制：isThreadWarningStart(zt)=0<<<<
2020-12-08 16:07:56,364 ERROR weaver.general.BaseBean  - 初始化微信推送扫描线程成功，扫描间隔1分钟---------
2020-12-08 16:07:58,426 INFO  weaver.filter.SecurityFilter  - Initializing filter 'SecurityFilter'
2020-12-08 16:08:02,375 INFO  weaver.filter.SecurityFilter  - Filter 'SecurityFilter' configured successfully
2020-12-08 16:08:02,380 ERROR weaver.general.BaseBean  - log4j reset thread start success...
2020-12-08 16:09:11,748 ERROR weaver.general.BaseBean  - 销毁微信推送扫描定时器完成---------
2020-12-08 16:09:12,276 ERROR weaver.general.BaseBean  - 初始化云桥httpclient连接池成功，DEFAULT_MAX_PER_ROUTE：500---MAX_TOTAL_CONNECTIONS：500---------
2020-12-08 16:09:13,606 INFO  weaver.filter.SecurityFilter  - Initializing filter 'SecurityFilter'
2020-12-08 16:09:18,966 INFO  weaver.filter.SecurityFilter  - Filter 'SecurityFilter' configured successfully
2020-12-08 16:09:18,972 ERROR weaver.general.BaseBean  - log4j reset thread start success...
2020-12-08 16:09:19,162 INFO  weaver.filter.XssFilter  - Initializing filter 'XssFilter'
2020-12-08 16:09:19,185 INFO  weaver.filter.XssFilter  - Filter 'XssFilter' configured successfully
2020-12-08 16:09:19,390 ERROR weaver.general.BaseBean  - ------是否开启字符转码----0---是否开启sql参数化解析-----0----nativepool----ecology
2020-12-08 16:09:19,410 ERROR weaver.general.BaseBean  - ExecuteSqlLogger start log write to file thread success...
2020-12-08 16:10:00,110 ERROR com.shxiv.hfwh.rest.http.HttpServiceImpl  - 传入路径： http://rfid.chinabrandsgroup.com.cn:5618/api/acc_in?key=oa@mail.com&timestamp=20201208161000&sign=48717d06fd35bb1620a2d148b948da61
2020-12-08 16:11:45,724 ERROR weaver.system.MonitorThreadManager  - >>>>MonitorThreadManager>>单独的预警关闭控制：isThreadWarningStart(zt)=0<<<<
2020-12-08 16:11:45,881 ERROR weaver.conn.RecordSet  - select t1.* from  uf_zzzxx t1 where t1.formmodeid=50  and ( DATEDIFF(ss,t1.jzrq+' '+'23:55:50',getDate())>=(-1*60*60*24*30) and DATEDIFF(ss, CONVERT(varchar(10), GETDATE(), 120) +' '+'00:00:00',t1.jzrq+' '+'23:55:50')>=(-1*60*60*24*30) and t1.jzrq is not null and t1.jzrq<> '' )  and not exists(select 1 from mode_reminddata_all t2 where t2.remindjobid=1 and t2.billid=t1.id and lastdate= CONVERT(varchar(10), GETDATE(), 120)  and isnull(isRemindWorkflow,0)=1 )
2020-12-08 16:11:45,884 ERROR weaver.conn.RecordSet  - weaver.conn.RecordSet
com.microsoft.sqlserver.jdbc.SQLServerException: datediff 函数导致溢出。用于分隔两个日期/时间实例的日期部分的数字太大。请尝试使用日期部分精度较低的 datediff。
	at com.microsoft.sqlserver.jdbc.SQLServerException.makeFromDatabaseError(SQLServerException.java:196)
	at com.microsoft.sqlserver.jdbc.SQLServerResultSet$FetchBuffer.nextRow(SQLServerResultSet.java:4700)
	at com.microsoft.sqlserver.jdbc.SQLServerResultSet.fetchBufferNext(SQLServerResultSet.java:1683)
	at com.microsoft.sqlserver.jdbc.SQLServerResultSet.next(SQLServerResultSet.java:956)
	at weaver.conn.RecordSet.parseResultSet(RecordSet.java:1656)
	at weaver.conn.RecordSet.executeSql(RecordSet.java:916)
	at weaver.conn.RecordSet.executeSql(RecordSet.java:336)
	at weaver.formmode.task.action.TaskAction.doRemind(TaskAction.java:247)
	at weaver.formmode.task.action.WorkflowMessageTaskAction.doIt(WorkflowMessageTaskAction.java:33)
	at weaver.formmode.task.action.TaskAction.execute(TaskAction.java:34)
	at org.quartz.core.JobRunShell.run(JobRunShell.java:202)
	at org.quartz.simpl.SimpleThreadPool$WorkerThread.run(SimpleThreadPool.java:529)
2020-12-08 16:11:45,974 ERROR weaver.general.BaseBean  - 初始化微信推送扫描线程成功，扫描间隔1分钟---------
2020-12-08 16:12:46,151 ERROR weaver.general.BaseBean  - 销毁微信推送扫描定时器完成---------
2020-12-08 16:12:46,157 ERROR weaver.general.BaseBean  - 初始化云桥httpclient连接池成功，DEFAULT_MAX_PER_ROUTE：500---MAX_TOTAL_CONNECTIONS：500---------
2020-12-08 16:12:47,029 INFO  weaver.filter.SecurityFilter  - Initializing filter 'SecurityFilter'
2020-12-08 16:12:49,560 INFO  weaver.filter.SecurityFilter  - Filter 'SecurityFilter' configured successfully
2020-12-08 16:12:49,566 ERROR weaver.general.BaseBean  - log4j reset thread start success...
2020-12-08 16:19:02,416 ERROR weaver.general.BaseBean  - ------是否开启字符转码----0---是否开启sql参数化解析-----0----nativepool----ecology
2020-12-08 16:19:02,939 ERROR weaver.general.BaseBean  - ExecuteSqlLogger start log write to file thread success...
2020-12-08 16:19:02,976 INFO  weaver.common.SystemInitialized  - System Initialized OK.
2020-12-08 16:19:03,248 INFO  weaver.general.InitServer  - System Init Message:mainControlIp= localIp:[192.168.56.1, 192.168.97.232]
2020-12-08 16:19:03,248 INFO  weaver.general.InitServer  - init ioc container...
2020-12-08 16:19:05,956 ERROR com.weaver.upgrade.FunctionUpgrade  - OS.name+++++++++++++++++++++:Windows 10
2020-12-08 16:19:05,956 ERROR com.weaver.upgrade.FunctionUpgrade  - srcfilePath+++++++++++++++++++++:D:\WEAVER\ecology\upgrade\src
2020-12-08 16:19:05,958 ERROR com.weaver.upgrade.FunctionUpgrade  - 本地Ip++++++++++：192.168.56.1
2020-12-08 16:19:05,958 ERROR com.weaver.upgrade.FunctionUpgrade  - 主节点MainControlIP++++++++++：
2020-12-08 16:19:06,155 INFO  weaver.general.InitServer  - end ioc container init...
2020-12-08 16:19:06,155 INFO  weaver.general.InitServer  - SystemUpgrade Start.....
2020-12-08 16:19:06,164 INFO  weaver.general.InitServer  - SystemUpgrade End.....
2020-12-08 16:19:06,165 INFO  weaver.general.InitServer  - InitServerXMLtoDBThread Start.....
2020-12-08 16:19:06,172 INFO  weaver.general.InitServer  - InitServerXMLtoDBThread End.....
2020-12-08 16:19:06,176 ERROR weaver.system.HtmlFieldToClob  - isrun:1
2020-12-08 16:19:06,177 ERROR weaver.system.HtmlFieldToClob  - isrun1:1
2020-12-08 16:19:06,177 ERROR weaver.conn.RecordSet  - WFVersionAdd insert Waiting...
2020-12-08 16:19:06,524 ERROR weaver.general.BaseBean  - 启动日志压缩线程....
2020-12-08 16:19:06,883 ERROR weaver.conn.RecordSet  - 生成前端JS使用的label信息...
2020-12-08 16:19:07,082 ERROR weaver.conn.RecordSet  - 生成前端JS使用的label信息成功...
2020-12-08 16:19:08,203 ERROR weaver.system.WorkflowVersionAdd  - workflowversion isrun:1
2020-12-08 16:19:08,204 ERROR weaver.system.WorkflowVersionAdd  - workflowversion isrun1:1
2020-12-08 16:19:09,763 INFO  weaver.general.InitServer  - end.....
2020-12-08 16:19:10,546 ERROR weaver.page.PageManager  - 清空二维码扫描缓存记录表
2020-12-08 16:19:10,612 ERROR weaver.cpt.util.CptInitManager  - weaver.cpt.util.CptInitManager is running start...
2020-12-08 16:19:10,623 ERROR weaver.formmode.cuspage.cpt.CptGenmenu4mode  - weaver.formmode.cuspage.cpt.CptGenmenu4mode is running start...
2020-12-08 16:19:10,641 ERROR weaver.formmode.cuspage.cpt.CptGenmenu4mode  - weaver.formmode.cuspage.cpt.CptGenmenu4mode is running end...
2020-12-08 16:19:10,740 ERROR weaver.cpt.util.CptInitManager  - weaver.cpt.util.CptInitManager is running end...
2020-12-08 16:19:12,227 ERROR org.directwebremoting.util.LogErrorHandler  - Line=52 Element type "filter" must be declared.
2020-12-08 16:19:12,227 ERROR org.directwebremoting.util.LogErrorHandler  - Line=53 The content of element type "allow" must match "(create|convert)*".
2020-12-08 16:19:13,701 ERROR weaver.conn.RecordSet  - select t1.* from  uf_zzzxx t1 where t1.formmodeid=50  and ( DATEDIFF(ss,t1.jzrq+' '+'23:55:50',getDate())>=(-1*60*60*24*30) and DATEDIFF(ss, CONVERT(varchar(10), GETDATE(), 120) +' '+'00:00:00',t1.jzrq+' '+'23:55:50')>=(-1*60*60*24*30) and t1.jzrq is not null and t1.jzrq<> '' )  and not exists(select 1 from mode_reminddata_all t2 where t2.remindjobid=1 and t2.billid=t1.id and lastdate= CONVERT(varchar(10), GETDATE(), 120)  and isnull(isRemindWorkflow,0)=1 )
2020-12-08 16:19:13,702 ERROR weaver.conn.RecordSet  - weaver.conn.RecordSet
com.microsoft.sqlserver.jdbc.SQLServerException: datediff 函数导致溢出。用于分隔两个日期/时间实例的日期部分的数字太大。请尝试使用日期部分精度较低的 datediff。
	at com.microsoft.sqlserver.jdbc.SQLServerException.makeFromDatabaseError(SQLServerException.java:196)
	at com.microsoft.sqlserver.jdbc.SQLServerResultSet$FetchBuffer.nextRow(SQLServerResultSet.java:4700)
	at com.microsoft.sqlserver.jdbc.SQLServerResultSet.fetchBufferNext(SQLServerResultSet.java:1683)
	at com.microsoft.sqlserver.jdbc.SQLServerResultSet.next(SQLServerResultSet.java:956)
	at weaver.conn.RecordSet.parseResultSet(RecordSet.java:1656)
	at weaver.conn.RecordSet.executeSql(RecordSet.java:916)
	at weaver.conn.RecordSet.executeSql(RecordSet.java:336)
	at weaver.formmode.task.action.TaskAction.doRemind(TaskAction.java:247)
	at weaver.formmode.task.action.WorkflowMessageTaskAction.doIt(WorkflowMessageTaskAction.java:33)
	at weaver.formmode.task.action.TaskAction.execute(TaskAction.java:34)
	at org.quartz.core.JobRunShell.run(JobRunShell.java:202)
	at org.quartz.simpl.SimpleThreadPool$WorkerThread.run(SimpleThreadPool.java:529)
2020-12-08 16:19:14,430 ERROR weaver.system.MonitorThreadManager  - >>>>MonitorThreadManager>>单独的预警关闭控制：isThreadWarningStart(zt)=0<<<<
2020-12-08 16:19:14,616 ERROR weaver.general.BaseBean  - 初始化微信推送扫描线程成功，扫描间隔1分钟---------
2020-12-08 16:19:18,383 INFO  weaver.filter.SecurityFilter  - Initializing filter 'SecurityFilter'
2020-12-08 16:19:22,623 INFO  weaver.filter.SecurityFilter  - Filter 'SecurityFilter' configured successfully
2020-12-08 16:19:22,628 ERROR weaver.general.BaseBean  - log4j reset thread start success...
2020-12-08 16:25:07,127 ERROR weaver.general.BaseBean  - ------是否开启字符转码----0---是否开启sql参数化解析-----0----nativepool----ecology
2020-12-08 16:25:07,545 ERROR weaver.general.BaseBean  - ExecuteSqlLogger start log write to file thread success...
2020-12-08 16:25:07,626 INFO  weaver.common.SystemInitialized  - System Initialized OK.
2020-12-08 16:25:07,965 INFO  weaver.general.InitServer  - System Init Message:mainControlIp= localIp:[192.168.56.1, 192.168.97.232]
2020-12-08 16:25:07,965 INFO  weaver.general.InitServer  - init ioc container...
2020-12-08 16:25:10,435 ERROR com.weaver.upgrade.FunctionUpgrade  - OS.name+++++++++++++++++++++:Windows 10
2020-12-08 16:25:10,435 ERROR com.weaver.upgrade.FunctionUpgrade  - srcfilePath+++++++++++++++++++++:D:\WEAVER\ecology\upgrade\src
2020-12-08 16:25:10,438 ERROR com.weaver.upgrade.FunctionUpgrade  - 本地Ip++++++++++：192.168.56.1
2020-12-08 16:25:10,438 ERROR com.weaver.upgrade.FunctionUpgrade  - 主节点MainControlIP++++++++++：
2020-12-08 16:25:10,587 INFO  weaver.general.InitServer  - end ioc container init...
2020-12-08 16:25:10,588 INFO  weaver.general.InitServer  - SystemUpgrade Start.....
2020-12-08 16:25:10,600 INFO  weaver.general.InitServer  - SystemUpgrade End.....
2020-12-08 16:25:10,600 INFO  weaver.general.InitServer  - InitServerXMLtoDBThread Start.....
2020-12-08 16:25:10,609 ERROR weaver.general.BaseBean  - 启动日志压缩线程....
2020-12-08 16:25:10,611 INFO  weaver.general.InitServer  - InitServerXMLtoDBThread End.....
2020-12-08 16:25:10,616 ERROR weaver.system.HtmlFieldToClob  - isrun:1
2020-12-08 16:25:10,617 ERROR weaver.system.HtmlFieldToClob  - isrun1:1
2020-12-08 16:25:10,618 ERROR weaver.conn.RecordSet  - WFVersionAdd insert Waiting...
2020-12-08 16:25:10,808 ERROR weaver.conn.RecordSet  - 生成前端JS使用的label信息...
2020-12-08 16:25:10,891 ERROR weaver.conn.RecordSet  - 生成前端JS使用的label信息成功...
2020-12-08 16:25:11,467 INFO  weaver.general.InitServer  - end.....
2020-12-08 16:25:12,272 ERROR weaver.page.PageManager  - 清空二维码扫描缓存记录表
2020-12-08 16:25:12,349 ERROR weaver.formmode.cuspage.cpt.CptGenmenu4mode  - weaver.formmode.cuspage.cpt.CptGenmenu4mode is running start...
2020-12-08 16:25:12,352 ERROR weaver.cpt.util.CptInitManager  - weaver.cpt.util.CptInitManager is running start...
2020-12-08 16:25:12,430 ERROR weaver.formmode.cuspage.cpt.CptGenmenu4mode  - weaver.formmode.cuspage.cpt.CptGenmenu4mode is running end...
2020-12-08 16:25:12,640 ERROR weaver.system.WorkflowVersionAdd  - workflowversion isrun:1
2020-12-08 16:25:12,640 ERROR weaver.system.WorkflowVersionAdd  - workflowversion isrun1:1
2020-12-08 16:25:12,820 ERROR weaver.cpt.util.CptInitManager  - weaver.cpt.util.CptInitManager is running end...
2020-12-08 16:25:14,718 ERROR org.directwebremoting.util.LogErrorHandler  - Line=52 Element type "filter" must be declared.
2020-12-08 16:25:14,719 ERROR org.directwebremoting.util.LogErrorHandler  - Line=53 The content of element type "allow" must match "(create|convert)*".
2020-12-08 16:25:17,121 ERROR weaver.conn.RecordSet  - select t1.* from  uf_zzzxx t1 where t1.formmodeid=50  and ( DATEDIFF(ss,t1.jzrq+' '+'23:55:50',getDate())>=(-1*60*60*24*30) and DATEDIFF(ss, CONVERT(varchar(10), GETDATE(), 120) +' '+'00:00:00',t1.jzrq+' '+'23:55:50')>=(-1*60*60*24*30) and t1.jzrq is not null and t1.jzrq<> '' )  and not exists(select 1 from mode_reminddata_all t2 where t2.remindjobid=1 and t2.billid=t1.id and lastdate= CONVERT(varchar(10), GETDATE(), 120)  and isnull(isRemindWorkflow,0)=1 )
2020-12-08 16:25:17,122 ERROR weaver.conn.RecordSet  - weaver.conn.RecordSet
com.microsoft.sqlserver.jdbc.SQLServerException: datediff 函数导致溢出。用于分隔两个日期/时间实例的日期部分的数字太大。请尝试使用日期部分精度较低的 datediff。
	at com.microsoft.sqlserver.jdbc.SQLServerException.makeFromDatabaseError(SQLServerException.java:196)
	at com.microsoft.sqlserver.jdbc.SQLServerResultSet$FetchBuffer.nextRow(SQLServerResultSet.java:4700)
	at com.microsoft.sqlserver.jdbc.SQLServerResultSet.fetchBufferNext(SQLServerResultSet.java:1683)
	at com.microsoft.sqlserver.jdbc.SQLServerResultSet.next(SQLServerResultSet.java:956)
	at weaver.conn.RecordSet.parseResultSet(RecordSet.java:1656)
	at weaver.conn.RecordSet.executeSql(RecordSet.java:916)
	at weaver.conn.RecordSet.executeSql(RecordSet.java:336)
	at weaver.formmode.task.action.TaskAction.doRemind(TaskAction.java:247)
	at weaver.formmode.task.action.WorkflowMessageTaskAction.doIt(WorkflowMessageTaskAction.java:33)
	at weaver.formmode.task.action.TaskAction.execute(TaskAction.java:34)
	at org.quartz.core.JobRunShell.run(JobRunShell.java:202)
	at org.quartz.simpl.SimpleThreadPool$WorkerThread.run(SimpleThreadPool.java:529)
2020-12-08 16:25:17,786 ERROR weaver.system.MonitorThreadManager  - >>>>MonitorThreadManager>>单独的预警关闭控制：isThreadWarningStart(zt)=0<<<<
2020-12-08 16:25:17,982 ERROR weaver.general.BaseBean  - 初始化微信推送扫描线程成功，扫描间隔1分钟---------
2020-12-08 16:25:19,958 INFO  weaver.filter.SecurityFilter  - Initializing filter 'SecurityFilter'
2020-12-08 16:25:24,703 INFO  weaver.filter.SecurityFilter  - Filter 'SecurityFilter' configured successfully
2020-12-08 16:25:24,709 ERROR weaver.general.BaseBean  - log4j reset thread start success...
2020-12-08 16:25:24,990 INFO  weaver.filter.XssFilter  - Initializing filter 'XssFilter'
2020-12-08 16:25:25,006 INFO  weaver.filter.XssFilter  - Filter 'XssFilter' configured successfully
2020-12-08 16:25:25,165 ERROR weaver.general.BaseBean  - ------是否开启字符转码----0---是否开启sql参数化解析-----0----nativepool----ecology
2020-12-08 16:25:25,184 ERROR weaver.general.BaseBean  - ExecuteSqlLogger start log write to file thread success...
2020-12-08 16:30:12,791 ERROR weaver.general.BaseBean  - ------是否开启字符转码----0---是否开启sql参数化解析-----0----nativepool----ecology
2020-12-08 16:30:13,263 ERROR weaver.general.BaseBean  - ExecuteSqlLogger start log write to file thread success...
2020-12-08 16:30:13,332 INFO  weaver.common.SystemInitialized  - System Initialized OK.
2020-12-08 16:30:13,717 INFO  weaver.general.InitServer  - System Init Message:mainControlIp= localIp:[192.168.56.1, 192.168.97.232]
2020-12-08 16:30:13,718 INFO  weaver.general.InitServer  - init ioc container...
2020-12-08 16:30:16,139 ERROR com.weaver.upgrade.FunctionUpgrade  - OS.name+++++++++++++++++++++:Windows 10
2020-12-08 16:30:16,139 ERROR com.weaver.upgrade.FunctionUpgrade  - srcfilePath+++++++++++++++++++++:D:\WEAVER\ecology\upgrade\src
2020-12-08 16:30:16,141 ERROR com.weaver.upgrade.FunctionUpgrade  - 本地Ip++++++++++：192.168.56.1
2020-12-08 16:30:16,141 ERROR com.weaver.upgrade.FunctionUpgrade  - 主节点MainControlIP++++++++++：
2020-12-08 16:30:16,329 INFO  weaver.general.InitServer  - end ioc container init...
2020-12-08 16:30:16,330 INFO  weaver.general.InitServer  - SystemUpgrade Start.....
2020-12-08 16:30:16,343 INFO  weaver.general.InitServer  - SystemUpgrade End.....
2020-12-08 16:30:16,343 INFO  weaver.general.InitServer  - InitServerXMLtoDBThread Start.....
2020-12-08 16:30:16,354 INFO  weaver.general.InitServer  - InitServerXMLtoDBThread End.....
2020-12-08 16:30:16,355 ERROR weaver.general.BaseBean  - 启动日志压缩线程....
2020-12-08 16:30:16,360 ERROR weaver.system.HtmlFieldToClob  - isrun:1
2020-12-08 16:30:16,361 ERROR weaver.system.HtmlFieldToClob  - isrun1:1
2020-12-08 16:30:16,363 ERROR weaver.conn.RecordSet  - WFVersionAdd insert Waiting...
2020-12-08 16:30:16,880 ERROR weaver.conn.RecordSet  - 生成前端JS使用的label信息...
2020-12-08 16:30:17,158 ERROR weaver.conn.RecordSet  - 生成前端JS使用的label信息成功...
2020-12-08 16:30:17,860 INFO  weaver.general.InitServer  - end.....
2020-12-08 16:30:18,381 ERROR weaver.system.WorkflowVersionAdd  - workflowversion isrun:1
2020-12-08 16:30:18,382 ERROR weaver.system.WorkflowVersionAdd  - workflowversion isrun1:1
2020-12-08 16:30:18,644 ERROR weaver.page.PageManager  - 清空二维码扫描缓存记录表
2020-12-08 16:30:18,708 ERROR weaver.cpt.util.CptInitManager  - weaver.cpt.util.CptInitManager is running start...
2020-12-08 16:30:18,713 ERROR weaver.formmode.cuspage.cpt.CptGenmenu4mode  - weaver.formmode.cuspage.cpt.CptGenmenu4mode is running start...
2020-12-08 16:30:18,728 ERROR weaver.formmode.cuspage.cpt.CptGenmenu4mode  - weaver.formmode.cuspage.cpt.CptGenmenu4mode is running end...
2020-12-08 16:30:18,772 ERROR weaver.cpt.util.CptInitManager  - weaver.cpt.util.CptInitManager is running end...
2020-12-08 16:30:20,375 ERROR org.directwebremoting.util.LogErrorHandler  - Line=52 Element type "filter" must be declared.
2020-12-08 16:30:20,375 ERROR org.directwebremoting.util.LogErrorHandler  - Line=53 The content of element type "allow" must match "(create|convert)*".
2020-12-08 16:30:22,515 ERROR weaver.conn.RecordSet  - select t1.* from  uf_zzzxx t1 where t1.formmodeid=50  and ( DATEDIFF(ss,t1.jzrq+' '+'23:55:50',getDate())>=(-1*60*60*24*30) and DATEDIFF(ss, CONVERT(varchar(10), GETDATE(), 120) +' '+'00:00:00',t1.jzrq+' '+'23:55:50')>=(-1*60*60*24*30) and t1.jzrq is not null and t1.jzrq<> '' )  and not exists(select 1 from mode_reminddata_all t2 where t2.remindjobid=1 and t2.billid=t1.id and lastdate= CONVERT(varchar(10), GETDATE(), 120)  and isnull(isRemindWorkflow,0)=1 )
2020-12-08 16:30:22,517 ERROR weaver.conn.RecordSet  - weaver.conn.RecordSet
com.microsoft.sqlserver.jdbc.SQLServerException: datediff 函数导致溢出。用于分隔两个日期/时间实例的日期部分的数字太大。请尝试使用日期部分精度较低的 datediff。
	at com.microsoft.sqlserver.jdbc.SQLServerException.makeFromDatabaseError(SQLServerException.java:196)
	at com.microsoft.sqlserver.jdbc.SQLServerResultSet$FetchBuffer.nextRow(SQLServerResultSet.java:4700)
	at com.microsoft.sqlserver.jdbc.SQLServerResultSet.fetchBufferNext(SQLServerResultSet.java:1683)
	at com.microsoft.sqlserver.jdbc.SQLServerResultSet.next(SQLServerResultSet.java:956)
	at weaver.conn.RecordSet.parseResultSet(RecordSet.java:1656)
	at weaver.conn.RecordSet.executeSql(RecordSet.java:916)
	at weaver.conn.RecordSet.executeSql(RecordSet.java:336)
	at weaver.formmode.task.action.TaskAction.doRemind(TaskAction.java:247)
	at weaver.formmode.task.action.WorkflowMessageTaskAction.doIt(WorkflowMessageTaskAction.java:33)
	at weaver.formmode.task.action.TaskAction.execute(TaskAction.java:34)
	at org.quartz.core.JobRunShell.run(JobRunShell.java:202)
	at org.quartz.simpl.SimpleThreadPool$WorkerThread.run(SimpleThreadPool.java:529)
2020-12-08 16:30:23,205 ERROR weaver.system.MonitorThreadManager  - >>>>MonitorThreadManager>>单独的预警关闭控制：isThreadWarningStart(zt)=0<<<<
2020-12-08 16:30:23,482 ERROR weaver.general.BaseBean  - 初始化微信推送扫描线程成功，扫描间隔1分钟---------
2020-12-08 16:30:25,614 INFO  weaver.filter.SecurityFilter  - Initializing filter 'SecurityFilter'
2020-12-08 16:30:31,222 INFO  weaver.filter.SecurityFilter  - Filter 'SecurityFilter' configured successfully
2020-12-08 16:30:31,229 ERROR weaver.general.BaseBean  - log4j reset thread start success...
2020-12-08 16:30:31,533 INFO  weaver.filter.XssFilter  - Initializing filter 'XssFilter'
2020-12-08 16:30:31,628 INFO  weaver.filter.XssFilter  - Filter 'XssFilter' configured successfully
2020-12-08 16:30:31,788 ERROR weaver.general.BaseBean  - ------是否开启字符转码----0---是否开启sql参数化解析-----0----nativepool----ecology
2020-12-08 16:30:31,807 ERROR weaver.general.BaseBean  - ExecuteSqlLogger start log write to file thread success...
2020-12-08 16:38:03,019 ERROR weaver.general.BaseBean  - ------是否开启字符转码----0---是否开启sql参数化解析-----0----nativepool----ecology
2020-12-08 16:38:03,429 ERROR weaver.general.BaseBean  - ExecuteSqlLogger start log write to file thread success...
2020-12-08 16:38:03,489 INFO  weaver.common.SystemInitialized  - System Initialized OK.
2020-12-08 16:38:04,137 INFO  weaver.general.InitServer  - System Init Message:mainControlIp= localIp:[192.168.56.1, 192.168.97.232]
2020-12-08 16:38:04,137 INFO  weaver.general.InitServer  - init ioc container...
2020-12-08 16:38:06,835 ERROR com.weaver.upgrade.FunctionUpgrade  - OS.name+++++++++++++++++++++:Windows 10
2020-12-08 16:38:06,835 ERROR com.weaver.upgrade.FunctionUpgrade  - srcfilePath+++++++++++++++++++++:D:\WEAVER\ecology\upgrade\src
2020-12-08 16:38:06,837 ERROR com.weaver.upgrade.FunctionUpgrade  - 本地Ip++++++++++：192.168.56.1
2020-12-08 16:38:06,837 ERROR com.weaver.upgrade.FunctionUpgrade  - 主节点MainControlIP++++++++++：
2020-12-08 16:38:07,032 INFO  weaver.general.InitServer  - end ioc container init...
2020-12-08 16:38:07,032 INFO  weaver.general.InitServer  - SystemUpgrade Start.....
2020-12-08 16:38:07,045 INFO  weaver.general.InitServer  - SystemUpgrade End.....
2020-12-08 16:38:07,046 INFO  weaver.general.InitServer  - InitServerXMLtoDBThread Start.....
2020-12-08 16:38:07,056 INFO  weaver.general.InitServer  - InitServerXMLtoDBThread End.....
2020-12-08 16:38:07,062 ERROR weaver.system.HtmlFieldToClob  - isrun:1
2020-12-08 16:38:07,063 ERROR weaver.general.BaseBean  - 启动日志压缩线程....
2020-12-08 16:38:07,065 ERROR weaver.system.HtmlFieldToClob  - isrun1:1
2020-12-08 16:38:07,066 ERROR weaver.conn.RecordSet  - WFVersionAdd insert Waiting...
2020-12-08 16:38:07,774 ERROR weaver.conn.RecordSet  - 生成前端JS使用的label信息...
2020-12-08 16:38:07,840 ERROR weaver.conn.RecordSet  - 生成前端JS使用的label信息成功...
2020-12-08 16:38:08,215 INFO  weaver.general.InitServer  - end.....
2020-12-08 16:38:08,932 ERROR weaver.page.PageManager  - 清空二维码扫描缓存记录表
2020-12-08 16:38:09,063 ERROR weaver.cpt.util.CptInitManager  - weaver.cpt.util.CptInitManager is running start...
2020-12-08 16:38:09,067 ERROR weaver.formmode.cuspage.cpt.CptGenmenu4mode  - weaver.formmode.cuspage.cpt.CptGenmenu4mode is running start...
2020-12-08 16:38:09,076 ERROR weaver.system.WorkflowVersionAdd  - workflowversion isrun:1
2020-12-08 16:38:09,077 ERROR weaver.system.WorkflowVersionAdd  - workflowversion isrun1:1
2020-12-08 16:38:09,083 ERROR weaver.formmode.cuspage.cpt.CptGenmenu4mode  - weaver.formmode.cuspage.cpt.CptGenmenu4mode is running end...
2020-12-08 16:38:09,400 ERROR weaver.cpt.util.CptInitManager  - weaver.cpt.util.CptInitManager is running end...
2020-12-08 16:38:11,051 ERROR org.directwebremoting.util.LogErrorHandler  - Line=52 Element type "filter" must be declared.
2020-12-08 16:38:11,052 ERROR org.directwebremoting.util.LogErrorHandler  - Line=53 The content of element type "allow" must match "(create|convert)*".
2020-12-08 16:38:12,962 ERROR weaver.conn.RecordSet  - select t1.* from  uf_zzzxx t1 where t1.formmodeid=50  and ( DATEDIFF(ss,t1.jzrq+' '+'23:55:50',getDate())>=(-1*60*60*24*30) and DATEDIFF(ss, CONVERT(varchar(10), GETDATE(), 120) +' '+'00:00:00',t1.jzrq+' '+'23:55:50')>=(-1*60*60*24*30) and t1.jzrq is not null and t1.jzrq<> '' )  and not exists(select 1 from mode_reminddata_all t2 where t2.remindjobid=1 and t2.billid=t1.id and lastdate= CONVERT(varchar(10), GETDATE(), 120)  and isnull(isRemindWorkflow,0)=1 )
2020-12-08 16:38:12,964 ERROR weaver.conn.RecordSet  - weaver.conn.RecordSet
com.microsoft.sqlserver.jdbc.SQLServerException: datediff 函数导致溢出。用于分隔两个日期/时间实例的日期部分的数字太大。请尝试使用日期部分精度较低的 datediff。
	at com.microsoft.sqlserver.jdbc.SQLServerException.makeFromDatabaseError(SQLServerException.java:196)
	at com.microsoft.sqlserver.jdbc.SQLServerResultSet$FetchBuffer.nextRow(SQLServerResultSet.java:4700)
	at com.microsoft.sqlserver.jdbc.SQLServerResultSet.fetchBufferNext(SQLServerResultSet.java:1683)
	at com.microsoft.sqlserver.jdbc.SQLServerResultSet.next(SQLServerResultSet.java:956)
	at weaver.conn.RecordSet.parseResultSet(RecordSet.java:1656)
	at weaver.conn.RecordSet.executeSql(RecordSet.java:916)
	at weaver.conn.RecordSet.executeSql(RecordSet.java:336)
	at weaver.formmode.task.action.TaskAction.doRemind(TaskAction.java:247)
	at weaver.formmode.task.action.WorkflowMessageTaskAction.doIt(WorkflowMessageTaskAction.java:33)
	at weaver.formmode.task.action.TaskAction.execute(TaskAction.java:34)
	at org.quartz.core.JobRunShell.run(JobRunShell.java:202)
	at org.quartz.simpl.SimpleThreadPool$WorkerThread.run(SimpleThreadPool.java:529)
2020-12-08 16:38:13,574 ERROR weaver.system.MonitorThreadManager  - >>>>MonitorThreadManager>>单独的预警关闭控制：isThreadWarningStart(zt)=0<<<<
2020-12-08 16:38:13,702 ERROR weaver.general.BaseBean  - 初始化微信推送扫描线程成功，扫描间隔1分钟---------
2020-12-08 16:38:15,892 INFO  weaver.filter.SecurityFilter  - Initializing filter 'SecurityFilter'
2020-12-08 16:38:21,818 INFO  weaver.filter.SecurityFilter  - Filter 'SecurityFilter' configured successfully
2020-12-08 16:38:21,823 ERROR weaver.general.BaseBean  - log4j reset thread start success...
2020-12-08 16:38:22,048 INFO  weaver.filter.XssFilter  - Initializing filter 'XssFilter'
2020-12-08 16:38:22,082 INFO  weaver.filter.XssFilter  - Filter 'XssFilter' configured successfully
2020-12-08 16:38:22,253 ERROR weaver.general.BaseBean  - ------是否开启字符转码----0---是否开启sql参数化解析-----0----nativepool----ecology
2020-12-08 16:38:22,261 ERROR weaver.general.BaseBean  - ExecuteSqlLogger start log write to file thread success...
2020-12-08 16:45:56,862 ERROR weaver.general.BaseBean  - ------是否开启字符转码----0---是否开启sql参数化解析-----0----nativepool----ecology
2020-12-08 16:45:57,244 ERROR weaver.general.BaseBean  - ExecuteSqlLogger start log write to file thread success...
2020-12-08 16:45:57,305 INFO  weaver.common.SystemInitialized  - System Initialized OK.
2020-12-08 16:45:57,938 INFO  weaver.general.InitServer  - System Init Message:mainControlIp= localIp:[192.168.56.1, 192.168.97.232]
2020-12-08 16:45:57,938 INFO  weaver.general.InitServer  - init ioc container...
2020-12-08 16:45:58,821 ERROR com.weaver.upgrade.FunctionUpgrade  - OS.name+++++++++++++++++++++:Windows 10
2020-12-08 16:45:58,822 ERROR com.weaver.upgrade.FunctionUpgrade  - srcfilePath+++++++++++++++++++++:D:\WEAVER\ecology\upgrade\src
2020-12-08 16:45:58,823 ERROR com.weaver.upgrade.FunctionUpgrade  - 本地Ip++++++++++：192.168.56.1
2020-12-08 16:45:58,824 ERROR com.weaver.upgrade.FunctionUpgrade  - 主节点MainControlIP++++++++++：
2020-12-08 16:45:58,975 INFO  weaver.general.InitServer  - end ioc container init...
2020-12-08 16:45:58,975 INFO  weaver.general.InitServer  - SystemUpgrade Start.....
2020-12-08 16:45:58,988 INFO  weaver.general.InitServer  - SystemUpgrade End.....
2020-12-08 16:45:58,988 INFO  weaver.general.InitServer  - InitServerXMLtoDBThread Start.....
2020-12-08 16:45:58,999 INFO  weaver.general.InitServer  - InitServerXMLtoDBThread End.....
2020-12-08 16:45:59,001 ERROR weaver.general.BaseBean  - 启动日志压缩线程....
2020-12-08 16:45:59,004 ERROR weaver.system.HtmlFieldToClob  - isrun:1
2020-12-08 16:45:59,005 ERROR weaver.system.HtmlFieldToClob  - isrun1:1
2020-12-08 16:45:59,007 ERROR weaver.conn.RecordSet  - WFVersionAdd insert Waiting...
2020-12-08 16:45:59,268 ERROR weaver.conn.RecordSet  - 生成前端JS使用的label信息...
2020-12-08 16:45:59,426 ERROR weaver.conn.RecordSet  - 生成前端JS使用的label信息成功...
2020-12-08 16:45:59,671 INFO  weaver.general.InitServer  - end.....
2020-12-08 16:46:00,346 ERROR weaver.page.PageManager  - 清空二维码扫描缓存记录表
2020-12-08 16:46:00,396 ERROR weaver.formmode.cuspage.cpt.CptGenmenu4mode  - weaver.formmode.cuspage.cpt.CptGenmenu4mode is running start...
2020-12-08 16:46:00,398 ERROR weaver.cpt.util.CptInitManager  - weaver.cpt.util.CptInitManager is running start...
2020-12-08 16:46:00,413 ERROR weaver.formmode.cuspage.cpt.CptGenmenu4mode  - weaver.formmode.cuspage.cpt.CptGenmenu4mode is running end...
2020-12-08 16:46:00,448 ERROR weaver.cpt.util.CptInitManager  - weaver.cpt.util.CptInitManager is running end...
2020-12-08 16:46:01,022 ERROR weaver.system.WorkflowVersionAdd  - workflowversion isrun:1
2020-12-08 16:46:01,022 ERROR weaver.system.WorkflowVersionAdd  - workflowversion isrun1:1
2020-12-08 16:46:02,039 ERROR org.directwebremoting.util.LogErrorHandler  - Line=52 Element type "filter" must be declared.
2020-12-08 16:46:02,039 ERROR org.directwebremoting.util.LogErrorHandler  - Line=53 The content of element type "allow" must match "(create|convert)*".
2020-12-08 16:46:03,882 ERROR weaver.conn.RecordSet  - select t1.* from  uf_zzzxx t1 where t1.formmodeid=50  and ( DATEDIFF(ss,t1.jzrq+' '+'23:55:50',getDate())>=(-1*60*60*24*30) and DATEDIFF(ss, CONVERT(varchar(10), GETDATE(), 120) +' '+'00:00:00',t1.jzrq+' '+'23:55:50')>=(-1*60*60*24*30) and t1.jzrq is not null and t1.jzrq<> '' )  and not exists(select 1 from mode_reminddata_all t2 where t2.remindjobid=1 and t2.billid=t1.id and lastdate= CONVERT(varchar(10), GETDATE(), 120)  and isnull(isRemindWorkflow,0)=1 )
2020-12-08 16:46:03,883 ERROR weaver.conn.RecordSet  - weaver.conn.RecordSet
com.microsoft.sqlserver.jdbc.SQLServerException: datediff 函数导致溢出。用于分隔两个日期/时间实例的日期部分的数字太大。请尝试使用日期部分精度较低的 datediff。
	at com.microsoft.sqlserver.jdbc.SQLServerException.makeFromDatabaseError(SQLServerException.java:196)
	at com.microsoft.sqlserver.jdbc.SQLServerResultSet$FetchBuffer.nextRow(SQLServerResultSet.java:4700)
	at com.microsoft.sqlserver.jdbc.SQLServerResultSet.fetchBufferNext(SQLServerResultSet.java:1683)
	at com.microsoft.sqlserver.jdbc.SQLServerResultSet.next(SQLServerResultSet.java:956)
	at weaver.conn.RecordSet.parseResultSet(RecordSet.java:1656)
	at weaver.conn.RecordSet.executeSql(RecordSet.java:916)
	at weaver.conn.RecordSet.executeSql(RecordSet.java:336)
	at weaver.formmode.task.action.TaskAction.doRemind(TaskAction.java:247)
	at weaver.formmode.task.action.WorkflowMessageTaskAction.doIt(WorkflowMessageTaskAction.java:33)
	at weaver.formmode.task.action.TaskAction.execute(TaskAction.java:34)
	at org.quartz.core.JobRunShell.run(JobRunShell.java:202)
	at org.quartz.simpl.SimpleThreadPool$WorkerThread.run(SimpleThreadPool.java:529)
2020-12-08 16:46:04,734 ERROR weaver.system.MonitorThreadManager  - >>>>MonitorThreadManager>>单独的预警关闭控制：isThreadWarningStart(zt)=0<<<<
2020-12-08 16:46:04,860 ERROR weaver.general.BaseBean  - 初始化微信推送扫描线程成功，扫描间隔1分钟---------
2020-12-08 16:46:06,773 INFO  weaver.filter.SecurityFilter  - Initializing filter 'SecurityFilter'
2020-12-08 16:46:11,678 INFO  weaver.filter.SecurityFilter  - Filter 'SecurityFilter' configured successfully
2020-12-08 16:46:11,684 ERROR weaver.general.BaseBean  - log4j reset thread start success...
2020-12-08 16:46:12,070 INFO  weaver.filter.XssFilter  - Initializing filter 'XssFilter'
2020-12-08 16:46:12,119 INFO  weaver.filter.XssFilter  - Filter 'XssFilter' configured successfully
2020-12-08 16:46:12,285 ERROR weaver.general.BaseBean  - ------是否开启字符转码----0---是否开启sql参数化解析-----0----nativepool----ecology
2020-12-08 16:46:12,297 ERROR weaver.general.BaseBean  - ExecuteSqlLogger start log write to file thread success...
