2020-10-21 16:26:36,679 ERROR weaver.general.BaseBean  - ------是否开启字符转码----0---是否开启sql参数化解析-----0----nativepool----ecology
2020-10-21 16:26:37,330 ERROR weaver.general.BaseBean  - ExecuteSqlLogger start log write to file thread success...
2020-10-21 16:26:37,478 INFO  weaver.common.SystemInitialized  - System Initialized OK.
2020-10-21 16:26:37,699 INFO  weaver.general.InitServer  - System Init Message:mainControlIp= localIp:[192.168.56.1, 192.168.97.232]
2020-10-21 16:26:37,699 INFO  weaver.general.InitServer  - init ioc container...
2020-10-21 16:26:39,883 ERROR com.weaver.upgrade.FunctionUpgrade  - OS.name+++++++++++++++++++++:Windows 10
2020-10-21 16:26:39,883 ERROR com.weaver.upgrade.FunctionUpgrade  - srcfilePath+++++++++++++++++++++:D:\WEAVER\ecology\upgrade\src
2020-10-21 16:26:39,903 ERROR com.weaver.upgrade.FunctionUpgrade  - 本地Ip++++++++++：192.168.56.1
2020-10-21 16:26:39,904 ERROR com.weaver.upgrade.FunctionUpgrade  - 主节点MainControlIP++++++++++：
2020-10-21 16:26:40,115 INFO  weaver.general.InitServer  - end ioc container init...
2020-10-21 16:26:40,116 INFO  weaver.general.InitServer  - SystemUpgrade Start.....
2020-10-21 16:26:40,149 INFO  weaver.general.InitServer  - SystemUpgrade End.....
2020-10-21 16:26:40,150 INFO  weaver.general.InitServer  - InitServerXMLtoDBThread Start.....
2020-10-21 16:26:40,182 INFO  weaver.general.InitServer  - InitServerXMLtoDBThread End.....
2020-10-21 16:26:40,184 ERROR weaver.general.BaseBean  - 启动日志压缩线程....
2020-10-21 16:26:40,188 ERROR weaver.system.HtmlFieldToClob  - isrun:1
2020-10-21 16:26:40,188 ERROR weaver.system.HtmlFieldToClob  - isrun1:1
2020-10-21 16:26:40,219 ERROR weaver.conn.RecordSet  - WFVersionAdd insert Waiting...
2020-10-21 16:26:40,500 ERROR weaver.conn.RecordSet  - 生成前端JS使用的label信息...
2020-10-21 16:26:40,656 ERROR weaver.conn.RecordSet  - 生成前端JS使用的label信息成功...
2020-10-21 16:26:41,571 INFO  weaver.general.InitServer  - end.....
2020-10-21 16:26:42,275 ERROR weaver.system.WorkflowVersionAdd  - workflowversion isrun:1
2020-10-21 16:26:42,275 ERROR weaver.system.WorkflowVersionAdd  - workflowversion isrun1:1
2020-10-21 16:26:43,337 ERROR weaver.page.PageManager  - 清空二维码扫描缓存记录表
2020-10-21 16:26:43,526 ERROR weaver.cpt.util.CptInitManager  - weaver.cpt.util.CptInitManager is running start...
2020-10-21 16:26:43,542 ERROR weaver.formmode.cuspage.cpt.CptGenmenu4mode  - weaver.formmode.cuspage.cpt.CptGenmenu4mode is running start...
2020-10-21 16:26:43,601 ERROR weaver.formmode.cuspage.cpt.CptGenmenu4mode  - weaver.formmode.cuspage.cpt.CptGenmenu4mode is running end...
2020-10-21 16:26:43,705 ERROR weaver.cpt.util.CptInitManager  - weaver.cpt.util.CptInitManager is running end...
2020-10-21 16:26:45,439 ERROR org.directwebremoting.util.LogErrorHandler  - Line=52 Element type "filter" must be declared.
2020-10-21 16:26:45,440 ERROR org.directwebremoting.util.LogErrorHandler  - Line=53 The content of element type "allow" must match "(create|convert)*".
2020-10-21 16:26:46,073 ERROR weaver.conn.RecordSet  - select t1.* from  uf_zzzxx t1 where t1.formmodeid=50  and ( DATEDIFF(ss,t1.jzrq+' '+'23:55:50',getDate())>=(-1*60*60*24*30) and DATEDIFF(ss, CONVERT(varchar(10), GETDATE(), 120) +' '+'00:00:00',t1.jzrq+' '+'23:55:50')>=(-1*60*60*24*30) and t1.jzrq is not null and t1.jzrq<> '' )  and not exists(select 1 from mode_reminddata_all t2 where t2.remindjobid=1 and t2.billid=t1.id and lastdate= CONVERT(varchar(10), GETDATE(), 120)  and isnull(isRemindWorkflow,0)=1 )
2020-10-21 16:26:46,099 ERROR weaver.conn.RecordSet  - weaver.conn.RecordSet
com.microsoft.sqlserver.jdbc.SQLServerException: datediff 函数导致溢出。用于分隔两个日期/时间实例的日期部分的数字太大。请尝试使用日期部分精度较低的 datediff。
	at com.microsoft.sqlserver.jdbc.SQLServerException.makeFromDatabaseError(SQLServerException.java:196)
	at com.microsoft.sqlserver.jdbc.SQLServerResultSet$FetchBuffer.nextRow(SQLServerResultSet.java:4700)
	at com.microsoft.sqlserver.jdbc.SQLServerResultSet.fetchBufferNext(SQLServerResultSet.java:1683)
	at com.microsoft.sqlserver.jdbc.SQLServerResultSet.next(SQLServerResultSet.java:956)
	at weaver.conn.RecordSet.parseResultSet(RecordSet.java:1656)
	at weaver.conn.RecordSet.executeSql(RecordSet.java:916)
	at weaver.conn.RecordSet.executeSql(RecordSet.java:336)
	at weaver.formmode.task.action.TaskAction.doRemind(TaskAction.java:247)
	at weaver.formmode.task.action.WorkflowMessageTaskAction.doIt(WorkflowMessageTaskAction.java:33)
	at weaver.formmode.task.action.TaskAction.execute(TaskAction.java:34)
	at org.quartz.core.JobRunShell.run(JobRunShell.java:202)
	at org.quartz.simpl.SimpleThreadPool$WorkerThread.run(SimpleThreadPool.java:529)
2020-10-21 16:26:48,329 ERROR weaver.system.MonitorThreadManager  - >>>>MonitorThreadManager>>单独的预警关闭控制：isThreadWarningStart(zt)=0<<<<
2020-10-21 16:26:49,059 ERROR weaver.general.BaseBean  - 初始化微信推送扫描线程成功，扫描间隔1分钟---------
2020-10-21 16:27:41,658 ERROR weaver.conn.RecordSet  - select subjectName from sensitive_logs where id = 1
2020-10-21 16:27:41,659 ERROR weaver.conn.RecordSet  - weaver.conn.RecordSet
com.microsoft.sqlserver.jdbc.SQLServerException: 列名 'subjectName' 无效。
	at com.microsoft.sqlserver.jdbc.SQLServerException.makeFromDatabaseError(SQLServerException.java:196)
	at com.microsoft.sqlserver.jdbc.SQLServerStatement.getNextResult(SQLServerStatement.java:1454)
	at com.microsoft.sqlserver.jdbc.SQLServerStatement.doExecuteStatement(SQLServerStatement.java:786)
	at com.microsoft.sqlserver.jdbc.SQLServerStatement$StmtExecCmd.doExecute(SQLServerStatement.java:685)
	at com.microsoft.sqlserver.jdbc.TDSCommand.execute(IOBuffer.java:4026)
	at com.microsoft.sqlserver.jdbc.SQLServerConnection.executeCommand(SQLServerConnection.java:1416)
	at com.microsoft.sqlserver.jdbc.SQLServerStatement.executeCommand(SQLServerStatement.java:185)
	at com.microsoft.sqlserver.jdbc.SQLServerStatement.executeStatement(SQLServerStatement.java:160)
	at com.microsoft.sqlserver.jdbc.SQLServerStatement.execute(SQLServerStatement.java:658)
	at sun.reflect.GeneratedMethodAccessor43.invoke(Unknown Source)
	at sun.reflect.DelegatingMethodAccessorImpl.invoke(DelegatingMethodAccessorImpl.java:43)
	at java.lang.reflect.Method.invoke(Method.java:498)
	at org.logicalcobwebs.proxool.ProxyStatement.invoke(ProxyStatement.java:100)
	at org.logicalcobwebs.proxool.ProxyStatement.intercept(ProxyStatement.java:57)
	at $java.sql.Wrapper$$EnhancerByCGLIB$$aa1400e4.execute(<generated>)
	at weaver.conn.RecordSet.executeSql(RecordSet.java:909)
	at weaver.conn.RecordSet.executeSql(RecordSet.java:336)
	at weaver.security.sensitive.CheckSensitiveWord.isTableExists(CheckSensitiveWord.java:49)
	at weaver.security.sensitive.CheckSensitiveWord.<init>(CheckSensitiveWord.java:21)
	at weaver.security.core.SecurityCore.isXssFilter(SecurityCore.java:2219)
	at weaver.security.webcontainer.XssRequest.getHeader(XssRequest.java:111)
	at weaver.filter.IECompatibleFilter.doFilter(IECompatibleFilter.java:52)
	at com.caucho.server.dispatch.FilterFilterChain.doFilter(FilterFilterChain.java:87)
	at weaver.filter.WGzipFilter.doFilter(WGzipFilter.java:138)
	at com.caucho.server.dispatch.FilterFilterChain.doFilter(FilterFilterChain.java:87)
	at weaver.security.webcontainer.XssRequestForResin3.doFilter(XssRequestForResin3.java:37)
	at sun.reflect.NativeMethodAccessorImpl.invoke0(Native Method)
	at sun.reflect.NativeMethodAccessorImpl.invoke(NativeMethodAccessorImpl.java:62)
	at sun.reflect.DelegatingMethodAccessorImpl.invoke(DelegatingMethodAccessorImpl.java:43)
	at java.lang.reflect.Method.invoke(Method.java:498)
	at weaver.security.filter.SecurityMain.process(SecurityMain.java:854)
	at sun.reflect.NativeMethodAccessorImpl.invoke0(Native Method)
	at sun.reflect.NativeMethodAccessorImpl.invoke(NativeMethodAccessorImpl.java:62)
	at sun.reflect.DelegatingMethodAccessorImpl.invoke(DelegatingMethodAccessorImpl.java:43)
	at java.lang.reflect.Method.invoke(Method.java:498)
	at weaver.filter.SecurityFilter.doFilterInternal(SecurityFilter.java:51)
	at org.springframework.web.filter.OncePerRequestFilter.doFilter(OncePerRequestFilter.java:76)
	at com.caucho.server.dispatch.FilterFilterChain.doFilter(FilterFilterChain.java:87)
	at com.caucho.server.webapp.WebAppFilterChain.doFilter(WebAppFilterChain.java:187)
	at com.caucho.server.dispatch.ServletInvocation.service(ServletInvocation.java:265)
	at com.caucho.server.http.HttpRequest.handleRequest(HttpRequest.java:273)
	at com.caucho.server.port.TcpConnection.run(TcpConnection.java:682)
	at com.caucho.util.ThreadPool$Item.runTasks(ThreadPool.java:730)
	at com.caucho.util.ThreadPool$Item.run(ThreadPool.java:649)
	at java.lang.Thread.run(Thread.java:748)
2020-10-21 16:28:04,742 ERROR weaver.systeminfo.menuconfig.MenuUtil  - 菜单查询sql:select * from (select isnull(c.isopen,m.infoid+(324855)+1) as isopen,m.* from ( ( SELECT t1.id as infoId, t1.labelId , t1.isCustom, t1.refersubid,t1.iconUrl,t1.TopIconUrl,t1.linkAddress ,t1.baseTarget,t1.parentId,t1.useCustomName as infoUseCustomName,t1.customName as infoCustomName,t1.customName_e as infoCustomName_e,t1.customName_t as infoCustomName_t,t1.module, t2.id,t2.visible,t2.viewIndex,t2.locked,t2.lockedById,t2.useCustomName,t2.customName,t2.customName_e,t2.customName_t,t2.resourcetype,t2.resourceid ,case when t1.isCustom=2 then t1.topmenuname else t2.topmenuname end topmenuname,case when t1.isCustom=2 then t1.topname_e else t2.topname_e end topname_e,case when t1.isCustom=2 then t1.topname_t else t2.topname_t end topname_t ,allt.c as  allParent,curt.c as curParent  FROM leftmenuinfo t1  left join (select count(0) c,parentId from leftmenuinfo group by  parentId )allt on t1.id=allt.parentId  left join (select count(0) c,parentId from leftmenuinfo it1 inner join leftmenuconfig it2 on it2.infoId = it1.id where it2.resourcetype = 3  and it2.resourceid = 1 group by it1.parentId)curt on t1.id=curt.parentId , leftmenuconfig t2 , SystemModule t3  WHERE t2.infoId = t1.id  AND t1.relatedModuleId = t3.id   and ((t2.resourcetype=1 and t2.resourceid =1) or (t2.resourcetype=3 and t2.resourceid=1)) AND t2.visible=1  AND t3.moduleReleased = 1 and t1.id in (SELECT infoid FROM menushareinfo WHERE (  CASE WHEN (sharetype = 1 AND sharevalue in (0,-2)  and dbo.Get_StrArrayStrOfIndex(isnull(seclevel,'0.1-0.1'),'-',1)<=30 and dbo.Get_StrArrayStrOfIndex(isnull(seclevel,'0.1-0.1'),'-',2)>=30 ) THEN  1 ELSE 0 END   = 1 OR   CASE WHEN (sharetype = 3 and dbo.Get_StrArrayStrOfIndex(isnull(seclevel,'0.1-0.1'),'-',1)<=30 and dbo.Get_StrArrayStrOfIndex(isnull(seclevel,'0.1-0.1'),'-',2)>=30 ) THEN  1 ELSE 0 END   = 1 OR   CASE WHEN (sharetype = 5 AND sharevalue = 1) THEN  1 ELSE 0 END   = 1   OR  CASE WHEN (sharetype = 6 AND sharevalue in (0,-4) and dbo.Get_StrArrayStrOfIndex(isnull(seclevel,'0.1-0.1'),'-',1)<=30 and dbo.Get_StrArrayStrOfIndex(isnull(seclevel,'0.1-0.1'),'-',2)>=30 ) THEN  1 ELSE 0 END   = 1 OR CASE WHEN (sharetype = 7 AND sharevalue = 0  and   ( case when jobtitlelevel=1  Then 1 else 0 end = 1     or       case when (jobtitlelevel=2 and ( '%,'+jobtitlesharevalue+',%' like '%,0,%'  or  '%,'+jobtitlesharevalue+',%' like '%,-2,%' ) ) Then 1 else 0 end = 1        or       case when (jobtitlelevel=3 and ( '%,'+jobtitlesharevalue+',%' like '%,0,%'  or  '%,'+jobtitlesharevalue+',%' like '%,-4,%' ) ) Then 1 else 0 end = 1    )) THEN  1 ELSE 0 END   = 1   OR    CASE WHEN (sharetype = 2 AND sharevalue IN ( select roleid  from hrmrolemembers role WHERE rolelevel <=role.rolelevel AND role.resourceid =1 ) and dbo.Get_StrArrayStrOfIndex(isnull(seclevel,'0.1-0.1'),'-',1)<=30 and dbo.Get_StrArrayStrOfIndex(isnull(seclevel,'0.1-0.1'),'-',2)>=30 ) THEN  1 ELSE 0 END   = 1  )  and resourcetype=1 and resourceid =1 and menutype='left' ) and (t1.parentid=0 or  t1.parentid is null or t1.parentid='')  ) union ( SELECT t1.id as infoId, t1.labelId , t1.isCustom, t1.refersubid,t1.iconUrl,t1.TopIconUrl,t1.linkAddress ,t1.baseTarget,t1.parentId,t1.useCustomName as infoUseCustomName,t1.customName as infoCustomName,t1.customName_e as infoCustomName_e,t1.customName_t as infoCustomName_t,t1.module, t2.id,t2.visible,t2.viewIndex,t2.locked,t2.lockedById,t2.useCustomName,t2.customName,t2.customName_e,t2.customName_t,t2.resourcetype,t2.resourceid ,case when t1.isCustom=2 then t1.topmenuname else t2.topmenuname end topmenuname,case when t1.isCustom=2 then t1.topname_e else t2.topname_e end topname_e,case when t1.isCustom=2 then t1.topname_t else t2.topname_t end topname_t ,allt.c as  allParent,curt.c as curParent  FROM leftmenuinfo t1  left join (select count(0) c,parentId from leftmenuinfo group by  parentId )allt on t1.id=allt.parentId  left join (select count(0) c,parentId from leftmenuinfo it1 inner join leftmenuconfig it2 on it2.infoId = it1.id where it2.resourcetype = 3  and it2.resourceid = 1 group by it1.parentId)curt on t1.id=curt.parentId , leftmenuconfig t2 , SystemModule t3  WHERE t2.infoId = t1.id  AND t1.relatedModuleId = t3.id   and ((t2.resourcetype=1 and t2.resourceid =1) or (t2.resourcetype=3 and t2.resourceid=1)) AND t2.visible=1  AND t3.moduleReleased = 1 and t1.id not in (SELECT infoid FROM menushareinfo where menutype='left'  and resourcetype=1 and resourceid =1 ) and (t1.parentid=0 or  t1.parentid is null or t1.parentid='')  ) ) m left join menucontrollist c on m.infoid+324789=c.menuid and c.type='left') a where a.isopen=a.infoid+(324855)+1 ORDER BY ISNULL(a.parentId,0),a.viewIndex,a.infoId
2020-10-21 16:28:06,850 ERROR weaver.systeminfo.menuconfig.MenuUtil  - 菜单查询sql:select * from (select isnull(c.isopen,m.infoid+(324855)+1) as isopen,m.* from ( ( SELECT t1.id as infoId, t1.labelId , t1.isCustom, t1.refersubid,t1.iconUrl,t1.TopIconUrl,t1.linkAddress ,t1.baseTarget,t1.parentId,t1.useCustomName as infoUseCustomName,t1.customName as infoCustomName,t1.customName_e as infoCustomName_e,t1.customName_t as infoCustomName_t,t1.module, t2.id,t2.visible,t2.viewIndex,t2.locked,t2.lockedById,t2.useCustomName,t2.customName,t2.customName_e,t2.customName_t,t2.resourcetype,t2.resourceid ,case when t1.isCustom=2 then t1.topmenuname else t2.topmenuname end topmenuname,case when t1.isCustom=2 then t1.topname_e else t2.topname_e end topname_e,case when t1.isCustom=2 then t1.topname_t else t2.topname_t end topname_t ,allt.c as  allParent,curt.c as curParent  FROM leftmenuinfo t1  left join (select count(0) c,parentId from leftmenuinfo group by  parentId )allt on t1.id=allt.parentId  left join (select count(0) c,parentId from leftmenuinfo it1 inner join leftmenuconfig it2 on it2.infoId = it1.id where it2.resourcetype = 3  and it2.resourceid = 1 group by it1.parentId)curt on t1.id=curt.parentId , leftmenuconfig t2 , SystemModule t3  WHERE t2.infoId = t1.id  AND t1.relatedModuleId = t3.id   and ((t2.resourcetype=1 and t2.resourceid =1) or (t2.resourcetype=3 and t2.resourceid=1)) AND t2.visible=1  AND t3.moduleReleased = 1 and t1.id in (SELECT infoid FROM menushareinfo WHERE (  CASE WHEN (sharetype = 1 AND sharevalue in (0,-2)  and dbo.Get_StrArrayStrOfIndex(isnull(seclevel,'0.1-0.1'),'-',1)<=30 and dbo.Get_StrArrayStrOfIndex(isnull(seclevel,'0.1-0.1'),'-',2)>=30 ) THEN  1 ELSE 0 END   = 1 OR   CASE WHEN (sharetype = 3 and dbo.Get_StrArrayStrOfIndex(isnull(seclevel,'0.1-0.1'),'-',1)<=30 and dbo.Get_StrArrayStrOfIndex(isnull(seclevel,'0.1-0.1'),'-',2)>=30 ) THEN  1 ELSE 0 END   = 1 OR   CASE WHEN (sharetype = 5 AND sharevalue = 1) THEN  1 ELSE 0 END   = 1   OR  CASE WHEN (sharetype = 6 AND sharevalue in (0,-4) and dbo.Get_StrArrayStrOfIndex(isnull(seclevel,'0.1-0.1'),'-',1)<=30 and dbo.Get_StrArrayStrOfIndex(isnull(seclevel,'0.1-0.1'),'-',2)>=30 ) THEN  1 ELSE 0 END   = 1 OR CASE WHEN (sharetype = 7 AND sharevalue = 0  and   ( case when jobtitlelevel=1  Then 1 else 0 end = 1     or       case when (jobtitlelevel=2 and ( '%,'+jobtitlesharevalue+',%' like '%,0,%'  or  '%,'+jobtitlesharevalue+',%' like '%,-2,%' ) ) Then 1 else 0 end = 1        or       case when (jobtitlelevel=3 and ( '%,'+jobtitlesharevalue+',%' like '%,0,%'  or  '%,'+jobtitlesharevalue+',%' like '%,-4,%' ) ) Then 1 else 0 end = 1    )) THEN  1 ELSE 0 END   = 1   OR    CASE WHEN (sharetype = 2 AND sharevalue IN ( select roleid  from hrmrolemembers role WHERE rolelevel <=role.rolelevel AND role.resourceid =1 ) and dbo.Get_StrArrayStrOfIndex(isnull(seclevel,'0.1-0.1'),'-',1)<=30 and dbo.Get_StrArrayStrOfIndex(isnull(seclevel,'0.1-0.1'),'-',2)>=30 ) THEN  1 ELSE 0 END   = 1  )  and resourcetype=1 and resourceid =1 and menutype='left' )  ) union ( SELECT t1.id as infoId, t1.labelId , t1.isCustom, t1.refersubid,t1.iconUrl,t1.TopIconUrl,t1.linkAddress ,t1.baseTarget,t1.parentId,t1.useCustomName as infoUseCustomName,t1.customName as infoCustomName,t1.customName_e as infoCustomName_e,t1.customName_t as infoCustomName_t,t1.module, t2.id,t2.visible,t2.viewIndex,t2.locked,t2.lockedById,t2.useCustomName,t2.customName,t2.customName_e,t2.customName_t,t2.resourcetype,t2.resourceid ,case when t1.isCustom=2 then t1.topmenuname else t2.topmenuname end topmenuname,case when t1.isCustom=2 then t1.topname_e else t2.topname_e end topname_e,case when t1.isCustom=2 then t1.topname_t else t2.topname_t end topname_t ,allt.c as  allParent,curt.c as curParent  FROM leftmenuinfo t1  left join (select count(0) c,parentId from leftmenuinfo group by  parentId )allt on t1.id=allt.parentId  left join (select count(0) c,parentId from leftmenuinfo it1 inner join leftmenuconfig it2 on it2.infoId = it1.id where it2.resourcetype = 3  and it2.resourceid = 1 group by it1.parentId)curt on t1.id=curt.parentId , leftmenuconfig t2 , SystemModule t3  WHERE t2.infoId = t1.id  AND t1.relatedModuleId = t3.id   and ((t2.resourcetype=1 and t2.resourceid =1) or (t2.resourcetype=3 and t2.resourceid=1)) AND t2.visible=1  AND t3.moduleReleased = 1 and t1.id not in (SELECT infoid FROM menushareinfo where menutype='left'  and resourcetype=1 and resourceid =1 )  ) ) m left join menucontrollist c on m.infoid+324789=c.menuid and c.type='left') a where a.isopen=a.infoid+(324855)+1 ORDER BY ISNULL(a.parentId,0),a.viewIndex,a.infoId
2020-10-21 16:30:00,070 ERROR com.shxiv.hfwh.rest.http.HttpServiceImpl  - 传入路径： http://rfid.chinabrandsgroup.com.cn:5618/api/acc_in?key=oa@mail.com&timestamp=20201021163000&sign=db1b91fe84a3c2a95a88e1340ae2c82a
2020-10-21 16:30:01,375 ERROR com.shxiv.hfwh.rest.http.HttpServiceImpl  - 获取ERP-辅料备货数据job成功了！ 
2020-10-21 16:30:01,375 ERROR com.shxiv.hfwh.rest.http.HttpServiceImpl  - 辅料申请开始！ 
2020-10-21 16:30:01,375 ERROR com.shxiv.hfwh.rest.http.HttpServiceImpl  - 传入路径： http://rfid.chinabrandsgroup.com.cn:5618/api/acc_out?key=oa@mail.com&timestamp=20201021163000&sign=db1b91fe84a3c2a95a88e1340ae2c82a
2020-10-21 16:30:01,404 ERROR com.shxiv.hfwh.rest.http.HttpServiceImpl  - 获取ERP-辅料申请数据job成功了！ 
2020-10-21 16:30:01,404 ERROR com.shxiv.hfwh.rest.http.HttpServiceImpl  - 防伪标申请1开始！ 
2020-10-21 16:30:01,404 ERROR com.shxiv.hfwh.rest.http.HttpServiceImpl  - 传入路径： http://rfid.chinabrandsgroup.com.cn:5618/api/fake_out?key=oa@mail.com&timestamp=20201021163000&sign=db1b91fe84a3c2a95a88e1340ae2c82a
2020-10-21 16:30:01,436 ERROR com.shxiv.hfwh.rest.http.HttpServiceImpl  - 获取ERP-防伪申请数据job成功了！ 
2020-10-21 16:30:01,436 ERROR com.shxiv.hfwh.rest.http.HttpServiceImpl  - 防伪标申请2开始！ 
2020-10-21 16:30:01,436 ERROR com.shxiv.hfwh.rest.http.HttpServiceImpl  - 传入路径： http://rfid.chinabrandsgroup.com.cn:5618/api/fakenum_out?key=oa@mail.com&timestamp=20201021163000&sign=db1b91fe84a3c2a95a88e1340ae2c82a
2020-10-21 16:30:01,466 ERROR com.shxiv.hfwh.rest.http.HttpServiceImpl  - 获取ERP-防伪申请2数据job成功了！ 
2020-10-21 16:30:01,466 ERROR com.shxiv.hfwh.rest.http.HttpServiceImpl  - 防伪标备货开始！ 
2020-10-21 16:30:01,466 ERROR com.shxiv.hfwh.rest.http.HttpServiceImpl  - 传入路径： http://rfid.chinabrandsgroup.com.cn:5618/api/fake_in?key=oa@mail.com&timestamp=20201021163000&sign=db1b91fe84a3c2a95a88e1340ae2c82a
2020-10-21 16:30:01,494 ERROR com.shxiv.hfwh.rest.http.HttpServiceImpl  - 获取ERP-防伪标备货数据job成功了！ 
2020-10-21 16:30:01,494 ERROR com.shxiv.hfwh.rest.http.HttpServiceImpl  - 防伪标备货2开始！ 
2020-10-21 16:30:01,495 ERROR com.shxiv.hfwh.rest.http.HttpServiceImpl  - 传入路径： http://rfid.chinabrandsgroup.com.cn:5618/api/fakenum_in?key=oa@mail.com&timestamp=20201021163000&sign=db1b91fe84a3c2a95a88e1340ae2c82a
2020-10-21 16:30:01,528 ERROR com.shxiv.hfwh.rest.http.HttpServiceImpl  - 获取ERP-防伪申请2数据job成功了！ 
2020-10-21 16:35:00,020 ERROR com.shxiv.hfwh.rest.http.HttpServiceImpl  - 传入路径： http://rfid.chinabrandsgroup.com.cn:5618/api/acc_in?key=oa@mail.com&timestamp=20201021163500&sign=f47305481364a1b4f8dc7b18e74b8e82
2020-10-21 16:35:00,047 ERROR com.shxiv.hfwh.rest.http.HttpServiceImpl  - 获取ERP-辅料备货数据job成功了！ 
2020-10-21 16:35:00,047 ERROR com.shxiv.hfwh.rest.http.HttpServiceImpl  - 辅料申请开始！ 
2020-10-21 16:35:00,047 ERROR com.shxiv.hfwh.rest.http.HttpServiceImpl  - 传入路径： http://rfid.chinabrandsgroup.com.cn:5618/api/acc_out?key=oa@mail.com&timestamp=20201021163500&sign=f47305481364a1b4f8dc7b18e74b8e82
2020-10-21 16:35:00,074 ERROR com.shxiv.hfwh.rest.http.HttpServiceImpl  - 获取ERP-辅料申请数据job成功了！ 
2020-10-21 16:35:00,074 ERROR com.shxiv.hfwh.rest.http.HttpServiceImpl  - 防伪标申请1开始！ 
2020-10-21 16:35:00,074 ERROR com.shxiv.hfwh.rest.http.HttpServiceImpl  - 传入路径： http://rfid.chinabrandsgroup.com.cn:5618/api/fake_out?key=oa@mail.com&timestamp=20201021163500&sign=f47305481364a1b4f8dc7b18e74b8e82
2020-10-21 16:35:00,105 ERROR com.shxiv.hfwh.rest.http.HttpServiceImpl  - 获取ERP-防伪申请数据job成功了！ 
2020-10-21 16:35:00,105 ERROR com.shxiv.hfwh.rest.http.HttpServiceImpl  - 防伪标申请2开始！ 
2020-10-21 16:35:00,105 ERROR com.shxiv.hfwh.rest.http.HttpServiceImpl  - 传入路径： http://rfid.chinabrandsgroup.com.cn:5618/api/fakenum_out?key=oa@mail.com&timestamp=20201021163500&sign=f47305481364a1b4f8dc7b18e74b8e82
2020-10-21 16:35:00,136 ERROR com.shxiv.hfwh.rest.http.HttpServiceImpl  - 获取ERP-防伪申请2数据job成功了！ 
2020-10-21 16:35:00,136 ERROR com.shxiv.hfwh.rest.http.HttpServiceImpl  - 防伪标备货开始！ 
2020-10-21 16:35:00,136 ERROR com.shxiv.hfwh.rest.http.HttpServiceImpl  - 传入路径： http://rfid.chinabrandsgroup.com.cn:5618/api/fake_in?key=oa@mail.com&timestamp=20201021163500&sign=f47305481364a1b4f8dc7b18e74b8e82
2020-10-21 16:35:00,162 ERROR com.shxiv.hfwh.rest.http.HttpServiceImpl  - 获取ERP-防伪标备货数据job成功了！ 
2020-10-21 16:35:00,163 ERROR com.shxiv.hfwh.rest.http.HttpServiceImpl  - 防伪标备货2开始！ 
2020-10-21 16:35:00,163 ERROR com.shxiv.hfwh.rest.http.HttpServiceImpl  - 传入路径： http://rfid.chinabrandsgroup.com.cn:5618/api/fakenum_in?key=oa@mail.com&timestamp=20201021163500&sign=f47305481364a1b4f8dc7b18e74b8e82
2020-10-21 16:35:00,197 ERROR com.shxiv.hfwh.rest.http.HttpServiceImpl  - 获取ERP-防伪申请2数据job成功了！ 
2020-10-21 16:40:00,017 ERROR com.shxiv.hfwh.rest.http.HttpServiceImpl  - 传入路径： http://rfid.chinabrandsgroup.com.cn:5618/api/acc_in?key=oa@mail.com&timestamp=20201021164000&sign=5f0c4fbab293561a254a0991da4fb4b5
2020-10-21 16:40:00,123 ERROR com.shxiv.hfwh.rest.http.HttpServiceImpl  - 获取ERP-辅料备货数据job成功了！ 
2020-10-21 16:40:00,123 ERROR com.shxiv.hfwh.rest.http.HttpServiceImpl  - 辅料申请开始！ 
2020-10-21 16:40:00,123 ERROR com.shxiv.hfwh.rest.http.HttpServiceImpl  - 传入路径： http://rfid.chinabrandsgroup.com.cn:5618/api/acc_out?key=oa@mail.com&timestamp=20201021164000&sign=5f0c4fbab293561a254a0991da4fb4b5
2020-10-21 16:40:00,146 ERROR com.shxiv.hfwh.rest.http.HttpServiceImpl  - 获取ERP-辅料申请数据job成功了！ 
2020-10-21 16:40:00,147 ERROR com.shxiv.hfwh.rest.http.HttpServiceImpl  - 防伪标申请1开始！ 
2020-10-21 16:40:00,147 ERROR com.shxiv.hfwh.rest.http.HttpServiceImpl  - 传入路径： http://rfid.chinabrandsgroup.com.cn:5618/api/fake_out?key=oa@mail.com&timestamp=20201021164000&sign=5f0c4fbab293561a254a0991da4fb4b5
2020-10-21 16:40:00,180 ERROR com.shxiv.hfwh.rest.http.HttpServiceImpl  - 获取ERP-防伪申请数据job成功了！ 
2020-10-21 16:40:00,180 ERROR com.shxiv.hfwh.rest.http.HttpServiceImpl  - 防伪标申请2开始！ 
2020-10-21 16:40:00,180 ERROR com.shxiv.hfwh.rest.http.HttpServiceImpl  - 传入路径： http://rfid.chinabrandsgroup.com.cn:5618/api/fakenum_out?key=oa@mail.com&timestamp=20201021164000&sign=5f0c4fbab293561a254a0991da4fb4b5
2020-10-21 16:40:00,224 ERROR com.shxiv.hfwh.rest.http.HttpServiceImpl  - 获取ERP-防伪申请2数据job成功了！ 
2020-10-21 16:40:00,225 ERROR com.shxiv.hfwh.rest.http.HttpServiceImpl  - 防伪标备货开始！ 
2020-10-21 16:40:00,225 ERROR com.shxiv.hfwh.rest.http.HttpServiceImpl  - 传入路径： http://rfid.chinabrandsgroup.com.cn:5618/api/fake_in?key=oa@mail.com&timestamp=20201021164000&sign=5f0c4fbab293561a254a0991da4fb4b5
2020-10-21 16:40:00,272 ERROR com.shxiv.hfwh.rest.http.HttpServiceImpl  - 获取ERP-防伪标备货数据job成功了！ 
2020-10-21 16:40:00,272 ERROR com.shxiv.hfwh.rest.http.HttpServiceImpl  - 防伪标备货2开始！ 
2020-10-21 16:40:00,273 ERROR com.shxiv.hfwh.rest.http.HttpServiceImpl  - 传入路径： http://rfid.chinabrandsgroup.com.cn:5618/api/fakenum_in?key=oa@mail.com&timestamp=20201021164000&sign=5f0c4fbab293561a254a0991da4fb4b5
2020-10-21 16:40:00,352 ERROR com.shxiv.hfwh.rest.http.HttpServiceImpl  - 获取ERP-防伪申请2数据job成功了！ 
2020-10-21 16:45:00,015 ERROR com.shxiv.hfwh.rest.http.HttpServiceImpl  - 传入路径： http://rfid.chinabrandsgroup.com.cn:5618/api/acc_in?key=oa@mail.com&timestamp=20201021164500&sign=b0002ee1d1f60f5a14fdf8470f302194
2020-10-21 16:45:00,113 ERROR com.shxiv.hfwh.rest.http.HttpServiceImpl  - 获取ERP-辅料备货数据job成功了！ 
2020-10-21 16:45:00,113 ERROR com.shxiv.hfwh.rest.http.HttpServiceImpl  - 辅料申请开始！ 
2020-10-21 16:45:00,113 ERROR com.shxiv.hfwh.rest.http.HttpServiceImpl  - 传入路径： http://rfid.chinabrandsgroup.com.cn:5618/api/acc_out?key=oa@mail.com&timestamp=20201021164500&sign=b0002ee1d1f60f5a14fdf8470f302194
2020-10-21 16:45:00,150 ERROR com.shxiv.hfwh.rest.http.HttpServiceImpl  - 获取ERP-辅料申请数据job成功了！ 
2020-10-21 16:45:00,150 ERROR com.shxiv.hfwh.rest.http.HttpServiceImpl  - 防伪标申请1开始！ 
2020-10-21 16:45:00,150 ERROR com.shxiv.hfwh.rest.http.HttpServiceImpl  - 传入路径： http://rfid.chinabrandsgroup.com.cn:5618/api/fake_out?key=oa@mail.com&timestamp=20201021164500&sign=b0002ee1d1f60f5a14fdf8470f302194
2020-10-21 16:45:00,180 ERROR com.shxiv.hfwh.rest.http.HttpServiceImpl  - 获取ERP-防伪申请数据job成功了！ 
2020-10-21 16:45:00,180 ERROR com.shxiv.hfwh.rest.http.HttpServiceImpl  - 防伪标申请2开始！ 
2020-10-21 16:45:00,180 ERROR com.shxiv.hfwh.rest.http.HttpServiceImpl  - 传入路径： http://rfid.chinabrandsgroup.com.cn:5618/api/fakenum_out?key=oa@mail.com&timestamp=20201021164500&sign=b0002ee1d1f60f5a14fdf8470f302194
2020-10-21 16:45:00,224 ERROR com.shxiv.hfwh.rest.http.HttpServiceImpl  - 获取ERP-防伪申请2数据job成功了！ 
2020-10-21 16:45:00,224 ERROR com.shxiv.hfwh.rest.http.HttpServiceImpl  - 防伪标备货开始！ 
2020-10-21 16:45:00,224 ERROR com.shxiv.hfwh.rest.http.HttpServiceImpl  - 传入路径： http://rfid.chinabrandsgroup.com.cn:5618/api/fake_in?key=oa@mail.com&timestamp=20201021164500&sign=b0002ee1d1f60f5a14fdf8470f302194
2020-10-21 16:45:00,262 ERROR com.shxiv.hfwh.rest.http.HttpServiceImpl  - 获取ERP-防伪标备货数据job成功了！ 
2020-10-21 16:45:00,263 ERROR com.shxiv.hfwh.rest.http.HttpServiceImpl  - 防伪标备货2开始！ 
2020-10-21 16:45:00,263 ERROR com.shxiv.hfwh.rest.http.HttpServiceImpl  - 传入路径： http://rfid.chinabrandsgroup.com.cn:5618/api/fakenum_in?key=oa@mail.com&timestamp=20201021164500&sign=b0002ee1d1f60f5a14fdf8470f302194
2020-10-21 16:45:00,617 ERROR com.shxiv.hfwh.rest.http.HttpServiceImpl  - 获取ERP-防伪申请2数据job成功了！ 
2020-10-21 16:50:00,015 ERROR com.shxiv.hfwh.rest.http.HttpServiceImpl  - 传入路径： http://rfid.chinabrandsgroup.com.cn:5618/api/acc_in?key=oa@mail.com&timestamp=20201021165000&sign=b8973b1c8ff839328ec65c2062e295ef
2020-10-21 16:50:00,093 ERROR com.shxiv.hfwh.rest.http.HttpServiceImpl  - 获取ERP-辅料备货数据job成功了！ 
2020-10-21 16:50:00,093 ERROR com.shxiv.hfwh.rest.http.HttpServiceImpl  - 辅料申请开始！ 
2020-10-21 16:50:00,093 ERROR com.shxiv.hfwh.rest.http.HttpServiceImpl  - 传入路径： http://rfid.chinabrandsgroup.com.cn:5618/api/acc_out?key=oa@mail.com&timestamp=20201021165000&sign=b8973b1c8ff839328ec65c2062e295ef
2020-10-21 16:50:00,115 ERROR com.shxiv.hfwh.rest.http.HttpServiceImpl  - 获取ERP-辅料申请数据job成功了！ 
2020-10-21 16:50:00,115 ERROR com.shxiv.hfwh.rest.http.HttpServiceImpl  - 防伪标申请1开始！ 
2020-10-21 16:50:00,115 ERROR com.shxiv.hfwh.rest.http.HttpServiceImpl  - 传入路径： http://rfid.chinabrandsgroup.com.cn:5618/api/fake_out?key=oa@mail.com&timestamp=20201021165000&sign=b8973b1c8ff839328ec65c2062e295ef
2020-10-21 16:50:00,153 ERROR com.shxiv.hfwh.rest.http.HttpServiceImpl  - 获取ERP-防伪申请数据job成功了！ 
2020-10-21 16:50:00,153 ERROR com.shxiv.hfwh.rest.http.HttpServiceImpl  - 防伪标申请2开始！ 
2020-10-21 16:50:00,153 ERROR com.shxiv.hfwh.rest.http.HttpServiceImpl  - 传入路径： http://rfid.chinabrandsgroup.com.cn:5618/api/fakenum_out?key=oa@mail.com&timestamp=20201021165000&sign=b8973b1c8ff839328ec65c2062e295ef
2020-10-21 16:50:21,201 ERROR com.shxiv.hfwh.rest.http.HttpServiceImpl  - e错误： {"@type":"java.lang.NullPointerException","stackTrace":[{"className":"com.shxiv.hfwh.rest.http.HttpServiceImpl","fileName":"HttpServiceImpl.java","lineNumber":394,"methodName":"addMessage","nativeMethod":false},{"className":"com.shxiv.hfwh.rest.http.HttpServiceImpl","fileName":"HttpServiceImpl.java","lineNumber":23,"methodName":"execute","nativeMethod":false},{"className":"weaver.interfaces.schedule.WeaverJob","fileName":"WeaverJob.java","lineNumber":32,"methodName":"execute","nativeMethod":false},{"className":"org.quartz.core.JobRunShell","fileName":"JobRunShell.java","lineNumber":202,"methodName":"run","nativeMethod":false},{"className":"org.quartz.simpl.SimpleThreadPool$WorkerThread","fileName":"SimpleThreadPool.java","lineNumber":529,"methodName":"run","nativeMethod":false}],"suppressed":[]}
2020-10-21 16:55:00,017 ERROR com.shxiv.hfwh.rest.http.HttpServiceImpl  - 传入路径： http://rfid.chinabrandsgroup.com.cn:5618/api/acc_in?key=oa@mail.com&timestamp=20201021165500&sign=e027b8d0e63a94b61a004620e7c26b59
2020-10-21 16:55:00,141 ERROR com.shxiv.hfwh.rest.http.HttpServiceImpl  - 获取ERP-辅料备货数据job成功了！ 
2020-10-21 16:55:00,142 ERROR com.shxiv.hfwh.rest.http.HttpServiceImpl  - 辅料申请开始！ 
2020-10-21 16:55:00,142 ERROR com.shxiv.hfwh.rest.http.HttpServiceImpl  - 传入路径： http://rfid.chinabrandsgroup.com.cn:5618/api/acc_out?key=oa@mail.com&timestamp=20201021165500&sign=e027b8d0e63a94b61a004620e7c26b59
2020-10-21 16:55:00,176 ERROR com.shxiv.hfwh.rest.http.HttpServiceImpl  - 获取ERP-辅料申请数据job成功了！ 
2020-10-21 16:55:00,176 ERROR com.shxiv.hfwh.rest.http.HttpServiceImpl  - 防伪标申请1开始！ 
2020-10-21 16:55:00,176 ERROR com.shxiv.hfwh.rest.http.HttpServiceImpl  - 传入路径： http://rfid.chinabrandsgroup.com.cn:5618/api/fake_out?key=oa@mail.com&timestamp=20201021165500&sign=e027b8d0e63a94b61a004620e7c26b59
2020-10-21 16:55:00,216 ERROR com.shxiv.hfwh.rest.http.HttpServiceImpl  - 获取ERP-防伪申请数据job成功了！ 
2020-10-21 16:55:00,216 ERROR com.shxiv.hfwh.rest.http.HttpServiceImpl  - 防伪标申请2开始！ 
2020-10-21 16:55:00,216 ERROR com.shxiv.hfwh.rest.http.HttpServiceImpl  - 传入路径： http://rfid.chinabrandsgroup.com.cn:5618/api/fakenum_out?key=oa@mail.com&timestamp=20201021165500&sign=e027b8d0e63a94b61a004620e7c26b59
2020-10-21 16:55:00,247 ERROR com.shxiv.hfwh.rest.http.HttpServiceImpl  - 获取ERP-防伪申请2数据job成功了！ 
2020-10-21 16:55:00,247 ERROR com.shxiv.hfwh.rest.http.HttpServiceImpl  - 防伪标备货开始！ 
2020-10-21 16:55:00,247 ERROR com.shxiv.hfwh.rest.http.HttpServiceImpl  - 传入路径： http://rfid.chinabrandsgroup.com.cn:5618/api/fake_in?key=oa@mail.com&timestamp=20201021165500&sign=e027b8d0e63a94b61a004620e7c26b59
2020-10-21 16:55:00,293 ERROR com.shxiv.hfwh.rest.http.HttpServiceImpl  - 获取ERP-防伪标备货数据job成功了！ 
2020-10-21 16:55:00,293 ERROR com.shxiv.hfwh.rest.http.HttpServiceImpl  - 防伪标备货2开始！ 
2020-10-21 16:55:00,293 ERROR com.shxiv.hfwh.rest.http.HttpServiceImpl  - 传入路径： http://rfid.chinabrandsgroup.com.cn:5618/api/fakenum_in?key=oa@mail.com&timestamp=20201021165500&sign=e027b8d0e63a94b61a004620e7c26b59
2020-10-21 16:55:00,322 ERROR com.shxiv.hfwh.rest.http.HttpServiceImpl  - 获取ERP-防伪申请2数据job成功了！ 
2020-10-21 17:00:00,013 ERROR com.shxiv.hfwh.rest.http.HttpServiceImpl  - 传入路径： http://rfid.chinabrandsgroup.com.cn:5618/api/acc_in?key=oa@mail.com&timestamp=20201021170000&sign=47121e1b159a7c9257bbcc0557f32ff8
2020-10-21 17:00:00,096 ERROR com.shxiv.hfwh.rest.http.HttpServiceImpl  - 获取ERP-辅料备货数据job成功了！ 
2020-10-21 17:00:00,096 ERROR com.shxiv.hfwh.rest.http.HttpServiceImpl  - 辅料申请开始！ 
2020-10-21 17:00:00,096 ERROR com.shxiv.hfwh.rest.http.HttpServiceImpl  - 传入路径： http://rfid.chinabrandsgroup.com.cn:5618/api/acc_out?key=oa@mail.com&timestamp=20201021170000&sign=47121e1b159a7c9257bbcc0557f32ff8
2020-10-21 17:00:00,127 ERROR com.shxiv.hfwh.rest.http.HttpServiceImpl  - 获取ERP-辅料申请数据job成功了！ 
2020-10-21 17:00:00,127 ERROR com.shxiv.hfwh.rest.http.HttpServiceImpl  - 防伪标申请1开始！ 
2020-10-21 17:00:00,127 ERROR com.shxiv.hfwh.rest.http.HttpServiceImpl  - 传入路径： http://rfid.chinabrandsgroup.com.cn:5618/api/fake_out?key=oa@mail.com&timestamp=20201021170000&sign=47121e1b159a7c9257bbcc0557f32ff8
2020-10-21 17:00:00,156 ERROR com.shxiv.hfwh.rest.http.HttpServiceImpl  - 获取ERP-防伪申请数据job成功了！ 
2020-10-21 17:00:00,157 ERROR com.shxiv.hfwh.rest.http.HttpServiceImpl  - 防伪标申请2开始！ 
2020-10-21 17:00:00,157 ERROR com.shxiv.hfwh.rest.http.HttpServiceImpl  - 传入路径： http://rfid.chinabrandsgroup.com.cn:5618/api/fakenum_out?key=oa@mail.com&timestamp=20201021170000&sign=47121e1b159a7c9257bbcc0557f32ff8
2020-10-21 17:00:00,185 ERROR com.shxiv.hfwh.rest.http.HttpServiceImpl  - 获取ERP-防伪申请2数据job成功了！ 
2020-10-21 17:00:00,185 ERROR com.shxiv.hfwh.rest.http.HttpServiceImpl  - 防伪标备货开始！ 
2020-10-21 17:00:00,185 ERROR com.shxiv.hfwh.rest.http.HttpServiceImpl  - 传入路径： http://rfid.chinabrandsgroup.com.cn:5618/api/fake_in?key=oa@mail.com&timestamp=20201021170000&sign=47121e1b159a7c9257bbcc0557f32ff8
2020-10-21 17:00:00,208 ERROR com.shxiv.hfwh.rest.http.HttpServiceImpl  - 获取ERP-防伪标备货数据job成功了！ 
2020-10-21 17:00:00,208 ERROR com.shxiv.hfwh.rest.http.HttpServiceImpl  - 防伪标备货2开始！ 
2020-10-21 17:00:00,208 ERROR com.shxiv.hfwh.rest.http.HttpServiceImpl  - 传入路径： http://rfid.chinabrandsgroup.com.cn:5618/api/fakenum_in?key=oa@mail.com&timestamp=20201021170000&sign=47121e1b159a7c9257bbcc0557f32ff8
2020-10-21 17:00:00,240 ERROR com.shxiv.hfwh.rest.http.HttpServiceImpl  - 获取ERP-防伪申请2数据job成功了！ 
2020-10-21 17:05:00,021 ERROR com.shxiv.hfwh.rest.http.HttpServiceImpl  - 传入路径： http://rfid.chinabrandsgroup.com.cn:5618/api/acc_in?key=oa@mail.com&timestamp=20201021170500&sign=4b6fb8a248f3c3507419e65ab235acaf
2020-10-21 17:05:00,100 ERROR com.shxiv.hfwh.rest.http.HttpServiceImpl  - 获取ERP-辅料备货数据job成功了！ 
2020-10-21 17:05:00,100 ERROR com.shxiv.hfwh.rest.http.HttpServiceImpl  - 辅料申请开始！ 
2020-10-21 17:05:00,101 ERROR com.shxiv.hfwh.rest.http.HttpServiceImpl  - 传入路径： http://rfid.chinabrandsgroup.com.cn:5618/api/acc_out?key=oa@mail.com&timestamp=20201021170500&sign=4b6fb8a248f3c3507419e65ab235acaf
2020-10-21 17:05:00,136 ERROR com.shxiv.hfwh.rest.http.HttpServiceImpl  - 获取ERP-辅料申请数据job成功了！ 
2020-10-21 17:05:00,136 ERROR com.shxiv.hfwh.rest.http.HttpServiceImpl  - 防伪标申请1开始！ 
2020-10-21 17:05:00,136 ERROR com.shxiv.hfwh.rest.http.HttpServiceImpl  - 传入路径： http://rfid.chinabrandsgroup.com.cn:5618/api/fake_out?key=oa@mail.com&timestamp=20201021170500&sign=4b6fb8a248f3c3507419e65ab235acaf
2020-10-21 17:05:00,186 ERROR com.shxiv.hfwh.rest.http.HttpServiceImpl  - 获取ERP-防伪申请数据job成功了！ 
2020-10-21 17:05:00,186 ERROR com.shxiv.hfwh.rest.http.HttpServiceImpl  - 防伪标申请2开始！ 
2020-10-21 17:05:00,187 ERROR com.shxiv.hfwh.rest.http.HttpServiceImpl  - 传入路径： http://rfid.chinabrandsgroup.com.cn:5618/api/fakenum_out?key=oa@mail.com&timestamp=20201021170500&sign=4b6fb8a248f3c3507419e65ab235acaf
2020-10-21 17:05:00,219 ERROR com.shxiv.hfwh.rest.http.HttpServiceImpl  - 获取ERP-防伪申请2数据job成功了！ 
2020-10-21 17:05:00,219 ERROR com.shxiv.hfwh.rest.http.HttpServiceImpl  - 防伪标备货开始！ 
2020-10-21 17:05:00,219 ERROR com.shxiv.hfwh.rest.http.HttpServiceImpl  - 传入路径： http://rfid.chinabrandsgroup.com.cn:5618/api/fake_in?key=oa@mail.com&timestamp=20201021170500&sign=4b6fb8a248f3c3507419e65ab235acaf
2020-10-21 17:05:00,251 ERROR com.shxiv.hfwh.rest.http.HttpServiceImpl  - 获取ERP-防伪标备货数据job成功了！ 
2020-10-21 17:05:00,251 ERROR com.shxiv.hfwh.rest.http.HttpServiceImpl  - 防伪标备货2开始！ 
2020-10-21 17:05:00,251 ERROR com.shxiv.hfwh.rest.http.HttpServiceImpl  - 传入路径： http://rfid.chinabrandsgroup.com.cn:5618/api/fakenum_in?key=oa@mail.com&timestamp=20201021170500&sign=4b6fb8a248f3c3507419e65ab235acaf
2020-10-21 17:05:00,292 ERROR com.shxiv.hfwh.rest.http.HttpServiceImpl  - 获取ERP-防伪申请2数据job成功了！ 
2020-10-21 17:06:41,145 ERROR weaver.email.MailTimingDateReceive  - 自动接收邮件定时任务开始--单线程
2020-10-21 17:06:41,149 ERROR weaver.email.MailTimingDateReceive  - 自动接收邮件定时任务结束--没有开启外部邮件或者自动接收功能--单线程
2020-10-21 17:10:00,021 ERROR com.shxiv.hfwh.rest.http.HttpServiceImpl  - 传入路径： http://rfid.chinabrandsgroup.com.cn:5618/api/acc_in?key=oa@mail.com&timestamp=20201021171000&sign=cda7dd2523e91f3ff9c287d224ebd6b8
2020-10-21 17:10:00,102 ERROR com.shxiv.hfwh.rest.http.HttpServiceImpl  - 获取ERP-辅料备货数据job成功了！ 
2020-10-21 17:10:00,102 ERROR com.shxiv.hfwh.rest.http.HttpServiceImpl  - 辅料申请开始！ 
2020-10-21 17:10:00,102 ERROR com.shxiv.hfwh.rest.http.HttpServiceImpl  - 传入路径： http://rfid.chinabrandsgroup.com.cn:5618/api/acc_out?key=oa@mail.com&timestamp=20201021171000&sign=cda7dd2523e91f3ff9c287d224ebd6b8
2020-10-21 17:10:00,131 ERROR com.shxiv.hfwh.rest.http.HttpServiceImpl  - 获取ERP-辅料申请数据job成功了！ 
2020-10-21 17:10:00,131 ERROR com.shxiv.hfwh.rest.http.HttpServiceImpl  - 防伪标申请1开始！ 
2020-10-21 17:10:00,131 ERROR com.shxiv.hfwh.rest.http.HttpServiceImpl  - 传入路径： http://rfid.chinabrandsgroup.com.cn:5618/api/fake_out?key=oa@mail.com&timestamp=20201021171000&sign=cda7dd2523e91f3ff9c287d224ebd6b8
2020-10-21 17:10:00,162 ERROR com.shxiv.hfwh.rest.http.HttpServiceImpl  - 获取ERP-防伪申请数据job成功了！ 
2020-10-21 17:10:00,162 ERROR com.shxiv.hfwh.rest.http.HttpServiceImpl  - 防伪标申请2开始！ 
2020-10-21 17:10:00,162 ERROR com.shxiv.hfwh.rest.http.HttpServiceImpl  - 传入路径： http://rfid.chinabrandsgroup.com.cn:5618/api/fakenum_out?key=oa@mail.com&timestamp=20201021171000&sign=cda7dd2523e91f3ff9c287d224ebd6b8
2020-10-21 17:10:00,188 ERROR com.shxiv.hfwh.rest.http.HttpServiceImpl  - 获取ERP-防伪申请2数据job成功了！ 
2020-10-21 17:10:00,188 ERROR com.shxiv.hfwh.rest.http.HttpServiceImpl  - 防伪标备货开始！ 
2020-10-21 17:10:00,188 ERROR com.shxiv.hfwh.rest.http.HttpServiceImpl  - 传入路径： http://rfid.chinabrandsgroup.com.cn:5618/api/fake_in?key=oa@mail.com&timestamp=20201021171000&sign=cda7dd2523e91f3ff9c287d224ebd6b8
2020-10-21 17:10:00,263 ERROR com.shxiv.hfwh.rest.http.HttpServiceImpl  - 获取ERP-防伪标备货数据job成功了！ 
2020-10-21 17:10:00,264 ERROR com.shxiv.hfwh.rest.http.HttpServiceImpl  - 防伪标备货2开始！ 
2020-10-21 17:10:00,264 ERROR com.shxiv.hfwh.rest.http.HttpServiceImpl  - 传入路径： http://rfid.chinabrandsgroup.com.cn:5618/api/fakenum_in?key=oa@mail.com&timestamp=20201021171000&sign=cda7dd2523e91f3ff9c287d224ebd6b8
2020-10-21 17:10:00,292 ERROR com.shxiv.hfwh.rest.http.HttpServiceImpl  - 获取ERP-防伪申请2数据job成功了！ 
2020-10-21 17:15:00,024 ERROR com.shxiv.hfwh.rest.http.HttpServiceImpl  - 传入路径： http://rfid.chinabrandsgroup.com.cn:5618/api/acc_in?key=oa@mail.com&timestamp=20201021171500&sign=9889a15e059ff129f659c3ce421648f2
2020-10-21 17:15:00,103 ERROR com.shxiv.hfwh.rest.http.HttpServiceImpl  - 获取ERP-辅料备货数据job成功了！ 
2020-10-21 17:15:00,103 ERROR com.shxiv.hfwh.rest.http.HttpServiceImpl  - 辅料申请开始！ 
2020-10-21 17:15:00,103 ERROR com.shxiv.hfwh.rest.http.HttpServiceImpl  - 传入路径： http://rfid.chinabrandsgroup.com.cn:5618/api/acc_out?key=oa@mail.com&timestamp=20201021171500&sign=9889a15e059ff129f659c3ce421648f2
2020-10-21 17:15:00,132 ERROR com.shxiv.hfwh.rest.http.HttpServiceImpl  - 获取ERP-辅料申请数据job成功了！ 
2020-10-21 17:15:00,132 ERROR com.shxiv.hfwh.rest.http.HttpServiceImpl  - 防伪标申请1开始！ 
2020-10-21 17:15:00,132 ERROR com.shxiv.hfwh.rest.http.HttpServiceImpl  - 传入路径： http://rfid.chinabrandsgroup.com.cn:5618/api/fake_out?key=oa@mail.com&timestamp=20201021171500&sign=9889a15e059ff129f659c3ce421648f2
2020-10-21 17:15:00,161 ERROR com.shxiv.hfwh.rest.http.HttpServiceImpl  - 获取ERP-防伪申请数据job成功了！ 
2020-10-21 17:15:00,161 ERROR com.shxiv.hfwh.rest.http.HttpServiceImpl  - 防伪标申请2开始！ 
2020-10-21 17:15:00,161 ERROR com.shxiv.hfwh.rest.http.HttpServiceImpl  - 传入路径： http://rfid.chinabrandsgroup.com.cn:5618/api/fakenum_out?key=oa@mail.com&timestamp=20201021171500&sign=9889a15e059ff129f659c3ce421648f2
2020-10-21 17:15:00,187 ERROR com.shxiv.hfwh.rest.http.HttpServiceImpl  - 获取ERP-防伪申请2数据job成功了！ 
2020-10-21 17:15:00,187 ERROR com.shxiv.hfwh.rest.http.HttpServiceImpl  - 防伪标备货开始！ 
2020-10-21 17:15:00,187 ERROR com.shxiv.hfwh.rest.http.HttpServiceImpl  - 传入路径： http://rfid.chinabrandsgroup.com.cn:5618/api/fake_in?key=oa@mail.com&timestamp=20201021171500&sign=9889a15e059ff129f659c3ce421648f2
2020-10-21 17:15:00,215 ERROR com.shxiv.hfwh.rest.http.HttpServiceImpl  - 获取ERP-防伪标备货数据job成功了！ 
2020-10-21 17:15:00,215 ERROR com.shxiv.hfwh.rest.http.HttpServiceImpl  - 防伪标备货2开始！ 
2020-10-21 17:15:00,215 ERROR com.shxiv.hfwh.rest.http.HttpServiceImpl  - 传入路径： http://rfid.chinabrandsgroup.com.cn:5618/api/fakenum_in?key=oa@mail.com&timestamp=20201021171500&sign=9889a15e059ff129f659c3ce421648f2
2020-10-21 17:15:00,247 ERROR com.shxiv.hfwh.rest.http.HttpServiceImpl  - 获取ERP-防伪申请2数据job成功了！ 
2020-10-21 17:20:00,021 ERROR com.shxiv.hfwh.rest.http.HttpServiceImpl  - 传入路径： http://rfid.chinabrandsgroup.com.cn:5618/api/acc_in?key=oa@mail.com&timestamp=20201021172000&sign=fd0cdb12a13426608286c120d0c026ff
2020-10-21 17:20:00,106 ERROR com.shxiv.hfwh.rest.http.HttpServiceImpl  - 获取ERP-辅料备货数据job成功了！ 
2020-10-21 17:20:00,106 ERROR com.shxiv.hfwh.rest.http.HttpServiceImpl  - 辅料申请开始！ 
2020-10-21 17:20:00,106 ERROR com.shxiv.hfwh.rest.http.HttpServiceImpl  - 传入路径： http://rfid.chinabrandsgroup.com.cn:5618/api/acc_out?key=oa@mail.com&timestamp=20201021172000&sign=fd0cdb12a13426608286c120d0c026ff
2020-10-21 17:20:00,139 ERROR com.shxiv.hfwh.rest.http.HttpServiceImpl  - 获取ERP-辅料申请数据job成功了！ 
2020-10-21 17:20:00,140 ERROR com.shxiv.hfwh.rest.http.HttpServiceImpl  - 防伪标申请1开始！ 
2020-10-21 17:20:00,140 ERROR com.shxiv.hfwh.rest.http.HttpServiceImpl  - 传入路径： http://rfid.chinabrandsgroup.com.cn:5618/api/fake_out?key=oa@mail.com&timestamp=20201021172000&sign=fd0cdb12a13426608286c120d0c026ff
2020-10-21 17:20:00,179 ERROR com.shxiv.hfwh.rest.http.HttpServiceImpl  - 获取ERP-防伪申请数据job成功了！ 
2020-10-21 17:20:00,179 ERROR com.shxiv.hfwh.rest.http.HttpServiceImpl  - 防伪标申请2开始！ 
2020-10-21 17:20:00,179 ERROR com.shxiv.hfwh.rest.http.HttpServiceImpl  - 传入路径： http://rfid.chinabrandsgroup.com.cn:5618/api/fakenum_out?key=oa@mail.com&timestamp=20201021172000&sign=fd0cdb12a13426608286c120d0c026ff
2020-10-21 17:20:00,215 ERROR com.shxiv.hfwh.rest.http.HttpServiceImpl  - 获取ERP-防伪申请2数据job成功了！ 
2020-10-21 17:20:00,215 ERROR com.shxiv.hfwh.rest.http.HttpServiceImpl  - 防伪标备货开始！ 
2020-10-21 17:20:00,215 ERROR com.shxiv.hfwh.rest.http.HttpServiceImpl  - 传入路径： http://rfid.chinabrandsgroup.com.cn:5618/api/fake_in?key=oa@mail.com&timestamp=20201021172000&sign=fd0cdb12a13426608286c120d0c026ff
2020-10-21 17:20:00,332 ERROR com.shxiv.hfwh.rest.http.HttpServiceImpl  - 获取ERP-防伪标备货数据job成功了！ 
2020-10-21 17:20:00,332 ERROR com.shxiv.hfwh.rest.http.HttpServiceImpl  - 防伪标备货2开始！ 
2020-10-21 17:20:00,332 ERROR com.shxiv.hfwh.rest.http.HttpServiceImpl  - 传入路径： http://rfid.chinabrandsgroup.com.cn:5618/api/fakenum_in?key=oa@mail.com&timestamp=20201021172000&sign=fd0cdb12a13426608286c120d0c026ff
2020-10-21 17:20:00,378 ERROR com.shxiv.hfwh.rest.http.HttpServiceImpl  - 获取ERP-防伪申请2数据job成功了！ 
2020-10-21 17:25:00,015 ERROR com.shxiv.hfwh.rest.http.HttpServiceImpl  - 传入路径： http://rfid.chinabrandsgroup.com.cn:5618/api/acc_in?key=oa@mail.com&timestamp=20201021172500&sign=cb63a89539c332a8f52d08e9fe1e1fd8
2020-10-21 17:25:00,111 ERROR com.shxiv.hfwh.rest.http.HttpServiceImpl  - 获取ERP-辅料备货数据job成功了！ 
2020-10-21 17:25:00,111 ERROR com.shxiv.hfwh.rest.http.HttpServiceImpl  - 辅料申请开始！ 
2020-10-21 17:25:00,111 ERROR com.shxiv.hfwh.rest.http.HttpServiceImpl  - 传入路径： http://rfid.chinabrandsgroup.com.cn:5618/api/acc_out?key=oa@mail.com&timestamp=20201021172500&sign=cb63a89539c332a8f52d08e9fe1e1fd8
2020-10-21 17:25:00,210 ERROR com.shxiv.hfwh.rest.http.HttpServiceImpl  - 获取ERP-辅料申请数据job成功了！ 
2020-10-21 17:25:00,210 ERROR com.shxiv.hfwh.rest.http.HttpServiceImpl  - 防伪标申请1开始！ 
2020-10-21 17:25:00,210 ERROR com.shxiv.hfwh.rest.http.HttpServiceImpl  - 传入路径： http://rfid.chinabrandsgroup.com.cn:5618/api/fake_out?key=oa@mail.com&timestamp=20201021172500&sign=cb63a89539c332a8f52d08e9fe1e1fd8
2020-10-21 17:25:00,305 ERROR com.shxiv.hfwh.rest.http.HttpServiceImpl  - 获取ERP-防伪申请数据job成功了！ 
2020-10-21 17:25:00,305 ERROR com.shxiv.hfwh.rest.http.HttpServiceImpl  - 防伪标申请2开始！ 
2020-10-21 17:25:00,305 ERROR com.shxiv.hfwh.rest.http.HttpServiceImpl  - 传入路径： http://rfid.chinabrandsgroup.com.cn:5618/api/fakenum_out?key=oa@mail.com&timestamp=20201021172500&sign=cb63a89539c332a8f52d08e9fe1e1fd8
2020-10-21 17:25:00,359 ERROR com.shxiv.hfwh.rest.http.HttpServiceImpl  - 获取ERP-防伪申请2数据job成功了！ 
2020-10-21 17:25:00,359 ERROR com.shxiv.hfwh.rest.http.HttpServiceImpl  - 防伪标备货开始！ 
2020-10-21 17:25:00,359 ERROR com.shxiv.hfwh.rest.http.HttpServiceImpl  - 传入路径： http://rfid.chinabrandsgroup.com.cn:5618/api/fake_in?key=oa@mail.com&timestamp=20201021172500&sign=cb63a89539c332a8f52d08e9fe1e1fd8
2020-10-21 17:25:00,488 ERROR com.shxiv.hfwh.rest.http.HttpServiceImpl  - 获取ERP-防伪标备货数据job成功了！ 
2020-10-21 17:25:00,488 ERROR com.shxiv.hfwh.rest.http.HttpServiceImpl  - 防伪标备货2开始！ 
2020-10-21 17:25:00,488 ERROR com.shxiv.hfwh.rest.http.HttpServiceImpl  - 传入路径： http://rfid.chinabrandsgroup.com.cn:5618/api/fakenum_in?key=oa@mail.com&timestamp=20201021172500&sign=cb63a89539c332a8f52d08e9fe1e1fd8
2020-10-21 17:25:00,520 ERROR com.shxiv.hfwh.rest.http.HttpServiceImpl  - 获取ERP-防伪申请2数据job成功了！ 
2020-10-21 17:29:29,663 ERROR weaver.conn.RecordSet  - select agentorbyagentid,nodeid,userid from workflow_currentoperator where agenttype=2 and id=434926
2020-10-21 17:29:29,664 ERROR weaver.conn.RecordSet  - weaver.conn.RecordSet
com.microsoft.sqlserver.jdbc.SQLServerException: Socket closed
	at com.microsoft.sqlserver.jdbc.SQLServerConnection.terminate(SQLServerConnection.java:1368)
	at com.microsoft.sqlserver.jdbc.SQLServerConnection.terminate(SQLServerConnection.java:1355)
	at com.microsoft.sqlserver.jdbc.TDSChannel.read(IOBuffer.java:1532)
	at com.microsoft.sqlserver.jdbc.TDSReader.readPacket(IOBuffer.java:3274)
	at com.microsoft.sqlserver.jdbc.TDSCommand.startResponse(IOBuffer.java:4433)
	at com.microsoft.sqlserver.jdbc.SQLServerStatement.doExecuteStatement(SQLServerStatement.java:784)
	at com.microsoft.sqlserver.jdbc.SQLServerStatement$StmtExecCmd.doExecute(SQLServerStatement.java:685)
	at com.microsoft.sqlserver.jdbc.TDSCommand.execute(IOBuffer.java:4026)
	at com.microsoft.sqlserver.jdbc.SQLServerConnection.executeCommand(SQLServerConnection.java:1416)
	at com.microsoft.sqlserver.jdbc.SQLServerStatement.executeCommand(SQLServerStatement.java:185)
	at com.microsoft.sqlserver.jdbc.SQLServerStatement.executeStatement(SQLServerStatement.java:160)
	at com.microsoft.sqlserver.jdbc.SQLServerStatement.execute(SQLServerStatement.java:658)
	at sun.reflect.GeneratedMethodAccessor43.invoke(Unknown Source)
	at sun.reflect.DelegatingMethodAccessorImpl.invoke(DelegatingMethodAccessorImpl.java:43)
	at java.lang.reflect.Method.invoke(Method.java:498)
	at org.logicalcobwebs.proxool.ProxyStatement.invoke(ProxyStatement.java:100)
	at org.logicalcobwebs.proxool.ProxyStatement.intercept(ProxyStatement.java:57)
	at $java.sql.Wrapper$$EnhancerByCGLIB$$aa1400e4.execute(<generated>)
	at weaver.conn.RecordSet.executeSql(RecordSet.java:909)
	at weaver.conn.RecordSet.executeSql(RecordSet.java:336)
	at weaver.workflow.request.WFForwardManager.getCanSubmit(WFForwardManager.java:396)
	at weaver.system.WrokflowOverTimeTimer.doThreadWork(WrokflowOverTimeTimer.java:195)
	at weaver.system.ThreadWorkTimer.run(ThreadWorkTimer.java:67)
2020-10-21 17:29:29,670 ERROR weaver.general.BaseBean  - 销毁微信推送扫描定时器完成---------
2020-10-21 17:29:29,953 ERROR weaver.general.BaseBean  - 初始化云桥httpclient连接池成功，DEFAULT_MAX_PER_ROUTE：500---MAX_TOTAL_CONNECTIONS：500---------
2020-10-21 17:29:30,002 ERROR weaver.conn.RecordSet  - select isbill,formid from workflow_base where id=281
2020-10-21 17:29:30,003 ERROR weaver.conn.RecordSet  - weaver.conn.RecordSet
com.microsoft.sqlserver.jdbc.SQLServerException: 该连接已关闭。
	at com.microsoft.sqlserver.jdbc.SQLServerException.makeFromDriverError(SQLServerException.java:170)
	at com.microsoft.sqlserver.jdbc.SQLServerConnection.checkClosed(SQLServerConnection.java:304)
	at com.microsoft.sqlserver.jdbc.SQLServerStatement.checkClosed(SQLServerStatement.java:904)
	at com.microsoft.sqlserver.jdbc.SQLServerResultSet.checkClosed(SQLServerResultSet.java:349)
	at com.microsoft.sqlserver.jdbc.SQLServerResultSet.getMetaData(SQLServerResultSet.java:2245)
	at weaver.conn.RecordSet.parseResultSet(RecordSet.java:1646)
	at weaver.conn.RecordSet.executeSql(RecordSet.java:916)
	at weaver.conn.RecordSet.executeSql(RecordSet.java:336)
	at weaver.system.WrokflowOverTimeTimer.getNextNode(WrokflowOverTimeTimer.java:1963)
	at weaver.system.WrokflowOverTimeTimer.doThreadWork(WrokflowOverTimeTimer.java:223)
	at weaver.system.ThreadWorkTimer.run(ThreadWorkTimer.java:67)
