2020-10-30 10:57:15,716 ERROR weaver.general.BaseBean  - ------是否开启字符转码----0---是否开启sql参数化解析-----0----nativepool----ecology
2020-10-30 10:57:16,392 ERROR weaver.general.BaseBean  - ExecuteSqlLogger start log write to file thread success...
2020-10-30 10:57:16,474 INFO  weaver.common.SystemInitialized  - System Initialized OK.
2020-10-30 10:57:16,749 INFO  weaver.general.InitServer  - System Init Message:mainControlIp= localIp:[192.168.56.1, 192.168.97.232]
2020-10-30 10:57:16,749 INFO  weaver.general.InitServer  - init ioc container...
2020-10-30 10:57:20,397 ERROR com.weaver.upgrade.FunctionUpgrade  - OS.name+++++++++++++++++++++:Windows 10
2020-10-30 10:57:20,398 ERROR com.weaver.upgrade.FunctionUpgrade  - srcfilePath+++++++++++++++++++++:D:\WEAVER\ecology\upgrade\src
2020-10-30 10:57:20,401 ERROR com.weaver.upgrade.FunctionUpgrade  - 本地Ip++++++++++：192.168.56.1
2020-10-30 10:57:20,401 ERROR com.weaver.upgrade.FunctionUpgrade  - 主节点MainControlIP++++++++++：
2020-10-30 10:57:20,769 INFO  weaver.general.InitServer  - end ioc container init...
2020-10-30 10:57:20,770 INFO  weaver.general.InitServer  - SystemUpgrade Start.....
2020-10-30 10:57:20,803 INFO  weaver.general.InitServer  - SystemUpgrade End.....
2020-10-30 10:57:20,804 INFO  weaver.general.InitServer  - InitServerXMLtoDBThread Start.....
2020-10-30 10:57:20,834 INFO  weaver.general.InitServer  - InitServerXMLtoDBThread End.....
2020-10-30 10:57:20,850 ERROR weaver.system.HtmlFieldToClob  - isrun:1
2020-10-30 10:57:20,853 ERROR weaver.system.HtmlFieldToClob  - isrun1:1
2020-10-30 10:57:20,856 ERROR weaver.conn.RecordSet  - WFVersionAdd insert Waiting...
2020-10-30 10:57:21,242 ERROR weaver.general.BaseBean  - 启动日志压缩线程....
2020-10-30 10:57:21,401 ERROR weaver.conn.RecordSet  - 生成前端JS使用的label信息...
2020-10-30 10:57:21,626 ERROR weaver.conn.RecordSet  - 生成前端JS使用的label信息成功...
2020-10-30 10:57:22,968 ERROR weaver.system.WorkflowVersionAdd  - workflowversion isrun:1
2020-10-30 10:57:22,968 ERROR weaver.system.WorkflowVersionAdd  - workflowversion isrun1:1
2020-10-30 10:57:25,803 INFO  weaver.general.InitServer  - end.....
2020-10-30 10:57:28,807 ERROR weaver.page.PageManager  - 清空二维码扫描缓存记录表
2020-10-30 10:57:28,930 ERROR weaver.cpt.util.CptInitManager  - weaver.cpt.util.CptInitManager is running start...
2020-10-30 10:57:28,942 ERROR weaver.formmode.cuspage.cpt.CptGenmenu4mode  - weaver.formmode.cuspage.cpt.CptGenmenu4mode is running start...
2020-10-30 10:57:28,954 ERROR weaver.formmode.cuspage.cpt.CptGenmenu4mode  - weaver.formmode.cuspage.cpt.CptGenmenu4mode is running end...
2020-10-30 10:57:29,262 ERROR weaver.cpt.util.CptInitManager  - weaver.cpt.util.CptInitManager is running end...
2020-10-30 10:57:31,451 ERROR org.directwebremoting.util.LogErrorHandler  - Line=52 Element type "filter" must be declared.
2020-10-30 10:57:31,451 ERROR org.directwebremoting.util.LogErrorHandler  - Line=53 The content of element type "allow" must match "(create|convert)*".
2020-10-30 10:57:33,299 ERROR weaver.conn.RecordSet  - select t1.* from  uf_zzzxx t1 where t1.formmodeid=50  and ( DATEDIFF(ss,t1.jzrq+' '+'23:55:50',getDate())>=(-1*60*60*24*30) and DATEDIFF(ss, CONVERT(varchar(10), GETDATE(), 120) +' '+'00:00:00',t1.jzrq+' '+'23:55:50')>=(-1*60*60*24*30) and t1.jzrq is not null and t1.jzrq<> '' )  and not exists(select 1 from mode_reminddata_all t2 where t2.remindjobid=1 and t2.billid=t1.id and lastdate= CONVERT(varchar(10), GETDATE(), 120)  and isnull(isRemindWorkflow,0)=1 )
2020-10-30 10:57:33,300 ERROR weaver.conn.RecordSet  - weaver.conn.RecordSet
com.microsoft.sqlserver.jdbc.SQLServerException: datediff 函数导致溢出。用于分隔两个日期/时间实例的日期部分的数字太大。请尝试使用日期部分精度较低的 datediff。
	at com.microsoft.sqlserver.jdbc.SQLServerException.makeFromDatabaseError(SQLServerException.java:196)
	at com.microsoft.sqlserver.jdbc.SQLServerResultSet$FetchBuffer.nextRow(SQLServerResultSet.java:4700)
	at com.microsoft.sqlserver.jdbc.SQLServerResultSet.fetchBufferNext(SQLServerResultSet.java:1683)
	at com.microsoft.sqlserver.jdbc.SQLServerResultSet.next(SQLServerResultSet.java:956)
	at weaver.conn.RecordSet.parseResultSet(RecordSet.java:1656)
	at weaver.conn.RecordSet.executeSql(RecordSet.java:916)
	at weaver.conn.RecordSet.executeSql(RecordSet.java:336)
	at weaver.formmode.task.action.TaskAction.doRemind(TaskAction.java:247)
	at weaver.formmode.task.action.WorkflowMessageTaskAction.doIt(WorkflowMessageTaskAction.java:33)
	at weaver.formmode.task.action.TaskAction.execute(TaskAction.java:34)
	at org.quartz.core.JobRunShell.run(JobRunShell.java:202)
	at org.quartz.simpl.SimpleThreadPool$WorkerThread.run(SimpleThreadPool.java:529)
2020-10-30 10:57:34,129 ERROR weaver.system.MonitorThreadManager  - >>>>MonitorThreadManager>>单独的预警关闭控制：isThreadWarningStart(zt)=0<<<<
2020-10-30 10:57:34,565 ERROR weaver.general.BaseBean  - 初始化微信推送扫描线程成功，扫描间隔1分钟---------
2020-10-30 10:57:44,107 INFO  weaver.filter.SecurityFilter  - Initializing filter 'SecurityFilter'
2020-10-30 10:57:50,701 INFO  weaver.filter.SecurityFilter  - Filter 'SecurityFilter' configured successfully
2020-10-30 10:57:50,716 ERROR weaver.general.BaseBean  - log4j reset thread start success...
2020-10-30 11:03:09,755 ERROR weaver.general.BaseBean  - ------是否开启字符转码----0---是否开启sql参数化解析-----0----nativepool----ecology
2020-10-30 11:03:10,462 ERROR weaver.general.BaseBean  - ExecuteSqlLogger start log write to file thread success...
2020-10-30 11:03:10,548 INFO  weaver.common.SystemInitialized  - System Initialized OK.
2020-10-30 11:03:11,106 INFO  weaver.general.InitServer  - System Init Message:mainControlIp= localIp:[192.168.56.1, 192.168.97.232]
2020-10-30 11:03:11,106 INFO  weaver.general.InitServer  - init ioc container...
2020-10-30 11:03:13,953 ERROR com.weaver.upgrade.FunctionUpgrade  - OS.name+++++++++++++++++++++:Windows 10
2020-10-30 11:03:13,953 ERROR com.weaver.upgrade.FunctionUpgrade  - srcfilePath+++++++++++++++++++++:D:\WEAVER\ecology\upgrade\src
2020-10-30 11:03:13,955 ERROR com.weaver.upgrade.FunctionUpgrade  - 本地Ip++++++++++：192.168.56.1
2020-10-30 11:03:13,955 ERROR com.weaver.upgrade.FunctionUpgrade  - 主节点MainControlIP++++++++++：
2020-10-30 11:03:15,082 INFO  weaver.general.InitServer  - end ioc container init...
2020-10-30 11:03:15,083 INFO  weaver.general.InitServer  - SystemUpgrade Start.....
2020-10-30 11:03:15,096 INFO  weaver.general.InitServer  - SystemUpgrade End.....
2020-10-30 11:03:15,097 INFO  weaver.general.InitServer  - InitServerXMLtoDBThread Start.....
2020-10-30 11:03:15,105 ERROR weaver.general.BaseBean  - 启动日志压缩线程....
2020-10-30 11:03:15,109 INFO  weaver.general.InitServer  - InitServerXMLtoDBThread End.....
2020-10-30 11:03:15,114 ERROR weaver.system.HtmlFieldToClob  - isrun:1
2020-10-30 11:03:15,115 ERROR weaver.system.HtmlFieldToClob  - isrun1:1
2020-10-30 11:03:15,116 ERROR weaver.conn.RecordSet  - WFVersionAdd insert Waiting...
2020-10-30 11:03:15,569 ERROR weaver.conn.RecordSet  - 生成前端JS使用的label信息...
2020-10-30 11:03:15,738 ERROR weaver.conn.RecordSet  - 生成前端JS使用的label信息成功...
2020-10-30 11:03:16,480 INFO  weaver.general.InitServer  - end.....
2020-10-30 11:03:17,135 ERROR weaver.system.WorkflowVersionAdd  - workflowversion isrun:1
2020-10-30 11:03:17,135 ERROR weaver.system.WorkflowVersionAdd  - workflowversion isrun1:1
2020-10-30 11:03:17,148 ERROR weaver.page.PageManager  - 清空二维码扫描缓存记录表
2020-10-30 11:03:17,259 ERROR weaver.formmode.cuspage.cpt.CptGenmenu4mode  - weaver.formmode.cuspage.cpt.CptGenmenu4mode is running start...
2020-10-30 11:03:17,260 ERROR weaver.cpt.util.CptInitManager  - weaver.cpt.util.CptInitManager is running start...
2020-10-30 11:03:17,279 ERROR weaver.formmode.cuspage.cpt.CptGenmenu4mode  - weaver.formmode.cuspage.cpt.CptGenmenu4mode is running end...
2020-10-30 11:03:17,380 ERROR weaver.cpt.util.CptInitManager  - weaver.cpt.util.CptInitManager is running end...
2020-10-30 11:03:19,306 ERROR org.directwebremoting.util.LogErrorHandler  - Line=52 Element type "filter" must be declared.
2020-10-30 11:03:19,307 ERROR org.directwebremoting.util.LogErrorHandler  - Line=53 The content of element type "allow" must match "(create|convert)*".
2020-10-30 11:03:22,247 ERROR weaver.conn.RecordSet  - select t1.* from  uf_zzzxx t1 where t1.formmodeid=50  and ( DATEDIFF(ss,t1.jzrq+' '+'23:55:50',getDate())>=(-1*60*60*24*30) and DATEDIFF(ss, CONVERT(varchar(10), GETDATE(), 120) +' '+'00:00:00',t1.jzrq+' '+'23:55:50')>=(-1*60*60*24*30) and t1.jzrq is not null and t1.jzrq<> '' )  and not exists(select 1 from mode_reminddata_all t2 where t2.remindjobid=1 and t2.billid=t1.id and lastdate= CONVERT(varchar(10), GETDATE(), 120)  and isnull(isRemindWorkflow,0)=1 )
2020-10-30 11:03:22,247 ERROR weaver.conn.RecordSet  - weaver.conn.RecordSet
com.microsoft.sqlserver.jdbc.SQLServerException: datediff 函数导致溢出。用于分隔两个日期/时间实例的日期部分的数字太大。请尝试使用日期部分精度较低的 datediff。
	at com.microsoft.sqlserver.jdbc.SQLServerException.makeFromDatabaseError(SQLServerException.java:196)
	at com.microsoft.sqlserver.jdbc.SQLServerResultSet$FetchBuffer.nextRow(SQLServerResultSet.java:4700)
	at com.microsoft.sqlserver.jdbc.SQLServerResultSet.fetchBufferNext(SQLServerResultSet.java:1683)
	at com.microsoft.sqlserver.jdbc.SQLServerResultSet.next(SQLServerResultSet.java:956)
	at weaver.conn.RecordSet.parseResultSet(RecordSet.java:1656)
	at weaver.conn.RecordSet.executeSql(RecordSet.java:916)
	at weaver.conn.RecordSet.executeSql(RecordSet.java:336)
	at weaver.formmode.task.action.TaskAction.doRemind(TaskAction.java:247)
	at weaver.formmode.task.action.WorkflowMessageTaskAction.doIt(WorkflowMessageTaskAction.java:33)
	at weaver.formmode.task.action.TaskAction.execute(TaskAction.java:34)
	at org.quartz.core.JobRunShell.run(JobRunShell.java:202)
	at org.quartz.simpl.SimpleThreadPool$WorkerThread.run(SimpleThreadPool.java:529)
2020-10-30 11:03:23,047 ERROR weaver.system.MonitorThreadManager  - >>>>MonitorThreadManager>>单独的预警关闭控制：isThreadWarningStart(zt)=0<<<<
2020-10-30 11:03:23,433 ERROR weaver.general.BaseBean  - 初始化微信推送扫描线程成功，扫描间隔1分钟---------
2020-10-30 11:03:25,863 INFO  weaver.filter.SecurityFilter  - Initializing filter 'SecurityFilter'
2020-10-30 11:03:32,411 INFO  weaver.filter.SecurityFilter  - Filter 'SecurityFilter' configured successfully
2020-10-30 11:03:32,421 ERROR weaver.general.BaseBean  - log4j reset thread start success...
2020-10-30 11:03:32,796 INFO  weaver.filter.XssFilter  - Initializing filter 'XssFilter'
2020-10-30 11:03:32,901 INFO  weaver.filter.XssFilter  - Filter 'XssFilter' configured successfully
2020-10-30 11:03:33,104 ERROR weaver.general.BaseBean  - ------是否开启字符转码----0---是否开启sql参数化解析-----0----nativepool----ecology
2020-10-30 11:03:33,117 ERROR weaver.general.BaseBean  - ExecuteSqlLogger start log write to file thread success...
2020-10-30 11:48:08,483 ERROR weaver.general.BaseBean  - ------是否开启字符转码----0---是否开启sql参数化解析-----0----nativepool----ecology
2020-10-30 11:48:08,886 ERROR weaver.general.BaseBean  - ExecuteSqlLogger start log write to file thread success...
2020-10-30 11:48:08,936 INFO  weaver.common.SystemInitialized  - System Initialized OK.
2020-10-30 11:48:09,304 INFO  weaver.general.InitServer  - System Init Message:mainControlIp= localIp:[192.168.56.1, 192.168.97.232]
2020-10-30 11:48:09,304 INFO  weaver.general.InitServer  - init ioc container...
2020-10-30 11:48:11,927 ERROR com.weaver.upgrade.FunctionUpgrade  - OS.name+++++++++++++++++++++:Windows 10
2020-10-30 11:48:11,927 ERROR com.weaver.upgrade.FunctionUpgrade  - srcfilePath+++++++++++++++++++++:D:\WEAVER\ecology\upgrade\src
2020-10-30 11:48:11,929 ERROR com.weaver.upgrade.FunctionUpgrade  - 本地Ip++++++++++：192.168.56.1
2020-10-30 11:48:11,929 ERROR com.weaver.upgrade.FunctionUpgrade  - 主节点MainControlIP++++++++++：
2020-10-30 11:48:12,119 INFO  weaver.general.InitServer  - end ioc container init...
2020-10-30 11:48:12,120 INFO  weaver.general.InitServer  - SystemUpgrade Start.....
2020-10-30 11:48:12,132 INFO  weaver.general.InitServer  - SystemUpgrade End.....
2020-10-30 11:48:12,132 INFO  weaver.general.InitServer  - InitServerXMLtoDBThread Start.....
2020-10-30 11:48:12,139 INFO  weaver.general.InitServer  - InitServerXMLtoDBThread End.....
2020-10-30 11:48:12,561 ERROR weaver.conn.RecordSet  - WFVersionAdd insert Waiting...
2020-10-30 11:48:12,562 ERROR weaver.system.HtmlFieldToClob  - isrun:1
2020-10-30 11:48:12,565 ERROR weaver.system.HtmlFieldToClob  - isrun1:1
2020-10-30 11:48:12,750 ERROR weaver.general.BaseBean  - 启动日志压缩线程....
2020-10-30 11:48:12,919 ERROR weaver.conn.RecordSet  - 生成前端JS使用的label信息...
2020-10-30 11:48:13,043 ERROR weaver.conn.RecordSet  - 生成前端JS使用的label信息成功...
2020-10-30 11:48:13,350 INFO  weaver.general.InitServer  - end.....
2020-10-30 11:48:13,968 ERROR weaver.page.PageManager  - 清空二维码扫描缓存记录表
2020-10-30 11:48:14,001 ERROR weaver.cpt.util.CptInitManager  - weaver.cpt.util.CptInitManager is running start...
2020-10-30 11:48:14,013 ERROR weaver.formmode.cuspage.cpt.CptGenmenu4mode  - weaver.formmode.cuspage.cpt.CptGenmenu4mode is running start...
2020-10-30 11:48:14,025 ERROR weaver.formmode.cuspage.cpt.CptGenmenu4mode  - weaver.formmode.cuspage.cpt.CptGenmenu4mode is running end...
2020-10-30 11:48:14,162 ERROR weaver.cpt.util.CptInitManager  - weaver.cpt.util.CptInitManager is running end...
2020-10-30 11:48:14,575 ERROR weaver.system.WorkflowVersionAdd  - workflowversion isrun:1
2020-10-30 11:48:14,575 ERROR weaver.system.WorkflowVersionAdd  - workflowversion isrun1:1
2020-10-30 11:48:15,690 ERROR org.directwebremoting.util.LogErrorHandler  - Line=52 Element type "filter" must be declared.
2020-10-30 11:48:15,691 ERROR org.directwebremoting.util.LogErrorHandler  - Line=53 The content of element type "allow" must match "(create|convert)*".
2020-10-30 11:48:17,659 ERROR weaver.conn.RecordSet  - select t1.* from  uf_zzzxx t1 where t1.formmodeid=50  and ( DATEDIFF(ss,t1.jzrq+' '+'23:55:50',getDate())>=(-1*60*60*24*30) and DATEDIFF(ss, CONVERT(varchar(10), GETDATE(), 120) +' '+'00:00:00',t1.jzrq+' '+'23:55:50')>=(-1*60*60*24*30) and t1.jzrq is not null and t1.jzrq<> '' )  and not exists(select 1 from mode_reminddata_all t2 where t2.remindjobid=1 and t2.billid=t1.id and lastdate= CONVERT(varchar(10), GETDATE(), 120)  and isnull(isRemindWorkflow,0)=1 )
2020-10-30 11:48:17,660 ERROR weaver.conn.RecordSet  - weaver.conn.RecordSet
com.microsoft.sqlserver.jdbc.SQLServerException: datediff 函数导致溢出。用于分隔两个日期/时间实例的日期部分的数字太大。请尝试使用日期部分精度较低的 datediff。
	at com.microsoft.sqlserver.jdbc.SQLServerException.makeFromDatabaseError(SQLServerException.java:196)
	at com.microsoft.sqlserver.jdbc.SQLServerResultSet$FetchBuffer.nextRow(SQLServerResultSet.java:4700)
	at com.microsoft.sqlserver.jdbc.SQLServerResultSet.fetchBufferNext(SQLServerResultSet.java:1683)
	at com.microsoft.sqlserver.jdbc.SQLServerResultSet.next(SQLServerResultSet.java:956)
	at weaver.conn.RecordSet.parseResultSet(RecordSet.java:1656)
	at weaver.conn.RecordSet.executeSql(RecordSet.java:916)
	at weaver.conn.RecordSet.executeSql(RecordSet.java:336)
	at weaver.formmode.task.action.TaskAction.doRemind(TaskAction.java:247)
	at weaver.formmode.task.action.WorkflowMessageTaskAction.doIt(WorkflowMessageTaskAction.java:33)
	at weaver.formmode.task.action.TaskAction.execute(TaskAction.java:34)
	at org.quartz.core.JobRunShell.run(JobRunShell.java:202)
	at org.quartz.simpl.SimpleThreadPool$WorkerThread.run(SimpleThreadPool.java:529)
2020-10-30 11:48:18,233 ERROR weaver.system.MonitorThreadManager  - >>>>MonitorThreadManager>>单独的预警关闭控制：isThreadWarningStart(zt)=0<<<<
2020-10-30 11:48:18,377 ERROR weaver.general.BaseBean  - 初始化微信推送扫描线程成功，扫描间隔1分钟---------
2020-10-30 11:48:20,209 INFO  weaver.filter.SecurityFilter  - Initializing filter 'SecurityFilter'
2020-10-30 11:48:24,388 INFO  weaver.filter.SecurityFilter  - Filter 'SecurityFilter' configured successfully
2020-10-30 11:48:24,394 ERROR weaver.general.BaseBean  - log4j reset thread start success...
2020-10-30 13:39:59,040 ERROR weaver.general.BaseBean  - ------是否开启字符转码----0---是否开启sql参数化解析-----0----nativepool----ecology
2020-10-30 13:39:59,425 ERROR weaver.general.BaseBean  - ExecuteSqlLogger start log write to file thread success...
2020-10-30 13:39:59,500 INFO  weaver.common.SystemInitialized  - System Initialized OK.
2020-10-30 13:39:59,883 INFO  weaver.general.InitServer  - System Init Message:mainControlIp= localIp:[192.168.56.1, 192.168.97.232]
2020-10-30 13:39:59,883 INFO  weaver.general.InitServer  - init ioc container...
2020-10-30 13:40:02,578 ERROR com.weaver.upgrade.FunctionUpgrade  - OS.name+++++++++++++++++++++:Windows 10
2020-10-30 13:40:02,579 ERROR com.weaver.upgrade.FunctionUpgrade  - srcfilePath+++++++++++++++++++++:D:\WEAVER\ecology\upgrade\src
2020-10-30 13:40:02,581 ERROR com.weaver.upgrade.FunctionUpgrade  - 本地Ip++++++++++：192.168.56.1
2020-10-30 13:40:02,581 ERROR com.weaver.upgrade.FunctionUpgrade  - 主节点MainControlIP++++++++++：
2020-10-30 13:40:02,716 INFO  weaver.general.InitServer  - end ioc container init...
2020-10-30 13:40:02,716 INFO  weaver.general.InitServer  - SystemUpgrade Start.....
2020-10-30 13:40:02,729 INFO  weaver.general.InitServer  - SystemUpgrade End.....
2020-10-30 13:40:02,730 INFO  weaver.general.InitServer  - InitServerXMLtoDBThread Start.....
2020-10-30 13:40:02,741 INFO  weaver.general.InitServer  - InitServerXMLtoDBThread End.....
2020-10-30 13:40:02,744 ERROR weaver.general.BaseBean  - 启动日志压缩线程....
2020-10-30 13:40:02,747 ERROR weaver.system.HtmlFieldToClob  - isrun:1
2020-10-30 13:40:02,748 ERROR weaver.system.HtmlFieldToClob  - isrun1:1
2020-10-30 13:40:02,749 ERROR weaver.conn.RecordSet  - WFVersionAdd insert Waiting...
2020-10-30 13:40:03,095 ERROR weaver.conn.RecordSet  - 生成前端JS使用的label信息...
2020-10-30 13:40:03,442 ERROR weaver.conn.RecordSet  - 生成前端JS使用的label信息成功...
2020-10-30 13:40:03,664 INFO  weaver.general.InitServer  - end.....
2020-10-30 13:40:04,501 ERROR weaver.page.PageManager  - 清空二维码扫描缓存记录表
2020-10-30 13:40:04,537 ERROR weaver.cpt.util.CptInitManager  - weaver.cpt.util.CptInitManager is running start...
2020-10-30 13:40:04,544 ERROR weaver.formmode.cuspage.cpt.CptGenmenu4mode  - weaver.formmode.cuspage.cpt.CptGenmenu4mode is running start...
2020-10-30 13:40:04,549 ERROR weaver.formmode.cuspage.cpt.CptGenmenu4mode  - weaver.formmode.cuspage.cpt.CptGenmenu4mode is running end...
2020-10-30 13:40:04,588 ERROR weaver.cpt.util.CptInitManager  - weaver.cpt.util.CptInitManager is running end...
2020-10-30 13:40:04,755 ERROR weaver.system.WorkflowVersionAdd  - workflowversion isrun:1
2020-10-30 13:40:04,755 ERROR weaver.system.WorkflowVersionAdd  - workflowversion isrun1:1
2020-10-30 13:40:06,560 ERROR org.directwebremoting.util.LogErrorHandler  - Line=52 Element type "filter" must be declared.
2020-10-30 13:40:06,562 ERROR org.directwebremoting.util.LogErrorHandler  - Line=53 The content of element type "allow" must match "(create|convert)*".
2020-10-30 13:40:08,459 ERROR weaver.conn.RecordSet  - select t1.* from  uf_zzzxx t1 where t1.formmodeid=50  and ( DATEDIFF(ss,t1.jzrq+' '+'23:55:50',getDate())>=(-1*60*60*24*30) and DATEDIFF(ss, CONVERT(varchar(10), GETDATE(), 120) +' '+'00:00:00',t1.jzrq+' '+'23:55:50')>=(-1*60*60*24*30) and t1.jzrq is not null and t1.jzrq<> '' )  and not exists(select 1 from mode_reminddata_all t2 where t2.remindjobid=1 and t2.billid=t1.id and lastdate= CONVERT(varchar(10), GETDATE(), 120)  and isnull(isRemindWorkflow,0)=1 )
2020-10-30 13:40:08,460 ERROR weaver.conn.RecordSet  - weaver.conn.RecordSet
com.microsoft.sqlserver.jdbc.SQLServerException: datediff 函数导致溢出。用于分隔两个日期/时间实例的日期部分的数字太大。请尝试使用日期部分精度较低的 datediff。
	at com.microsoft.sqlserver.jdbc.SQLServerException.makeFromDatabaseError(SQLServerException.java:196)
	at com.microsoft.sqlserver.jdbc.SQLServerResultSet$FetchBuffer.nextRow(SQLServerResultSet.java:4700)
	at com.microsoft.sqlserver.jdbc.SQLServerResultSet.fetchBufferNext(SQLServerResultSet.java:1683)
	at com.microsoft.sqlserver.jdbc.SQLServerResultSet.next(SQLServerResultSet.java:956)
	at weaver.conn.RecordSet.parseResultSet(RecordSet.java:1656)
	at weaver.conn.RecordSet.executeSql(RecordSet.java:916)
	at weaver.conn.RecordSet.executeSql(RecordSet.java:336)
	at weaver.formmode.task.action.TaskAction.doRemind(TaskAction.java:247)
	at weaver.formmode.task.action.WorkflowMessageTaskAction.doIt(WorkflowMessageTaskAction.java:33)
	at weaver.formmode.task.action.TaskAction.execute(TaskAction.java:34)
	at org.quartz.core.JobRunShell.run(JobRunShell.java:202)
	at org.quartz.simpl.SimpleThreadPool$WorkerThread.run(SimpleThreadPool.java:529)
2020-10-30 13:40:09,332 ERROR weaver.system.MonitorThreadManager  - >>>>MonitorThreadManager>>单独的预警关闭控制：isThreadWarningStart(zt)=0<<<<
2020-10-30 13:40:09,663 ERROR weaver.general.BaseBean  - 初始化微信推送扫描线程成功，扫描间隔1分钟---------
2020-10-30 13:40:11,774 INFO  weaver.filter.SecurityFilter  - Initializing filter 'SecurityFilter'
2020-10-30 13:40:17,211 INFO  weaver.filter.SecurityFilter  - Filter 'SecurityFilter' configured successfully
2020-10-30 13:40:17,218 ERROR weaver.general.BaseBean  - log4j reset thread start success...
2020-10-30 13:40:17,447 INFO  weaver.filter.XssFilter  - Initializing filter 'XssFilter'
2020-10-30 13:40:17,483 INFO  weaver.filter.XssFilter  - Filter 'XssFilter' configured successfully
2020-10-30 13:40:17,665 ERROR weaver.general.BaseBean  - ------是否开启字符转码----0---是否开启sql参数化解析-----0----nativepool----ecology
2020-10-30 13:40:17,700 ERROR weaver.general.BaseBean  - ExecuteSqlLogger start log write to file thread success...
2020-10-30 13:41:21,008 INFO  weaver.filter.SecurityFilter  - Initializing filter 'SecurityFilter'
2020-10-30 13:41:23,826 INFO  weaver.filter.SecurityFilter  - Filter 'SecurityFilter' configured successfully
2020-10-30 13:41:23,832 ERROR weaver.general.BaseBean  - log4j reset thread start success...
2020-10-30 13:41:24,015 INFO  weaver.filter.XssFilter  - Initializing filter 'XssFilter'
2020-10-30 13:41:24,028 INFO  weaver.filter.XssFilter  - Filter 'XssFilter' configured successfully
2020-10-30 13:41:24,156 ERROR weaver.general.BaseBean  - ------是否开启字符转码----0---是否开启sql参数化解析-----0----nativepool----ecology
2020-10-30 13:41:24,179 ERROR weaver.general.BaseBean  - ExecuteSqlLogger start log write to file thread success...
2020-10-30 14:38:50,833 ERROR weaver.general.BaseBean  - ------是否开启字符转码----0---是否开启sql参数化解析-----0----nativepool----ecology
2020-10-30 14:38:51,202 ERROR weaver.general.BaseBean  - ExecuteSqlLogger start log write to file thread success...
2020-10-30 14:38:51,272 INFO  weaver.common.SystemInitialized  - System Initialized OK.
2020-10-30 14:38:51,903 INFO  weaver.general.InitServer  - System Init Message:mainControlIp= localIp:[192.168.56.1, 192.168.97.232]
2020-10-30 14:38:51,903 INFO  weaver.general.InitServer  - init ioc container...
2020-10-30 14:38:54,515 ERROR com.weaver.upgrade.FunctionUpgrade  - OS.name+++++++++++++++++++++:Windows 10
2020-10-30 14:38:54,516 ERROR com.weaver.upgrade.FunctionUpgrade  - srcfilePath+++++++++++++++++++++:D:\WEAVER\ecology\upgrade\src
2020-10-30 14:38:54,517 ERROR com.weaver.upgrade.FunctionUpgrade  - 本地Ip++++++++++：192.168.56.1
2020-10-30 14:38:54,518 ERROR com.weaver.upgrade.FunctionUpgrade  - 主节点MainControlIP++++++++++：
2020-10-30 14:38:54,646 INFO  weaver.general.InitServer  - end ioc container init...
2020-10-30 14:38:54,647 INFO  weaver.general.InitServer  - SystemUpgrade Start.....
2020-10-30 14:38:54,659 INFO  weaver.general.InitServer  - SystemUpgrade End.....
2020-10-30 14:38:54,659 INFO  weaver.general.InitServer  - InitServerXMLtoDBThread Start.....
2020-10-30 14:38:54,669 INFO  weaver.general.InitServer  - InitServerXMLtoDBThread End.....
2020-10-30 14:38:54,674 ERROR weaver.system.HtmlFieldToClob  - isrun:1
2020-10-30 14:38:54,675 ERROR weaver.general.BaseBean  - 启动日志压缩线程....
2020-10-30 14:38:54,676 ERROR weaver.system.HtmlFieldToClob  - isrun1:1
2020-10-30 14:38:54,676 ERROR weaver.conn.RecordSet  - WFVersionAdd insert Waiting...
2020-10-30 14:38:54,936 ERROR weaver.conn.RecordSet  - 生成前端JS使用的label信息...
2020-10-30 14:38:55,267 ERROR weaver.conn.RecordSet  - 生成前端JS使用的label信息成功...
2020-10-30 14:38:55,561 INFO  weaver.general.InitServer  - end.....
2020-10-30 14:38:56,227 ERROR weaver.page.PageManager  - 清空二维码扫描缓存记录表
2020-10-30 14:38:56,262 ERROR weaver.cpt.util.CptInitManager  - weaver.cpt.util.CptInitManager is running start...
2020-10-30 14:38:56,356 ERROR weaver.formmode.cuspage.cpt.CptGenmenu4mode  - weaver.formmode.cuspage.cpt.CptGenmenu4mode is running start...
2020-10-30 14:38:56,369 ERROR weaver.formmode.cuspage.cpt.CptGenmenu4mode  - weaver.formmode.cuspage.cpt.CptGenmenu4mode is running end...
2020-10-30 14:38:56,404 ERROR weaver.cpt.util.CptInitManager  - weaver.cpt.util.CptInitManager is running end...
2020-10-30 14:38:56,710 ERROR weaver.system.WorkflowVersionAdd  - workflowversion isrun:1
2020-10-30 14:38:56,719 ERROR weaver.system.WorkflowVersionAdd  - workflowversion isrun1:1
2020-10-30 14:38:58,155 ERROR org.directwebremoting.util.LogErrorHandler  - Line=52 Element type "filter" must be declared.
2020-10-30 14:38:58,157 ERROR org.directwebremoting.util.LogErrorHandler  - Line=53 The content of element type "allow" must match "(create|convert)*".
2020-10-30 14:38:59,852 ERROR weaver.conn.RecordSet  - select t1.* from  uf_zzzxx t1 where t1.formmodeid=50  and ( DATEDIFF(ss,t1.jzrq+' '+'23:55:50',getDate())>=(-1*60*60*24*30) and DATEDIFF(ss, CONVERT(varchar(10), GETDATE(), 120) +' '+'00:00:00',t1.jzrq+' '+'23:55:50')>=(-1*60*60*24*30) and t1.jzrq is not null and t1.jzrq<> '' )  and not exists(select 1 from mode_reminddata_all t2 where t2.remindjobid=1 and t2.billid=t1.id and lastdate= CONVERT(varchar(10), GETDATE(), 120)  and isnull(isRemindWorkflow,0)=1 )
2020-10-30 14:38:59,854 ERROR weaver.conn.RecordSet  - weaver.conn.RecordSet
com.microsoft.sqlserver.jdbc.SQLServerException: datediff 函数导致溢出。用于分隔两个日期/时间实例的日期部分的数字太大。请尝试使用日期部分精度较低的 datediff。
	at com.microsoft.sqlserver.jdbc.SQLServerException.makeFromDatabaseError(SQLServerException.java:196)
	at com.microsoft.sqlserver.jdbc.SQLServerResultSet$FetchBuffer.nextRow(SQLServerResultSet.java:4700)
	at com.microsoft.sqlserver.jdbc.SQLServerResultSet.fetchBufferNext(SQLServerResultSet.java:1683)
	at com.microsoft.sqlserver.jdbc.SQLServerResultSet.next(SQLServerResultSet.java:956)
	at weaver.conn.RecordSet.parseResultSet(RecordSet.java:1656)
	at weaver.conn.RecordSet.executeSql(RecordSet.java:916)
	at weaver.conn.RecordSet.executeSql(RecordSet.java:336)
	at weaver.formmode.task.action.TaskAction.doRemind(TaskAction.java:247)
	at weaver.formmode.task.action.WorkflowMessageTaskAction.doIt(WorkflowMessageTaskAction.java:33)
	at weaver.formmode.task.action.TaskAction.execute(TaskAction.java:34)
	at org.quartz.core.JobRunShell.run(JobRunShell.java:202)
	at org.quartz.simpl.SimpleThreadPool$WorkerThread.run(SimpleThreadPool.java:529)
2020-10-30 14:39:00,565 ERROR weaver.system.MonitorThreadManager  - >>>>MonitorThreadManager>>单独的预警关闭控制：isThreadWarningStart(zt)=0<<<<
2020-10-30 14:39:00,741 ERROR weaver.general.BaseBean  - 初始化微信推送扫描线程成功，扫描间隔1分钟---------
2020-10-30 14:39:02,591 INFO  weaver.filter.SecurityFilter  - Initializing filter 'SecurityFilter'
2020-10-30 14:39:17,214 INFO  weaver.filter.SecurityFilter  - Filter 'SecurityFilter' configured successfully
2020-10-30 14:39:17,219 ERROR weaver.general.BaseBean  - log4j reset thread start success...
