2020-05-11 18:04:09,774 ERROR weaver.general.BaseBean  - ------是否开启字符转码----0---是否开启sql参数化解析-----0----nativepool----ecology
2020-05-11 18:04:10,300 ERROR weaver.general.BaseBean  - ExecuteSqlLogger start log write to file thread success...
2020-05-11 18:04:10,423 INFO  weaver.common.SystemInitialized  - System Initialized OK.
2020-05-11 18:04:10,840 INFO  weaver.general.InitServer  - System Init Message:mainControlIp= localIp:[192.168.97.232, 192.168.25.1, 192.168.149.1]
2020-05-11 18:04:10,840 INFO  weaver.general.InitServer  - init ioc container...
2020-05-11 18:04:11,677 ERROR com.weaver.upgrade.FunctionUpgrade  - OS.name+++++++++++++++++++++:Windows 10
2020-05-11 18:04:11,677 ERROR com.weaver.upgrade.FunctionUpgrade  - srcfilePath+++++++++++++++++++++:D:\WEAVER\ecology\upgrade\src
2020-05-11 18:04:11,679 ERROR com.weaver.upgrade.FunctionUpgrade  - 本地Ip++++++++++：192.168.25.1
2020-05-11 18:04:11,679 ERROR com.weaver.upgrade.FunctionUpgrade  - 主节点MainControlIP++++++++++：
2020-05-11 18:04:11,775 INFO  weaver.general.InitServer  - end ioc container init...
2020-05-11 18:04:11,776 INFO  weaver.general.InitServer  - SystemUpgrade Start.....
2020-05-11 18:04:11,834 INFO  weaver.general.InitServer  - SystemUpgrade End.....
2020-05-11 18:04:11,834 INFO  weaver.general.InitServer  - InitServerXMLtoDBThread Start.....
2020-05-11 18:04:11,841 ERROR weaver.general.BaseBean  - 启动日志压缩线程....
2020-05-11 18:04:11,994 INFO  weaver.general.InitServer  - InitServerXMLtoDBThread End.....
2020-05-11 18:04:12,031 ERROR weaver.system.HtmlFieldToClob  - isrun:1
2020-05-11 18:04:12,033 ERROR weaver.system.HtmlFieldToClob  - isrun1:1
2020-05-11 18:04:12,075 ERROR weaver.conn.RecordSet  - WFVersionAdd insert Waiting...
2020-05-11 18:04:12,845 ERROR weaver.conn.RecordSet  - 生成前端JS使用的label信息...
2020-05-11 18:04:12,881 ERROR weaver.conn.RecordSet  - 生成前端JS使用的label信息成功...
2020-05-11 18:04:13,149 INFO  weaver.general.InitServer  - end.....
2020-05-11 18:04:13,833 ERROR weaver.page.PageManager  - 清空二维码扫描缓存记录表
2020-05-11 18:04:13,914 ERROR weaver.cpt.util.CptInitManager  - weaver.cpt.util.CptInitManager is running start...
2020-05-11 18:04:13,926 ERROR weaver.formmode.cuspage.cpt.CptGenmenu4mode  - weaver.formmode.cuspage.cpt.CptGenmenu4mode is running start...
2020-05-11 18:04:13,951 ERROR weaver.formmode.cuspage.cpt.CptGenmenu4mode  - weaver.formmode.cuspage.cpt.CptGenmenu4mode is running end...
2020-05-11 18:04:13,972 ERROR weaver.cpt.util.CptInitManager  - weaver.cpt.util.CptInitManager is running end...
2020-05-11 18:04:14,080 ERROR weaver.system.WorkflowVersionAdd  - workflowversion isrun:1
2020-05-11 18:04:14,080 ERROR weaver.system.WorkflowVersionAdd  - workflowversion isrun1:1
2020-05-11 18:04:16,763 ERROR org.directwebremoting.util.LogErrorHandler  - Line=52 Element type "filter" must be declared.
2020-05-11 18:04:16,764 ERROR org.directwebremoting.util.LogErrorHandler  - Line=53 The content of element type "allow" must match "(create|convert)*".
2020-05-11 18:04:17,025 ERROR weaver.conn.RecordSet  - select t1.* from  uf_zzzxx t1 where t1.formmodeid=50  and ( DATEDIFF(ss,t1.jzrq+' '+'23:55:50',getDate())>=(-1*60*60*24*30) and DATEDIFF(ss, CONVERT(varchar(10), GETDATE(), 120) +' '+'00:00:00',t1.jzrq+' '+'23:55:50')>=(-1*60*60*24*30) and t1.jzrq is not null and t1.jzrq<> '' )  and not exists(select 1 from mode_reminddata_all t2 where t2.remindjobid=1 and t2.billid=t1.id and lastdate= CONVERT(varchar(10), GETDATE(), 120)  and isnull(isRemindWorkflow,0)=1 )
2020-05-11 18:04:17,026 ERROR weaver.conn.RecordSet  - weaver.conn.RecordSet
com.microsoft.sqlserver.jdbc.SQLServerException: datediff 函数导致溢出。用于分隔两个日期/时间实例的日期部分的数字太大。请尝试使用日期部分精度较低的 datediff。
	at com.microsoft.sqlserver.jdbc.SQLServerException.makeFromDatabaseError(SQLServerException.java:196)
	at com.microsoft.sqlserver.jdbc.SQLServerResultSet$FetchBuffer.nextRow(SQLServerResultSet.java:4700)
	at com.microsoft.sqlserver.jdbc.SQLServerResultSet.fetchBufferNext(SQLServerResultSet.java:1683)
	at com.microsoft.sqlserver.jdbc.SQLServerResultSet.next(SQLServerResultSet.java:956)
	at weaver.conn.RecordSet.parseResultSet(RecordSet.java:1656)
	at weaver.conn.RecordSet.executeSql(RecordSet.java:916)
	at weaver.conn.RecordSet.executeSql(RecordSet.java:336)
	at weaver.formmode.task.action.TaskAction.doRemind(TaskAction.java:247)
	at weaver.formmode.task.action.WorkflowMessageTaskAction.doIt(WorkflowMessageTaskAction.java:33)
	at weaver.formmode.task.action.TaskAction.execute(TaskAction.java:34)
	at org.quartz.core.JobRunShell.run(JobRunShell.java:202)
	at org.quartz.simpl.SimpleThreadPool$WorkerThread.run(SimpleThreadPool.java:529)
2020-05-11 18:04:18,524 ERROR weaver.system.MonitorThreadManager  - >>>>MonitorThreadManager>>单独的预警关闭控制：isThreadWarningStart(zt)=0<<<<
2020-05-11 18:04:18,673 ERROR weaver.general.BaseBean  - 初始化微信推送扫描线程成功，扫描间隔1分钟---------
2020-05-11 18:04:24,231 INFO  weaver.filter.SecurityFilter  - Initializing filter 'SecurityFilter'
2020-05-11 18:04:27,734 INFO  weaver.filter.SecurityFilter  - Filter 'SecurityFilter' configured successfully
2020-05-11 18:04:27,749 ERROR weaver.general.BaseBean  - log4j reset thread start success...
2020-05-11 18:05:14,599 ERROR weaver.systeminfo.menuconfig.MenuUtil  - 菜单查询sql:select * from (select isnull(c.isopen,m.infoid+(324855)+1) as isopen,m.* from ( ( SELECT t1.id as infoId, t1.labelId , t1.isCustom, t1.refersubid,t1.iconUrl,t1.TopIconUrl,t1.linkAddress ,t1.baseTarget,t1.parentId,t1.useCustomName as infoUseCustomName,t1.customName as infoCustomName,t1.customName_e as infoCustomName_e,t1.customName_t as infoCustomName_t,t1.module, t2.id,t2.visible,t2.viewIndex,t2.locked,t2.lockedById,t2.useCustomName,t2.customName,t2.customName_e,t2.customName_t,t2.resourcetype,t2.resourceid ,case when t1.isCustom=2 then t1.topmenuname else t2.topmenuname end topmenuname,case when t1.isCustom=2 then t1.topname_e else t2.topname_e end topname_e,case when t1.isCustom=2 then t1.topname_t else t2.topname_t end topname_t ,allt.c as  allParent,curt.c as curParent  FROM leftmenuinfo t1  left join (select count(0) c,parentId from leftmenuinfo group by  parentId )allt on t1.id=allt.parentId  left join (select count(0) c,parentId from leftmenuinfo it1 inner join leftmenuconfig it2 on it2.infoId = it1.id where it2.resourcetype = 3  and it2.resourceid = 1 group by it1.parentId)curt on t1.id=curt.parentId , leftmenuconfig t2 , SystemModule t3  WHERE t2.infoId = t1.id  AND t1.relatedModuleId = t3.id   and ((t2.resourcetype=1 and t2.resourceid =1) or (t2.resourcetype=3 and t2.resourceid=1)) AND t2.visible=1  AND t3.moduleReleased = 1 and t1.id in (SELECT infoid FROM menushareinfo WHERE (  CASE WHEN (sharetype = 1 AND sharevalue in (0,-2)  and dbo.Get_StrArrayStrOfIndex(isnull(seclevel,'0.1-0.1'),'-',1)<=30 and dbo.Get_StrArrayStrOfIndex(isnull(seclevel,'0.1-0.1'),'-',2)>=30 ) THEN  1 ELSE 0 END   = 1 OR   CASE WHEN (sharetype = 3 and dbo.Get_StrArrayStrOfIndex(isnull(seclevel,'0.1-0.1'),'-',1)<=30 and dbo.Get_StrArrayStrOfIndex(isnull(seclevel,'0.1-0.1'),'-',2)>=30 ) THEN  1 ELSE 0 END   = 1 OR   CASE WHEN (sharetype = 5 AND sharevalue = 1) THEN  1 ELSE 0 END   = 1   OR  CASE WHEN (sharetype = 6 AND sharevalue in (0,-4) and dbo.Get_StrArrayStrOfIndex(isnull(seclevel,'0.1-0.1'),'-',1)<=30 and dbo.Get_StrArrayStrOfIndex(isnull(seclevel,'0.1-0.1'),'-',2)>=30 ) THEN  1 ELSE 0 END   = 1 OR CASE WHEN (sharetype = 7 AND sharevalue = 0  and   ( case when jobtitlelevel=1  Then 1 else 0 end = 1     or       case when (jobtitlelevel=2 and ( '%,'+jobtitlesharevalue+',%' like '%,0,%'  or  '%,'+jobtitlesharevalue+',%' like '%,-2,%' ) ) Then 1 else 0 end = 1        or       case when (jobtitlelevel=3 and ( '%,'+jobtitlesharevalue+',%' like '%,0,%'  or  '%,'+jobtitlesharevalue+',%' like '%,-4,%' ) ) Then 1 else 0 end = 1    )) THEN  1 ELSE 0 END   = 1   OR    CASE WHEN (sharetype = 2 AND sharevalue IN ( select roleid  from hrmrolemembers role WHERE rolelevel <=role.rolelevel AND role.resourceid =1 ) and dbo.Get_StrArrayStrOfIndex(isnull(seclevel,'0.1-0.1'),'-',1)<=30 and dbo.Get_StrArrayStrOfIndex(isnull(seclevel,'0.1-0.1'),'-',2)>=30 ) THEN  1 ELSE 0 END   = 1  )  and resourcetype=1 and resourceid =1 and menutype='left' ) and (t1.parentid=0 or  t1.parentid is null or t1.parentid='')  ) union ( SELECT t1.id as infoId, t1.labelId , t1.isCustom, t1.refersubid,t1.iconUrl,t1.TopIconUrl,t1.linkAddress ,t1.baseTarget,t1.parentId,t1.useCustomName as infoUseCustomName,t1.customName as infoCustomName,t1.customName_e as infoCustomName_e,t1.customName_t as infoCustomName_t,t1.module, t2.id,t2.visible,t2.viewIndex,t2.locked,t2.lockedById,t2.useCustomName,t2.customName,t2.customName_e,t2.customName_t,t2.resourcetype,t2.resourceid ,case when t1.isCustom=2 then t1.topmenuname else t2.topmenuname end topmenuname,case when t1.isCustom=2 then t1.topname_e else t2.topname_e end topname_e,case when t1.isCustom=2 then t1.topname_t else t2.topname_t end topname_t ,allt.c as  allParent,curt.c as curParent  FROM leftmenuinfo t1  left join (select count(0) c,parentId from leftmenuinfo group by  parentId )allt on t1.id=allt.parentId  left join (select count(0) c,parentId from leftmenuinfo it1 inner join leftmenuconfig it2 on it2.infoId = it1.id where it2.resourcetype = 3  and it2.resourceid = 1 group by it1.parentId)curt on t1.id=curt.parentId , leftmenuconfig t2 , SystemModule t3  WHERE t2.infoId = t1.id  AND t1.relatedModuleId = t3.id   and ((t2.resourcetype=1 and t2.resourceid =1) or (t2.resourcetype=3 and t2.resourceid=1)) AND t2.visible=1  AND t3.moduleReleased = 1 and t1.id not in (SELECT infoid FROM menushareinfo where menutype='left'  and resourcetype=1 and resourceid =1 ) and (t1.parentid=0 or  t1.parentid is null or t1.parentid='')  ) ) m left join menucontrollist c on m.infoid+324789=c.menuid and c.type='left') a where a.isopen=a.infoid+(324855)+1 ORDER BY ISNULL(a.parentId,0),a.viewIndex,a.infoId
2020-05-11 18:05:16,477 ERROR weaver.systeminfo.menuconfig.MenuUtil  - 菜单查询sql:select * from (select isnull(c.isopen,m.infoid+(324855)+1) as isopen,m.* from ( ( SELECT t1.id as infoId, t1.labelId , t1.isCustom, t1.refersubid,t1.iconUrl,t1.TopIconUrl,t1.linkAddress ,t1.baseTarget,t1.parentId,t1.useCustomName as infoUseCustomName,t1.customName as infoCustomName,t1.customName_e as infoCustomName_e,t1.customName_t as infoCustomName_t,t1.module, t2.id,t2.visible,t2.viewIndex,t2.locked,t2.lockedById,t2.useCustomName,t2.customName,t2.customName_e,t2.customName_t,t2.resourcetype,t2.resourceid ,case when t1.isCustom=2 then t1.topmenuname else t2.topmenuname end topmenuname,case when t1.isCustom=2 then t1.topname_e else t2.topname_e end topname_e,case when t1.isCustom=2 then t1.topname_t else t2.topname_t end topname_t ,allt.c as  allParent,curt.c as curParent  FROM leftmenuinfo t1  left join (select count(0) c,parentId from leftmenuinfo group by  parentId )allt on t1.id=allt.parentId  left join (select count(0) c,parentId from leftmenuinfo it1 inner join leftmenuconfig it2 on it2.infoId = it1.id where it2.resourcetype = 3  and it2.resourceid = 1 group by it1.parentId)curt on t1.id=curt.parentId , leftmenuconfig t2 , SystemModule t3  WHERE t2.infoId = t1.id  AND t1.relatedModuleId = t3.id   and ((t2.resourcetype=1 and t2.resourceid =1) or (t2.resourcetype=3 and t2.resourceid=1)) AND t2.visible=1  AND t3.moduleReleased = 1 and t1.id in (SELECT infoid FROM menushareinfo WHERE (  CASE WHEN (sharetype = 1 AND sharevalue in (0,-2)  and dbo.Get_StrArrayStrOfIndex(isnull(seclevel,'0.1-0.1'),'-',1)<=30 and dbo.Get_StrArrayStrOfIndex(isnull(seclevel,'0.1-0.1'),'-',2)>=30 ) THEN  1 ELSE 0 END   = 1 OR   CASE WHEN (sharetype = 3 and dbo.Get_StrArrayStrOfIndex(isnull(seclevel,'0.1-0.1'),'-',1)<=30 and dbo.Get_StrArrayStrOfIndex(isnull(seclevel,'0.1-0.1'),'-',2)>=30 ) THEN  1 ELSE 0 END   = 1 OR   CASE WHEN (sharetype = 5 AND sharevalue = 1) THEN  1 ELSE 0 END   = 1   OR  CASE WHEN (sharetype = 6 AND sharevalue in (0,-4) and dbo.Get_StrArrayStrOfIndex(isnull(seclevel,'0.1-0.1'),'-',1)<=30 and dbo.Get_StrArrayStrOfIndex(isnull(seclevel,'0.1-0.1'),'-',2)>=30 ) THEN  1 ELSE 0 END   = 1 OR CASE WHEN (sharetype = 7 AND sharevalue = 0  and   ( case when jobtitlelevel=1  Then 1 else 0 end = 1     or       case when (jobtitlelevel=2 and ( '%,'+jobtitlesharevalue+',%' like '%,0,%'  or  '%,'+jobtitlesharevalue+',%' like '%,-2,%' ) ) Then 1 else 0 end = 1        or       case when (jobtitlelevel=3 and ( '%,'+jobtitlesharevalue+',%' like '%,0,%'  or  '%,'+jobtitlesharevalue+',%' like '%,-4,%' ) ) Then 1 else 0 end = 1    )) THEN  1 ELSE 0 END   = 1   OR    CASE WHEN (sharetype = 2 AND sharevalue IN ( select roleid  from hrmrolemembers role WHERE rolelevel <=role.rolelevel AND role.resourceid =1 ) and dbo.Get_StrArrayStrOfIndex(isnull(seclevel,'0.1-0.1'),'-',1)<=30 and dbo.Get_StrArrayStrOfIndex(isnull(seclevel,'0.1-0.1'),'-',2)>=30 ) THEN  1 ELSE 0 END   = 1  )  and resourcetype=1 and resourceid =1 and menutype='left' )  ) union ( SELECT t1.id as infoId, t1.labelId , t1.isCustom, t1.refersubid,t1.iconUrl,t1.TopIconUrl,t1.linkAddress ,t1.baseTarget,t1.parentId,t1.useCustomName as infoUseCustomName,t1.customName as infoCustomName,t1.customName_e as infoCustomName_e,t1.customName_t as infoCustomName_t,t1.module, t2.id,t2.visible,t2.viewIndex,t2.locked,t2.lockedById,t2.useCustomName,t2.customName,t2.customName_e,t2.customName_t,t2.resourcetype,t2.resourceid ,case when t1.isCustom=2 then t1.topmenuname else t2.topmenuname end topmenuname,case when t1.isCustom=2 then t1.topname_e else t2.topname_e end topname_e,case when t1.isCustom=2 then t1.topname_t else t2.topname_t end topname_t ,allt.c as  allParent,curt.c as curParent  FROM leftmenuinfo t1  left join (select count(0) c,parentId from leftmenuinfo group by  parentId )allt on t1.id=allt.parentId  left join (select count(0) c,parentId from leftmenuinfo it1 inner join leftmenuconfig it2 on it2.infoId = it1.id where it2.resourcetype = 3  and it2.resourceid = 1 group by it1.parentId)curt on t1.id=curt.parentId , leftmenuconfig t2 , SystemModule t3  WHERE t2.infoId = t1.id  AND t1.relatedModuleId = t3.id   and ((t2.resourcetype=1 and t2.resourceid =1) or (t2.resourcetype=3 and t2.resourceid=1)) AND t2.visible=1  AND t3.moduleReleased = 1 and t1.id not in (SELECT infoid FROM menushareinfo where menutype='left'  and resourcetype=1 and resourceid =1 )  ) ) m left join menucontrollist c on m.infoid+324789=c.menuid and c.type='left') a where a.isopen=a.infoid+(324855)+1 ORDER BY ISNULL(a.parentId,0),a.viewIndex,a.infoId
2020-05-11 18:05:30,402 ERROR com.shxiv.hfwh.rest.http.HttpServiceImpl  - 获取ERP-防伪申请数据job成功了！ 
2020-05-11 18:05:30,403 ERROR com.shxiv.hfwh.rest.http.HttpServiceImpl  - 防伪标申请2开始！ 
2020-05-11 18:05:30,403 ERROR com.shxiv.hfwh.rest.http.HttpServiceImpl  - 传入路径： http://rfid.chinabrandsgroup.com.cn:5618/api/fakenum_out?key=oa@mail.com&timestamp=20200511180500&sign=8f048aa2575ef2055368f68a25cc505b
2020-05-11 18:05:31,228 INFO  weaver.filter.SecurityFilter  - Initializing filter 'SecurityFilter'
2020-05-11 18:05:31,479 ERROR com.shxiv.hfwh.rest.http.HttpServiceImpl  - 获取ERP-防伪申请2数据job成功了！ 
2020-05-11 18:05:31,479 ERROR com.shxiv.hfwh.rest.http.HttpServiceImpl  - 防伪标备货开始！ 
2020-05-11 18:05:31,480 ERROR com.shxiv.hfwh.rest.http.HttpServiceImpl  - 传入路径： http://rfid.chinabrandsgroup.com.cn:5618/api/fake_in?key=oa@mail.com&timestamp=20200511180500&sign=8f048aa2575ef2055368f68a25cc505b
2020-05-11 18:05:31,503 ERROR com.shxiv.hfwh.rest.http.HttpServiceImpl  - 获取ERP-防伪标备货数据job成功了！ 
2020-05-11 18:05:31,503 ERROR com.shxiv.hfwh.rest.http.HttpServiceImpl  - 防伪标备货2开始！ 
2020-05-11 18:05:31,503 ERROR com.shxiv.hfwh.rest.http.HttpServiceImpl  - 传入路径： http://rfid.chinabrandsgroup.com.cn:5618/api/fakenum_in?key=oa@mail.com&timestamp=20200511180500&sign=8f048aa2575ef2055368f68a25cc505b
2020-05-11 18:05:31,536 ERROR com.shxiv.hfwh.rest.http.HttpServiceImpl  - 获取ERP-防伪申请2数据job成功了！ 
2020-05-11 18:05:33,538 INFO  weaver.filter.SecurityFilter  - Filter 'SecurityFilter' configured successfully
2020-05-11 18:05:33,549 ERROR weaver.general.BaseBean  - log4j reset thread start success...
2020-05-11 18:05:33,823 INFO  weaver.filter.XssFilter  - Initializing filter 'XssFilter'
2020-05-11 18:05:33,836 INFO  weaver.filter.XssFilter  - Filter 'XssFilter' configured successfully
2020-05-11 18:05:34,010 ERROR weaver.general.BaseBean  - ------是否开启字符转码----0---是否开启sql参数化解析-----0----nativepool----ecology
2020-05-11 18:05:34,023 ERROR weaver.general.BaseBean  - ExecuteSqlLogger start log write to file thread success...
2020-05-11 18:10:19,557 ERROR com.shxiv.hfwh.rest.http.HttpServiceImpl  - 获取ERP-防伪申请数据job成功了！ 
2020-05-11 18:10:19,558 ERROR com.shxiv.hfwh.rest.http.HttpServiceImpl  - 防伪标申请2开始！ 
2020-05-11 18:10:19,558 ERROR com.shxiv.hfwh.rest.http.HttpServiceImpl  - 传入路径： http://rfid.chinabrandsgroup.com.cn:5618/api/fakenum_out?key=oa@mail.com&timestamp=20200511181000&sign=78f9acde8de6b818cb6f7d44378f6566
2020-05-11 18:10:19,897 ERROR com.shxiv.hfwh.rest.http.HttpServiceImpl  - 获取ERP-防伪申请2数据job成功了！ 
2020-05-11 18:10:19,898 ERROR com.shxiv.hfwh.rest.http.HttpServiceImpl  - 防伪标备货开始！ 
2020-05-11 18:10:19,898 ERROR com.shxiv.hfwh.rest.http.HttpServiceImpl  - 传入路径： http://rfid.chinabrandsgroup.com.cn:5618/api/fake_in?key=oa@mail.com&timestamp=20200511181000&sign=78f9acde8de6b818cb6f7d44378f6566
2020-05-11 18:10:19,925 ERROR com.shxiv.hfwh.rest.http.HttpServiceImpl  - 获取ERP-防伪标备货数据job成功了！ 
2020-05-11 18:10:19,925 ERROR com.shxiv.hfwh.rest.http.HttpServiceImpl  - 防伪标备货2开始！ 
2020-05-11 18:10:19,925 ERROR com.shxiv.hfwh.rest.http.HttpServiceImpl  - 传入路径： http://rfid.chinabrandsgroup.com.cn:5618/api/fakenum_in?key=oa@mail.com&timestamp=20200511181000&sign=78f9acde8de6b818cb6f7d44378f6566
2020-05-11 18:10:19,945 ERROR com.shxiv.hfwh.rest.http.HttpServiceImpl  - 获取ERP-防伪申请2数据job成功了！ 
2020-05-11 18:14:09,654 INFO  weaver.filter.SecurityFilter  - Filter 'SecurityFilter' configured successfully
2020-05-11 18:14:09,690 ERROR weaver.general.BaseBean  - log4j reset thread start success...
2020-05-11 18:28:09,541 ERROR weaver.conn.RecordSet  - 生成前端JS使用的label信息成功...
2020-05-11 18:44:09,741 ERROR weaver.systeminfo.menuconfig.MenuUtil  - 菜单查询sql:select * from (select isnull(c.isopen,m.infoid+(324855)+1) as isopen,m.* from ( ( SELECT t1.id as infoId, t1.labelId , t1.isCustom, t1.refersubid,t1.iconUrl,t1.TopIconUrl,t1.linkAddress ,t1.baseTarget,t1.parentId,t1.useCustomName as infoUseCustomName,t1.customName as infoCustomName,t1.customName_e as infoCustomName_e,t1.customName_t as infoCustomName_t,t1.module, t2.id,t2.visible,t2.viewIndex,t2.locked,t2.lockedById,t2.useCustomName,t2.customName,t2.customName_e,t2.customName_t,t2.resourcetype,t2.resourceid ,case when t1.isCustom=2 then t1.topmenuname else t2.topmenuname end topmenuname,case when t1.isCustom=2 then t1.topname_e else t2.topname_e end topname_e,case when t1.isCustom=2 then t1.topname_t else t2.topname_t end topname_t ,allt.c as  allParent,curt.c as curParent  FROM leftmenuinfo t1  left join (select count(0) c,parentId from leftmenuinfo group by  parentId )allt on t1.id=allt.parentId  left join (select count(0) c,parentId from leftmenuinfo it1 inner join leftmenuconfig it2 on it2.infoId = it1.id where it2.resourcetype = 3  and it2.resourceid = 1 group by it1.parentId)curt on t1.id=curt.parentId , leftmenuconfig t2 , SystemModule t3  WHERE t2.infoId = t1.id  AND t1.relatedModuleId = t3.id   and ((t2.resourcetype=1 and t2.resourceid =1) or (t2.resourcetype=3 and t2.resourceid=1)) AND t2.visible=1  AND t3.moduleReleased = 1 and t1.id in (SELECT infoid FROM menushareinfo WHERE (  CASE WHEN (sharetype = 1 AND sharevalue in (0,-2)  and dbo.Get_StrArrayStrOfIndex(isnull(seclevel,'0.1-0.1'),'-',1)<=30 and dbo.Get_StrArrayStrOfIndex(isnull(seclevel,'0.1-0.1'),'-',2)>=30 ) THEN  1 ELSE 0 END   = 1 OR   CASE WHEN (sharetype = 3 and dbo.Get_StrArrayStrOfIndex(isnull(seclevel,'0.1-0.1'),'-',1)<=30 and dbo.Get_StrArrayStrOfIndex(isnull(seclevel,'0.1-0.1'),'-',2)>=30 ) THEN  1 ELSE 0 END   = 1 OR   CASE WHEN (sharetype = 5 AND sharevalue = 1) THEN  1 ELSE 0 END   = 1   OR  CASE WHEN (sharetype = 6 AND sharevalue in (0,-4) and dbo.Get_StrArrayStrOfIndex(isnull(seclevel,'0.1-0.1'),'-',1)<=30 and dbo.Get_StrArrayStrOfIndex(isnull(seclevel,'0.1-0.1'),'-',2)>=30 ) THEN  1 ELSE 0 END   = 1 OR CASE WHEN (sharetype = 7 AND sharevalue = 0  and   ( case when jobtitlelevel=1  Then 1 else 0 end = 1     or       case when (jobtitlelevel=2 and ( '%,'+jobtitlesharevalue+',%' like '%,0,%'  or  '%,'+jobtitlesharevalue+',%' like '%,-2,%' ) ) Then 1 else 0 end = 1        or       case when (jobtitlelevel=3 and ( '%,'+jobtitlesharevalue+',%' like '%,0,%'  or  '%,'+jobtitlesharevalue+',%' like '%,-4,%' ) ) Then 1 else 0 end = 1    )) THEN  1 ELSE 0 END   = 1   OR    CASE WHEN (sharetype = 2 AND sharevalue IN ( select roleid  from hrmrolemembers role WHERE rolelevel <=role.rolelevel AND role.resourceid =1 ) and dbo.Get_StrArrayStrOfIndex(isnull(seclevel,'0.1-0.1'),'-',1)<=30 and dbo.Get_StrArrayStrOfIndex(isnull(seclevel,'0.1-0.1'),'-',2)>=30 ) THEN  1 ELSE 0 END   = 1  )  and resourcetype=1 and resourceid =1 and menutype='left' )  ) union ( SELECT t1.id as infoId, t1.labelId , t1.isCustom, t1.refersubid,t1.iconUrl,t1.TopIconUrl,t1.linkAddress ,t1.baseTarget,t1.parentId,t1.useCustomName as infoUseCustomName,t1.customName as infoCustomName,t1.customName_e as infoCustomName_e,t1.customName_t as infoCustomName_t,t1.module, t2.id,t2.visible,t2.viewIndex,t2.locked,t2.lockedById,t2.useCustomName,t2.customName,t2.customName_e,t2.customName_t,t2.resourcetype,t2.resourceid ,case when t1.isCustom=2 then t1.topmenuname else t2.topmenuname end topmenuname,case when t1.isCustom=2 then t1.topname_e else t2.topname_e end topname_e,case when t1.isCustom=2 then t1.topname_t else t2.topname_t end topname_t ,allt.c as  allParent,curt.c as curParent  FROM leftmenuinfo t1  left join (select count(0) c,parentId from leftmenuinfo group by  parentId )allt on t1.id=allt.parentId  left join (select count(0) c,parentId from leftmenuinfo it1 inner join leftmenuconfig it2 on it2.infoId = it1.id where it2.resourcetype = 3  and it2.resourceid = 1 group by it1.parentId)curt on t1.id=curt.parentId , leftmenuconfig t2 , SystemModule t3  WHERE t2.infoId = t1.id  AND t1.relatedModuleId = t3.id   and ((t2.resourcetype=1 and t2.resourceid =1) or (t2.resourcetype=3 and t2.resourceid=1)) AND t2.visible=1  AND t3.moduleReleased = 1 and t1.id not in (SELECT infoid FROM menushareinfo where menutype='left'  and resourcetype=1 and resourceid =1 )  ) ) m left join menucontrollist c on m.infoid+324789=c.menuid and c.type='left') a where a.isopen=a.infoid+(324855)+1 ORDER BY ISNULL(a.parentId,0),a.viewIndex,a.infoId
2020-05-11 19:02:09,719 ERROR com.cloudstore.app.no0000012.service.Service_WfDetail  - in new getNodeid doWfDetailExcelImport Function
2020-05-11 19:05:58,375 ERROR weaver.general.BaseBean  - ------是否开启字符转码----0---是否开启sql参数化解析-----0----nativepool----ecology
2020-05-11 19:05:58,813 ERROR weaver.general.BaseBean  - ExecuteSqlLogger start log write to file thread success...
2020-05-11 19:05:58,919 INFO  weaver.common.SystemInitialized  - System Initialized OK.
2020-05-11 19:05:59,497 INFO  weaver.general.InitServer  - System Init Message:mainControlIp= localIp:[192.168.97.232, 192.168.25.1, 192.168.149.1]
2020-05-11 19:05:59,498 INFO  weaver.general.InitServer  - init ioc container...
2020-05-11 19:06:00,547 ERROR com.weaver.upgrade.FunctionUpgrade  - OS.name+++++++++++++++++++++:Windows 10
2020-05-11 19:06:00,548 ERROR com.weaver.upgrade.FunctionUpgrade  - srcfilePath+++++++++++++++++++++:D:\WEAVER\ecology\upgrade\src
2020-05-11 19:06:00,550 ERROR com.weaver.upgrade.FunctionUpgrade  - 本地Ip++++++++++：192.168.25.1
2020-05-11 19:06:00,550 ERROR com.weaver.upgrade.FunctionUpgrade  - 主节点MainControlIP++++++++++：
2020-05-11 19:06:00,681 INFO  weaver.general.InitServer  - end ioc container init...
2020-05-11 19:06:00,681 INFO  weaver.general.InitServer  - SystemUpgrade Start.....
2020-05-11 19:06:00,720 INFO  weaver.general.InitServer  - SystemUpgrade End.....
2020-05-11 19:06:00,720 INFO  weaver.general.InitServer  - InitServerXMLtoDBThread Start.....
2020-05-11 19:06:00,731 ERROR weaver.general.BaseBean  - 启动日志压缩线程....
2020-05-11 19:06:00,750 INFO  weaver.general.InitServer  - InitServerXMLtoDBThread End.....
2020-05-11 19:06:00,757 ERROR weaver.system.HtmlFieldToClob  - isrun:1
2020-05-11 19:06:00,758 ERROR weaver.system.HtmlFieldToClob  - isrun1:1
2020-05-11 19:06:00,772 ERROR weaver.conn.RecordSet  - WFVersionAdd insert Waiting...
2020-05-11 19:06:01,555 ERROR weaver.conn.RecordSet  - 生成前端JS使用的label信息...
2020-05-11 19:06:01,590 ERROR weaver.conn.RecordSet  - 生成前端JS使用的label信息成功...
2020-05-11 19:06:01,869 INFO  weaver.general.InitServer  - end.....
2020-05-11 19:06:02,533 ERROR weaver.page.PageManager  - 清空二维码扫描缓存记录表
2020-05-11 19:06:02,601 ERROR weaver.cpt.util.CptInitManager  - weaver.cpt.util.CptInitManager is running start...
2020-05-11 19:06:02,612 ERROR weaver.formmode.cuspage.cpt.CptGenmenu4mode  - weaver.formmode.cuspage.cpt.CptGenmenu4mode is running start...
2020-05-11 19:06:02,618 ERROR weaver.formmode.cuspage.cpt.CptGenmenu4mode  - weaver.formmode.cuspage.cpt.CptGenmenu4mode is running end...
2020-05-11 19:06:02,695 ERROR weaver.cpt.util.CptInitManager  - weaver.cpt.util.CptInitManager is running end...
2020-05-11 19:06:02,796 ERROR weaver.system.WorkflowVersionAdd  - workflowversion isrun:1
2020-05-11 19:06:02,796 ERROR weaver.system.WorkflowVersionAdd  - workflowversion isrun1:1
2020-05-11 19:06:06,153 ERROR org.directwebremoting.util.LogErrorHandler  - Line=52 Element type "filter" must be declared.
2020-05-11 19:06:06,154 ERROR org.directwebremoting.util.LogErrorHandler  - Line=53 The content of element type "allow" must match "(create|convert)*".
2020-05-11 19:06:06,327 ERROR weaver.conn.RecordSet  - select t1.* from  uf_zzzxx t1 where t1.formmodeid=50  and ( DATEDIFF(ss,t1.jzrq+' '+'23:55:50',getDate())>=(-1*60*60*24*30) and DATEDIFF(ss, CONVERT(varchar(10), GETDATE(), 120) +' '+'00:00:00',t1.jzrq+' '+'23:55:50')>=(-1*60*60*24*30) and t1.jzrq is not null and t1.jzrq<> '' )  and not exists(select 1 from mode_reminddata_all t2 where t2.remindjobid=1 and t2.billid=t1.id and lastdate= CONVERT(varchar(10), GETDATE(), 120)  and isnull(isRemindWorkflow,0)=1 )
2020-05-11 19:06:06,330 ERROR weaver.conn.RecordSet  - weaver.conn.RecordSet
com.microsoft.sqlserver.jdbc.SQLServerException: datediff 函数导致溢出。用于分隔两个日期/时间实例的日期部分的数字太大。请尝试使用日期部分精度较低的 datediff。
	at com.microsoft.sqlserver.jdbc.SQLServerException.makeFromDatabaseError(SQLServerException.java:196)
	at com.microsoft.sqlserver.jdbc.SQLServerResultSet$FetchBuffer.nextRow(SQLServerResultSet.java:4700)
	at com.microsoft.sqlserver.jdbc.SQLServerResultSet.fetchBufferNext(SQLServerResultSet.java:1683)
	at com.microsoft.sqlserver.jdbc.SQLServerResultSet.next(SQLServerResultSet.java:956)
	at weaver.conn.RecordSet.parseResultSet(RecordSet.java:1656)
	at weaver.conn.RecordSet.executeSql(RecordSet.java:916)
	at weaver.conn.RecordSet.executeSql(RecordSet.java:336)
	at weaver.formmode.task.action.TaskAction.doRemind(TaskAction.java:247)
	at weaver.formmode.task.action.WorkflowMessageTaskAction.doIt(WorkflowMessageTaskAction.java:33)
	at weaver.formmode.task.action.TaskAction.execute(TaskAction.java:34)
	at org.quartz.core.JobRunShell.run(JobRunShell.java:202)
	at org.quartz.simpl.SimpleThreadPool$WorkerThread.run(SimpleThreadPool.java:529)
2020-05-11 19:06:08,762 ERROR weaver.system.MonitorThreadManager  - >>>>MonitorThreadManager>>单独的预警关闭控制：isThreadWarningStart(zt)=0<<<<
2020-05-11 19:06:08,997 ERROR weaver.general.BaseBean  - 初始化微信推送扫描线程成功，扫描间隔1分钟---------
2020-05-11 19:06:11,958 INFO  weaver.filter.SecurityFilter  - Initializing filter 'SecurityFilter'
2020-05-11 19:06:14,162 INFO  weaver.filter.SecurityFilter  - Filter 'SecurityFilter' configured successfully
2020-05-11 19:06:14,168 ERROR weaver.general.BaseBean  - log4j reset thread start success...
2020-05-11 19:07:07,000 ERROR weaver.general.BaseBean  - weaver.general.BaseBean
java.io.FileNotFoundException: D:\WEAVER\ecology\filesystem\201810\B\78567341-d227-40fc-991a-7be008dbe9f1.zip (系统找不到指定的路径。)
	at java.io.FileInputStream.open0(Native Method)
	at java.io.FileInputStream.open(FileInputStream.java:195)
	at java.io.FileInputStream.<init>(FileInputStream.java:138)
	at weaver.file.FileDownload.doGet(FileDownload.java:1131)
	at javax.servlet.http.HttpServlet.service(HttpServlet.java:114)
	at javax.servlet.http.HttpServlet.service(HttpServlet.java:91)
	at com.caucho.server.dispatch.ServletFilterChain.doFilter(ServletFilterChain.java:103)
	at weaver.filter.PFixFilter.doFilter(PFixFilter.java:129)
	at com.caucho.server.dispatch.FilterFilterChain.doFilter(FilterFilterChain.java:87)
	at weaver.filter.MonitorXFixIPFilter.doFilter(MonitorXFixIPFilter.java:30)
	at weaver.filter.MonitorForbiddenUrlFilter.doFilter(MonitorForbiddenUrlFilter.java:133)
	at weaver.filter.MonitorCheckdbFilter.doFilter(MonitorCheckdbFilter.java:49)
	at weaver.filter.MonitorXUrlTimeFilter.doFilter(MonitorXUrlTimeFilter.java:66)
	at weaver.filter.DynamicMonitorXFilter.doFilter(DynamicMonitorXFilter.java:86)
	at weaver.filter.MonitorXFilter.doFilter(MonitorXFilter.java:83)
	at com.caucho.server.dispatch.FilterFilterChain.doFilter(FilterFilterChain.java:87)
	at weaver.filter.XssFilter.doFilterInternal(XssFilter.java:40)
	at org.springframework.web.filter.OncePerRequestFilter.doFilter(OncePerRequestFilter.java:76)
	at com.caucho.server.dispatch.FilterFilterChain.doFilter(FilterFilterChain.java:87)
	at weaver.security.webcontainer.XssRequestForResin3.doFilter(XssRequestForResin3.java:31)
	at sun.reflect.GeneratedMethodAccessor332.invoke(Unknown Source)
	at sun.reflect.DelegatingMethodAccessorImpl.invoke(DelegatingMethodAccessorImpl.java:43)
	at java.lang.reflect.Method.invoke(Method.java:498)
	at weaver.security.filter.SecurityMain.process(SecurityMain.java:677)
	at sun.reflect.GeneratedMethodAccessor236.invoke(Unknown Source)
	at sun.reflect.DelegatingMethodAccessorImpl.invoke(DelegatingMethodAccessorImpl.java:43)
	at java.lang.reflect.Method.invoke(Method.java:498)
	at weaver.filter.SecurityFilter.doFilterInternal(SecurityFilter.java:51)
	at org.springframework.web.filter.OncePerRequestFilter.doFilter(OncePerRequestFilter.java:76)
	at com.caucho.server.dispatch.FilterFilterChain.doFilter(FilterFilterChain.java:87)
	at com.caucho.server.webapp.WebAppFilterChain.doFilter(WebAppFilterChain.java:187)
	at com.caucho.server.dispatch.ServletInvocation.service(ServletInvocation.java:265)
	at com.caucho.server.http.HttpRequest.handleRequest(HttpRequest.java:273)
	at com.caucho.server.port.TcpConnection.run(TcpConnection.java:682)
	at com.caucho.util.ThreadPool$Item.runTasks(ThreadPool.java:730)
	at com.caucho.util.ThreadPool$Item.run(ThreadPool.java:649)
	at java.lang.Thread.run(Thread.java:748)
2020-05-11 19:07:07,002 ERROR weaver.general.BaseBean  - weaver.general.BaseBean
java.io.FileNotFoundException: D:\WEAVER\ecology\filesystem\201810\B\e2b41bf4-e5c6-4ac4-9c8c-b2dfad9c8421.zip (系统找不到指定的路径。)
	at java.io.FileInputStream.open0(Native Method)
	at java.io.FileInputStream.open(FileInputStream.java:195)
	at java.io.FileInputStream.<init>(FileInputStream.java:138)
	at weaver.file.FileDownload.doGet(FileDownload.java:1131)
	at javax.servlet.http.HttpServlet.service(HttpServlet.java:114)
	at javax.servlet.http.HttpServlet.service(HttpServlet.java:91)
	at com.caucho.server.dispatch.ServletFilterChain.doFilter(ServletFilterChain.java:103)
	at weaver.filter.PFixFilter.doFilter(PFixFilter.java:129)
	at com.caucho.server.dispatch.FilterFilterChain.doFilter(FilterFilterChain.java:87)
	at weaver.filter.MonitorXFixIPFilter.doFilter(MonitorXFixIPFilter.java:30)
	at weaver.filter.MonitorForbiddenUrlFilter.doFilter(MonitorForbiddenUrlFilter.java:133)
	at weaver.filter.MonitorCheckdbFilter.doFilter(MonitorCheckdbFilter.java:49)
	at weaver.filter.MonitorXUrlTimeFilter.doFilter(MonitorXUrlTimeFilter.java:66)
	at weaver.filter.DynamicMonitorXFilter.doFilter(DynamicMonitorXFilter.java:86)
	at weaver.filter.MonitorXFilter.doFilter(MonitorXFilter.java:83)
	at com.caucho.server.dispatch.FilterFilterChain.doFilter(FilterFilterChain.java:87)
	at weaver.filter.XssFilter.doFilterInternal(XssFilter.java:40)
	at org.springframework.web.filter.OncePerRequestFilter.doFilter(OncePerRequestFilter.java:76)
	at com.caucho.server.dispatch.FilterFilterChain.doFilter(FilterFilterChain.java:87)
	at weaver.security.webcontainer.XssRequestForResin3.doFilter(XssRequestForResin3.java:31)
	at sun.reflect.GeneratedMethodAccessor332.invoke(Unknown Source)
	at sun.reflect.DelegatingMethodAccessorImpl.invoke(DelegatingMethodAccessorImpl.java:43)
	at java.lang.reflect.Method.invoke(Method.java:498)
	at weaver.security.filter.SecurityMain.process(SecurityMain.java:677)
	at sun.reflect.GeneratedMethodAccessor236.invoke(Unknown Source)
	at sun.reflect.DelegatingMethodAccessorImpl.invoke(DelegatingMethodAccessorImpl.java:43)
	at java.lang.reflect.Method.invoke(Method.java:498)
	at weaver.filter.SecurityFilter.doFilterInternal(SecurityFilter.java:51)
	at org.springframework.web.filter.OncePerRequestFilter.doFilter(OncePerRequestFilter.java:76)
	at com.caucho.server.dispatch.FilterFilterChain.doFilter(FilterFilterChain.java:87)
	at com.caucho.server.webapp.WebAppFilterChain.doFilter(WebAppFilterChain.java:187)
	at com.caucho.server.dispatch.ServletInvocation.service(ServletInvocation.java:265)
	at com.caucho.server.http.HttpRequest.handleRequest(HttpRequest.java:273)
	at com.caucho.server.port.TcpConnection.run(TcpConnection.java:682)
	at com.caucho.util.ThreadPool$Item.runTasks(ThreadPool.java:730)
	at com.caucho.util.ThreadPool$Item.run(ThreadPool.java:649)
	at java.lang.Thread.run(Thread.java:748)
2020-05-11 19:07:07,181 ERROR weaver.general.BaseBean  - weaver.general.BaseBean
java.io.FileNotFoundException: D:\WEAVER\ecology\filesystem\201901\T\acb1e249-d33c-411b-a0eb-a5599438c0e2.zip (系统找不到指定的路径。)
	at java.io.FileInputStream.open0(Native Method)
	at java.io.FileInputStream.open(FileInputStream.java:195)
	at java.io.FileInputStream.<init>(FileInputStream.java:138)
	at weaver.file.FileDownload.doGet(FileDownload.java:1131)
	at javax.servlet.http.HttpServlet.service(HttpServlet.java:114)
	at javax.servlet.http.HttpServlet.service(HttpServlet.java:91)
	at com.caucho.server.dispatch.ServletFilterChain.doFilter(ServletFilterChain.java:103)
	at weaver.filter.PFixFilter.doFilter(PFixFilter.java:129)
	at com.caucho.server.dispatch.FilterFilterChain.doFilter(FilterFilterChain.java:87)
	at weaver.filter.MonitorXFixIPFilter.doFilter(MonitorXFixIPFilter.java:30)
	at weaver.filter.MonitorForbiddenUrlFilter.doFilter(MonitorForbiddenUrlFilter.java:133)
	at weaver.filter.MonitorCheckdbFilter.doFilter(MonitorCheckdbFilter.java:49)
	at weaver.filter.MonitorXUrlTimeFilter.doFilter(MonitorXUrlTimeFilter.java:66)
	at weaver.filter.DynamicMonitorXFilter.doFilter(DynamicMonitorXFilter.java:86)
	at weaver.filter.MonitorXFilter.doFilter(MonitorXFilter.java:83)
	at com.caucho.server.dispatch.FilterFilterChain.doFilter(FilterFilterChain.java:87)
	at weaver.filter.XssFilter.doFilterInternal(XssFilter.java:40)
	at org.springframework.web.filter.OncePerRequestFilter.doFilter(OncePerRequestFilter.java:76)
	at com.caucho.server.dispatch.FilterFilterChain.doFilter(FilterFilterChain.java:87)
	at weaver.security.webcontainer.XssRequestForResin3.doFilter(XssRequestForResin3.java:31)
	at sun.reflect.GeneratedMethodAccessor332.invoke(Unknown Source)
	at sun.reflect.DelegatingMethodAccessorImpl.invoke(DelegatingMethodAccessorImpl.java:43)
	at java.lang.reflect.Method.invoke(Method.java:498)
	at weaver.security.filter.SecurityMain.process(SecurityMain.java:677)
	at sun.reflect.GeneratedMethodAccessor236.invoke(Unknown Source)
	at sun.reflect.DelegatingMethodAccessorImpl.invoke(DelegatingMethodAccessorImpl.java:43)
	at java.lang.reflect.Method.invoke(Method.java:498)
	at weaver.filter.SecurityFilter.doFilterInternal(SecurityFilter.java:51)
	at org.springframework.web.filter.OncePerRequestFilter.doFilter(OncePerRequestFilter.java:76)
	at com.caucho.server.dispatch.FilterFilterChain.doFilter(FilterFilterChain.java:87)
	at com.caucho.server.webapp.WebAppFilterChain.doFilter(WebAppFilterChain.java:187)
	at com.caucho.server.dispatch.ServletInvocation.service(ServletInvocation.java:265)
	at com.caucho.server.http.HttpRequest.handleRequest(HttpRequest.java:273)
	at com.caucho.server.port.TcpConnection.run(TcpConnection.java:682)
	at com.caucho.util.ThreadPool$Item.runTasks(ThreadPool.java:730)
	at com.caucho.util.ThreadPool$Item.run(ThreadPool.java:649)
	at java.lang.Thread.run(Thread.java:748)
2020-05-11 19:07:07,258 ERROR weaver.general.BaseBean  - weaver.general.BaseBean
java.io.FileNotFoundException: D:\WEAVER\ecology\filesystem\201901\M\a35fe5e1-13a8-4714-a78e-cd6be354820b.zip (系统找不到指定的路径。)
	at java.io.FileInputStream.open0(Native Method)
	at java.io.FileInputStream.open(FileInputStream.java:195)
	at java.io.FileInputStream.<init>(FileInputStream.java:138)
	at weaver.file.FileDownload.doGet(FileDownload.java:1131)
	at javax.servlet.http.HttpServlet.service(HttpServlet.java:114)
	at javax.servlet.http.HttpServlet.service(HttpServlet.java:91)
	at com.caucho.server.dispatch.ServletFilterChain.doFilter(ServletFilterChain.java:103)
	at weaver.filter.PFixFilter.doFilter(PFixFilter.java:129)
	at com.caucho.server.dispatch.FilterFilterChain.doFilter(FilterFilterChain.java:87)
	at weaver.filter.MonitorXFixIPFilter.doFilter(MonitorXFixIPFilter.java:30)
	at weaver.filter.MonitorForbiddenUrlFilter.doFilter(MonitorForbiddenUrlFilter.java:133)
	at weaver.filter.MonitorCheckdbFilter.doFilter(MonitorCheckdbFilter.java:49)
	at weaver.filter.MonitorXUrlTimeFilter.doFilter(MonitorXUrlTimeFilter.java:66)
	at weaver.filter.DynamicMonitorXFilter.doFilter(DynamicMonitorXFilter.java:86)
	at weaver.filter.MonitorXFilter.doFilter(MonitorXFilter.java:83)
	at com.caucho.server.dispatch.FilterFilterChain.doFilter(FilterFilterChain.java:87)
	at weaver.filter.XssFilter.doFilterInternal(XssFilter.java:40)
	at org.springframework.web.filter.OncePerRequestFilter.doFilter(OncePerRequestFilter.java:76)
	at com.caucho.server.dispatch.FilterFilterChain.doFilter(FilterFilterChain.java:87)
	at weaver.security.webcontainer.XssRequestForResin3.doFilter(XssRequestForResin3.java:31)
	at sun.reflect.GeneratedMethodAccessor332.invoke(Unknown Source)
	at sun.reflect.DelegatingMethodAccessorImpl.invoke(DelegatingMethodAccessorImpl.java:43)
	at java.lang.reflect.Method.invoke(Method.java:498)
	at weaver.security.filter.SecurityMain.process(SecurityMain.java:677)
	at sun.reflect.GeneratedMethodAccessor236.invoke(Unknown Source)
	at sun.reflect.DelegatingMethodAccessorImpl.invoke(DelegatingMethodAccessorImpl.java:43)
	at java.lang.reflect.Method.invoke(Method.java:498)
	at weaver.filter.SecurityFilter.doFilterInternal(SecurityFilter.java:51)
	at org.springframework.web.filter.OncePerRequestFilter.doFilter(OncePerRequestFilter.java:76)
	at com.caucho.server.dispatch.FilterFilterChain.doFilter(FilterFilterChain.java:87)
	at com.caucho.server.webapp.WebAppFilterChain.doFilter(WebAppFilterChain.java:187)
	at com.caucho.server.dispatch.ServletInvocation.service(ServletInvocation.java:265)
	at com.caucho.server.http.HttpRequest.handleRequest(HttpRequest.java:273)
	at com.caucho.server.port.TcpConnection.run(TcpConnection.java:682)
	at com.caucho.util.ThreadPool$Item.runTasks(ThreadPool.java:730)
	at com.caucho.util.ThreadPool$Item.run(ThreadPool.java:649)
	at java.lang.Thread.run(Thread.java:748)
2020-05-11 19:07:07,293 ERROR weaver.general.BaseBean  - weaver.general.BaseBean
java.io.FileNotFoundException: D:\WEAVER\ecology\filesystem\201901\G\8bdd9799-60f9-44ce-9bca-15529b60e7e7.zip (系统找不到指定的路径。)
	at java.io.FileInputStream.open0(Native Method)
	at java.io.FileInputStream.open(FileInputStream.java:195)
	at java.io.FileInputStream.<init>(FileInputStream.java:138)
	at weaver.file.FileDownload.doGet(FileDownload.java:1131)
	at javax.servlet.http.HttpServlet.service(HttpServlet.java:114)
	at javax.servlet.http.HttpServlet.service(HttpServlet.java:91)
	at com.caucho.server.dispatch.ServletFilterChain.doFilter(ServletFilterChain.java:103)
	at weaver.filter.PFixFilter.doFilter(PFixFilter.java:129)
	at com.caucho.server.dispatch.FilterFilterChain.doFilter(FilterFilterChain.java:87)
	at weaver.filter.MonitorXFixIPFilter.doFilter(MonitorXFixIPFilter.java:30)
	at weaver.filter.MonitorForbiddenUrlFilter.doFilter(MonitorForbiddenUrlFilter.java:133)
	at weaver.filter.MonitorCheckdbFilter.doFilter(MonitorCheckdbFilter.java:49)
	at weaver.filter.MonitorXUrlTimeFilter.doFilter(MonitorXUrlTimeFilter.java:66)
	at weaver.filter.DynamicMonitorXFilter.doFilter(DynamicMonitorXFilter.java:86)
	at weaver.filter.MonitorXFilter.doFilter(MonitorXFilter.java:83)
	at com.caucho.server.dispatch.FilterFilterChain.doFilter(FilterFilterChain.java:87)
	at weaver.filter.XssFilter.doFilterInternal(XssFilter.java:40)
	at org.springframework.web.filter.OncePerRequestFilter.doFilter(OncePerRequestFilter.java:76)
	at com.caucho.server.dispatch.FilterFilterChain.doFilter(FilterFilterChain.java:87)
	at weaver.security.webcontainer.XssRequestForResin3.doFilter(XssRequestForResin3.java:31)
	at sun.reflect.GeneratedMethodAccessor332.invoke(Unknown Source)
	at sun.reflect.DelegatingMethodAccessorImpl.invoke(DelegatingMethodAccessorImpl.java:43)
	at java.lang.reflect.Method.invoke(Method.java:498)
	at weaver.security.filter.SecurityMain.process(SecurityMain.java:677)
	at sun.reflect.GeneratedMethodAccessor236.invoke(Unknown Source)
	at sun.reflect.DelegatingMethodAccessorImpl.invoke(DelegatingMethodAccessorImpl.java:43)
	at java.lang.reflect.Method.invoke(Method.java:498)
	at weaver.filter.SecurityFilter.doFilterInternal(SecurityFilter.java:51)
	at org.springframework.web.filter.OncePerRequestFilter.doFilter(OncePerRequestFilter.java:76)
	at com.caucho.server.dispatch.FilterFilterChain.doFilter(FilterFilterChain.java:87)
	at com.caucho.server.webapp.WebAppFilterChain.doFilter(WebAppFilterChain.java:187)
	at com.caucho.server.dispatch.ServletInvocation.service(ServletInvocation.java:265)
	at com.caucho.server.http.HttpRequest.handleRequest(HttpRequest.java:273)
	at com.caucho.server.port.TcpConnection.run(TcpConnection.java:682)
	at com.caucho.util.ThreadPool$Item.runTasks(ThreadPool.java:730)
	at com.caucho.util.ThreadPool$Item.run(ThreadPool.java:649)
	at java.lang.Thread.run(Thread.java:748)
2020-05-11 19:07:07,338 ERROR weaver.general.BaseBean  - weaver.general.BaseBean
java.io.FileNotFoundException: D:\WEAVER\ecology\filesystem\201901\W\4a87f425-ed69-4be7-b97b-d9d4e779f1ed.zip (系统找不到指定的路径。)
	at java.io.FileInputStream.open0(Native Method)
	at java.io.FileInputStream.open(FileInputStream.java:195)
	at java.io.FileInputStream.<init>(FileInputStream.java:138)
	at weaver.file.FileDownload.doGet(FileDownload.java:1131)
	at javax.servlet.http.HttpServlet.service(HttpServlet.java:114)
	at javax.servlet.http.HttpServlet.service(HttpServlet.java:91)
	at com.caucho.server.dispatch.ServletFilterChain.doFilter(ServletFilterChain.java:103)
	at weaver.filter.PFixFilter.doFilter(PFixFilter.java:129)
	at com.caucho.server.dispatch.FilterFilterChain.doFilter(FilterFilterChain.java:87)
	at weaver.filter.MonitorXFixIPFilter.doFilter(MonitorXFixIPFilter.java:30)
	at weaver.filter.MonitorForbiddenUrlFilter.doFilter(MonitorForbiddenUrlFilter.java:133)
	at weaver.filter.MonitorCheckdbFilter.doFilter(MonitorCheckdbFilter.java:49)
	at weaver.filter.MonitorXUrlTimeFilter.doFilter(MonitorXUrlTimeFilter.java:66)
	at weaver.filter.DynamicMonitorXFilter.doFilter(DynamicMonitorXFilter.java:86)
	at weaver.filter.MonitorXFilter.doFilter(MonitorXFilter.java:83)
	at com.caucho.server.dispatch.FilterFilterChain.doFilter(FilterFilterChain.java:87)
	at weaver.filter.XssFilter.doFilterInternal(XssFilter.java:40)
	at org.springframework.web.filter.OncePerRequestFilter.doFilter(OncePerRequestFilter.java:76)
	at com.caucho.server.dispatch.FilterFilterChain.doFilter(FilterFilterChain.java:87)
	at weaver.security.webcontainer.XssRequestForResin3.doFilter(XssRequestForResin3.java:31)
	at sun.reflect.GeneratedMethodAccessor332.invoke(Unknown Source)
	at sun.reflect.DelegatingMethodAccessorImpl.invoke(DelegatingMethodAccessorImpl.java:43)
	at java.lang.reflect.Method.invoke(Method.java:498)
	at weaver.security.filter.SecurityMain.process(SecurityMain.java:677)
	at sun.reflect.GeneratedMethodAccessor236.invoke(Unknown Source)
	at sun.reflect.DelegatingMethodAccessorImpl.invoke(DelegatingMethodAccessorImpl.java:43)
	at java.lang.reflect.Method.invoke(Method.java:498)
	at weaver.filter.SecurityFilter.doFilterInternal(SecurityFilter.java:51)
	at org.springframework.web.filter.OncePerRequestFilter.doFilter(OncePerRequestFilter.java:76)
	at com.caucho.server.dispatch.FilterFilterChain.doFilter(FilterFilterChain.java:87)
	at com.caucho.server.webapp.WebAppFilterChain.doFilter(WebAppFilterChain.java:187)
	at com.caucho.server.dispatch.ServletInvocation.service(ServletInvocation.java:265)
	at com.caucho.server.http.HttpRequest.handleRequest(HttpRequest.java:273)
	at com.caucho.server.port.TcpConnection.run(TcpConnection.java:682)
	at com.caucho.util.ThreadPool$Item.runTasks(ThreadPool.java:730)
	at com.caucho.util.ThreadPool$Item.run(ThreadPool.java:649)
	at java.lang.Thread.run(Thread.java:748)
2020-05-11 19:07:07,473 ERROR weaver.general.BaseBean  - weaver.general.BaseBean
java.io.FileNotFoundException: D:\WEAVER\ecology\filesystem\201904\B\fe6ff617-7e01-466c-a1b3-bfb29c2406ea.zip (系统找不到指定的路径。)
	at java.io.FileInputStream.open0(Native Method)
	at java.io.FileInputStream.open(FileInputStream.java:195)
	at java.io.FileInputStream.<init>(FileInputStream.java:138)
	at weaver.file.FileDownload.doGet(FileDownload.java:1131)
	at javax.servlet.http.HttpServlet.service(HttpServlet.java:114)
	at javax.servlet.http.HttpServlet.service(HttpServlet.java:91)
	at com.caucho.server.dispatch.ServletFilterChain.doFilter(ServletFilterChain.java:103)
	at weaver.filter.PFixFilter.doFilter(PFixFilter.java:129)
	at com.caucho.server.dispatch.FilterFilterChain.doFilter(FilterFilterChain.java:87)
	at weaver.filter.MonitorXFixIPFilter.doFilter(MonitorXFixIPFilter.java:30)
	at weaver.filter.MonitorForbiddenUrlFilter.doFilter(MonitorForbiddenUrlFilter.java:133)
	at weaver.filter.MonitorCheckdbFilter.doFilter(MonitorCheckdbFilter.java:49)
	at weaver.filter.MonitorXUrlTimeFilter.doFilter(MonitorXUrlTimeFilter.java:66)
	at weaver.filter.DynamicMonitorXFilter.doFilter(DynamicMonitorXFilter.java:86)
	at weaver.filter.MonitorXFilter.doFilter(MonitorXFilter.java:83)
	at com.caucho.server.dispatch.FilterFilterChain.doFilter(FilterFilterChain.java:87)
	at weaver.filter.XssFilter.doFilterInternal(XssFilter.java:40)
	at org.springframework.web.filter.OncePerRequestFilter.doFilter(OncePerRequestFilter.java:76)
	at com.caucho.server.dispatch.FilterFilterChain.doFilter(FilterFilterChain.java:87)
	at weaver.security.webcontainer.XssRequestForResin3.doFilter(XssRequestForResin3.java:31)
	at sun.reflect.GeneratedMethodAccessor332.invoke(Unknown Source)
	at sun.reflect.DelegatingMethodAccessorImpl.invoke(DelegatingMethodAccessorImpl.java:43)
	at java.lang.reflect.Method.invoke(Method.java:498)
	at weaver.security.filter.SecurityMain.process(SecurityMain.java:677)
	at sun.reflect.GeneratedMethodAccessor236.invoke(Unknown Source)
	at sun.reflect.DelegatingMethodAccessorImpl.invoke(DelegatingMethodAccessorImpl.java:43)
	at java.lang.reflect.Method.invoke(Method.java:498)
	at weaver.filter.SecurityFilter.doFilterInternal(SecurityFilter.java:51)
	at org.springframework.web.filter.OncePerRequestFilter.doFilter(OncePerRequestFilter.java:76)
	at com.caucho.server.dispatch.FilterFilterChain.doFilter(FilterFilterChain.java:87)
	at com.caucho.server.webapp.WebAppFilterChain.doFilter(WebAppFilterChain.java:187)
	at com.caucho.server.dispatch.ServletInvocation.service(ServletInvocation.java:265)
	at com.caucho.server.http.HttpRequest.handleRequest(HttpRequest.java:273)
	at com.caucho.server.port.TcpConnection.run(TcpConnection.java:682)
	at com.caucho.util.ThreadPool$Item.runTasks(ThreadPool.java:730)
	at com.caucho.util.ThreadPool$Item.run(ThreadPool.java:649)
	at java.lang.Thread.run(Thread.java:748)
2020-05-11 19:07:07,531 ERROR weaver.general.BaseBean  - weaver.general.BaseBean
java.io.FileNotFoundException: D:\WEAVER\ecology\filesystem\201904\R\5abaa539-4f8e-4102-a40a-a51bc22ab5fd.zip (系统找不到指定的路径。)
	at java.io.FileInputStream.open0(Native Method)
	at java.io.FileInputStream.open(FileInputStream.java:195)
	at java.io.FileInputStream.<init>(FileInputStream.java:138)
	at weaver.file.FileDownload.doGet(FileDownload.java:1131)
	at javax.servlet.http.HttpServlet.service(HttpServlet.java:114)
	at javax.servlet.http.HttpServlet.service(HttpServlet.java:91)
	at com.caucho.server.dispatch.ServletFilterChain.doFilter(ServletFilterChain.java:103)
	at weaver.filter.PFixFilter.doFilter(PFixFilter.java:129)
	at com.caucho.server.dispatch.FilterFilterChain.doFilter(FilterFilterChain.java:87)
	at weaver.filter.MonitorXFixIPFilter.doFilter(MonitorXFixIPFilter.java:30)
	at weaver.filter.MonitorForbiddenUrlFilter.doFilter(MonitorForbiddenUrlFilter.java:133)
	at weaver.filter.MonitorCheckdbFilter.doFilter(MonitorCheckdbFilter.java:49)
	at weaver.filter.MonitorXUrlTimeFilter.doFilter(MonitorXUrlTimeFilter.java:66)
	at weaver.filter.DynamicMonitorXFilter.doFilter(DynamicMonitorXFilter.java:86)
	at weaver.filter.MonitorXFilter.doFilter(MonitorXFilter.java:83)
	at com.caucho.server.dispatch.FilterFilterChain.doFilter(FilterFilterChain.java:87)
	at weaver.filter.XssFilter.doFilterInternal(XssFilter.java:40)
	at org.springframework.web.filter.OncePerRequestFilter.doFilter(OncePerRequestFilter.java:76)
	at com.caucho.server.dispatch.FilterFilterChain.doFilter(FilterFilterChain.java:87)
	at weaver.security.webcontainer.XssRequestForResin3.doFilter(XssRequestForResin3.java:31)
	at sun.reflect.GeneratedMethodAccessor332.invoke(Unknown Source)
	at sun.reflect.DelegatingMethodAccessorImpl.invoke(DelegatingMethodAccessorImpl.java:43)
	at java.lang.reflect.Method.invoke(Method.java:498)
	at weaver.security.filter.SecurityMain.process(SecurityMain.java:677)
	at sun.reflect.GeneratedMethodAccessor236.invoke(Unknown Source)
	at sun.reflect.DelegatingMethodAccessorImpl.invoke(DelegatingMethodAccessorImpl.java:43)
	at java.lang.reflect.Method.invoke(Method.java:498)
	at weaver.filter.SecurityFilter.doFilterInternal(SecurityFilter.java:51)
	at org.springframework.web.filter.OncePerRequestFilter.doFilter(OncePerRequestFilter.java:76)
	at com.caucho.server.dispatch.FilterFilterChain.doFilter(FilterFilterChain.java:87)
	at com.caucho.server.webapp.WebAppFilterChain.doFilter(WebAppFilterChain.java:187)
	at com.caucho.server.dispatch.ServletInvocation.service(ServletInvocation.java:265)
	at com.caucho.server.http.HttpRequest.handleRequest(HttpRequest.java:273)
	at com.caucho.server.port.TcpConnection.run(TcpConnection.java:682)
	at com.caucho.util.ThreadPool$Item.runTasks(ThreadPool.java:730)
	at com.caucho.util.ThreadPool$Item.run(ThreadPool.java:649)
	at java.lang.Thread.run(Thread.java:748)
2020-05-11 19:07:07,672 ERROR weaver.general.BaseBean  - weaver.general.BaseBean
java.io.FileNotFoundException: D:\WEAVER\ecology\filesystem\201810\D\d7840f59-7aac-4977-a54f-0d2bbf2a4501.zip (系统找不到指定的路径。)
	at java.io.FileInputStream.open0(Native Method)
	at java.io.FileInputStream.open(FileInputStream.java:195)
	at java.io.FileInputStream.<init>(FileInputStream.java:138)
	at weaver.file.FileDownload.doGet(FileDownload.java:1131)
	at javax.servlet.http.HttpServlet.service(HttpServlet.java:114)
	at javax.servlet.http.HttpServlet.service(HttpServlet.java:91)
	at com.caucho.server.dispatch.ServletFilterChain.doFilter(ServletFilterChain.java:103)
	at weaver.filter.PFixFilter.doFilter(PFixFilter.java:129)
	at com.caucho.server.dispatch.FilterFilterChain.doFilter(FilterFilterChain.java:87)
	at weaver.filter.MonitorXFixIPFilter.doFilter(MonitorXFixIPFilter.java:30)
	at weaver.filter.MonitorForbiddenUrlFilter.doFilter(MonitorForbiddenUrlFilter.java:133)
	at weaver.filter.MonitorCheckdbFilter.doFilter(MonitorCheckdbFilter.java:49)
	at weaver.filter.MonitorXUrlTimeFilter.doFilter(MonitorXUrlTimeFilter.java:66)
	at weaver.filter.DynamicMonitorXFilter.doFilter(DynamicMonitorXFilter.java:86)
	at weaver.filter.MonitorXFilter.doFilter(MonitorXFilter.java:83)
	at com.caucho.server.dispatch.FilterFilterChain.doFilter(FilterFilterChain.java:87)
	at weaver.filter.XssFilter.doFilterInternal(XssFilter.java:40)
	at org.springframework.web.filter.OncePerRequestFilter.doFilter(OncePerRequestFilter.java:76)
	at com.caucho.server.dispatch.FilterFilterChain.doFilter(FilterFilterChain.java:87)
	at weaver.security.webcontainer.XssRequestForResin3.doFilter(XssRequestForResin3.java:31)
	at sun.reflect.GeneratedMethodAccessor332.invoke(Unknown Source)
	at sun.reflect.DelegatingMethodAccessorImpl.invoke(DelegatingMethodAccessorImpl.java:43)
	at java.lang.reflect.Method.invoke(Method.java:498)
	at weaver.security.filter.SecurityMain.process(SecurityMain.java:677)
	at sun.reflect.GeneratedMethodAccessor236.invoke(Unknown Source)
	at sun.reflect.DelegatingMethodAccessorImpl.invoke(DelegatingMethodAccessorImpl.java:43)
	at java.lang.reflect.Method.invoke(Method.java:498)
	at weaver.filter.SecurityFilter.doFilterInternal(SecurityFilter.java:51)
	at org.springframework.web.filter.OncePerRequestFilter.doFilter(OncePerRequestFilter.java:76)
	at com.caucho.server.dispatch.FilterFilterChain.doFilter(FilterFilterChain.java:87)
	at com.caucho.server.webapp.WebAppFilterChain.doFilter(WebAppFilterChain.java:187)
	at com.caucho.server.dispatch.ServletInvocation.service(ServletInvocation.java:265)
	at com.caucho.server.http.HttpRequest.handleRequest(HttpRequest.java:273)
	at com.caucho.server.port.TcpConnection.run(TcpConnection.java:682)
	at com.caucho.util.ThreadPool$Item.runTasks(ThreadPool.java:730)
	at com.caucho.util.ThreadPool$Item.run(ThreadPool.java:649)
	at java.lang.Thread.run(Thread.java:748)
2020-05-11 19:07:07,728 ERROR weaver.general.BaseBean  - weaver.general.BaseBean
java.io.FileNotFoundException: D:\WEAVER\ecology\filesystem\201810\L\13f1fe24-e2cf-43a2-8cb7-ceef3fdc18b4.zip (系统找不到指定的路径。)
	at java.io.FileInputStream.open0(Native Method)
	at java.io.FileInputStream.open(FileInputStream.java:195)
	at java.io.FileInputStream.<init>(FileInputStream.java:138)
	at weaver.file.FileDownload.doGet(FileDownload.java:1131)
	at javax.servlet.http.HttpServlet.service(HttpServlet.java:114)
	at javax.servlet.http.HttpServlet.service(HttpServlet.java:91)
	at com.caucho.server.dispatch.ServletFilterChain.doFilter(ServletFilterChain.java:103)
	at weaver.filter.PFixFilter.doFilter(PFixFilter.java:129)
	at com.caucho.server.dispatch.FilterFilterChain.doFilter(FilterFilterChain.java:87)
	at weaver.filter.MonitorXFixIPFilter.doFilter(MonitorXFixIPFilter.java:30)
	at weaver.filter.MonitorForbiddenUrlFilter.doFilter(MonitorForbiddenUrlFilter.java:133)
	at weaver.filter.MonitorCheckdbFilter.doFilter(MonitorCheckdbFilter.java:49)
	at weaver.filter.MonitorXUrlTimeFilter.doFilter(MonitorXUrlTimeFilter.java:66)
	at weaver.filter.DynamicMonitorXFilter.doFilter(DynamicMonitorXFilter.java:86)
	at weaver.filter.MonitorXFilter.doFilter(MonitorXFilter.java:83)
	at com.caucho.server.dispatch.FilterFilterChain.doFilter(FilterFilterChain.java:87)
	at weaver.filter.XssFilter.doFilterInternal(XssFilter.java:40)
	at org.springframework.web.filter.OncePerRequestFilter.doFilter(OncePerRequestFilter.java:76)
	at com.caucho.server.dispatch.FilterFilterChain.doFilter(FilterFilterChain.java:87)
	at weaver.security.webcontainer.XssRequestForResin3.doFilter(XssRequestForResin3.java:31)
	at sun.reflect.GeneratedMethodAccessor332.invoke(Unknown Source)
	at sun.reflect.DelegatingMethodAccessorImpl.invoke(DelegatingMethodAccessorImpl.java:43)
	at java.lang.reflect.Method.invoke(Method.java:498)
	at weaver.security.filter.SecurityMain.process(SecurityMain.java:677)
	at sun.reflect.GeneratedMethodAccessor236.invoke(Unknown Source)
	at sun.reflect.DelegatingMethodAccessorImpl.invoke(DelegatingMethodAccessorImpl.java:43)
	at java.lang.reflect.Method.invoke(Method.java:498)
	at weaver.filter.SecurityFilter.doFilterInternal(SecurityFilter.java:51)
	at org.springframework.web.filter.OncePerRequestFilter.doFilter(OncePerRequestFilter.java:76)
	at com.caucho.server.dispatch.FilterFilterChain.doFilter(FilterFilterChain.java:87)
	at com.caucho.server.webapp.WebAppFilterChain.doFilter(WebAppFilterChain.java:187)
	at com.caucho.server.dispatch.ServletInvocation.service(ServletInvocation.java:265)
	at com.caucho.server.http.HttpRequest.handleRequest(HttpRequest.java:273)
	at com.caucho.server.port.TcpConnection.run(TcpConnection.java:682)
	at com.caucho.util.ThreadPool$Item.runTasks(ThreadPool.java:730)
	at com.caucho.util.ThreadPool$Item.run(ThreadPool.java:649)
	at java.lang.Thread.run(Thread.java:748)
2020-05-11 19:07:07,734 ERROR weaver.general.BaseBean  - weaver.general.BaseBean
java.io.FileNotFoundException: D:\WEAVER\ecology\filesystem\201810\D\7ef64c2c-3348-4065-94eb-e7b5130045d0.zip (系统找不到指定的路径。)
	at java.io.FileInputStream.open0(Native Method)
	at java.io.FileInputStream.open(FileInputStream.java:195)
	at java.io.FileInputStream.<init>(FileInputStream.java:138)
	at weaver.file.FileDownload.doGet(FileDownload.java:1131)
	at javax.servlet.http.HttpServlet.service(HttpServlet.java:114)
	at javax.servlet.http.HttpServlet.service(HttpServlet.java:91)
	at com.caucho.server.dispatch.ServletFilterChain.doFilter(ServletFilterChain.java:103)
	at weaver.filter.PFixFilter.doFilter(PFixFilter.java:129)
	at com.caucho.server.dispatch.FilterFilterChain.doFilter(FilterFilterChain.java:87)
	at weaver.filter.MonitorXFixIPFilter.doFilter(MonitorXFixIPFilter.java:30)
	at weaver.filter.MonitorForbiddenUrlFilter.doFilter(MonitorForbiddenUrlFilter.java:133)
	at weaver.filter.MonitorCheckdbFilter.doFilter(MonitorCheckdbFilter.java:49)
	at weaver.filter.MonitorXUrlTimeFilter.doFilter(MonitorXUrlTimeFilter.java:66)
	at weaver.filter.DynamicMonitorXFilter.doFilter(DynamicMonitorXFilter.java:86)
	at weaver.filter.MonitorXFilter.doFilter(MonitorXFilter.java:83)
	at com.caucho.server.dispatch.FilterFilterChain.doFilter(FilterFilterChain.java:87)
	at weaver.filter.XssFilter.doFilterInternal(XssFilter.java:40)
	at org.springframework.web.filter.OncePerRequestFilter.doFilter(OncePerRequestFilter.java:76)
	at com.caucho.server.dispatch.FilterFilterChain.doFilter(FilterFilterChain.java:87)
	at weaver.security.webcontainer.XssRequestForResin3.doFilter(XssRequestForResin3.java:31)
	at sun.reflect.GeneratedMethodAccessor332.invoke(Unknown Source)
	at sun.reflect.DelegatingMethodAccessorImpl.invoke(DelegatingMethodAccessorImpl.java:43)
	at java.lang.reflect.Method.invoke(Method.java:498)
	at weaver.security.filter.SecurityMain.process(SecurityMain.java:677)
	at sun.reflect.GeneratedMethodAccessor236.invoke(Unknown Source)
	at sun.reflect.DelegatingMethodAccessorImpl.invoke(DelegatingMethodAccessorImpl.java:43)
	at java.lang.reflect.Method.invoke(Method.java:498)
	at weaver.filter.SecurityFilter.doFilterInternal(SecurityFilter.java:51)
	at org.springframework.web.filter.OncePerRequestFilter.doFilter(OncePerRequestFilter.java:76)
	at com.caucho.server.dispatch.FilterFilterChain.doFilter(FilterFilterChain.java:87)
	at com.caucho.server.webapp.WebAppFilterChain.doFilter(WebAppFilterChain.java:187)
	at com.caucho.server.dispatch.ServletInvocation.service(ServletInvocation.java:265)
	at com.caucho.server.http.HttpRequest.handleRequest(HttpRequest.java:273)
	at com.caucho.server.port.TcpConnection.run(TcpConnection.java:682)
	at com.caucho.util.ThreadPool$Item.runTasks(ThreadPool.java:730)
	at com.caucho.util.ThreadPool$Item.run(ThreadPool.java:649)
	at java.lang.Thread.run(Thread.java:748)
2020-05-11 19:07:07,766 ERROR weaver.general.BaseBean  - weaver.general.BaseBean
java.io.FileNotFoundException: D:\WEAVER\ecology\filesystem\201810\S\3a1612ab-1dde-4641-b2ee-03af4bf83698.zip (系统找不到指定的路径。)
	at java.io.FileInputStream.open0(Native Method)
	at java.io.FileInputStream.open(FileInputStream.java:195)
	at java.io.FileInputStream.<init>(FileInputStream.java:138)
	at weaver.file.FileDownload.doGet(FileDownload.java:1131)
	at javax.servlet.http.HttpServlet.service(HttpServlet.java:114)
	at javax.servlet.http.HttpServlet.service(HttpServlet.java:91)
	at com.caucho.server.dispatch.ServletFilterChain.doFilter(ServletFilterChain.java:103)
	at weaver.filter.PFixFilter.doFilter(PFixFilter.java:129)
	at com.caucho.server.dispatch.FilterFilterChain.doFilter(FilterFilterChain.java:87)
	at weaver.filter.MonitorXFixIPFilter.doFilter(MonitorXFixIPFilter.java:30)
	at weaver.filter.MonitorForbiddenUrlFilter.doFilter(MonitorForbiddenUrlFilter.java:133)
	at weaver.filter.MonitorCheckdbFilter.doFilter(MonitorCheckdbFilter.java:49)
	at weaver.filter.MonitorXUrlTimeFilter.doFilter(MonitorXUrlTimeFilter.java:66)
	at weaver.filter.DynamicMonitorXFilter.doFilter(DynamicMonitorXFilter.java:86)
	at weaver.filter.MonitorXFilter.doFilter(MonitorXFilter.java:83)
	at com.caucho.server.dispatch.FilterFilterChain.doFilter(FilterFilterChain.java:87)
	at weaver.filter.XssFilter.doFilterInternal(XssFilter.java:40)
	at org.springframework.web.filter.OncePerRequestFilter.doFilter(OncePerRequestFilter.java:76)
	at com.caucho.server.dispatch.FilterFilterChain.doFilter(FilterFilterChain.java:87)
	at weaver.security.webcontainer.XssRequestForResin3.doFilter(XssRequestForResin3.java:31)
	at sun.reflect.GeneratedMethodAccessor332.invoke(Unknown Source)
	at sun.reflect.DelegatingMethodAccessorImpl.invoke(DelegatingMethodAccessorImpl.java:43)
	at java.lang.reflect.Method.invoke(Method.java:498)
	at weaver.security.filter.SecurityMain.process(SecurityMain.java:677)
	at sun.reflect.GeneratedMethodAccessor236.invoke(Unknown Source)
	at sun.reflect.DelegatingMethodAccessorImpl.invoke(DelegatingMethodAccessorImpl.java:43)
	at java.lang.reflect.Method.invoke(Method.java:498)
	at weaver.filter.SecurityFilter.doFilterInternal(SecurityFilter.java:51)
	at org.springframework.web.filter.OncePerRequestFilter.doFilter(OncePerRequestFilter.java:76)
	at com.caucho.server.dispatch.FilterFilterChain.doFilter(FilterFilterChain.java:87)
	at com.caucho.server.webapp.WebAppFilterChain.doFilter(WebAppFilterChain.java:187)
	at com.caucho.server.dispatch.ServletInvocation.service(ServletInvocation.java:265)
	at com.caucho.server.http.HttpRequest.handleRequest(HttpRequest.java:273)
	at com.caucho.server.port.TcpConnection.run(TcpConnection.java:682)
	at com.caucho.util.ThreadPool$Item.runTasks(ThreadPool.java:730)
	at com.caucho.util.ThreadPool$Item.run(ThreadPool.java:649)
	at java.lang.Thread.run(Thread.java:748)
2020-05-11 19:07:07,790 ERROR weaver.general.BaseBean  - weaver.general.BaseBean
java.io.FileNotFoundException: D:\WEAVER\ecology\filesystem\201810\B\aa72b52a-685f-42c5-a30e-291dc4b81c14.zip (系统找不到指定的路径。)
	at java.io.FileInputStream.open0(Native Method)
	at java.io.FileInputStream.open(FileInputStream.java:195)
	at java.io.FileInputStream.<init>(FileInputStream.java:138)
	at weaver.file.FileDownload.doGet(FileDownload.java:1131)
	at javax.servlet.http.HttpServlet.service(HttpServlet.java:114)
	at javax.servlet.http.HttpServlet.service(HttpServlet.java:91)
	at com.caucho.server.dispatch.ServletFilterChain.doFilter(ServletFilterChain.java:103)
	at weaver.filter.PFixFilter.doFilter(PFixFilter.java:129)
	at com.caucho.server.dispatch.FilterFilterChain.doFilter(FilterFilterChain.java:87)
	at weaver.filter.MonitorXFixIPFilter.doFilter(MonitorXFixIPFilter.java:30)
	at weaver.filter.MonitorForbiddenUrlFilter.doFilter(MonitorForbiddenUrlFilter.java:133)
	at weaver.filter.MonitorCheckdbFilter.doFilter(MonitorCheckdbFilter.java:49)
	at weaver.filter.MonitorXUrlTimeFilter.doFilter(MonitorXUrlTimeFilter.java:66)
	at weaver.filter.DynamicMonitorXFilter.doFilter(DynamicMonitorXFilter.java:86)
	at weaver.filter.MonitorXFilter.doFilter(MonitorXFilter.java:83)
	at com.caucho.server.dispatch.FilterFilterChain.doFilter(FilterFilterChain.java:87)
	at weaver.filter.XssFilter.doFilterInternal(XssFilter.java:40)
	at org.springframework.web.filter.OncePerRequestFilter.doFilter(OncePerRequestFilter.java:76)
	at com.caucho.server.dispatch.FilterFilterChain.doFilter(FilterFilterChain.java:87)
	at weaver.security.webcontainer.XssRequestForResin3.doFilter(XssRequestForResin3.java:31)
	at sun.reflect.GeneratedMethodAccessor332.invoke(Unknown Source)
	at sun.reflect.DelegatingMethodAccessorImpl.invoke(DelegatingMethodAccessorImpl.java:43)
	at java.lang.reflect.Method.invoke(Method.java:498)
	at weaver.security.filter.SecurityMain.process(SecurityMain.java:677)
	at sun.reflect.GeneratedMethodAccessor236.invoke(Unknown Source)
	at sun.reflect.DelegatingMethodAccessorImpl.invoke(DelegatingMethodAccessorImpl.java:43)
	at java.lang.reflect.Method.invoke(Method.java:498)
	at weaver.filter.SecurityFilter.doFilterInternal(SecurityFilter.java:51)
	at org.springframework.web.filter.OncePerRequestFilter.doFilter(OncePerRequestFilter.java:76)
	at com.caucho.server.dispatch.FilterFilterChain.doFilter(FilterFilterChain.java:87)
	at com.caucho.server.webapp.WebAppFilterChain.doFilter(WebAppFilterChain.java:187)
	at com.caucho.server.dispatch.ServletInvocation.service(ServletInvocation.java:265)
	at com.caucho.server.http.HttpRequest.handleRequest(HttpRequest.java:273)
	at com.caucho.server.port.TcpConnection.run(TcpConnection.java:682)
	at com.caucho.util.ThreadPool$Item.runTasks(ThreadPool.java:730)
	at com.caucho.util.ThreadPool$Item.run(ThreadPool.java:649)
	at java.lang.Thread.run(Thread.java:748)
2020-05-11 19:07:07,797 ERROR weaver.general.BaseBean  - weaver.general.BaseBean
java.io.FileNotFoundException: D:\WEAVER\ecology\filesystem\201810\Y\fdab870a-c468-4ed6-9526-bc0bb4889835.zip (系统找不到指定的路径。)
	at java.io.FileInputStream.open0(Native Method)
	at java.io.FileInputStream.open(FileInputStream.java:195)
	at java.io.FileInputStream.<init>(FileInputStream.java:138)
	at weaver.file.FileDownload.doGet(FileDownload.java:1131)
	at javax.servlet.http.HttpServlet.service(HttpServlet.java:114)
	at javax.servlet.http.HttpServlet.service(HttpServlet.java:91)
	at com.caucho.server.dispatch.ServletFilterChain.doFilter(ServletFilterChain.java:103)
	at weaver.filter.PFixFilter.doFilter(PFixFilter.java:129)
	at com.caucho.server.dispatch.FilterFilterChain.doFilter(FilterFilterChain.java:87)
	at weaver.filter.MonitorXFixIPFilter.doFilter(MonitorXFixIPFilter.java:30)
	at weaver.filter.MonitorForbiddenUrlFilter.doFilter(MonitorForbiddenUrlFilter.java:133)
	at weaver.filter.MonitorCheckdbFilter.doFilter(MonitorCheckdbFilter.java:49)
	at weaver.filter.MonitorXUrlTimeFilter.doFilter(MonitorXUrlTimeFilter.java:66)
	at weaver.filter.DynamicMonitorXFilter.doFilter(DynamicMonitorXFilter.java:86)
	at weaver.filter.MonitorXFilter.doFilter(MonitorXFilter.java:83)
	at com.caucho.server.dispatch.FilterFilterChain.doFilter(FilterFilterChain.java:87)
	at weaver.filter.XssFilter.doFilterInternal(XssFilter.java:40)
	at org.springframework.web.filter.OncePerRequestFilter.doFilter(OncePerRequestFilter.java:76)
	at com.caucho.server.dispatch.FilterFilterChain.doFilter(FilterFilterChain.java:87)
	at weaver.security.webcontainer.XssRequestForResin3.doFilter(XssRequestForResin3.java:31)
	at sun.reflect.GeneratedMethodAccessor332.invoke(Unknown Source)
	at sun.reflect.DelegatingMethodAccessorImpl.invoke(DelegatingMethodAccessorImpl.java:43)
	at java.lang.reflect.Method.invoke(Method.java:498)
	at weaver.security.filter.SecurityMain.process(SecurityMain.java:677)
	at sun.reflect.GeneratedMethodAccessor236.invoke(Unknown Source)
	at sun.reflect.DelegatingMethodAccessorImpl.invoke(DelegatingMethodAccessorImpl.java:43)
	at java.lang.reflect.Method.invoke(Method.java:498)
	at weaver.filter.SecurityFilter.doFilterInternal(SecurityFilter.java:51)
	at org.springframework.web.filter.OncePerRequestFilter.doFilter(OncePerRequestFilter.java:76)
	at com.caucho.server.dispatch.FilterFilterChain.doFilter(FilterFilterChain.java:87)
	at com.caucho.server.webapp.WebAppFilterChain.doFilter(WebAppFilterChain.java:187)
	at com.caucho.server.dispatch.ServletInvocation.service(ServletInvocation.java:265)
	at com.caucho.server.http.HttpRequest.handleRequest(HttpRequest.java:273)
	at com.caucho.server.port.TcpConnection.run(TcpConnection.java:682)
	at com.caucho.util.ThreadPool$Item.runTasks(ThreadPool.java:730)
	at com.caucho.util.ThreadPool$Item.run(ThreadPool.java:649)
	at java.lang.Thread.run(Thread.java:748)
2020-05-11 19:07:07,840 ERROR weaver.general.BaseBean  - weaver.general.BaseBean
java.io.FileNotFoundException: D:\WEAVER\ecology\filesystem\201901\O\ca64fa67-2607-4a92-9931-3a9d70861fc1.zip (系统找不到指定的路径。)
	at java.io.FileInputStream.open0(Native Method)
	at java.io.FileInputStream.open(FileInputStream.java:195)
	at java.io.FileInputStream.<init>(FileInputStream.java:138)
	at weaver.file.FileDownload.doGet(FileDownload.java:1131)
	at javax.servlet.http.HttpServlet.service(HttpServlet.java:114)
	at javax.servlet.http.HttpServlet.service(HttpServlet.java:91)
	at com.caucho.server.dispatch.ServletFilterChain.doFilter(ServletFilterChain.java:103)
	at weaver.filter.PFixFilter.doFilter(PFixFilter.java:129)
	at com.caucho.server.dispatch.FilterFilterChain.doFilter(FilterFilterChain.java:87)
	at weaver.filter.MonitorXFixIPFilter.doFilter(MonitorXFixIPFilter.java:30)
	at weaver.filter.MonitorForbiddenUrlFilter.doFilter(MonitorForbiddenUrlFilter.java:133)
	at weaver.filter.MonitorCheckdbFilter.doFilter(MonitorCheckdbFilter.java:49)
	at weaver.filter.MonitorXUrlTimeFilter.doFilter(MonitorXUrlTimeFilter.java:66)
	at weaver.filter.DynamicMonitorXFilter.doFilter(DynamicMonitorXFilter.java:86)
	at weaver.filter.MonitorXFilter.doFilter(MonitorXFilter.java:83)
	at com.caucho.server.dispatch.FilterFilterChain.doFilter(FilterFilterChain.java:87)
	at weaver.filter.XssFilter.doFilterInternal(XssFilter.java:40)
	at org.springframework.web.filter.OncePerRequestFilter.doFilter(OncePerRequestFilter.java:76)
	at com.caucho.server.dispatch.FilterFilterChain.doFilter(FilterFilterChain.java:87)
	at weaver.security.webcontainer.XssRequestForResin3.doFilter(XssRequestForResin3.java:31)
	at sun.reflect.GeneratedMethodAccessor332.invoke(Unknown Source)
	at sun.reflect.DelegatingMethodAccessorImpl.invoke(DelegatingMethodAccessorImpl.java:43)
	at java.lang.reflect.Method.invoke(Method.java:498)
	at weaver.security.filter.SecurityMain.process(SecurityMain.java:677)
	at sun.reflect.GeneratedMethodAccessor236.invoke(Unknown Source)
	at sun.reflect.DelegatingMethodAccessorImpl.invoke(DelegatingMethodAccessorImpl.java:43)
	at java.lang.reflect.Method.invoke(Method.java:498)
	at weaver.filter.SecurityFilter.doFilterInternal(SecurityFilter.java:51)
	at org.springframework.web.filter.OncePerRequestFilter.doFilter(OncePerRequestFilter.java:76)
	at com.caucho.server.dispatch.FilterFilterChain.doFilter(FilterFilterChain.java:87)
	at com.caucho.server.webapp.WebAppFilterChain.doFilter(WebAppFilterChain.java:187)
	at com.caucho.server.dispatch.ServletInvocation.service(ServletInvocation.java:265)
	at com.caucho.server.http.HttpRequest.handleRequest(HttpRequest.java:273)
	at com.caucho.server.port.TcpConnection.run(TcpConnection.java:682)
	at com.caucho.util.ThreadPool$Item.runTasks(ThreadPool.java:730)
	at com.caucho.util.ThreadPool$Item.run(ThreadPool.java:649)
	at java.lang.Thread.run(Thread.java:748)
2020-05-11 19:09:07,543 ERROR com.shxiv.hfwh.workflow.action.SpSsAction  - ######################  开始调用送审流大中小类控制Action    ###########################
2020-05-11 19:09:07,544 ERROR com.shxiv.hfwh.workflow.action.SpSsAction  - 送审流程表查询信息:select htbm,dl,zfl1,xl from formtable_main_150 where requestId='57157' 
2020-05-11 19:09:07,547 ERROR com.shxiv.hfwh.workflow.action.SpSsAction  - 大类集合:[52]
2020-05-11 19:09:07,548 ERROR com.shxiv.hfwh.workflow.action.SpSsAction  - 中类集合:[545]
2020-05-11 19:09:07,548 ERROR com.shxiv.hfwh.workflow.action.SpSsAction  - 小类集合:[1616]
2020-05-11 19:09:07,550 ERROR weaver.workflow.request.RequestCheckAddinRules  - weaver.workflow.request.RequestCheckAddinRules
java.lang.Exception: 0
	at weaver.workflow.request.RequestCheckAddinRules.checkAddinRules(RequestCheckAddinRules.java:922)
	at weaver.workflow.request.RequestManager.saveRequestInfo(RequestManager.java:4593)
	at _jsp._workflow._request._requestoperation__jsp._jspService(_requestoperation__jsp.java:1148)
	at com.caucho.jsp.JavaPage.service(JavaPage.java:61)
	at com.caucho.jsp.Page.pageservice(Page.java:587)
	at com.caucho.server.dispatch.PageFilterChain.doFilter(PageFilterChain.java:195)
	at wscheck.FileCheckFilter.doFilter(FileCheckFilter.java:146)
	at com.caucho.server.dispatch.FilterFilterChain.doFilter(FilterFilterChain.java:87)
	at weaver.filter.PFixFilter.doFilter(PFixFilter.java:129)
	at com.caucho.server.dispatch.FilterFilterChain.doFilter(FilterFilterChain.java:87)
	at weaver.filter.MonitorXFixIPFilter.doFilter(MonitorXFixIPFilter.java:30)
	at weaver.filter.MonitorForbiddenUrlFilter.doFilter(MonitorForbiddenUrlFilter.java:133)
	at weaver.filter.MonitorCheckdbFilter.doFilter(MonitorCheckdbFilter.java:49)
	at weaver.filter.MonitorXUrlTimeFilter.doFilter(MonitorXUrlTimeFilter.java:66)
	at weaver.filter.DynamicMonitorXFilter.doFilter(DynamicMonitorXFilter.java:86)
	at weaver.filter.MonitorXFilter.doFilter(MonitorXFilter.java:83)
	at com.caucho.server.dispatch.FilterFilterChain.doFilter(FilterFilterChain.java:87)
	at com.cloudstore.api.util.Util_CompatibleFilter.doFilter(Util_CompatibleFilter.java:207)
	at com.caucho.server.dispatch.FilterFilterChain.doFilter(FilterFilterChain.java:87)
	at weaver.filter.FixIPFilter.doFilter(FixIPFilter.java:23)
	at com.caucho.server.dispatch.FilterFilterChain.doFilter(FilterFilterChain.java:87)
	at weaver.filter.DialogHandleFilter.doFilter(DialogHandleFilter.java:76)
	at com.caucho.server.dispatch.FilterFilterChain.doFilter(FilterFilterChain.java:87)
	at weaver.filter.XssFilter.doFilterInternal(XssFilter.java:40)
	at org.springframework.web.filter.OncePerRequestFilter.doFilter(OncePerRequestFilter.java:76)
	at com.caucho.server.dispatch.FilterFilterChain.doFilter(FilterFilterChain.java:87)
	at weaver.filter.ConnFastFilter.doFilter(ConnFastFilter.java:38)
	at com.caucho.server.dispatch.FilterFilterChain.doFilter(FilterFilterChain.java:87)
	at weaver.filter.AppUseFilter.doFilter(AppUseFilter.java:48)
	at com.caucho.server.dispatch.FilterFilterChain.doFilter(FilterFilterChain.java:87)
	at weaver.filter.IECompatibleFilter.doFilter(IECompatibleFilter.java:104)
	at com.caucho.server.dispatch.FilterFilterChain.doFilter(FilterFilterChain.java:87)
	at weaver.filter.WGzipFilter.doFilter(WGzipFilter.java:115)
	at com.caucho.server.dispatch.FilterFilterChain.doFilter(FilterFilterChain.java:87)
	at weaver.security.webcontainer.XssRequestForResin3.doFilter(XssRequestForResin3.java:31)
	at sun.reflect.GeneratedMethodAccessor332.invoke(Unknown Source)
	at sun.reflect.DelegatingMethodAccessorImpl.invoke(DelegatingMethodAccessorImpl.java:43)
	at java.lang.reflect.Method.invoke(Method.java:498)
	at weaver.security.filter.SecurityMain.process(SecurityMain.java:760)
	at sun.reflect.GeneratedMethodAccessor236.invoke(Unknown Source)
	at sun.reflect.DelegatingMethodAccessorImpl.invoke(DelegatingMethodAccessorImpl.java:43)
	at java.lang.reflect.Method.invoke(Method.java:498)
	at weaver.filter.SecurityFilter.doFilterInternal(SecurityFilter.java:51)
	at org.springframework.web.filter.OncePerRequestFilter.doFilter(OncePerRequestFilter.java:76)
	at com.caucho.server.dispatch.FilterFilterChain.doFilter(FilterFilterChain.java:87)
	at com.caucho.server.webapp.WebAppFilterChain.doFilter(WebAppFilterChain.java:187)
	at com.caucho.server.dispatch.ServletInvocation.service(ServletInvocation.java:265)
	at com.caucho.server.http.HttpRequest.handleRequest(HttpRequest.java:273)
	at com.caucho.server.port.TcpConnection.run(TcpConnection.java:682)
	at com.caucho.util.ThreadPool$Item.runTasks(ThreadPool.java:730)
	at com.caucho.util.ThreadPool$Item.run(ThreadPool.java:649)
	at java.lang.Thread.run(Thread.java:748)
2020-05-11 19:09:07,564 ERROR weaver.workflow.request.RequestManager  - weaver.workflow.request.RequestManager
java.lang.Exception: workflow interface action error:0
	at weaver.workflow.request.RequestCheckAddinRules.checkAddinRules(RequestCheckAddinRules.java:928)
	at weaver.workflow.request.RequestManager.saveRequestInfo(RequestManager.java:4593)
	at _jsp._workflow._request._requestoperation__jsp._jspService(_requestoperation__jsp.java:1148)
	at com.caucho.jsp.JavaPage.service(JavaPage.java:61)
	at com.caucho.jsp.Page.pageservice(Page.java:587)
	at com.caucho.server.dispatch.PageFilterChain.doFilter(PageFilterChain.java:195)
	at wscheck.FileCheckFilter.doFilter(FileCheckFilter.java:146)
	at com.caucho.server.dispatch.FilterFilterChain.doFilter(FilterFilterChain.java:87)
	at weaver.filter.PFixFilter.doFilter(PFixFilter.java:129)
	at com.caucho.server.dispatch.FilterFilterChain.doFilter(FilterFilterChain.java:87)
	at weaver.filter.MonitorXFixIPFilter.doFilter(MonitorXFixIPFilter.java:30)
	at weaver.filter.MonitorForbiddenUrlFilter.doFilter(MonitorForbiddenUrlFilter.java:133)
	at weaver.filter.MonitorCheckdbFilter.doFilter(MonitorCheckdbFilter.java:49)
	at weaver.filter.MonitorXUrlTimeFilter.doFilter(MonitorXUrlTimeFilter.java:66)
	at weaver.filter.DynamicMonitorXFilter.doFilter(DynamicMonitorXFilter.java:86)
	at weaver.filter.MonitorXFilter.doFilter(MonitorXFilter.java:83)
	at com.caucho.server.dispatch.FilterFilterChain.doFilter(FilterFilterChain.java:87)
	at com.cloudstore.api.util.Util_CompatibleFilter.doFilter(Util_CompatibleFilter.java:207)
	at com.caucho.server.dispatch.FilterFilterChain.doFilter(FilterFilterChain.java:87)
	at weaver.filter.FixIPFilter.doFilter(FixIPFilter.java:23)
	at com.caucho.server.dispatch.FilterFilterChain.doFilter(FilterFilterChain.java:87)
	at weaver.filter.DialogHandleFilter.doFilter(DialogHandleFilter.java:76)
	at com.caucho.server.dispatch.FilterFilterChain.doFilter(FilterFilterChain.java:87)
	at weaver.filter.XssFilter.doFilterInternal(XssFilter.java:40)
	at org.springframework.web.filter.OncePerRequestFilter.doFilter(OncePerRequestFilter.java:76)
	at com.caucho.server.dispatch.FilterFilterChain.doFilter(FilterFilterChain.java:87)
	at weaver.filter.ConnFastFilter.doFilter(ConnFastFilter.java:38)
	at com.caucho.server.dispatch.FilterFilterChain.doFilter(FilterFilterChain.java:87)
	at weaver.filter.AppUseFilter.doFilter(AppUseFilter.java:48)
	at com.caucho.server.dispatch.FilterFilterChain.doFilter(FilterFilterChain.java:87)
	at weaver.filter.IECompatibleFilter.doFilter(IECompatibleFilter.java:104)
	at com.caucho.server.dispatch.FilterFilterChain.doFilter(FilterFilterChain.java:87)
	at weaver.filter.WGzipFilter.doFilter(WGzipFilter.java:115)
	at com.caucho.server.dispatch.FilterFilterChain.doFilter(FilterFilterChain.java:87)
	at weaver.security.webcontainer.XssRequestForResin3.doFilter(XssRequestForResin3.java:31)
	at sun.reflect.GeneratedMethodAccessor332.invoke(Unknown Source)
	at sun.reflect.DelegatingMethodAccessorImpl.invoke(DelegatingMethodAccessorImpl.java:43)
	at java.lang.reflect.Method.invoke(Method.java:498)
	at weaver.security.filter.SecurityMain.process(SecurityMain.java:760)
	at sun.reflect.GeneratedMethodAccessor236.invoke(Unknown Source)
	at sun.reflect.DelegatingMethodAccessorImpl.invoke(DelegatingMethodAccessorImpl.java:43)
	at java.lang.reflect.Method.invoke(Method.java:498)
	at weaver.filter.SecurityFilter.doFilterInternal(SecurityFilter.java:51)
	at org.springframework.web.filter.OncePerRequestFilter.doFilter(OncePerRequestFilter.java:76)
	at com.caucho.server.dispatch.FilterFilterChain.doFilter(FilterFilterChain.java:87)
	at com.caucho.server.webapp.WebAppFilterChain.doFilter(WebAppFilterChain.java:187)
	at com.caucho.server.dispatch.ServletInvocation.service(ServletInvocation.java:265)
	at com.caucho.server.http.HttpRequest.handleRequest(HttpRequest.java:273)
	at com.caucho.server.port.TcpConnection.run(TcpConnection.java:682)
	at com.caucho.util.ThreadPool$Item.runTasks(ThreadPool.java:730)
	at com.caucho.util.ThreadPool$Item.run(ThreadPool.java:649)
	at java.lang.Thread.run(Thread.java:748)
2020-05-11 19:09:09,213 ERROR weaver.conn.RecordSet  - WorkflowSignInput.jsp requestId=57157,workflowId=281,nodeId=2202
2020-05-11 19:09:09,213 INFO  weaver.odoc.workflow.workflow.utils.FormSignatureConfigUtil  - getFormSignatureConfig() workflowId=281,nodeId=2202,userId=83,language=7
2020-05-11 19:09:09,273 ERROR com.cloudstore.api.dao.Dao_OrgImpl  - in new selecthave
2020-05-11 19:09:09,274 ERROR com.cloudstore.api.dao.Dao_OrgImpl  - getCurrentNode sql :select isremark,isreminded,preisremark,id,groupdetailid,nodeid,takisremark,(CASE WHEN isremark=9 THEN '7.5' WHEN (isremark=1 and takisremark=2) THEN '0.9' WHEN (preisremark=1 and takisremark=2) THEN '0.9' ELSE isremark END) orderisremark,workflowid from workflow_currentoperator where requestid=57157 and userid=83 and usertype=1 order by orderisremark,islasttimes desc 
2020-05-11 19:09:09,274 ERROR com.cloudstore.api.dao.Dao_OrgImpl  - getCurrentNode nodeid :2202 |workflowid :281
2020-05-11 19:09:09,275 ERROR com.cloudstore.api.dao.Dao_OrgImpl  - get search sql is :select * from no0000012_wfdetailset where 1=1 and wfid  = '281' and ( nodeids like '%,2202,%' or  nodeids like '2202,%' or  nodeids like '%,2202' or  nodeids like '2202' or nodeid = '2202' ) | result :false
2020-05-11 19:10:00,046 ERROR com.shxiv.hfwh.rest.http.HttpServiceImpl  - 传入路径： http://rfid.chinabrandsgroup.com.cn:5618/api/acc_in?key=oa@mail.com&timestamp=20200511191000&sign=959dddde3a4f558e25154735c3826731
2020-05-11 19:10:00,696 ERROR com.shxiv.hfwh.rest.http.HttpServiceImpl  - 获取ERP-辅料备货数据job成功了！ 
2020-05-11 19:10:00,696 ERROR com.shxiv.hfwh.rest.http.HttpServiceImpl  - 辅料申请开始！ 
2020-05-11 19:10:00,696 ERROR com.shxiv.hfwh.rest.http.HttpServiceImpl  - 传入路径： http://rfid.chinabrandsgroup.com.cn:5618/api/acc_out?key=oa@mail.com&timestamp=20200511191000&sign=959dddde3a4f558e25154735c3826731
2020-05-11 19:10:00,764 ERROR com.shxiv.hfwh.rest.http.HttpServiceImpl  - 获取ERP-辅料申请数据job成功了！ 
2020-05-11 19:10:00,764 ERROR com.shxiv.hfwh.rest.http.HttpServiceImpl  - 防伪标申请1开始！ 
2020-05-11 19:10:00,764 ERROR com.shxiv.hfwh.rest.http.HttpServiceImpl  - 传入路径： http://rfid.chinabrandsgroup.com.cn:5618/api/fake_out?key=oa@mail.com&timestamp=20200511191000&sign=959dddde3a4f558e25154735c3826731
2020-05-11 19:10:14,342 ERROR weaver.systeminfo.menuconfig.MenuUtil  - 菜单查询sql:select * from (select isnull(c.isopen,m.infoid+(324855)+1) as isopen,m.* from ( ( SELECT t1.id as infoId, t1.labelId , t1.isCustom, t1.refersubid,t1.iconUrl,t1.TopIconUrl,t1.linkAddress ,t1.baseTarget,t1.parentId,t1.useCustomName as infoUseCustomName,t1.customName as infoCustomName,t1.customName_e as infoCustomName_e,t1.customName_t as infoCustomName_t,t1.module, t2.id,t2.visible,t2.viewIndex,t2.locked,t2.lockedById,t2.useCustomName,t2.customName,t2.customName_e,t2.customName_t,t2.resourcetype,t2.resourceid ,case when t1.isCustom=2 then t1.topmenuname else t2.topmenuname end topmenuname,case when t1.isCustom=2 then t1.topname_e else t2.topname_e end topname_e,case when t1.isCustom=2 then t1.topname_t else t2.topname_t end topname_t ,allt.c as  allParent,curt.c as curParent  FROM leftmenuinfo t1  left join (select count(0) c,parentId from leftmenuinfo group by  parentId )allt on t1.id=allt.parentId  left join (select count(0) c,parentId from leftmenuinfo it1 inner join leftmenuconfig it2 on it2.infoId = it1.id where it2.resourcetype = 3  and it2.resourceid = 1 group by it1.parentId)curt on t1.id=curt.parentId , leftmenuconfig t2 , SystemModule t3  WHERE t2.infoId = t1.id  AND t1.relatedModuleId = t3.id   and ((t2.resourcetype=1 and t2.resourceid =1) or (t2.resourcetype=3 and t2.resourceid=1)) AND t2.visible=1  AND t3.moduleReleased = 1 and t1.id in (SELECT infoid FROM menushareinfo WHERE (  CASE WHEN (sharetype = 1 AND sharevalue in (0,-2)  and dbo.Get_StrArrayStrOfIndex(isnull(seclevel,'0.1-0.1'),'-',1)<=30 and dbo.Get_StrArrayStrOfIndex(isnull(seclevel,'0.1-0.1'),'-',2)>=30 ) THEN  1 ELSE 0 END   = 1 OR   CASE WHEN (sharetype = 3 and dbo.Get_StrArrayStrOfIndex(isnull(seclevel,'0.1-0.1'),'-',1)<=30 and dbo.Get_StrArrayStrOfIndex(isnull(seclevel,'0.1-0.1'),'-',2)>=30 ) THEN  1 ELSE 0 END   = 1 OR   CASE WHEN (sharetype = 5 AND sharevalue = 1) THEN  1 ELSE 0 END   = 1   OR  CASE WHEN (sharetype = 6 AND sharevalue in (0,-4) and dbo.Get_StrArrayStrOfIndex(isnull(seclevel,'0.1-0.1'),'-',1)<=30 and dbo.Get_StrArrayStrOfIndex(isnull(seclevel,'0.1-0.1'),'-',2)>=30 ) THEN  1 ELSE 0 END   = 1 OR CASE WHEN (sharetype = 7 AND sharevalue = 0  and   ( case when jobtitlelevel=1  Then 1 else 0 end = 1     or       case when (jobtitlelevel=2 and ( '%,'+jobtitlesharevalue+',%' like '%,0,%'  or  '%,'+jobtitlesharevalue+',%' like '%,-2,%' ) ) Then 1 else 0 end = 1        or       case when (jobtitlelevel=3 and ( '%,'+jobtitlesharevalue+',%' like '%,0,%'  or  '%,'+jobtitlesharevalue+',%' like '%,-4,%' ) ) Then 1 else 0 end = 1    )) THEN  1 ELSE 0 END   = 1   OR    CASE WHEN (sharetype = 2 AND sharevalue IN ( select roleid  from hrmrolemembers role WHERE rolelevel <=role.rolelevel AND role.resourceid =1 ) and dbo.Get_StrArrayStrOfIndex(isnull(seclevel,'0.1-0.1'),'-',1)<=30 and dbo.Get_StrArrayStrOfIndex(isnull(seclevel,'0.1-0.1'),'-',2)>=30 ) THEN  1 ELSE 0 END   = 1  )  and resourcetype=1 and resourceid =1 and menutype='left' ) and (t1.parentid=0 or  t1.parentid is null or t1.parentid='')  ) union ( SELECT t1.id as infoId, t1.labelId , t1.isCustom, t1.refersubid,t1.iconUrl,t1.TopIconUrl,t1.linkAddress ,t1.baseTarget,t1.parentId,t1.useCustomName as infoUseCustomName,t1.customName as infoCustomName,t1.customName_e as infoCustomName_e,t1.customName_t as infoCustomName_t,t1.module, t2.id,t2.visible,t2.viewIndex,t2.locked,t2.lockedById,t2.useCustomName,t2.customName,t2.customName_e,t2.customName_t,t2.resourcetype,t2.resourceid ,case when t1.isCustom=2 then t1.topmenuname else t2.topmenuname end topmenuname,case when t1.isCustom=2 then t1.topname_e else t2.topname_e end topname_e,case when t1.isCustom=2 then t1.topname_t else t2.topname_t end topname_t ,allt.c as  allParent,curt.c as curParent  FROM leftmenuinfo t1  left join (select count(0) c,parentId from leftmenuinfo group by  parentId )allt on t1.id=allt.parentId  left join (select count(0) c,parentId from leftmenuinfo it1 inner join leftmenuconfig it2 on it2.infoId = it1.id where it2.resourcetype = 3  and it2.resourceid = 1 group by it1.parentId)curt on t1.id=curt.parentId , leftmenuconfig t2 , SystemModule t3  WHERE t2.infoId = t1.id  AND t1.relatedModuleId = t3.id   and ((t2.resourcetype=1 and t2.resourceid =1) or (t2.resourcetype=3 and t2.resourceid=1)) AND t2.visible=1  AND t3.moduleReleased = 1 and t1.id not in (SELECT infoid FROM menushareinfo where menutype='left'  and resourcetype=1 and resourceid =1 ) and (t1.parentid=0 or  t1.parentid is null or t1.parentid='')  ) ) m left join menucontrollist c on m.infoid+324789=c.menuid and c.type='left') a where a.isopen=a.infoid+(324855)+1 ORDER BY ISNULL(a.parentId,0),a.viewIndex,a.infoId
2020-05-11 19:14:59,195 INFO  weaver.filter.SecurityFilter  - Filter 'SecurityFilter' configured successfully
2020-05-11 19:14:59,204 ERROR weaver.general.BaseBean  - log4j reset thread start success...
2020-05-11 19:19:17,288 INFO  weaver.filter.SecurityFilter  - Initializing filter 'SecurityFilter'
2020-05-11 19:19:19,479 INFO  weaver.filter.SecurityFilter  - Filter 'SecurityFilter' configured successfully
2020-05-11 19:19:19,486 ERROR weaver.general.BaseBean  - log4j reset thread start success...
2020-05-11 19:19:19,711 INFO  weaver.filter.XssFilter  - Initializing filter 'XssFilter'
2020-05-11 19:19:19,723 INFO  weaver.filter.XssFilter  - Filter 'XssFilter' configured successfully
2020-05-11 19:19:19,858 ERROR weaver.general.BaseBean  - ------是否开启字符转码----0---是否开启sql参数化解析-----0----nativepool----ecology
2020-05-11 19:19:19,869 ERROR weaver.general.BaseBean  - ExecuteSqlLogger start log write to file thread success...
2020-05-11 19:26:58,441 ERROR weaver.conn.RecordSet  - 生成前端JS使用的label信息...
2020-05-11 19:26:58,467 ERROR weaver.conn.RecordSet  - 生成前端JS使用的label信息成功...
2020-05-11 19:27:59,314 INFO  weaver.filter.SecurityFilter  - Initializing filter 'SecurityFilter'
2020-05-11 19:35:59,142 ERROR weaver.systeminfo.menuconfig.MenuUtil  - 后端菜单查询sql:select * from (select isnull(c.isopen,m.infoid+(324855)+1) as isopen,m.* from ( ( SELECT t1.id as infoId, t1.labelId , t1.refersubid,t1.isCustom, t1.iconUrl ,t1.linkAddress,t1.baseTarget ,t1.parentId,t1.useCustomName as infoUseCustomName,t1.customName as infoCustomName,t1.customName_e as infoCustomName_e,t1.customName_t as infoCustomName_t,t1.module, t2.id,t2.visible,t2.viewIndex,t2.locked,t2.lockedById,t2.useCustomName,t2.customName,t2.customName_e,t2.customName_t,t2.resourcetype,t2.resourceid ,allt.c as  allParent,curt.c as curParent  FROM mainmenuinfo t1  left join (select count(0) c,parentId from mainmenuinfo group by  parentId )allt on t1.id=allt.parentId  left join (select count(0) c,parentId from mainmenuinfo it1 inner join mainmenuconfig it2 on it2.infoId = it1.id where it2.resourcetype = 3  and it2.resourceid = 1 group by it1.parentId)curt on t1.id=curt.parentId , mainmenuconfig t2 , SystemModule t3  WHERE t2.infoId = t1.id  AND t1.relatedModuleId = t3.id   and ((t2.resourcetype=1 and t2.resourceid =1) or (t2.resourcetype=3 and t2.resourceid=1)) AND t2.visible=1  AND t3.moduleReleased = 1 and t1.id in (SELECT infoid FROM menushareinfo WHERE (  CASE WHEN (sharetype = 1 AND sharevalue in (0,-2)  and dbo.Get_StrArrayStrOfIndex(isnull(seclevel,'0.1-0.1'),'-',1)<=30 and dbo.Get_StrArrayStrOfIndex(isnull(seclevel,'0.1-0.1'),'-',2)>=30 ) THEN  1 ELSE 0 END   = 1 OR   CASE WHEN (sharetype = 3 and dbo.Get_StrArrayStrOfIndex(isnull(seclevel,'0.1-0.1'),'-',1)<=30 and dbo.Get_StrArrayStrOfIndex(isnull(seclevel,'0.1-0.1'),'-',2)>=30 ) THEN  1 ELSE 0 END   = 1 OR   CASE WHEN (sharetype = 5 AND sharevalue = 1) THEN  1 ELSE 0 END   = 1   OR  CASE WHEN (sharetype = 6 AND sharevalue in (0,-4) and dbo.Get_StrArrayStrOfIndex(isnull(seclevel,'0.1-0.1'),'-',1)<=30 and dbo.Get_StrArrayStrOfIndex(isnull(seclevel,'0.1-0.1'),'-',2)>=30 ) THEN  1 ELSE 0 END   = 1 OR CASE WHEN (sharetype = 7 AND sharevalue = 0  and   ( case when jobtitlelevel=1  Then 1 else 0 end = 1     or       case when (jobtitlelevel=2 and ( '%,'+jobtitlesharevalue+',%' like '%,0,%'  or  '%,'+jobtitlesharevalue+',%' like '%,-2,%' ) ) Then 1 else 0 end = 1        or       case when (jobtitlelevel=3 and ( '%,'+jobtitlesharevalue+',%' like '%,0,%'  or  '%,'+jobtitlesharevalue+',%' like '%,-4,%' ) ) Then 1 else 0 end = 1    )) THEN  1 ELSE 0 END   = 1   OR    CASE WHEN (sharetype = 2 AND sharevalue IN ( select roleid  from hrmrolemembers role WHERE rolelevel <=role.rolelevel AND role.resourceid =1 ) and dbo.Get_StrArrayStrOfIndex(isnull(seclevel,'0.1-0.1'),'-',1)<=30 and dbo.Get_StrArrayStrOfIndex(isnull(seclevel,'0.1-0.1'),'-',2)>=30 ) THEN  1 ELSE 0 END   = 1  )  and resourcetype=1 and resourceid =1 and menutype='top' ) and t1.parentid =10000  ) union ( SELECT t1.id as infoId, t1.labelId , t1.refersubid,t1.isCustom, t1.iconUrl ,t1.linkAddress,t1.baseTarget ,t1.parentId,t1.useCustomName as infoUseCustomName,t1.customName as infoCustomName,t1.customName_e as infoCustomName_e,t1.customName_t as infoCustomName_t,t1.module, t2.id,t2.visible,t2.viewIndex,t2.locked,t2.lockedById,t2.useCustomName,t2.customName,t2.customName_e,t2.customName_t,t2.resourcetype,t2.resourceid ,allt.c as  allParent,curt.c as curParent  FROM mainmenuinfo t1  left join (select count(0) c,parentId from mainmenuinfo group by  parentId )allt on t1.id=allt.parentId  left join (select count(0) c,parentId from mainmenuinfo it1 inner join mainmenuconfig it2 on it2.infoId = it1.id where it2.resourcetype = 3  and it2.resourceid = 1 group by it1.parentId)curt on t1.id=curt.parentId , mainmenuconfig t2 , SystemModule t3  WHERE t2.infoId = t1.id  AND t1.relatedModuleId = t3.id   and ((t2.resourcetype=1 and t2.resourceid =1) or (t2.resourcetype=3 and t2.resourceid=1)) AND t2.visible=1  AND t3.moduleReleased = 1 and t1.id not in (SELECT infoid FROM menushareinfo where menutype='top'  and resourcetype=1 and resourceid =1 ) and t1.parentid =10000  ) ) m left join menucontrollist c on m.infoid+324789=c.menuid and c.type='top') a where a.isopen=a.infoid+(324855)+1 ORDER BY ISNULL(a.parentId,0),a.viewIndex,a.infoId
2020-05-11 19:35:59,217 ERROR weaver.systeminfo.menuconfig.MenuUtil  - 后端菜单查询sql:select * from (select isnull(c.isopen,m.infoid+(324855)+1) as isopen,m.* from ( ( SELECT t1.id as infoId, t1.labelId , t1.refersubid,t1.isCustom, t1.iconUrl ,t1.linkAddress,t1.baseTarget ,t1.parentId,t1.useCustomName as infoUseCustomName,t1.customName as infoCustomName,t1.customName_e as infoCustomName_e,t1.customName_t as infoCustomName_t,t1.module, t2.id,t2.visible,t2.viewIndex,t2.locked,t2.lockedById,t2.useCustomName,t2.customName,t2.customName_e,t2.customName_t,t2.resourcetype,t2.resourceid ,allt.c as  allParent,curt.c as curParent  FROM mainmenuinfo t1  left join (select count(0) c,parentId from mainmenuinfo group by  parentId )allt on t1.id=allt.parentId  left join (select count(0) c,parentId from mainmenuinfo it1 inner join mainmenuconfig it2 on it2.infoId = it1.id where it2.resourcetype = 3  and it2.resourceid = 1 group by it1.parentId)curt on t1.id=curt.parentId , mainmenuconfig t2 , SystemModule t3  WHERE t2.infoId = t1.id  AND t1.relatedModuleId = t3.id   and ((t2.resourcetype=1 and t2.resourceid =1) or (t2.resourcetype=3 and t2.resourceid=1)) AND t2.visible=1  AND t3.moduleReleased = 1 and t1.id in (SELECT infoid FROM menushareinfo WHERE (  CASE WHEN (sharetype = 1 AND sharevalue in (0,-2)  and dbo.Get_StrArrayStrOfIndex(isnull(seclevel,'0.1-0.1'),'-',1)<=30 and dbo.Get_StrArrayStrOfIndex(isnull(seclevel,'0.1-0.1'),'-',2)>=30 ) THEN  1 ELSE 0 END   = 1 OR   CASE WHEN (sharetype = 3 and dbo.Get_StrArrayStrOfIndex(isnull(seclevel,'0.1-0.1'),'-',1)<=30 and dbo.Get_StrArrayStrOfIndex(isnull(seclevel,'0.1-0.1'),'-',2)>=30 ) THEN  1 ELSE 0 END   = 1 OR   CASE WHEN (sharetype = 5 AND sharevalue = 1) THEN  1 ELSE 0 END   = 1   OR  CASE WHEN (sharetype = 6 AND sharevalue in (0,-4) and dbo.Get_StrArrayStrOfIndex(isnull(seclevel,'0.1-0.1'),'-',1)<=30 and dbo.Get_StrArrayStrOfIndex(isnull(seclevel,'0.1-0.1'),'-',2)>=30 ) THEN  1 ELSE 0 END   = 1 OR CASE WHEN (sharetype = 7 AND sharevalue = 0  and   ( case when jobtitlelevel=1  Then 1 else 0 end = 1     or       case when (jobtitlelevel=2 and ( '%,'+jobtitlesharevalue+',%' like '%,0,%'  or  '%,'+jobtitlesharevalue+',%' like '%,-2,%' ) ) Then 1 else 0 end = 1        or       case when (jobtitlelevel=3 and ( '%,'+jobtitlesharevalue+',%' like '%,0,%'  or  '%,'+jobtitlesharevalue+',%' like '%,-4,%' ) ) Then 1 else 0 end = 1    )) THEN  1 ELSE 0 END   = 1   OR    CASE WHEN (sharetype = 2 AND sharevalue IN ( select roleid  from hrmrolemembers role WHERE rolelevel <=role.rolelevel AND role.resourceid =1 ) and dbo.Get_StrArrayStrOfIndex(isnull(seclevel,'0.1-0.1'),'-',1)<=30 and dbo.Get_StrArrayStrOfIndex(isnull(seclevel,'0.1-0.1'),'-',2)>=30 ) THEN  1 ELSE 0 END   = 1  )  and resourcetype=1 and resourceid =1 and menutype='top' ) and t1.parentid =45  ) union ( SELECT t1.id as infoId, t1.labelId , t1.refersubid,t1.isCustom, t1.iconUrl ,t1.linkAddress,t1.baseTarget ,t1.parentId,t1.useCustomName as infoUseCustomName,t1.customName as infoCustomName,t1.customName_e as infoCustomName_e,t1.customName_t as infoCustomName_t,t1.module, t2.id,t2.visible,t2.viewIndex,t2.locked,t2.lockedById,t2.useCustomName,t2.customName,t2.customName_e,t2.customName_t,t2.resourcetype,t2.resourceid ,allt.c as  allParent,curt.c as curParent  FROM mainmenuinfo t1  left join (select count(0) c,parentId from mainmenuinfo group by  parentId )allt on t1.id=allt.parentId  left join (select count(0) c,parentId from mainmenuinfo it1 inner join mainmenuconfig it2 on it2.infoId = it1.id where it2.resourcetype = 3  and it2.resourceid = 1 group by it1.parentId)curt on t1.id=curt.parentId , mainmenuconfig t2 , SystemModule t3  WHERE t2.infoId = t1.id  AND t1.relatedModuleId = t3.id   and ((t2.resourcetype=1 and t2.resourceid =1) or (t2.resourcetype=3 and t2.resourceid=1)) AND t2.visible=1  AND t3.moduleReleased = 1 and t1.id not in (SELECT infoid FROM menushareinfo where menutype='top'  and resourcetype=1 and resourceid =1 ) and t1.parentid =45  ) ) m left join menucontrollist c on m.infoid+324789=c.menuid and c.type='top') a where a.isopen=a.infoid+(324855)+1 ORDER BY ISNULL(a.parentId,0),a.viewIndex,a.infoId
2020-05-11 19:37:58,471 INFO  weaver.filter.SecurityFilter  - Filter 'SecurityFilter' configured successfully
2020-05-11 19:37:58,481 ERROR weaver.general.BaseBean  - log4j reset thread start success...
2020-05-11 19:50:58,322 INFO  weaver.general.InitServer  - InitServerXMLtoDBThread End.....
2020-05-11 19:50:58,330 ERROR weaver.system.HtmlFieldToClob  - isrun:1
2020-05-11 19:50:58,341 ERROR weaver.system.HtmlFieldToClob  - isrun1:1
2020-05-11 19:50:58,342 ERROR weaver.conn.RecordSet  - WFVersionAdd insert Waiting...
2020-05-11 20:01:58,392 ERROR com.cloudstore.api.dao.Dao_OrgImpl  - in new selecthave
2020-05-11 20:03:58,375 ERROR com.cloudstore.app.no0000012.service.Service_WfDetail  - in new getNodeid doWfDetailExcelImport Function
