2020-10-29 14:52:12,154 ERROR weaver.general.BaseBean  - ------是否开启字符转码----0---是否开启sql参数化解析-----0----nativepool----ecology
2020-10-29 14:52:12,602 ERROR weaver.general.BaseBean  - ExecuteSqlLogger start log write to file thread success...
2020-10-29 14:52:12,994 INFO  weaver.common.SystemInitialized  - System Initialized OK.
2020-10-29 14:52:13,318 INFO  weaver.general.InitServer  - System Init Message:mainControlIp= localIp:[192.168.56.1, 192.168.97.232]
2020-10-29 14:52:13,318 INFO  weaver.general.InitServer  - init ioc container...
2020-10-29 14:52:14,916 ERROR com.weaver.upgrade.FunctionUpgrade  - OS.name+++++++++++++++++++++:Windows 10
2020-10-29 14:52:14,917 ERROR com.weaver.upgrade.FunctionUpgrade  - srcfilePath+++++++++++++++++++++:D:\WEAVER\ecology\upgrade\src
2020-10-29 14:52:14,918 ERROR com.weaver.upgrade.FunctionUpgrade  - 本地Ip++++++++++：192.168.56.1
2020-10-29 14:52:14,919 ERROR com.weaver.upgrade.FunctionUpgrade  - 主节点MainControlIP++++++++++：
2020-10-29 14:52:15,301 INFO  weaver.general.InitServer  - end ioc container init...
2020-10-29 14:52:15,301 INFO  weaver.general.InitServer  - SystemUpgrade Start.....
2020-10-29 14:52:15,338 INFO  weaver.general.InitServer  - SystemUpgrade End.....
2020-10-29 14:52:15,338 INFO  weaver.general.InitServer  - InitServerXMLtoDBThread Start.....
2020-10-29 14:52:15,414 INFO  weaver.general.InitServer  - InitServerXMLtoDBThread End.....
2020-10-29 14:52:15,444 ERROR weaver.system.HtmlFieldToClob  - isrun:1
2020-10-29 14:52:15,446 ERROR weaver.system.HtmlFieldToClob  - isrun1:1
2020-10-29 14:52:15,478 ERROR weaver.conn.RecordSet  - WFVersionAdd insert Waiting...
2020-10-29 14:52:15,641 ERROR weaver.general.BaseBean  - 启动日志压缩线程....
2020-10-29 14:52:15,817 ERROR weaver.conn.RecordSet  - 生成前端JS使用的label信息...
2020-10-29 14:52:16,132 ERROR weaver.conn.RecordSet  - 生成前端JS使用的label信息成功...
2020-10-29 14:52:17,482 ERROR weaver.system.WorkflowVersionAdd  - workflowversion isrun:1
2020-10-29 14:52:17,484 ERROR weaver.system.WorkflowVersionAdd  - workflowversion isrun1:1
2020-10-29 14:52:21,283 INFO  weaver.general.InitServer  - end.....
2020-10-29 14:52:26,162 ERROR weaver.page.PageManager  - 清空二维码扫描缓存记录表
2020-10-29 14:52:27,188 ERROR weaver.cpt.util.CptInitManager  - weaver.cpt.util.CptInitManager is running start...
2020-10-29 14:52:27,196 ERROR weaver.formmode.cuspage.cpt.CptGenmenu4mode  - weaver.formmode.cuspage.cpt.CptGenmenu4mode is running start...
2020-10-29 14:52:27,561 ERROR weaver.formmode.cuspage.cpt.CptGenmenu4mode  - weaver.formmode.cuspage.cpt.CptGenmenu4mode is running end...
2020-10-29 14:52:28,214 ERROR weaver.cpt.util.CptInitManager  - weaver.cpt.util.CptInitManager is running end...
2020-10-29 14:52:30,546 ERROR org.directwebremoting.util.LogErrorHandler  - Line=52 Element type "filter" must be declared.
2020-10-29 14:52:30,546 ERROR org.directwebremoting.util.LogErrorHandler  - Line=53 The content of element type "allow" must match "(create|convert)*".
2020-10-29 14:52:34,349 ERROR weaver.system.MonitorThreadManager  - >>>>MonitorThreadManager>>单独的预警关闭控制：isThreadWarningStart(zt)=0<<<<
2020-10-29 14:52:34,411 ERROR weaver.conn.RecordSet  - select t1.* from  uf_zzzxx t1 where t1.formmodeid=50  and ( DATEDIFF(ss,t1.jzrq+' '+'23:55:50',getDate())>=(-1*60*60*24*30) and DATEDIFF(ss, CONVERT(varchar(10), GETDATE(), 120) +' '+'00:00:00',t1.jzrq+' '+'23:55:50')>=(-1*60*60*24*30) and t1.jzrq is not null and t1.jzrq<> '' )  and not exists(select 1 from mode_reminddata_all t2 where t2.remindjobid=1 and t2.billid=t1.id and lastdate= CONVERT(varchar(10), GETDATE(), 120)  and isnull(isRemindWorkflow,0)=1 )
2020-10-29 14:52:34,426 ERROR weaver.conn.RecordSet  - weaver.conn.RecordSet
com.microsoft.sqlserver.jdbc.SQLServerException: datediff 函数导致溢出。用于分隔两个日期/时间实例的日期部分的数字太大。请尝试使用日期部分精度较低的 datediff。
	at com.microsoft.sqlserver.jdbc.SQLServerException.makeFromDatabaseError(SQLServerException.java:196)
	at com.microsoft.sqlserver.jdbc.SQLServerResultSet$FetchBuffer.nextRow(SQLServerResultSet.java:4700)
	at com.microsoft.sqlserver.jdbc.SQLServerResultSet.fetchBufferNext(SQLServerResultSet.java:1683)
	at com.microsoft.sqlserver.jdbc.SQLServerResultSet.next(SQLServerResultSet.java:956)
	at weaver.conn.RecordSet.parseResultSet(RecordSet.java:1656)
	at weaver.conn.RecordSet.executeSql(RecordSet.java:916)
	at weaver.conn.RecordSet.executeSql(RecordSet.java:336)
	at weaver.formmode.task.action.TaskAction.doRemind(TaskAction.java:247)
	at weaver.formmode.task.action.WorkflowMessageTaskAction.doIt(WorkflowMessageTaskAction.java:33)
	at weaver.formmode.task.action.TaskAction.execute(TaskAction.java:34)
	at org.quartz.core.JobRunShell.run(JobRunShell.java:202)
	at org.quartz.simpl.SimpleThreadPool$WorkerThread.run(SimpleThreadPool.java:529)
2020-10-29 14:52:35,297 ERROR weaver.general.BaseBean  - 初始化微信推送扫描线程成功，扫描间隔1分钟---------
2020-10-29 14:52:44,214 INFO  weaver.filter.SecurityFilter  - Initializing filter 'SecurityFilter'
2020-10-29 14:52:55,095 INFO  weaver.filter.SecurityFilter  - Filter 'SecurityFilter' configured successfully
2020-10-29 14:52:55,109 ERROR weaver.general.BaseBean  - log4j reset thread start success...
2020-10-29 14:52:55,499 INFO  weaver.filter.XssFilter  - Initializing filter 'XssFilter'
2020-10-29 14:52:55,510 INFO  weaver.filter.XssFilter  - Filter 'XssFilter' configured successfully
2020-10-29 14:52:55,944 ERROR weaver.general.BaseBean  - ------是否开启字符转码----0---是否开启sql参数化解析-----0----nativepool----ecology
2020-10-29 14:52:56,004 ERROR weaver.general.BaseBean  - ExecuteSqlLogger start log write to file thread success...
2020-10-29 14:53:13,961 ERROR weaver.conn.RecordSet  - select subjectName from sensitive_logs where id = 1
2020-10-29 14:53:13,962 ERROR weaver.conn.RecordSet  - weaver.conn.RecordSet
com.microsoft.sqlserver.jdbc.SQLServerException: 列名 'subjectName' 无效。
	at com.microsoft.sqlserver.jdbc.SQLServerException.makeFromDatabaseError(SQLServerException.java:196)
	at com.microsoft.sqlserver.jdbc.SQLServerStatement.getNextResult(SQLServerStatement.java:1454)
	at com.microsoft.sqlserver.jdbc.SQLServerStatement.doExecuteStatement(SQLServerStatement.java:786)
	at com.microsoft.sqlserver.jdbc.SQLServerStatement$StmtExecCmd.doExecute(SQLServerStatement.java:685)
	at com.microsoft.sqlserver.jdbc.TDSCommand.execute(IOBuffer.java:4026)
	at com.microsoft.sqlserver.jdbc.SQLServerConnection.executeCommand(SQLServerConnection.java:1416)
	at com.microsoft.sqlserver.jdbc.SQLServerStatement.executeCommand(SQLServerStatement.java:185)
	at com.microsoft.sqlserver.jdbc.SQLServerStatement.executeStatement(SQLServerStatement.java:160)
	at com.microsoft.sqlserver.jdbc.SQLServerStatement.execute(SQLServerStatement.java:658)
	at sun.reflect.GeneratedMethodAccessor43.invoke(Unknown Source)
	at sun.reflect.DelegatingMethodAccessorImpl.invoke(DelegatingMethodAccessorImpl.java:43)
	at java.lang.reflect.Method.invoke(Method.java:498)
	at org.logicalcobwebs.proxool.ProxyStatement.invoke(ProxyStatement.java:100)
	at org.logicalcobwebs.proxool.ProxyStatement.intercept(ProxyStatement.java:57)
	at $java.sql.Wrapper$$EnhancerByCGLIB$$d53610aa.execute(<generated>)
	at weaver.conn.RecordSet.executeSql(RecordSet.java:909)
	at weaver.conn.RecordSet.executeSql(RecordSet.java:336)
	at weaver.security.sensitive.CheckSensitiveWord.isTableExists(CheckSensitiveWord.java:49)
	at weaver.security.sensitive.CheckSensitiveWord.<init>(CheckSensitiveWord.java:21)
	at weaver.security.core.SecurityCore.isXssFilter(SecurityCore.java:2219)
	at weaver.security.webcontainer.XssRequest.getHeader(XssRequest.java:111)
	at weaver.filter.IECompatibleFilter.doFilter(IECompatibleFilter.java:52)
	at com.caucho.server.dispatch.FilterFilterChain.doFilter(FilterFilterChain.java:87)
	at weaver.security.webcontainer.XssRequestForResin3.doFilter(XssRequestForResin3.java:37)
	at sun.reflect.NativeMethodAccessorImpl.invoke0(Native Method)
	at sun.reflect.NativeMethodAccessorImpl.invoke(NativeMethodAccessorImpl.java:62)
	at sun.reflect.DelegatingMethodAccessorImpl.invoke(DelegatingMethodAccessorImpl.java:43)
	at java.lang.reflect.Method.invoke(Method.java:498)
	at weaver.security.filter.SecurityMain.process(SecurityMain.java:854)
	at sun.reflect.NativeMethodAccessorImpl.invoke0(Native Method)
	at sun.reflect.NativeMethodAccessorImpl.invoke(NativeMethodAccessorImpl.java:62)
	at sun.reflect.DelegatingMethodAccessorImpl.invoke(DelegatingMethodAccessorImpl.java:43)
	at java.lang.reflect.Method.invoke(Method.java:498)
	at weaver.filter.SecurityFilter.doFilterInternal(SecurityFilter.java:51)
	at org.springframework.web.filter.OncePerRequestFilter.doFilter(OncePerRequestFilter.java:76)
	at com.caucho.server.dispatch.FilterFilterChain.doFilter(FilterFilterChain.java:87)
	at com.caucho.server.webapp.WebAppFilterChain.doFilter(WebAppFilterChain.java:187)
	at com.caucho.server.dispatch.ServletInvocation.service(ServletInvocation.java:265)
	at com.caucho.server.http.HttpRequest.handleRequest(HttpRequest.java:273)
	at com.caucho.server.port.TcpConnection.run(TcpConnection.java:682)
	at com.caucho.util.ThreadPool$Item.runTasks(ThreadPool.java:730)
	at com.caucho.util.ThreadPool$Item.run(ThreadPool.java:649)
	at java.lang.Thread.run(Thread.java:748)
2020-10-29 15:46:47,470 ERROR weaver.general.BaseBean  - ------是否开启字符转码----0---是否开启sql参数化解析-----0----nativepool----ecology
2020-10-29 15:46:47,875 ERROR weaver.general.BaseBean  - ExecuteSqlLogger start log write to file thread success...
2020-10-29 15:46:47,922 INFO  weaver.common.SystemInitialized  - System Initialized OK.
2020-10-29 15:46:48,371 INFO  weaver.general.InitServer  - System Init Message:mainControlIp= localIp:[192.168.56.1, 192.168.97.232]
2020-10-29 15:46:48,371 INFO  weaver.general.InitServer  - init ioc container...
2020-10-29 15:46:50,607 ERROR com.weaver.upgrade.FunctionUpgrade  - OS.name+++++++++++++++++++++:Windows 10
2020-10-29 15:46:50,608 ERROR com.weaver.upgrade.FunctionUpgrade  - srcfilePath+++++++++++++++++++++:D:\WEAVER\ecology\upgrade\src
2020-10-29 15:46:50,610 ERROR com.weaver.upgrade.FunctionUpgrade  - 本地Ip++++++++++：192.168.56.1
2020-10-29 15:46:50,610 ERROR com.weaver.upgrade.FunctionUpgrade  - 主节点MainControlIP++++++++++：
2020-10-29 15:46:50,826 INFO  weaver.general.InitServer  - end ioc container init...
2020-10-29 15:46:50,826 INFO  weaver.general.InitServer  - SystemUpgrade Start.....
2020-10-29 15:46:50,839 INFO  weaver.general.InitServer  - SystemUpgrade End.....
2020-10-29 15:46:50,839 INFO  weaver.general.InitServer  - InitServerXMLtoDBThread Start.....
2020-10-29 15:46:50,847 INFO  weaver.general.InitServer  - InitServerXMLtoDBThread End.....
2020-10-29 15:46:51,256 ERROR weaver.conn.RecordSet  - WFVersionAdd insert Waiting...
2020-10-29 15:46:51,259 ERROR weaver.system.HtmlFieldToClob  - isrun:1
2020-10-29 15:46:51,279 ERROR weaver.system.HtmlFieldToClob  - isrun1:1
2020-10-29 15:46:51,317 ERROR weaver.general.BaseBean  - 启动日志压缩线程....
2020-10-29 15:46:51,758 ERROR weaver.conn.RecordSet  - 生成前端JS使用的label信息...
2020-10-29 15:46:51,924 ERROR weaver.conn.RecordSet  - 生成前端JS使用的label信息成功...
2020-10-29 15:46:52,356 INFO  weaver.general.InitServer  - end.....
2020-10-29 15:46:53,394 ERROR weaver.system.WorkflowVersionAdd  - workflowversion isrun:1
2020-10-29 15:46:53,394 ERROR weaver.system.WorkflowVersionAdd  - workflowversion isrun1:1
2020-10-29 15:46:53,479 ERROR weaver.page.PageManager  - 清空二维码扫描缓存记录表
2020-10-29 15:46:53,510 ERROR weaver.cpt.util.CptInitManager  - weaver.cpt.util.CptInitManager is running start...
2020-10-29 15:46:53,517 ERROR weaver.formmode.cuspage.cpt.CptGenmenu4mode  - weaver.formmode.cuspage.cpt.CptGenmenu4mode is running start...
2020-10-29 15:46:53,526 ERROR weaver.formmode.cuspage.cpt.CptGenmenu4mode  - weaver.formmode.cuspage.cpt.CptGenmenu4mode is running end...
2020-10-29 15:46:53,568 ERROR weaver.cpt.util.CptInitManager  - weaver.cpt.util.CptInitManager is running end...
2020-10-29 15:46:55,492 ERROR org.directwebremoting.util.LogErrorHandler  - Line=52 Element type "filter" must be declared.
2020-10-29 15:46:55,492 ERROR org.directwebremoting.util.LogErrorHandler  - Line=53 The content of element type "allow" must match "(create|convert)*".
2020-10-29 15:46:57,542 ERROR weaver.conn.RecordSet  - select t1.* from  uf_zzzxx t1 where t1.formmodeid=50  and ( DATEDIFF(ss,t1.jzrq+' '+'23:55:50',getDate())>=(-1*60*60*24*30) and DATEDIFF(ss, CONVERT(varchar(10), GETDATE(), 120) +' '+'00:00:00',t1.jzrq+' '+'23:55:50')>=(-1*60*60*24*30) and t1.jzrq is not null and t1.jzrq<> '' )  and not exists(select 1 from mode_reminddata_all t2 where t2.remindjobid=1 and t2.billid=t1.id and lastdate= CONVERT(varchar(10), GETDATE(), 120)  and isnull(isRemindWorkflow,0)=1 )
2020-10-29 15:46:57,544 ERROR weaver.conn.RecordSet  - weaver.conn.RecordSet
com.microsoft.sqlserver.jdbc.SQLServerException: datediff 函数导致溢出。用于分隔两个日期/时间实例的日期部分的数字太大。请尝试使用日期部分精度较低的 datediff。
	at com.microsoft.sqlserver.jdbc.SQLServerException.makeFromDatabaseError(SQLServerException.java:196)
	at com.microsoft.sqlserver.jdbc.SQLServerResultSet$FetchBuffer.nextRow(SQLServerResultSet.java:4700)
	at com.microsoft.sqlserver.jdbc.SQLServerResultSet.fetchBufferNext(SQLServerResultSet.java:1683)
	at com.microsoft.sqlserver.jdbc.SQLServerResultSet.next(SQLServerResultSet.java:956)
	at weaver.conn.RecordSet.parseResultSet(RecordSet.java:1656)
	at weaver.conn.RecordSet.executeSql(RecordSet.java:916)
	at weaver.conn.RecordSet.executeSql(RecordSet.java:336)
	at weaver.formmode.task.action.TaskAction.doRemind(TaskAction.java:247)
	at weaver.formmode.task.action.WorkflowMessageTaskAction.doIt(WorkflowMessageTaskAction.java:33)
	at weaver.formmode.task.action.TaskAction.execute(TaskAction.java:34)
	at org.quartz.core.JobRunShell.run(JobRunShell.java:202)
	at org.quartz.simpl.SimpleThreadPool$WorkerThread.run(SimpleThreadPool.java:529)
2020-10-29 15:46:58,980 ERROR weaver.system.MonitorThreadManager  - >>>>MonitorThreadManager>>单独的预警关闭控制：isThreadWarningStart(zt)=0<<<<
2020-10-29 15:46:59,258 ERROR weaver.general.BaseBean  - 初始化微信推送扫描线程成功，扫描间隔1分钟---------
2020-10-29 15:47:02,548 INFO  weaver.filter.SecurityFilter  - Initializing filter 'SecurityFilter'
2020-10-29 15:47:08,363 INFO  weaver.filter.SecurityFilter  - Filter 'SecurityFilter' configured successfully
2020-10-29 15:47:08,369 ERROR weaver.general.BaseBean  - log4j reset thread start success...
2020-10-29 15:47:08,626 INFO  weaver.filter.XssFilter  - Initializing filter 'XssFilter'
2020-10-29 15:47:08,653 INFO  weaver.filter.XssFilter  - Filter 'XssFilter' configured successfully
2020-10-29 15:47:08,855 ERROR weaver.general.BaseBean  - ------是否开启字符转码----0---是否开启sql参数化解析-----0----nativepool----ecology
2020-10-29 15:47:08,897 ERROR weaver.general.BaseBean  - ExecuteSqlLogger start log write to file thread success...
