2020-12-09 17:45:08,738 ERROR weaver.general.BaseBean  - ------是否开启字符转码----0---是否开启sql参数化解析-----0----nativepool----ecology
2020-12-09 17:45:10,264 ERROR weaver.general.BaseBean  - ExecuteSqlLogger start log write to file thread success...
2020-12-09 17:45:10,658 INFO  weaver.common.SystemInitialized  - System Initialized OK.
2020-12-09 17:45:10,774 INFO  weaver.general.InitServer  - System Init Message:mainControlIp= localIp:[192.168.56.1, 192.168.97.232]
2020-12-09 17:45:10,774 INFO  weaver.general.InitServer  - init ioc container...
2020-12-09 17:45:17,135 ERROR com.weaver.upgrade.FunctionUpgrade  - OS.name+++++++++++++++++++++:Windows 10
2020-12-09 17:45:17,135 ERROR com.weaver.upgrade.FunctionUpgrade  - srcfilePath+++++++++++++++++++++:D:\WEAVER\ecology\upgrade\src
2020-12-09 17:45:17,138 ERROR com.weaver.upgrade.FunctionUpgrade  - 本地Ip++++++++++：192.168.56.1
2020-12-09 17:45:17,138 ERROR com.weaver.upgrade.FunctionUpgrade  - 主节点MainControlIP++++++++++：
2020-12-09 17:45:17,670 INFO  weaver.general.InitServer  - end ioc container init...
2020-12-09 17:45:17,670 INFO  weaver.general.InitServer  - SystemUpgrade Start.....
2020-12-09 17:45:17,688 INFO  weaver.general.InitServer  - SystemUpgrade End.....
2020-12-09 17:45:17,689 INFO  weaver.general.InitServer  - InitServerXMLtoDBThread Start.....
2020-12-09 17:45:17,803 INFO  weaver.general.InitServer  - InitServerXMLtoDBThread End.....
2020-12-09 17:45:17,820 ERROR weaver.system.HtmlFieldToClob  - isrun:1
2020-12-09 17:45:17,821 ERROR weaver.system.HtmlFieldToClob  - isrun1:1
2020-12-09 17:45:17,852 ERROR weaver.conn.RecordSet  - WFVersionAdd insert Waiting...
2020-12-09 17:45:18,020 ERROR weaver.general.BaseBean  - 启动日志压缩线程....
2020-12-09 17:45:18,915 ERROR weaver.conn.RecordSet  - 生成前端JS使用的label信息...
2020-12-09 17:45:19,059 ERROR weaver.conn.RecordSet  - 生成前端JS使用的label信息成功...
2020-12-09 17:45:19,909 ERROR weaver.system.WorkflowVersionAdd  - workflowversion isrun:1
2020-12-09 17:45:19,909 ERROR weaver.system.WorkflowVersionAdd  - workflowversion isrun1:1
2020-12-09 17:45:20,227 INFO  weaver.general.InitServer  - end.....
2020-12-09 17:45:24,942 ERROR weaver.page.PageManager  - 清空二维码扫描缓存记录表
2020-12-09 17:45:25,464 ERROR weaver.cpt.util.CptInitManager  - weaver.cpt.util.CptInitManager is running start...
2020-12-09 17:45:25,476 ERROR weaver.formmode.cuspage.cpt.CptGenmenu4mode  - weaver.formmode.cuspage.cpt.CptGenmenu4mode is running start...
2020-12-09 17:45:25,555 ERROR weaver.formmode.cuspage.cpt.CptGenmenu4mode  - weaver.formmode.cuspage.cpt.CptGenmenu4mode is running end...
2020-12-09 17:45:25,584 ERROR weaver.cpt.util.CptInitManager  - weaver.cpt.util.CptInitManager is running end...
2020-12-09 17:45:30,393 ERROR org.directwebremoting.util.LogErrorHandler  - Line=52 Element type "filter" must be declared.
2020-12-09 17:45:30,393 ERROR org.directwebremoting.util.LogErrorHandler  - Line=53 The content of element type "allow" must match "(create|convert)*".
2020-12-09 17:45:35,448 ERROR weaver.conn.RecordSet  - select t1.* from  uf_zzzxx t1 where t1.formmodeid=50  and ( DATEDIFF(ss,t1.jzrq+' '+'23:55:50',getDate())>=(-1*60*60*24*30) and DATEDIFF(ss, CONVERT(varchar(10), GETDATE(), 120) +' '+'00:00:00',t1.jzrq+' '+'23:55:50')>=(-1*60*60*24*30) and t1.jzrq is not null and t1.jzrq<> '' )  and not exists(select 1 from mode_reminddata_all t2 where t2.remindjobid=1 and t2.billid=t1.id and lastdate= CONVERT(varchar(10), GETDATE(), 120)  and isnull(isRemindWorkflow,0)=1 )
2020-12-09 17:45:35,463 ERROR weaver.conn.RecordSet  - weaver.conn.RecordSet
com.microsoft.sqlserver.jdbc.SQLServerException: datediff 函数导致溢出。用于分隔两个日期/时间实例的日期部分的数字太大。请尝试使用日期部分精度较低的 datediff。
	at com.microsoft.sqlserver.jdbc.SQLServerException.makeFromDatabaseError(SQLServerException.java:196)
	at com.microsoft.sqlserver.jdbc.SQLServerResultSet$FetchBuffer.nextRow(SQLServerResultSet.java:4700)
	at com.microsoft.sqlserver.jdbc.SQLServerResultSet.fetchBufferNext(SQLServerResultSet.java:1683)
	at com.microsoft.sqlserver.jdbc.SQLServerResultSet.next(SQLServerResultSet.java:956)
	at weaver.conn.RecordSet.parseResultSet(RecordSet.java:1656)
	at weaver.conn.RecordSet.executeSql(RecordSet.java:916)
	at weaver.conn.RecordSet.executeSql(RecordSet.java:336)
	at weaver.formmode.task.action.TaskAction.doRemind(TaskAction.java:247)
	at weaver.formmode.task.action.WorkflowMessageTaskAction.doIt(WorkflowMessageTaskAction.java:33)
	at weaver.formmode.task.action.TaskAction.execute(TaskAction.java:34)
	at org.quartz.core.JobRunShell.run(JobRunShell.java:202)
	at org.quartz.simpl.SimpleThreadPool$WorkerThread.run(SimpleThreadPool.java:529)
2020-12-09 17:45:35,523 ERROR weaver.system.MonitorThreadManager  - >>>>MonitorThreadManager>>单独的预警关闭控制：isThreadWarningStart(zt)=0<<<<
2020-12-09 17:45:37,123 ERROR weaver.general.BaseBean  - 初始化微信推送扫描线程成功，扫描间隔1分钟---------
