2020-10-27 11:25:39,643 ERROR weaver.general.BaseBean  - ------是否开启字符转码----0---是否开启sql参数化解析-----0----nativepool----ecology
2020-10-27 11:25:40,098 ERROR weaver.general.BaseBean  - ExecuteSqlLogger start log write to file thread success...
2020-10-27 11:25:40,210 INFO  weaver.common.SystemInitialized  - System Initialized OK.
2020-10-27 11:25:40,504 INFO  weaver.general.InitServer  - System Init Message:mainControlIp= localIp:[192.168.56.1, 192.168.97.232]
2020-10-27 11:25:40,505 INFO  weaver.general.InitServer  - init ioc container...
2020-10-27 11:25:43,571 ERROR com.weaver.upgrade.FunctionUpgrade  - OS.name+++++++++++++++++++++:Windows 10
2020-10-27 11:25:43,571 ERROR com.weaver.upgrade.FunctionUpgrade  - srcfilePath+++++++++++++++++++++:D:\WEAVER\ecology\upgrade\src
2020-10-27 11:25:43,574 ERROR com.weaver.upgrade.FunctionUpgrade  - 本地Ip++++++++++：192.168.56.1
2020-10-27 11:25:43,575 ERROR com.weaver.upgrade.FunctionUpgrade  - 主节点MainControlIP++++++++++：
2020-10-27 11:25:43,733 INFO  weaver.general.InitServer  - end ioc container init...
2020-10-27 11:25:43,734 INFO  weaver.general.InitServer  - SystemUpgrade Start.....
2020-10-27 11:25:43,779 INFO  weaver.general.InitServer  - SystemUpgrade End.....
2020-10-27 11:25:43,780 INFO  weaver.general.InitServer  - InitServerXMLtoDBThread Start.....
2020-10-27 11:25:43,796 INFO  weaver.general.InitServer  - InitServerXMLtoDBThread End.....
2020-10-27 11:25:44,236 ERROR weaver.system.HtmlFieldToClob  - isrun:1
2020-10-27 11:25:44,250 ERROR weaver.system.HtmlFieldToClob  - isrun1:1
2020-10-27 11:25:44,257 ERROR weaver.general.BaseBean  - 启动日志压缩线程....
2020-10-27 11:25:44,258 ERROR weaver.conn.RecordSet  - WFVersionAdd insert Waiting...
2020-10-27 11:25:44,566 ERROR weaver.conn.RecordSet  - 生成前端JS使用的label信息...
2020-10-27 11:25:44,666 ERROR weaver.conn.RecordSet  - 生成前端JS使用的label信息成功...
2020-10-27 11:25:46,051 INFO  weaver.general.InitServer  - end.....
2020-10-27 11:25:46,395 ERROR weaver.system.WorkflowVersionAdd  - workflowversion isrun:1
2020-10-27 11:25:46,396 ERROR weaver.system.WorkflowVersionAdd  - workflowversion isrun1:1
2020-10-27 11:25:47,813 ERROR weaver.page.PageManager  - 清空二维码扫描缓存记录表
2020-10-27 11:25:47,915 ERROR weaver.cpt.util.CptInitManager  - weaver.cpt.util.CptInitManager is running start...
2020-10-27 11:25:47,920 ERROR weaver.formmode.cuspage.cpt.CptGenmenu4mode  - weaver.formmode.cuspage.cpt.CptGenmenu4mode is running start...
2020-10-27 11:25:47,941 ERROR weaver.formmode.cuspage.cpt.CptGenmenu4mode  - weaver.formmode.cuspage.cpt.CptGenmenu4mode is running end...
2020-10-27 11:25:48,023 ERROR weaver.cpt.util.CptInitManager  - weaver.cpt.util.CptInitManager is running end...
2020-10-27 11:25:50,822 ERROR org.directwebremoting.util.LogErrorHandler  - Line=52 Element type "filter" must be declared.
2020-10-27 11:25:50,822 ERROR org.directwebremoting.util.LogErrorHandler  - Line=53 The content of element type "allow" must match "(create|convert)*".
2020-10-27 11:25:52,358 ERROR weaver.conn.RecordSet  - select t1.* from  uf_zzzxx t1 where t1.formmodeid=50  and ( DATEDIFF(ss,t1.jzrq+' '+'23:55:50',getDate())>=(-1*60*60*24*30) and DATEDIFF(ss, CONVERT(varchar(10), GETDATE(), 120) +' '+'00:00:00',t1.jzrq+' '+'23:55:50')>=(-1*60*60*24*30) and t1.jzrq is not null and t1.jzrq<> '' )  and not exists(select 1 from mode_reminddata_all t2 where t2.remindjobid=1 and t2.billid=t1.id and lastdate= CONVERT(varchar(10), GETDATE(), 120)  and isnull(isRemindWorkflow,0)=1 )
2020-10-27 11:25:52,382 ERROR weaver.conn.RecordSet  - weaver.conn.RecordSet
com.microsoft.sqlserver.jdbc.SQLServerException: datediff 函数导致溢出。用于分隔两个日期/时间实例的日期部分的数字太大。请尝试使用日期部分精度较低的 datediff。
	at com.microsoft.sqlserver.jdbc.SQLServerException.makeFromDatabaseError(SQLServerException.java:196)
	at com.microsoft.sqlserver.jdbc.SQLServerResultSet$FetchBuffer.nextRow(SQLServerResultSet.java:4700)
	at com.microsoft.sqlserver.jdbc.SQLServerResultSet.fetchBufferNext(SQLServerResultSet.java:1683)
	at com.microsoft.sqlserver.jdbc.SQLServerResultSet.next(SQLServerResultSet.java:956)
	at weaver.conn.RecordSet.parseResultSet(RecordSet.java:1656)
	at weaver.conn.RecordSet.executeSql(RecordSet.java:916)
	at weaver.conn.RecordSet.executeSql(RecordSet.java:336)
	at weaver.formmode.task.action.TaskAction.doRemind(TaskAction.java:247)
	at weaver.formmode.task.action.WorkflowMessageTaskAction.doIt(WorkflowMessageTaskAction.java:33)
	at weaver.formmode.task.action.TaskAction.execute(TaskAction.java:34)
	at org.quartz.core.JobRunShell.run(JobRunShell.java:202)
	at org.quartz.simpl.SimpleThreadPool$WorkerThread.run(SimpleThreadPool.java:529)
2020-10-27 11:25:54,132 ERROR weaver.system.MonitorThreadManager  - >>>>MonitorThreadManager>>单独的预警关闭控制：isThreadWarningStart(zt)=0<<<<
2020-10-27 11:25:54,357 ERROR weaver.general.BaseBean  - 初始化微信推送扫描线程成功，扫描间隔1分钟---------
2020-10-27 11:26:02,233 INFO  weaver.filter.SecurityFilter  - Initializing filter 'SecurityFilter'
2020-10-27 11:26:10,006 INFO  weaver.filter.SecurityFilter  - Filter 'SecurityFilter' configured successfully
2020-10-27 11:26:10,022 ERROR weaver.general.BaseBean  - log4j reset thread start success...
2020-10-27 11:26:10,275 INFO  weaver.filter.XssFilter  - Initializing filter 'XssFilter'
2020-10-27 11:26:10,286 INFO  weaver.filter.XssFilter  - Filter 'XssFilter' configured successfully
2020-10-27 11:26:10,724 ERROR weaver.general.BaseBean  - ------是否开启字符转码----0---是否开启sql参数化解析-----0----nativepool----ecology
2020-10-27 11:26:10,917 ERROR weaver.general.BaseBean  - ExecuteSqlLogger start log write to file thread success...
2020-10-27 11:39:06,925 ERROR weaver.general.BaseBean  - ------是否开启字符转码----0---是否开启sql参数化解析-----0----nativepool----ecology
2020-10-27 11:39:07,379 ERROR weaver.general.BaseBean  - ExecuteSqlLogger start log write to file thread success...
2020-10-27 11:39:07,430 INFO  weaver.common.SystemInitialized  - System Initialized OK.
2020-10-27 11:39:07,783 INFO  weaver.general.InitServer  - System Init Message:mainControlIp= localIp:[192.168.56.1, 192.168.97.232]
2020-10-27 11:39:07,783 INFO  weaver.general.InitServer  - init ioc container...
2020-10-27 11:39:10,944 ERROR com.weaver.upgrade.FunctionUpgrade  - OS.name+++++++++++++++++++++:Windows 10
2020-10-27 11:39:10,944 ERROR com.weaver.upgrade.FunctionUpgrade  - srcfilePath+++++++++++++++++++++:D:\WEAVER\ecology\upgrade\src
2020-10-27 11:39:10,946 ERROR com.weaver.upgrade.FunctionUpgrade  - 本地Ip++++++++++：192.168.56.1
2020-10-27 11:39:10,946 ERROR com.weaver.upgrade.FunctionUpgrade  - 主节点MainControlIP++++++++++：
2020-10-27 11:39:11,111 INFO  weaver.general.InitServer  - end ioc container init...
2020-10-27 11:39:11,112 INFO  weaver.general.InitServer  - SystemUpgrade Start.....
2020-10-27 11:39:11,125 INFO  weaver.general.InitServer  - SystemUpgrade End.....
2020-10-27 11:39:11,125 INFO  weaver.general.InitServer  - InitServerXMLtoDBThread Start.....
2020-10-27 11:39:11,136 INFO  weaver.general.InitServer  - InitServerXMLtoDBThread End.....
2020-10-27 11:39:11,154 ERROR weaver.system.HtmlFieldToClob  - isrun:1
2020-10-27 11:39:11,156 ERROR weaver.system.HtmlFieldToClob  - isrun1:1
2020-10-27 11:39:11,157 ERROR weaver.conn.RecordSet  - WFVersionAdd insert Waiting...
2020-10-27 11:39:11,157 ERROR weaver.general.BaseBean  - 启动日志压缩线程....
2020-10-27 11:39:11,989 ERROR weaver.conn.RecordSet  - 生成前端JS使用的label信息...
2020-10-27 11:39:12,893 ERROR weaver.conn.RecordSet  - 生成前端JS使用的label信息成功...
2020-10-27 11:39:13,178 ERROR weaver.system.WorkflowVersionAdd  - workflowversion isrun:1
2020-10-27 11:39:13,179 ERROR weaver.system.WorkflowVersionAdd  - workflowversion isrun1:1
2020-10-27 11:39:13,400 INFO  weaver.general.InitServer  - end.....
2020-10-27 11:39:14,610 ERROR weaver.page.PageManager  - 清空二维码扫描缓存记录表
2020-10-27 11:39:14,978 ERROR weaver.cpt.util.CptInitManager  - weaver.cpt.util.CptInitManager is running start...
2020-10-27 11:39:14,986 ERROR weaver.formmode.cuspage.cpt.CptGenmenu4mode  - weaver.formmode.cuspage.cpt.CptGenmenu4mode is running start...
2020-10-27 11:39:15,008 ERROR weaver.formmode.cuspage.cpt.CptGenmenu4mode  - weaver.formmode.cuspage.cpt.CptGenmenu4mode is running end...
2020-10-27 11:39:15,202 ERROR weaver.cpt.util.CptInitManager  - weaver.cpt.util.CptInitManager is running end...
2020-10-27 11:39:16,614 ERROR org.directwebremoting.util.LogErrorHandler  - Line=52 Element type "filter" must be declared.
2020-10-27 11:39:16,615 ERROR org.directwebremoting.util.LogErrorHandler  - Line=53 The content of element type "allow" must match "(create|convert)*".
2020-10-27 11:39:18,548 ERROR weaver.conn.RecordSet  - select t1.* from  uf_zzzxx t1 where t1.formmodeid=50  and ( DATEDIFF(ss,t1.jzrq+' '+'23:55:50',getDate())>=(-1*60*60*24*30) and DATEDIFF(ss, CONVERT(varchar(10), GETDATE(), 120) +' '+'00:00:00',t1.jzrq+' '+'23:55:50')>=(-1*60*60*24*30) and t1.jzrq is not null and t1.jzrq<> '' )  and not exists(select 1 from mode_reminddata_all t2 where t2.remindjobid=1 and t2.billid=t1.id and lastdate= CONVERT(varchar(10), GETDATE(), 120)  and isnull(isRemindWorkflow,0)=1 )
2020-10-27 11:39:18,549 ERROR weaver.conn.RecordSet  - weaver.conn.RecordSet
com.microsoft.sqlserver.jdbc.SQLServerException: datediff 函数导致溢出。用于分隔两个日期/时间实例的日期部分的数字太大。请尝试使用日期部分精度较低的 datediff。
	at com.microsoft.sqlserver.jdbc.SQLServerException.makeFromDatabaseError(SQLServerException.java:196)
	at com.microsoft.sqlserver.jdbc.SQLServerResultSet$FetchBuffer.nextRow(SQLServerResultSet.java:4700)
	at com.microsoft.sqlserver.jdbc.SQLServerResultSet.fetchBufferNext(SQLServerResultSet.java:1683)
	at com.microsoft.sqlserver.jdbc.SQLServerResultSet.next(SQLServerResultSet.java:956)
	at weaver.conn.RecordSet.parseResultSet(RecordSet.java:1656)
	at weaver.conn.RecordSet.executeSql(RecordSet.java:916)
	at weaver.conn.RecordSet.executeSql(RecordSet.java:336)
	at weaver.formmode.task.action.TaskAction.doRemind(TaskAction.java:247)
	at weaver.formmode.task.action.WorkflowMessageTaskAction.doIt(WorkflowMessageTaskAction.java:33)
	at weaver.formmode.task.action.TaskAction.execute(TaskAction.java:34)
	at org.quartz.core.JobRunShell.run(JobRunShell.java:202)
	at org.quartz.simpl.SimpleThreadPool$WorkerThread.run(SimpleThreadPool.java:529)
2020-10-27 11:39:19,318 ERROR weaver.system.MonitorThreadManager  - >>>>MonitorThreadManager>>单独的预警关闭控制：isThreadWarningStart(zt)=0<<<<
2020-10-27 11:39:19,469 ERROR weaver.general.BaseBean  - 初始化微信推送扫描线程成功，扫描间隔1分钟---------
2020-10-27 11:39:21,053 INFO  weaver.filter.SecurityFilter  - Initializing filter 'SecurityFilter'
2020-10-27 11:39:25,320 INFO  weaver.filter.SecurityFilter  - Filter 'SecurityFilter' configured successfully
2020-10-27 11:39:25,326 ERROR weaver.general.BaseBean  - log4j reset thread start success...
2020-10-27 12:06:39,612 ERROR weaver.general.BaseBean  - ------是否开启字符转码----0---是否开启sql参数化解析-----0----nativepool----ecology
2020-10-27 12:06:40,001 ERROR weaver.general.BaseBean  - ExecuteSqlLogger start log write to file thread success...
2020-10-27 12:06:40,060 INFO  weaver.common.SystemInitialized  - System Initialized OK.
2020-10-27 12:06:40,438 INFO  weaver.general.InitServer  - System Init Message:mainControlIp= localIp:[192.168.56.1, 192.168.97.232]
2020-10-27 12:06:40,439 INFO  weaver.general.InitServer  - init ioc container...
2020-10-27 12:06:42,713 ERROR com.weaver.upgrade.FunctionUpgrade  - OS.name+++++++++++++++++++++:Windows 10
2020-10-27 12:06:42,713 ERROR com.weaver.upgrade.FunctionUpgrade  - srcfilePath+++++++++++++++++++++:D:\WEAVER\ecology\upgrade\src
2020-10-27 12:06:42,715 ERROR com.weaver.upgrade.FunctionUpgrade  - 本地Ip++++++++++：192.168.56.1
2020-10-27 12:06:42,715 ERROR com.weaver.upgrade.FunctionUpgrade  - 主节点MainControlIP++++++++++：
2020-10-27 12:06:42,901 INFO  weaver.general.InitServer  - end ioc container init...
2020-10-27 12:06:42,901 INFO  weaver.general.InitServer  - SystemUpgrade Start.....
2020-10-27 12:06:42,911 INFO  weaver.general.InitServer  - SystemUpgrade End.....
2020-10-27 12:06:42,911 INFO  weaver.general.InitServer  - InitServerXMLtoDBThread Start.....
2020-10-27 12:06:42,918 ERROR weaver.general.BaseBean  - 启动日志压缩线程....
2020-10-27 12:06:42,920 INFO  weaver.general.InitServer  - InitServerXMLtoDBThread End.....
2020-10-27 12:06:42,925 ERROR weaver.system.HtmlFieldToClob  - isrun:1
2020-10-27 12:06:42,926 ERROR weaver.system.HtmlFieldToClob  - isrun1:1
2020-10-27 12:06:42,927 ERROR weaver.conn.RecordSet  - WFVersionAdd insert Waiting...
2020-10-27 12:06:43,332 ERROR weaver.conn.RecordSet  - 生成前端JS使用的label信息...
2020-10-27 12:06:43,634 ERROR weaver.conn.RecordSet  - 生成前端JS使用的label信息成功...
2020-10-27 12:06:44,000 INFO  weaver.general.InitServer  - end.....
2020-10-27 12:06:44,837 ERROR weaver.page.PageManager  - 清空二维码扫描缓存记录表
2020-10-27 12:06:44,885 ERROR weaver.cpt.util.CptInitManager  - weaver.cpt.util.CptInitManager is running start...
2020-10-27 12:06:44,891 ERROR weaver.formmode.cuspage.cpt.CptGenmenu4mode  - weaver.formmode.cuspage.cpt.CptGenmenu4mode is running start...
2020-10-27 12:06:44,899 ERROR weaver.formmode.cuspage.cpt.CptGenmenu4mode  - weaver.formmode.cuspage.cpt.CptGenmenu4mode is running end...
2020-10-27 12:06:44,941 ERROR weaver.cpt.util.CptInitManager  - weaver.cpt.util.CptInitManager is running end...
2020-10-27 12:06:44,944 ERROR weaver.system.WorkflowVersionAdd  - workflowversion isrun:1
2020-10-27 12:06:44,944 ERROR weaver.system.WorkflowVersionAdd  - workflowversion isrun1:1
2020-10-27 12:06:46,630 ERROR org.directwebremoting.util.LogErrorHandler  - Line=52 Element type "filter" must be declared.
2020-10-27 12:06:46,630 ERROR org.directwebremoting.util.LogErrorHandler  - Line=53 The content of element type "allow" must match "(create|convert)*".
2020-10-27 12:06:48,544 ERROR weaver.conn.RecordSet  - select t1.* from  uf_zzzxx t1 where t1.formmodeid=50  and ( DATEDIFF(ss,t1.jzrq+' '+'23:55:50',getDate())>=(-1*60*60*24*30) and DATEDIFF(ss, CONVERT(varchar(10), GETDATE(), 120) +' '+'00:00:00',t1.jzrq+' '+'23:55:50')>=(-1*60*60*24*30) and t1.jzrq is not null and t1.jzrq<> '' )  and not exists(select 1 from mode_reminddata_all t2 where t2.remindjobid=1 and t2.billid=t1.id and lastdate= CONVERT(varchar(10), GETDATE(), 120)  and isnull(isRemindWorkflow,0)=1 )
2020-10-27 12:06:48,545 ERROR weaver.conn.RecordSet  - weaver.conn.RecordSet
com.microsoft.sqlserver.jdbc.SQLServerException: datediff 函数导致溢出。用于分隔两个日期/时间实例的日期部分的数字太大。请尝试使用日期部分精度较低的 datediff。
	at com.microsoft.sqlserver.jdbc.SQLServerException.makeFromDatabaseError(SQLServerException.java:196)
	at com.microsoft.sqlserver.jdbc.SQLServerResultSet$FetchBuffer.nextRow(SQLServerResultSet.java:4700)
	at com.microsoft.sqlserver.jdbc.SQLServerResultSet.fetchBufferNext(SQLServerResultSet.java:1683)
	at com.microsoft.sqlserver.jdbc.SQLServerResultSet.next(SQLServerResultSet.java:956)
	at weaver.conn.RecordSet.parseResultSet(RecordSet.java:1656)
	at weaver.conn.RecordSet.executeSql(RecordSet.java:916)
	at weaver.conn.RecordSet.executeSql(RecordSet.java:336)
	at weaver.formmode.task.action.TaskAction.doRemind(TaskAction.java:247)
	at weaver.formmode.task.action.WorkflowMessageTaskAction.doIt(WorkflowMessageTaskAction.java:33)
	at weaver.formmode.task.action.TaskAction.execute(TaskAction.java:34)
	at org.quartz.core.JobRunShell.run(JobRunShell.java:202)
	at org.quartz.simpl.SimpleThreadPool$WorkerThread.run(SimpleThreadPool.java:529)
2020-10-27 12:06:49,155 ERROR weaver.system.MonitorThreadManager  - >>>>MonitorThreadManager>>单独的预警关闭控制：isThreadWarningStart(zt)=0<<<<
2020-10-27 12:06:49,409 ERROR weaver.general.BaseBean  - 初始化微信推送扫描线程成功，扫描间隔1分钟---------
2020-10-27 12:06:51,246 INFO  weaver.filter.SecurityFilter  - Initializing filter 'SecurityFilter'
2020-10-27 12:06:55,681 INFO  weaver.filter.SecurityFilter  - Filter 'SecurityFilter' configured successfully
2020-10-27 12:06:55,687 ERROR weaver.general.BaseBean  - log4j reset thread start success...
2020-10-27 12:06:55,996 INFO  weaver.filter.XssFilter  - Initializing filter 'XssFilter'
2020-10-27 12:06:56,043 INFO  weaver.filter.XssFilter  - Filter 'XssFilter' configured successfully
2020-10-27 12:06:56,299 ERROR weaver.general.BaseBean  - ------是否开启字符转码----0---是否开启sql参数化解析-----0----nativepool----ecology
2020-10-27 12:06:56,311 ERROR weaver.general.BaseBean  - ExecuteSqlLogger start log write to file thread success...
2020-10-27 12:18:02,089 ERROR weaver.general.BaseBean  - ------是否开启字符转码----0---是否开启sql参数化解析-----0----nativepool----ecology
2020-10-27 12:18:02,547 ERROR weaver.general.BaseBean  - ExecuteSqlLogger start log write to file thread success...
2020-10-27 12:18:02,631 INFO  weaver.common.SystemInitialized  - System Initialized OK.
2020-10-27 12:18:03,108 INFO  weaver.general.InitServer  - System Init Message:mainControlIp= localIp:[192.168.56.1, 192.168.97.232]
2020-10-27 12:18:03,108 INFO  weaver.general.InitServer  - init ioc container...
2020-10-27 12:18:05,700 ERROR com.weaver.upgrade.FunctionUpgrade  - OS.name+++++++++++++++++++++:Windows 10
2020-10-27 12:18:05,700 ERROR com.weaver.upgrade.FunctionUpgrade  - srcfilePath+++++++++++++++++++++:D:\WEAVER\ecology\upgrade\src
2020-10-27 12:18:05,702 ERROR com.weaver.upgrade.FunctionUpgrade  - 本地Ip++++++++++：192.168.56.1
2020-10-27 12:18:05,703 ERROR com.weaver.upgrade.FunctionUpgrade  - 主节点MainControlIP++++++++++：
2020-10-27 12:18:05,907 INFO  weaver.general.InitServer  - end ioc container init...
2020-10-27 12:18:05,907 INFO  weaver.general.InitServer  - SystemUpgrade Start.....
2020-10-27 12:18:05,919 INFO  weaver.general.InitServer  - SystemUpgrade End.....
2020-10-27 12:18:05,919 INFO  weaver.general.InitServer  - InitServerXMLtoDBThread Start.....
2020-10-27 12:18:05,926 ERROR weaver.general.BaseBean  - 启动日志压缩线程....
2020-10-27 12:18:05,931 INFO  weaver.general.InitServer  - InitServerXMLtoDBThread End.....
2020-10-27 12:18:05,936 ERROR weaver.system.HtmlFieldToClob  - isrun:1
2020-10-27 12:18:05,937 ERROR weaver.system.HtmlFieldToClob  - isrun1:1
2020-10-27 12:18:05,941 ERROR weaver.conn.RecordSet  - WFVersionAdd insert Waiting...
2020-10-27 12:18:06,617 ERROR weaver.conn.RecordSet  - 生成前端JS使用的label信息...
2020-10-27 12:18:07,662 ERROR weaver.conn.RecordSet  - 生成前端JS使用的label信息成功...
2020-10-27 12:18:07,946 ERROR weaver.system.WorkflowVersionAdd  - workflowversion isrun:1
2020-10-27 12:18:07,946 ERROR weaver.system.WorkflowVersionAdd  - workflowversion isrun1:1
2020-10-27 12:18:08,003 INFO  weaver.general.InitServer  - end.....
2020-10-27 12:18:08,888 ERROR weaver.page.PageManager  - 清空二维码扫描缓存记录表
2020-10-27 12:18:08,944 ERROR weaver.cpt.util.CptInitManager  - weaver.cpt.util.CptInitManager is running start...
2020-10-27 12:18:08,949 ERROR weaver.formmode.cuspage.cpt.CptGenmenu4mode  - weaver.formmode.cuspage.cpt.CptGenmenu4mode is running start...
2020-10-27 12:18:08,963 ERROR weaver.formmode.cuspage.cpt.CptGenmenu4mode  - weaver.formmode.cuspage.cpt.CptGenmenu4mode is running end...
2020-10-27 12:18:09,057 ERROR weaver.cpt.util.CptInitManager  - weaver.cpt.util.CptInitManager is running end...
2020-10-27 12:18:11,203 ERROR org.directwebremoting.util.LogErrorHandler  - Line=52 Element type "filter" must be declared.
2020-10-27 12:18:11,204 ERROR org.directwebremoting.util.LogErrorHandler  - Line=53 The content of element type "allow" must match "(create|convert)*".
2020-10-27 12:18:14,630 ERROR weaver.conn.RecordSet  - select t1.* from  uf_zzzxx t1 where t1.formmodeid=50  and ( DATEDIFF(ss,t1.jzrq+' '+'23:55:50',getDate())>=(-1*60*60*24*30) and DATEDIFF(ss, CONVERT(varchar(10), GETDATE(), 120) +' '+'00:00:00',t1.jzrq+' '+'23:55:50')>=(-1*60*60*24*30) and t1.jzrq is not null and t1.jzrq<> '' )  and not exists(select 1 from mode_reminddata_all t2 where t2.remindjobid=1 and t2.billid=t1.id and lastdate= CONVERT(varchar(10), GETDATE(), 120)  and isnull(isRemindWorkflow,0)=1 )
2020-10-27 12:18:14,631 ERROR weaver.conn.RecordSet  - weaver.conn.RecordSet
com.microsoft.sqlserver.jdbc.SQLServerException: datediff 函数导致溢出。用于分隔两个日期/时间实例的日期部分的数字太大。请尝试使用日期部分精度较低的 datediff。
	at com.microsoft.sqlserver.jdbc.SQLServerException.makeFromDatabaseError(SQLServerException.java:196)
	at com.microsoft.sqlserver.jdbc.SQLServerResultSet$FetchBuffer.nextRow(SQLServerResultSet.java:4700)
	at com.microsoft.sqlserver.jdbc.SQLServerResultSet.fetchBufferNext(SQLServerResultSet.java:1683)
	at com.microsoft.sqlserver.jdbc.SQLServerResultSet.next(SQLServerResultSet.java:956)
	at weaver.conn.RecordSet.parseResultSet(RecordSet.java:1656)
	at weaver.conn.RecordSet.executeSql(RecordSet.java:916)
	at weaver.conn.RecordSet.executeSql(RecordSet.java:336)
	at weaver.formmode.task.action.TaskAction.doRemind(TaskAction.java:247)
	at weaver.formmode.task.action.WorkflowMessageTaskAction.doIt(WorkflowMessageTaskAction.java:33)
	at weaver.formmode.task.action.TaskAction.execute(TaskAction.java:34)
	at org.quartz.core.JobRunShell.run(JobRunShell.java:202)
	at org.quartz.simpl.SimpleThreadPool$WorkerThread.run(SimpleThreadPool.java:529)
2020-10-27 12:18:15,261 ERROR weaver.system.MonitorThreadManager  - >>>>MonitorThreadManager>>单独的预警关闭控制：isThreadWarningStart(zt)=0<<<<
2020-10-27 12:18:15,395 ERROR weaver.general.BaseBean  - 初始化微信推送扫描线程成功，扫描间隔1分钟---------
2020-10-27 12:18:17,652 INFO  weaver.filter.SecurityFilter  - Initializing filter 'SecurityFilter'
2020-10-27 12:18:25,370 INFO  weaver.filter.SecurityFilter  - Filter 'SecurityFilter' configured successfully
2020-10-27 12:18:25,376 ERROR weaver.general.BaseBean  - log4j reset thread start success...
2020-10-27 12:18:25,580 INFO  weaver.filter.XssFilter  - Initializing filter 'XssFilter'
2020-10-27 12:18:25,592 INFO  weaver.filter.XssFilter  - Filter 'XssFilter' configured successfully
2020-10-27 12:18:25,750 ERROR weaver.general.BaseBean  - ------是否开启字符转码----0---是否开启sql参数化解析-----0----nativepool----ecology
2020-10-27 12:18:25,766 ERROR weaver.general.BaseBean  - ExecuteSqlLogger start log write to file thread success...
