2019-12-20 09:08:31,697 ERROR weaver.general.BaseBean  - ------是否开启字符转码----0---是否开启sql参数化解析-----0----nativepool----ecology
2019-12-20 09:08:32,634 ERROR weaver.general.BaseBean  - ExecuteSqlLogger start log write to file thread success...
2019-12-20 09:08:32,759 INFO  weaver.common.SystemInitialized  - System Initialized OK.
2019-12-20 09:08:32,994 INFO  weaver.general.InitServer  - System Init Message:mainControlIp= localIp:[192.168.96.104]
2019-12-20 09:08:32,994 INFO  weaver.general.InitServer  - init ioc container...
2019-12-20 09:08:33,900 ERROR com.weaver.upgrade.FunctionUpgrade  - OS.name+++++++++++++++++++++:Windows 10
2019-12-20 09:08:33,900 ERROR com.weaver.upgrade.FunctionUpgrade  - srcfilePath+++++++++++++++++++++:D:\WEAVER\ecology\upgrade\src
2019-12-20 09:08:33,900 ERROR com.weaver.upgrade.FunctionUpgrade  - 本地Ip++++++++++：192.168.96.104
2019-12-20 09:08:33,900 ERROR com.weaver.upgrade.FunctionUpgrade  - 主节点MainControlIP++++++++++：
2019-12-20 09:08:34,103 INFO  weaver.general.InitServer  - end ioc container init...
2019-12-20 09:08:34,103 INFO  weaver.general.InitServer  - SystemUpgrade Start.....
2019-12-20 09:08:34,103 INFO  weaver.general.InitServer  - SystemUpgrade End.....
2019-12-20 09:08:34,103 INFO  weaver.general.InitServer  - InitServerXMLtoDBThread Start.....
2019-12-20 09:08:34,119 INFO  weaver.general.InitServer  - InitServerXMLtoDBThread End.....
2019-12-20 09:08:34,119 ERROR weaver.system.HtmlFieldToClob  - isrun:1
2019-12-20 09:08:34,119 ERROR weaver.conn.RecordSet  - WFVersionAdd insert Waiting...
2019-12-20 09:08:34,119 ERROR weaver.system.HtmlFieldToClob  - isrun1:1
2019-12-20 09:08:34,353 ERROR weaver.general.BaseBean  - 启动日志压缩线程....
2019-12-20 09:08:35,418 ERROR weaver.conn.RecordSet  - 生成前端JS使用的label信息...
2019-12-20 09:08:35,496 ERROR weaver.conn.RecordSet  - 生成前端JS使用的label信息成功...
2019-12-20 09:08:36,131 ERROR weaver.conn.RecordSet  - WFVersionAdd insert Waiting...
2019-12-20 09:08:37,404 INFO  weaver.general.InitServer  - end.....
2019-12-20 09:08:38,133 ERROR weaver.system.WorkflowVersionAdd  - workflowversion isrun:1
2019-12-20 09:08:38,133 ERROR weaver.system.WorkflowVersionAdd  - workflowversion isrun1:1
2019-12-20 09:08:38,809 ERROR weaver.page.PageManager  - 清空二维码扫描缓存记录表
2019-12-20 09:08:38,855 ERROR weaver.cpt.util.CptInitManager  - weaver.cpt.util.CptInitManager is running start...
2019-12-20 09:08:38,871 ERROR weaver.formmode.cuspage.cpt.CptGenmenu4mode  - weaver.formmode.cuspage.cpt.CptGenmenu4mode is running start...
2019-12-20 09:08:38,871 ERROR weaver.formmode.cuspage.cpt.CptGenmenu4mode  - weaver.formmode.cuspage.cpt.CptGenmenu4mode is running end...
2019-12-20 09:08:39,027 ERROR weaver.cpt.util.CptInitManager  - weaver.cpt.util.CptInitManager is running end...
2019-12-20 09:08:40,256 ERROR org.directwebremoting.util.LogErrorHandler  - Line=52 Element type "filter" must be declared.
2019-12-20 09:08:40,256 ERROR org.directwebremoting.util.LogErrorHandler  - Line=53 The content of element type "allow" must match "(create|convert)*".
2019-12-20 09:08:40,693 ERROR weaver.conn.RecordSet  - select t1.* from  uf_zzzxx t1 where t1.formmodeid=50  and ( DATEDIFF(ss,t1.jzrq+' '+'23:55:50',getDate())>=(-1*60*60*24*30) and DATEDIFF(ss, CONVERT(varchar(10), GETDATE(), 120) +' '+'00:00:00',t1.jzrq+' '+'23:55:50')>=(-1*60*60*24*30) and t1.jzrq is not null and t1.jzrq<> '' )  and not exists(select 1 from mode_reminddata_all t2 where t2.remindjobid=1 and t2.billid=t1.id and lastdate= CONVERT(varchar(10), GETDATE(), 120)  and isnull(isRemindWorkflow,0)=1 )
2019-12-20 09:08:40,709 ERROR weaver.conn.RecordSet  - weaver.conn.RecordSet
com.microsoft.sqlserver.jdbc.SQLServerException: datediff 函数导致溢出。用于分隔两个日期/时间实例的日期部分的数字太大。请尝试使用日期部分精度较低的 datediff。
	at com.microsoft.sqlserver.jdbc.SQLServerException.makeFromDatabaseError(SQLServerException.java:196)
	at com.microsoft.sqlserver.jdbc.SQLServerResultSet$FetchBuffer.nextRow(SQLServerResultSet.java:4700)
	at com.microsoft.sqlserver.jdbc.SQLServerResultSet.fetchBufferNext(SQLServerResultSet.java:1683)
	at com.microsoft.sqlserver.jdbc.SQLServerResultSet.next(SQLServerResultSet.java:956)
	at weaver.conn.RecordSet.parseResultSet(RecordSet.java:1656)
	at weaver.conn.RecordSet.executeSql(RecordSet.java:916)
	at weaver.conn.RecordSet.executeSql(RecordSet.java:336)
	at weaver.formmode.task.action.TaskAction.doRemind(TaskAction.java:247)
	at weaver.formmode.task.action.WorkflowMessageTaskAction.doIt(WorkflowMessageTaskAction.java:33)
	at weaver.formmode.task.action.TaskAction.execute(TaskAction.java:34)
	at org.quartz.core.JobRunShell.run(JobRunShell.java:202)
	at org.quartz.simpl.SimpleThreadPool$WorkerThread.run(SimpleThreadPool.java:529)
2019-12-20 09:08:41,856 ERROR weaver.system.MonitorThreadManager  - >>>>MonitorThreadManager>>单独的预警关闭控制：isThreadWarningStart(zt)=0<<<<
2019-12-20 09:08:42,669 ERROR weaver.general.BaseBean  - 初始化微信推送扫描线程成功，扫描间隔1分钟---------
2019-12-20 09:10:00,067 ERROR com.shxiv.hfwh.rest.http.HttpServiceImpl  - 传入路径： http://rfid.chinabrandsgroup.com.cn:5618/api/acc_in?key=oa@mail.com&timestamp=20191220091000&sign=01d8bf5d1e66af2da01d7c851cc590f5
2019-12-20 09:10:00,585 ERROR com.shxiv.hfwh.rest.http.HttpServiceImpl  - 获取ERP-辅料备货数据job成功了！ 
2019-12-20 09:10:00,585 ERROR com.shxiv.hfwh.rest.http.HttpServiceImpl  - 辅料申请开始！ 
2019-12-20 09:10:00,585 ERROR com.shxiv.hfwh.rest.http.HttpServiceImpl  - 传入路径： http://rfid.chinabrandsgroup.com.cn:5618/api/acc_out?key=oa@mail.com&timestamp=20191220091000&sign=01d8bf5d1e66af2da01d7c851cc590f5
2019-12-20 09:10:00,632 ERROR com.shxiv.hfwh.rest.http.HttpServiceImpl  - 获取ERP-辅料申请数据job成功了！ 
2019-12-20 09:10:00,632 ERROR com.shxiv.hfwh.rest.http.HttpServiceImpl  - 防伪标申请1开始！ 
2019-12-20 09:10:00,632 ERROR com.shxiv.hfwh.rest.http.HttpServiceImpl  - 传入路径： http://rfid.chinabrandsgroup.com.cn:5618/api/fake_out?key=oa@mail.com&timestamp=20191220091000&sign=01d8bf5d1e66af2da01d7c851cc590f5
2019-12-20 09:10:00,663 ERROR com.shxiv.hfwh.rest.http.HttpServiceImpl  - 获取ERP-防伪申请数据job成功了！ 
2019-12-20 09:10:00,663 ERROR com.shxiv.hfwh.rest.http.HttpServiceImpl  - 防伪标申请2开始！ 
2019-12-20 09:10:00,663 ERROR com.shxiv.hfwh.rest.http.HttpServiceImpl  - 传入路径： http://rfid.chinabrandsgroup.com.cn:5618/api/fakenum_out?key=oa@mail.com&timestamp=20191220091000&sign=01d8bf5d1e66af2da01d7c851cc590f5
2019-12-20 09:10:00,694 ERROR com.shxiv.hfwh.rest.http.HttpServiceImpl  - 获取ERP-防伪申请2数据job成功了！ 
2019-12-20 09:10:00,694 ERROR com.shxiv.hfwh.rest.http.HttpServiceImpl  - 防伪标备货开始！ 
2019-12-20 09:10:00,694 ERROR com.shxiv.hfwh.rest.http.HttpServiceImpl  - 传入路径： http://rfid.chinabrandsgroup.com.cn:5618/api/fake_in?key=oa@mail.com&timestamp=20191220091000&sign=01d8bf5d1e66af2da01d7c851cc590f5
2019-12-20 09:10:00,725 ERROR com.shxiv.hfwh.rest.http.HttpServiceImpl  - 获取ERP-防伪标备货数据job成功了！ 
2019-12-20 09:10:00,725 ERROR com.shxiv.hfwh.rest.http.HttpServiceImpl  - 防伪标备货2开始！ 
2019-12-20 09:10:00,725 ERROR com.shxiv.hfwh.rest.http.HttpServiceImpl  - 传入路径： http://rfid.chinabrandsgroup.com.cn:5618/api/fakenum_in?key=oa@mail.com&timestamp=20191220091000&sign=01d8bf5d1e66af2da01d7c851cc590f5
2019-12-20 09:10:00,741 ERROR com.shxiv.hfwh.rest.http.HttpServiceImpl  - 获取ERP-防伪申请2数据job成功了！ 
2019-12-20 09:13:11,764 ERROR weaver.systeminfo.menuconfig.MenuUtil  - 菜单查询sql:select * from (select isnull(c.isopen,m.infoid+(324855)+1) as isopen,m.* from ( ( SELECT t1.id as infoId, t1.labelId , t1.isCustom, t1.refersubid,t1.iconUrl,t1.TopIconUrl,t1.linkAddress ,t1.baseTarget,t1.parentId,t1.useCustomName as infoUseCustomName,t1.customName as infoCustomName,t1.customName_e as infoCustomName_e,t1.customName_t as infoCustomName_t,t1.module, t2.id,t2.visible,t2.viewIndex,t2.locked,t2.lockedById,t2.useCustomName,t2.customName,t2.customName_e,t2.customName_t,t2.resourcetype,t2.resourceid ,case when t1.isCustom=2 then t1.topmenuname else t2.topmenuname end topmenuname,case when t1.isCustom=2 then t1.topname_e else t2.topname_e end topname_e,case when t1.isCustom=2 then t1.topname_t else t2.topname_t end topname_t ,allt.c as  allParent,curt.c as curParent  FROM leftmenuinfo t1  left join (select count(0) c,parentId from leftmenuinfo group by  parentId )allt on t1.id=allt.parentId  left join (select count(0) c,parentId from leftmenuinfo it1 inner join leftmenuconfig it2 on it2.infoId = it1.id where it2.resourcetype = 3  and it2.resourceid = 1 group by it1.parentId)curt on t1.id=curt.parentId , leftmenuconfig t2 , SystemModule t3  WHERE t2.infoId = t1.id  AND t1.relatedModuleId = t3.id   and ((t2.resourcetype=1 and t2.resourceid =1) or (t2.resourcetype=3 and t2.resourceid=1)) AND t2.visible=1  AND t3.moduleReleased = 1 and t1.id in (SELECT infoid FROM menushareinfo WHERE (  CASE WHEN (sharetype = 1 AND sharevalue in (0,-2)  and dbo.Get_StrArrayStrOfIndex(isnull(seclevel,'0.1-0.1'),'-',1)<=30 and dbo.Get_StrArrayStrOfIndex(isnull(seclevel,'0.1-0.1'),'-',2)>=30 ) THEN  1 ELSE 0 END   = 1 OR   CASE WHEN (sharetype = 3 and dbo.Get_StrArrayStrOfIndex(isnull(seclevel,'0.1-0.1'),'-',1)<=30 and dbo.Get_StrArrayStrOfIndex(isnull(seclevel,'0.1-0.1'),'-',2)>=30 ) THEN  1 ELSE 0 END   = 1 OR   CASE WHEN (sharetype = 5 AND sharevalue = 1) THEN  1 ELSE 0 END   = 1   OR  CASE WHEN (sharetype = 6 AND sharevalue in (0,-4) and dbo.Get_StrArrayStrOfIndex(isnull(seclevel,'0.1-0.1'),'-',1)<=30 and dbo.Get_StrArrayStrOfIndex(isnull(seclevel,'0.1-0.1'),'-',2)>=30 ) THEN  1 ELSE 0 END   = 1 OR CASE WHEN (sharetype = 7 AND sharevalue = 0  and   ( case when jobtitlelevel=1  Then 1 else 0 end = 1     or       case when (jobtitlelevel=2 and ( '%,'+jobtitlesharevalue+',%' like '%,0,%'  or  '%,'+jobtitlesharevalue+',%' like '%,-2,%' ) ) Then 1 else 0 end = 1        or       case when (jobtitlelevel=3 and ( '%,'+jobtitlesharevalue+',%' like '%,0,%'  or  '%,'+jobtitlesharevalue+',%' like '%,-4,%' ) ) Then 1 else 0 end = 1    )) THEN  1 ELSE 0 END   = 1   OR    CASE WHEN (sharetype = 2 AND sharevalue IN ( select roleid  from hrmrolemembers role WHERE rolelevel <=role.rolelevel AND role.resourceid =1 ) and dbo.Get_StrArrayStrOfIndex(isnull(seclevel,'0.1-0.1'),'-',1)<=30 and dbo.Get_StrArrayStrOfIndex(isnull(seclevel,'0.1-0.1'),'-',2)>=30 ) THEN  1 ELSE 0 END   = 1  )  and resourcetype=1 and resourceid =1 and menutype='left' ) and (t1.parentid=0 or  t1.parentid is null or t1.parentid='')  ) union ( SELECT t1.id as infoId, t1.labelId , t1.isCustom, t1.refersubid,t1.iconUrl,t1.TopIconUrl,t1.linkAddress ,t1.baseTarget,t1.parentId,t1.useCustomName as infoUseCustomName,t1.customName as infoCustomName,t1.customName_e as infoCustomName_e,t1.customName_t as infoCustomName_t,t1.module, t2.id,t2.visible,t2.viewIndex,t2.locked,t2.lockedById,t2.useCustomName,t2.customName,t2.customName_e,t2.customName_t,t2.resourcetype,t2.resourceid ,case when t1.isCustom=2 then t1.topmenuname else t2.topmenuname end topmenuname,case when t1.isCustom=2 then t1.topname_e else t2.topname_e end topname_e,case when t1.isCustom=2 then t1.topname_t else t2.topname_t end topname_t ,allt.c as  allParent,curt.c as curParent  FROM leftmenuinfo t1  left join (select count(0) c,parentId from leftmenuinfo group by  parentId )allt on t1.id=allt.parentId  left join (select count(0) c,parentId from leftmenuinfo it1 inner join leftmenuconfig it2 on it2.infoId = it1.id where it2.resourcetype = 3  and it2.resourceid = 1 group by it1.parentId)curt on t1.id=curt.parentId , leftmenuconfig t2 , SystemModule t3  WHERE t2.infoId = t1.id  AND t1.relatedModuleId = t3.id   and ((t2.resourcetype=1 and t2.resourceid =1) or (t2.resourcetype=3 and t2.resourceid=1)) AND t2.visible=1  AND t3.moduleReleased = 1 and t1.id not in (SELECT infoid FROM menushareinfo where menutype='left'  and resourcetype=1 and resourceid =1 ) and (t1.parentid=0 or  t1.parentid is null or t1.parentid='')  ) ) m left join menucontrollist c on m.infoid+324789=c.menuid and c.type='left') a where a.isopen=a.infoid+(324855)+1 ORDER BY ISNULL(a.parentId,0),a.viewIndex,a.infoId
2019-12-20 09:13:13,445 ERROR weaver.systeminfo.menuconfig.MenuUtil  - 菜单查询sql:select * from (select isnull(c.isopen,m.infoid+(324855)+1) as isopen,m.* from ( ( SELECT t1.id as infoId, t1.labelId , t1.isCustom, t1.refersubid,t1.iconUrl,t1.TopIconUrl,t1.linkAddress ,t1.baseTarget,t1.parentId,t1.useCustomName as infoUseCustomName,t1.customName as infoCustomName,t1.customName_e as infoCustomName_e,t1.customName_t as infoCustomName_t,t1.module, t2.id,t2.visible,t2.viewIndex,t2.locked,t2.lockedById,t2.useCustomName,t2.customName,t2.customName_e,t2.customName_t,t2.resourcetype,t2.resourceid ,case when t1.isCustom=2 then t1.topmenuname else t2.topmenuname end topmenuname,case when t1.isCustom=2 then t1.topname_e else t2.topname_e end topname_e,case when t1.isCustom=2 then t1.topname_t else t2.topname_t end topname_t ,allt.c as  allParent,curt.c as curParent  FROM leftmenuinfo t1  left join (select count(0) c,parentId from leftmenuinfo group by  parentId )allt on t1.id=allt.parentId  left join (select count(0) c,parentId from leftmenuinfo it1 inner join leftmenuconfig it2 on it2.infoId = it1.id where it2.resourcetype = 3  and it2.resourceid = 1 group by it1.parentId)curt on t1.id=curt.parentId , leftmenuconfig t2 , SystemModule t3  WHERE t2.infoId = t1.id  AND t1.relatedModuleId = t3.id   and ((t2.resourcetype=1 and t2.resourceid =1) or (t2.resourcetype=3 and t2.resourceid=1)) AND t2.visible=1  AND t3.moduleReleased = 1 and t1.id in (SELECT infoid FROM menushareinfo WHERE (  CASE WHEN (sharetype = 1 AND sharevalue in (0,-2)  and dbo.Get_StrArrayStrOfIndex(isnull(seclevel,'0.1-0.1'),'-',1)<=30 and dbo.Get_StrArrayStrOfIndex(isnull(seclevel,'0.1-0.1'),'-',2)>=30 ) THEN  1 ELSE 0 END   = 1 OR   CASE WHEN (sharetype = 3 and dbo.Get_StrArrayStrOfIndex(isnull(seclevel,'0.1-0.1'),'-',1)<=30 and dbo.Get_StrArrayStrOfIndex(isnull(seclevel,'0.1-0.1'),'-',2)>=30 ) THEN  1 ELSE 0 END   = 1 OR   CASE WHEN (sharetype = 5 AND sharevalue = 1) THEN  1 ELSE 0 END   = 1   OR  CASE WHEN (sharetype = 6 AND sharevalue in (0,-4) and dbo.Get_StrArrayStrOfIndex(isnull(seclevel,'0.1-0.1'),'-',1)<=30 and dbo.Get_StrArrayStrOfIndex(isnull(seclevel,'0.1-0.1'),'-',2)>=30 ) THEN  1 ELSE 0 END   = 1 OR CASE WHEN (sharetype = 7 AND sharevalue = 0  and   ( case when jobtitlelevel=1  Then 1 else 0 end = 1     or       case when (jobtitlelevel=2 and ( '%,'+jobtitlesharevalue+',%' like '%,0,%'  or  '%,'+jobtitlesharevalue+',%' like '%,-2,%' ) ) Then 1 else 0 end = 1        or       case when (jobtitlelevel=3 and ( '%,'+jobtitlesharevalue+',%' like '%,0,%'  or  '%,'+jobtitlesharevalue+',%' like '%,-4,%' ) ) Then 1 else 0 end = 1    )) THEN  1 ELSE 0 END   = 1   OR    CASE WHEN (sharetype = 2 AND sharevalue IN ( select roleid  from hrmrolemembers role WHERE rolelevel <=role.rolelevel AND role.resourceid =1 ) and dbo.Get_StrArrayStrOfIndex(isnull(seclevel,'0.1-0.1'),'-',1)<=30 and dbo.Get_StrArrayStrOfIndex(isnull(seclevel,'0.1-0.1'),'-',2)>=30 ) THEN  1 ELSE 0 END   = 1  )  and resourcetype=1 and resourceid =1 and menutype='left' )  ) union ( SELECT t1.id as infoId, t1.labelId , t1.isCustom, t1.refersubid,t1.iconUrl,t1.TopIconUrl,t1.linkAddress ,t1.baseTarget,t1.parentId,t1.useCustomName as infoUseCustomName,t1.customName as infoCustomName,t1.customName_e as infoCustomName_e,t1.customName_t as infoCustomName_t,t1.module, t2.id,t2.visible,t2.viewIndex,t2.locked,t2.lockedById,t2.useCustomName,t2.customName,t2.customName_e,t2.customName_t,t2.resourcetype,t2.resourceid ,case when t1.isCustom=2 then t1.topmenuname else t2.topmenuname end topmenuname,case when t1.isCustom=2 then t1.topname_e else t2.topname_e end topname_e,case when t1.isCustom=2 then t1.topname_t else t2.topname_t end topname_t ,allt.c as  allParent,curt.c as curParent  FROM leftmenuinfo t1  left join (select count(0) c,parentId from leftmenuinfo group by  parentId )allt on t1.id=allt.parentId  left join (select count(0) c,parentId from leftmenuinfo it1 inner join leftmenuconfig it2 on it2.infoId = it1.id where it2.resourcetype = 3  and it2.resourceid = 1 group by it1.parentId)curt on t1.id=curt.parentId , leftmenuconfig t2 , SystemModule t3  WHERE t2.infoId = t1.id  AND t1.relatedModuleId = t3.id   and ((t2.resourcetype=1 and t2.resourceid =1) or (t2.resourcetype=3 and t2.resourceid=1)) AND t2.visible=1  AND t3.moduleReleased = 1 and t1.id not in (SELECT infoid FROM menushareinfo where menutype='left'  and resourcetype=1 and resourceid =1 )  ) ) m left join menucontrollist c on m.infoid+324789=c.menuid and c.type='left') a where a.isopen=a.infoid+(324855)+1 ORDER BY ISNULL(a.parentId,0),a.viewIndex,a.infoId
2019-12-20 09:13:17,651 ERROR weaver.systeminfo.menuconfig.MenuUtil  - 菜单查询sql:select * from (select isnull(c.isopen,m.infoid+(324855)+1) as isopen,m.* from ( ( SELECT t1.id as infoId, t1.labelId , t1.isCustom, t1.refersubid,t1.iconUrl,t1.TopIconUrl,t1.linkAddress ,t1.baseTarget,t1.parentId,t1.useCustomName as infoUseCustomName,t1.customName as infoCustomName,t1.customName_e as infoCustomName_e,t1.customName_t as infoCustomName_t,t1.module, t2.id,t2.visible,t2.viewIndex,t2.locked,t2.lockedById,t2.useCustomName,t2.customName,t2.customName_e,t2.customName_t,t2.resourcetype,t2.resourceid ,case when t1.isCustom=2 then t1.topmenuname else t2.topmenuname end topmenuname,case when t1.isCustom=2 then t1.topname_e else t2.topname_e end topname_e,case when t1.isCustom=2 then t1.topname_t else t2.topname_t end topname_t ,allt.c as  allParent,curt.c as curParent  FROM mainmenuinfo t1  left join (select count(0) c,parentId from mainmenuinfo group by  parentId )allt on t1.id=allt.parentId  left join (select count(0) c,parentId from mainmenuinfo it1 inner join mainmenuconfig it2 on it2.infoId = it1.id where it2.resourcetype = 3  and it2.resourceid = 1 group by it1.parentId)curt on t1.id=curt.parentId , mainmenuconfig t2 , SystemModule t3  WHERE t2.infoId = t1.id  AND t1.relatedModuleId = t3.id   and ((t2.resourcetype=1 and t2.resourceid =1) or (t2.resourcetype=3 and t2.resourceid=1)) AND t2.visible=1  AND t3.moduleReleased = 1 and t1.id in (SELECT infoid FROM menushareinfo WHERE (  CASE WHEN (sharetype = 1 AND sharevalue in (0,-2)  and dbo.Get_StrArrayStrOfIndex(isnull(seclevel,'0.1-0.1'),'-',1)<=30 and dbo.Get_StrArrayStrOfIndex(isnull(seclevel,'0.1-0.1'),'-',2)>=30 ) THEN  1 ELSE 0 END   = 1 OR   CASE WHEN (sharetype = 3 and dbo.Get_StrArrayStrOfIndex(isnull(seclevel,'0.1-0.1'),'-',1)<=30 and dbo.Get_StrArrayStrOfIndex(isnull(seclevel,'0.1-0.1'),'-',2)>=30 ) THEN  1 ELSE 0 END   = 1 OR   CASE WHEN (sharetype = 5 AND sharevalue = 1) THEN  1 ELSE 0 END   = 1   OR  CASE WHEN (sharetype = 6 AND sharevalue in (0,-4) and dbo.Get_StrArrayStrOfIndex(isnull(seclevel,'0.1-0.1'),'-',1)<=30 and dbo.Get_StrArrayStrOfIndex(isnull(seclevel,'0.1-0.1'),'-',2)>=30 ) THEN  1 ELSE 0 END   = 1 OR CASE WHEN (sharetype = 7 AND sharevalue = 0  and   ( case when jobtitlelevel=1  Then 1 else 0 end = 1     or       case when (jobtitlelevel=2 and ( '%,'+jobtitlesharevalue+',%' like '%,0,%'  or  '%,'+jobtitlesharevalue+',%' like '%,-2,%' ) ) Then 1 else 0 end = 1        or       case when (jobtitlelevel=3 and ( '%,'+jobtitlesharevalue+',%' like '%,0,%'  or  '%,'+jobtitlesharevalue+',%' like '%,-4,%' ) ) Then 1 else 0 end = 1    )) THEN  1 ELSE 0 END   = 1   OR    CASE WHEN (sharetype = 2 AND sharevalue IN ( select roleid  from hrmrolemembers role WHERE rolelevel <=role.rolelevel AND role.resourceid =1 ) and dbo.Get_StrArrayStrOfIndex(isnull(seclevel,'0.1-0.1'),'-',1)<=30 and dbo.Get_StrArrayStrOfIndex(isnull(seclevel,'0.1-0.1'),'-',2)>=30 ) THEN  1 ELSE 0 END   = 1  )  and resourcetype=1 and resourceid =1 and menutype='top' ) and (t1.parentid=0 or  t1.parentid is null or t1.parentid='')  ) union ( SELECT t1.id as infoId, t1.labelId , t1.isCustom, t1.refersubid,t1.iconUrl,t1.TopIconUrl,t1.linkAddress ,t1.baseTarget,t1.parentId,t1.useCustomName as infoUseCustomName,t1.customName as infoCustomName,t1.customName_e as infoCustomName_e,t1.customName_t as infoCustomName_t,t1.module, t2.id,t2.visible,t2.viewIndex,t2.locked,t2.lockedById,t2.useCustomName,t2.customName,t2.customName_e,t2.customName_t,t2.resourcetype,t2.resourceid ,case when t1.isCustom=2 then t1.topmenuname else t2.topmenuname end topmenuname,case when t1.isCustom=2 then t1.topname_e else t2.topname_e end topname_e,case when t1.isCustom=2 then t1.topname_t else t2.topname_t end topname_t ,allt.c as  allParent,curt.c as curParent  FROM mainmenuinfo t1  left join (select count(0) c,parentId from mainmenuinfo group by  parentId )allt on t1.id=allt.parentId  left join (select count(0) c,parentId from mainmenuinfo it1 inner join mainmenuconfig it2 on it2.infoId = it1.id where it2.resourcetype = 3  and it2.resourceid = 1 group by it1.parentId)curt on t1.id=curt.parentId , mainmenuconfig t2 , SystemModule t3  WHERE t2.infoId = t1.id  AND t1.relatedModuleId = t3.id   and ((t2.resourcetype=1 and t2.resourceid =1) or (t2.resourcetype=3 and t2.resourceid=1)) AND t2.visible=1  AND t3.moduleReleased = 1 and t1.id not in (SELECT infoid FROM menushareinfo where menutype='top'  and resourcetype=1 and resourceid =1 ) and (t1.parentid=0 or  t1.parentid is null or t1.parentid='')  ) ) m left join menucontrollist c on m.infoid+324789=c.menuid and c.type='top') a where a.isopen=a.infoid+(324855)+1 ORDER BY ISNULL(a.parentId,0),a.viewIndex,a.infoId
2019-12-20 09:13:18,622 ERROR weaver.systeminfo.menuconfig.MenuUtil  - 后端菜单查询sql:select * from (select isnull(c.isopen,m.infoid+(324855)+1) as isopen,m.* from ( ( SELECT t1.id as infoId, t1.labelId , t1.refersubid,t1.isCustom, t1.iconUrl ,t1.linkAddress,t1.baseTarget ,t1.parentId,t1.useCustomName as infoUseCustomName,t1.customName as infoCustomName,t1.customName_e as infoCustomName_e,t1.customName_t as infoCustomName_t,t1.module, t2.id,t2.visible,t2.viewIndex,t2.locked,t2.lockedById,t2.useCustomName,t2.customName,t2.customName_e,t2.customName_t,t2.resourcetype,t2.resourceid ,allt.c as  allParent,curt.c as curParent  FROM mainmenuinfo t1  left join (select count(0) c,parentId from mainmenuinfo group by  parentId )allt on t1.id=allt.parentId  left join (select count(0) c,parentId from mainmenuinfo it1 inner join mainmenuconfig it2 on it2.infoId = it1.id where it2.resourcetype = 3  and it2.resourceid = 1 group by it1.parentId)curt on t1.id=curt.parentId , mainmenuconfig t2 , SystemModule t3  WHERE t2.infoId = t1.id  AND t1.relatedModuleId = t3.id   and ((t2.resourcetype=1 and t2.resourceid =1) or (t2.resourcetype=3 and t2.resourceid=1)) AND t2.visible=1  AND t3.moduleReleased = 1 and t1.id in (SELECT infoid FROM menushareinfo WHERE (  CASE WHEN (sharetype = 1 AND sharevalue in (0,-2)  and dbo.Get_StrArrayStrOfIndex(isnull(seclevel,'0.1-0.1'),'-',1)<=30 and dbo.Get_StrArrayStrOfIndex(isnull(seclevel,'0.1-0.1'),'-',2)>=30 ) THEN  1 ELSE 0 END   = 1 OR   CASE WHEN (sharetype = 3 and dbo.Get_StrArrayStrOfIndex(isnull(seclevel,'0.1-0.1'),'-',1)<=30 and dbo.Get_StrArrayStrOfIndex(isnull(seclevel,'0.1-0.1'),'-',2)>=30 ) THEN  1 ELSE 0 END   = 1 OR   CASE WHEN (sharetype = 5 AND sharevalue = 1) THEN  1 ELSE 0 END   = 1   OR  CASE WHEN (sharetype = 6 AND sharevalue in (0,-4) and dbo.Get_StrArrayStrOfIndex(isnull(seclevel,'0.1-0.1'),'-',1)<=30 and dbo.Get_StrArrayStrOfIndex(isnull(seclevel,'0.1-0.1'),'-',2)>=30 ) THEN  1 ELSE 0 END   = 1 OR CASE WHEN (sharetype = 7 AND sharevalue = 0  and   ( case when jobtitlelevel=1  Then 1 else 0 end = 1     or       case when (jobtitlelevel=2 and ( '%,'+jobtitlesharevalue+',%' like '%,0,%'  or  '%,'+jobtitlesharevalue+',%' like '%,-2,%' ) ) Then 1 else 0 end = 1        or       case when (jobtitlelevel=3 and ( '%,'+jobtitlesharevalue+',%' like '%,0,%'  or  '%,'+jobtitlesharevalue+',%' like '%,-4,%' ) ) Then 1 else 0 end = 1    )) THEN  1 ELSE 0 END   = 1   OR    CASE WHEN (sharetype = 2 AND sharevalue IN ( select roleid  from hrmrolemembers role WHERE rolelevel <=role.rolelevel AND role.resourceid =1 ) and dbo.Get_StrArrayStrOfIndex(isnull(seclevel,'0.1-0.1'),'-',1)<=30 and dbo.Get_StrArrayStrOfIndex(isnull(seclevel,'0.1-0.1'),'-',2)>=30 ) THEN  1 ELSE 0 END   = 1  )  and resourcetype=1 and resourceid =1 and menutype='top' ) and t1.parentid =10000  ) union ( SELECT t1.id as infoId, t1.labelId , t1.refersubid,t1.isCustom, t1.iconUrl ,t1.linkAddress,t1.baseTarget ,t1.parentId,t1.useCustomName as infoUseCustomName,t1.customName as infoCustomName,t1.customName_e as infoCustomName_e,t1.customName_t as infoCustomName_t,t1.module, t2.id,t2.visible,t2.viewIndex,t2.locked,t2.lockedById,t2.useCustomName,t2.customName,t2.customName_e,t2.customName_t,t2.resourcetype,t2.resourceid ,allt.c as  allParent,curt.c as curParent  FROM mainmenuinfo t1  left join (select count(0) c,parentId from mainmenuinfo group by  parentId )allt on t1.id=allt.parentId  left join (select count(0) c,parentId from mainmenuinfo it1 inner join mainmenuconfig it2 on it2.infoId = it1.id where it2.resourcetype = 3  and it2.resourceid = 1 group by it1.parentId)curt on t1.id=curt.parentId , mainmenuconfig t2 , SystemModule t3  WHERE t2.infoId = t1.id  AND t1.relatedModuleId = t3.id   and ((t2.resourcetype=1 and t2.resourceid =1) or (t2.resourcetype=3 and t2.resourceid=1)) AND t2.visible=1  AND t3.moduleReleased = 1 and t1.id not in (SELECT infoid FROM menushareinfo where menutype='top'  and resourcetype=1 and resourceid =1 ) and t1.parentid =10000  ) ) m left join menucontrollist c on m.infoid+324789=c.menuid and c.type='top') a where a.isopen=a.infoid+(324855)+1 ORDER BY ISNULL(a.parentId,0),a.viewIndex,a.infoId
2019-12-20 09:13:19,782 ERROR weaver.systeminfo.menuconfig.MenuUtil  - 后端菜单查询sql:select * from (select isnull(c.isopen,m.infoid+(324855)+1) as isopen,m.* from ( ( SELECT t1.id as infoId, t1.labelId , t1.refersubid,t1.isCustom, t1.iconUrl ,t1.linkAddress,t1.baseTarget ,t1.parentId,t1.useCustomName as infoUseCustomName,t1.customName as infoCustomName,t1.customName_e as infoCustomName_e,t1.customName_t as infoCustomName_t,t1.module, t2.id,t2.visible,t2.viewIndex,t2.locked,t2.lockedById,t2.useCustomName,t2.customName,t2.customName_e,t2.customName_t,t2.resourcetype,t2.resourceid ,allt.c as  allParent,curt.c as curParent  FROM mainmenuinfo t1  left join (select count(0) c,parentId from mainmenuinfo group by  parentId )allt on t1.id=allt.parentId  left join (select count(0) c,parentId from mainmenuinfo it1 inner join mainmenuconfig it2 on it2.infoId = it1.id where it2.resourcetype = 3  and it2.resourceid = 1 group by it1.parentId)curt on t1.id=curt.parentId , mainmenuconfig t2 , SystemModule t3  WHERE t2.infoId = t1.id  AND t1.relatedModuleId = t3.id   and ((t2.resourcetype=1 and t2.resourceid =1) or (t2.resourcetype=3 and t2.resourceid=1)) AND t2.visible=1  AND t3.moduleReleased = 1 and t1.id in (SELECT infoid FROM menushareinfo WHERE (  CASE WHEN (sharetype = 1 AND sharevalue in (0,-2)  and dbo.Get_StrArrayStrOfIndex(isnull(seclevel,'0.1-0.1'),'-',1)<=30 and dbo.Get_StrArrayStrOfIndex(isnull(seclevel,'0.1-0.1'),'-',2)>=30 ) THEN  1 ELSE 0 END   = 1 OR   CASE WHEN (sharetype = 3 and dbo.Get_StrArrayStrOfIndex(isnull(seclevel,'0.1-0.1'),'-',1)<=30 and dbo.Get_StrArrayStrOfIndex(isnull(seclevel,'0.1-0.1'),'-',2)>=30 ) THEN  1 ELSE 0 END   = 1 OR   CASE WHEN (sharetype = 5 AND sharevalue = 1) THEN  1 ELSE 0 END   = 1   OR  CASE WHEN (sharetype = 6 AND sharevalue in (0,-4) and dbo.Get_StrArrayStrOfIndex(isnull(seclevel,'0.1-0.1'),'-',1)<=30 and dbo.Get_StrArrayStrOfIndex(isnull(seclevel,'0.1-0.1'),'-',2)>=30 ) THEN  1 ELSE 0 END   = 1 OR CASE WHEN (sharetype = 7 AND sharevalue = 0  and   ( case when jobtitlelevel=1  Then 1 else 0 end = 1     or       case when (jobtitlelevel=2 and ( '%,'+jobtitlesharevalue+',%' like '%,0,%'  or  '%,'+jobtitlesharevalue+',%' like '%,-2,%' ) ) Then 1 else 0 end = 1        or       case when (jobtitlelevel=3 and ( '%,'+jobtitlesharevalue+',%' like '%,0,%'  or  '%,'+jobtitlesharevalue+',%' like '%,-4,%' ) ) Then 1 else 0 end = 1    )) THEN  1 ELSE 0 END   = 1   OR    CASE WHEN (sharetype = 2 AND sharevalue IN ( select roleid  from hrmrolemembers role WHERE rolelevel <=role.rolelevel AND role.resourceid =1 ) and dbo.Get_StrArrayStrOfIndex(isnull(seclevel,'0.1-0.1'),'-',1)<=30 and dbo.Get_StrArrayStrOfIndex(isnull(seclevel,'0.1-0.1'),'-',2)>=30 ) THEN  1 ELSE 0 END   = 1  )  and resourcetype=1 and resourceid =1 and menutype='top' ) and t1.parentid =45  ) union ( SELECT t1.id as infoId, t1.labelId , t1.refersubid,t1.isCustom, t1.iconUrl ,t1.linkAddress,t1.baseTarget ,t1.parentId,t1.useCustomName as infoUseCustomName,t1.customName as infoCustomName,t1.customName_e as infoCustomName_e,t1.customName_t as infoCustomName_t,t1.module, t2.id,t2.visible,t2.viewIndex,t2.locked,t2.lockedById,t2.useCustomName,t2.customName,t2.customName_e,t2.customName_t,t2.resourcetype,t2.resourceid ,allt.c as  allParent,curt.c as curParent  FROM mainmenuinfo t1  left join (select count(0) c,parentId from mainmenuinfo group by  parentId )allt on t1.id=allt.parentId  left join (select count(0) c,parentId from mainmenuinfo it1 inner join mainmenuconfig it2 on it2.infoId = it1.id where it2.resourcetype = 3  and it2.resourceid = 1 group by it1.parentId)curt on t1.id=curt.parentId , mainmenuconfig t2 , SystemModule t3  WHERE t2.infoId = t1.id  AND t1.relatedModuleId = t3.id   and ((t2.resourcetype=1 and t2.resourceid =1) or (t2.resourcetype=3 and t2.resourceid=1)) AND t2.visible=1  AND t3.moduleReleased = 1 and t1.id not in (SELECT infoid FROM menushareinfo where menutype='top'  and resourcetype=1 and resourceid =1 ) and t1.parentid =45  ) ) m left join menucontrollist c on m.infoid+324789=c.menuid and c.type='top') a where a.isopen=a.infoid+(324855)+1 ORDER BY ISNULL(a.parentId,0),a.viewIndex,a.infoId
2019-12-20 09:15:00,020 ERROR com.shxiv.hfwh.rest.http.HttpServiceImpl  - 传入路径： http://rfid.chinabrandsgroup.com.cn:5618/api/acc_in?key=oa@mail.com&timestamp=20191220091500&sign=1d254150d70497dcaa9d26be0a36da31
2019-12-20 09:15:00,052 ERROR com.shxiv.hfwh.rest.http.HttpServiceImpl  - 获取ERP-辅料备货数据job成功了！ 
2019-12-20 09:15:00,053 ERROR com.shxiv.hfwh.rest.http.HttpServiceImpl  - 辅料申请开始！ 
2019-12-20 09:15:00,053 ERROR com.shxiv.hfwh.rest.http.HttpServiceImpl  - 传入路径： http://rfid.chinabrandsgroup.com.cn:5618/api/acc_out?key=oa@mail.com&timestamp=20191220091500&sign=1d254150d70497dcaa9d26be0a36da31
2019-12-20 09:15:00,079 ERROR com.shxiv.hfwh.rest.http.HttpServiceImpl  - 获取ERP-辅料申请数据job成功了！ 
2019-12-20 09:15:00,079 ERROR com.shxiv.hfwh.rest.http.HttpServiceImpl  - 防伪标申请1开始！ 
2019-12-20 09:15:00,079 ERROR com.shxiv.hfwh.rest.http.HttpServiceImpl  - 传入路径： http://rfid.chinabrandsgroup.com.cn:5618/api/fake_out?key=oa@mail.com&timestamp=20191220091500&sign=1d254150d70497dcaa9d26be0a36da31
2019-12-20 09:15:00,112 ERROR com.shxiv.hfwh.rest.http.HttpServiceImpl  - 获取ERP-防伪申请数据job成功了！ 
2019-12-20 09:15:00,112 ERROR com.shxiv.hfwh.rest.http.HttpServiceImpl  - 防伪标申请2开始！ 
2019-12-20 09:15:00,113 ERROR com.shxiv.hfwh.rest.http.HttpServiceImpl  - 传入路径： http://rfid.chinabrandsgroup.com.cn:5618/api/fakenum_out?key=oa@mail.com&timestamp=20191220091500&sign=1d254150d70497dcaa9d26be0a36da31
2019-12-20 09:15:03,152 ERROR com.shxiv.hfwh.rest.http.HttpServiceImpl  - 获取ERP-防伪申请2数据job成功了！ 
2019-12-20 09:15:03,152 ERROR com.shxiv.hfwh.rest.http.HttpServiceImpl  - 防伪标备货开始！ 
2019-12-20 09:15:03,153 ERROR com.shxiv.hfwh.rest.http.HttpServiceImpl  - 传入路径： http://rfid.chinabrandsgroup.com.cn:5618/api/fake_in?key=oa@mail.com&timestamp=20191220091500&sign=1d254150d70497dcaa9d26be0a36da31
2019-12-20 09:15:03,179 ERROR com.shxiv.hfwh.rest.http.HttpServiceImpl  - 获取ERP-防伪标备货数据job成功了！ 
2019-12-20 09:15:03,179 ERROR com.shxiv.hfwh.rest.http.HttpServiceImpl  - 防伪标备货2开始！ 
2019-12-20 09:15:03,179 ERROR com.shxiv.hfwh.rest.http.HttpServiceImpl  - 传入路径： http://rfid.chinabrandsgroup.com.cn:5618/api/fakenum_in?key=oa@mail.com&timestamp=20191220091500&sign=1d254150d70497dcaa9d26be0a36da31
2019-12-20 09:15:03,223 ERROR com.shxiv.hfwh.rest.http.HttpServiceImpl  - 获取ERP-防伪申请2数据job成功了！ 
2019-12-20 09:20:00,022 ERROR com.shxiv.hfwh.rest.http.HttpServiceImpl  - 传入路径： http://rfid.chinabrandsgroup.com.cn:5618/api/acc_in?key=oa@mail.com&timestamp=20191220092000&sign=8f5b68373a50a2dd6089563c05b77d58
2019-12-20 09:20:00,067 ERROR com.shxiv.hfwh.rest.http.HttpServiceImpl  - 获取ERP-辅料备货数据job成功了！ 
2019-12-20 09:20:00,067 ERROR com.shxiv.hfwh.rest.http.HttpServiceImpl  - 辅料申请开始！ 
2019-12-20 09:20:00,068 ERROR com.shxiv.hfwh.rest.http.HttpServiceImpl  - 传入路径： http://rfid.chinabrandsgroup.com.cn:5618/api/acc_out?key=oa@mail.com&timestamp=20191220092000&sign=8f5b68373a50a2dd6089563c05b77d58
2019-12-20 09:20:00,102 ERROR com.shxiv.hfwh.rest.http.HttpServiceImpl  - 获取ERP-辅料申请数据job成功了！ 
2019-12-20 09:20:00,102 ERROR com.shxiv.hfwh.rest.http.HttpServiceImpl  - 防伪标申请1开始！ 
2019-12-20 09:20:00,102 ERROR com.shxiv.hfwh.rest.http.HttpServiceImpl  - 传入路径： http://rfid.chinabrandsgroup.com.cn:5618/api/fake_out?key=oa@mail.com&timestamp=20191220092000&sign=8f5b68373a50a2dd6089563c05b77d58
2019-12-20 09:20:00,152 ERROR com.shxiv.hfwh.rest.http.HttpServiceImpl  - 获取ERP-防伪申请数据job成功了！ 
2019-12-20 09:20:00,152 ERROR com.shxiv.hfwh.rest.http.HttpServiceImpl  - 防伪标申请2开始！ 
2019-12-20 09:20:00,152 ERROR com.shxiv.hfwh.rest.http.HttpServiceImpl  - 传入路径： http://rfid.chinabrandsgroup.com.cn:5618/api/fakenum_out?key=oa@mail.com&timestamp=20191220092000&sign=8f5b68373a50a2dd6089563c05b77d58
2019-12-20 09:20:00,219 ERROR com.shxiv.hfwh.rest.http.HttpServiceImpl  - 获取ERP-防伪申请2数据job成功了！ 
2019-12-20 09:20:00,219 ERROR com.shxiv.hfwh.rest.http.HttpServiceImpl  - 防伪标备货开始！ 
2019-12-20 09:20:00,219 ERROR com.shxiv.hfwh.rest.http.HttpServiceImpl  - 传入路径： http://rfid.chinabrandsgroup.com.cn:5618/api/fake_in?key=oa@mail.com&timestamp=20191220092000&sign=8f5b68373a50a2dd6089563c05b77d58
2019-12-20 09:20:00,261 ERROR com.shxiv.hfwh.rest.http.HttpServiceImpl  - 获取ERP-防伪标备货数据job成功了！ 
2019-12-20 09:20:00,261 ERROR com.shxiv.hfwh.rest.http.HttpServiceImpl  - 防伪标备货2开始！ 
2019-12-20 09:20:00,261 ERROR com.shxiv.hfwh.rest.http.HttpServiceImpl  - 传入路径： http://rfid.chinabrandsgroup.com.cn:5618/api/fakenum_in?key=oa@mail.com&timestamp=20191220092000&sign=8f5b68373a50a2dd6089563c05b77d58
2019-12-20 09:20:00,310 ERROR com.shxiv.hfwh.rest.http.HttpServiceImpl  - 获取ERP-防伪申请2数据job成功了！ 
2019-12-20 09:25:00,019 ERROR com.shxiv.hfwh.rest.http.HttpServiceImpl  - 传入路径： http://rfid.chinabrandsgroup.com.cn:5618/api/acc_in?key=oa@mail.com&timestamp=20191220092500&sign=a90f542b5f06c377c78c0e5d913a94b4
2019-12-20 09:25:00,069 ERROR com.shxiv.hfwh.rest.http.HttpServiceImpl  - 获取ERP-辅料备货数据job成功了！ 
2019-12-20 09:25:00,069 ERROR com.shxiv.hfwh.rest.http.HttpServiceImpl  - 辅料申请开始！ 
2019-12-20 09:25:00,069 ERROR com.shxiv.hfwh.rest.http.HttpServiceImpl  - 传入路径： http://rfid.chinabrandsgroup.com.cn:5618/api/acc_out?key=oa@mail.com&timestamp=20191220092500&sign=a90f542b5f06c377c78c0e5d913a94b4
2019-12-20 09:25:00,098 ERROR com.shxiv.hfwh.rest.http.HttpServiceImpl  - 获取ERP-辅料申请数据job成功了！ 
2019-12-20 09:25:00,099 ERROR com.shxiv.hfwh.rest.http.HttpServiceImpl  - 防伪标申请1开始！ 
2019-12-20 09:25:00,099 ERROR com.shxiv.hfwh.rest.http.HttpServiceImpl  - 传入路径： http://rfid.chinabrandsgroup.com.cn:5618/api/fake_out?key=oa@mail.com&timestamp=20191220092500&sign=a90f542b5f06c377c78c0e5d913a94b4
2019-12-20 09:25:00,127 ERROR com.shxiv.hfwh.rest.http.HttpServiceImpl  - 获取ERP-防伪申请数据job成功了！ 
2019-12-20 09:25:00,127 ERROR com.shxiv.hfwh.rest.http.HttpServiceImpl  - 防伪标申请2开始！ 
2019-12-20 09:25:00,127 ERROR com.shxiv.hfwh.rest.http.HttpServiceImpl  - 传入路径： http://rfid.chinabrandsgroup.com.cn:5618/api/fakenum_out?key=oa@mail.com&timestamp=20191220092500&sign=a90f542b5f06c377c78c0e5d913a94b4
2019-12-20 09:25:00,170 ERROR com.shxiv.hfwh.rest.http.HttpServiceImpl  - 获取ERP-防伪申请2数据job成功了！ 
2019-12-20 09:25:00,170 ERROR com.shxiv.hfwh.rest.http.HttpServiceImpl  - 防伪标备货开始！ 
2019-12-20 09:25:00,170 ERROR com.shxiv.hfwh.rest.http.HttpServiceImpl  - 传入路径： http://rfid.chinabrandsgroup.com.cn:5618/api/fake_in?key=oa@mail.com&timestamp=20191220092500&sign=a90f542b5f06c377c78c0e5d913a94b4
2019-12-20 09:25:00,200 ERROR com.shxiv.hfwh.rest.http.HttpServiceImpl  - 获取ERP-防伪标备货数据job成功了！ 
2019-12-20 09:25:00,200 ERROR com.shxiv.hfwh.rest.http.HttpServiceImpl  - 防伪标备货2开始！ 
2019-12-20 09:25:00,201 ERROR com.shxiv.hfwh.rest.http.HttpServiceImpl  - 传入路径： http://rfid.chinabrandsgroup.com.cn:5618/api/fakenum_in?key=oa@mail.com&timestamp=20191220092500&sign=a90f542b5f06c377c78c0e5d913a94b4
2019-12-20 09:25:00,225 ERROR com.shxiv.hfwh.rest.http.HttpServiceImpl  - 获取ERP-防伪申请2数据job成功了！ 
2019-12-20 09:30:00,014 ERROR com.shxiv.hfwh.rest.http.HttpServiceImpl  - 传入路径： http://rfid.chinabrandsgroup.com.cn:5618/api/acc_in?key=oa@mail.com&timestamp=20191220093000&sign=189cc08b739a8b6e1e9557e3e980d0e8
2019-12-20 09:30:00,060 ERROR com.shxiv.hfwh.rest.http.HttpServiceImpl  - 获取ERP-辅料备货数据job成功了！ 
2019-12-20 09:30:00,060 ERROR com.shxiv.hfwh.rest.http.HttpServiceImpl  - 辅料申请开始！ 
2019-12-20 09:30:00,060 ERROR com.shxiv.hfwh.rest.http.HttpServiceImpl  - 传入路径： http://rfid.chinabrandsgroup.com.cn:5618/api/acc_out?key=oa@mail.com&timestamp=20191220093000&sign=189cc08b739a8b6e1e9557e3e980d0e8
2019-12-20 09:30:00,092 ERROR com.shxiv.hfwh.rest.http.HttpServiceImpl  - 获取ERP-辅料申请数据job成功了！ 
2019-12-20 09:30:00,092 ERROR com.shxiv.hfwh.rest.http.HttpServiceImpl  - 防伪标申请1开始！ 
2019-12-20 09:30:00,092 ERROR com.shxiv.hfwh.rest.http.HttpServiceImpl  - 传入路径： http://rfid.chinabrandsgroup.com.cn:5618/api/fake_out?key=oa@mail.com&timestamp=20191220093000&sign=189cc08b739a8b6e1e9557e3e980d0e8
2019-12-20 09:30:00,125 ERROR com.shxiv.hfwh.rest.http.HttpServiceImpl  - 获取ERP-防伪申请数据job成功了！ 
2019-12-20 09:30:00,125 ERROR com.shxiv.hfwh.rest.http.HttpServiceImpl  - 防伪标申请2开始！ 
2019-12-20 09:30:00,125 ERROR com.shxiv.hfwh.rest.http.HttpServiceImpl  - 传入路径： http://rfid.chinabrandsgroup.com.cn:5618/api/fakenum_out?key=oa@mail.com&timestamp=20191220093000&sign=189cc08b739a8b6e1e9557e3e980d0e8
2019-12-20 09:30:03,151 ERROR com.shxiv.hfwh.rest.http.HttpServiceImpl  - 获取ERP-防伪申请2数据job成功了！ 
2019-12-20 09:30:03,151 ERROR com.shxiv.hfwh.rest.http.HttpServiceImpl  - 防伪标备货开始！ 
2019-12-20 09:30:03,151 ERROR com.shxiv.hfwh.rest.http.HttpServiceImpl  - 传入路径： http://rfid.chinabrandsgroup.com.cn:5618/api/fake_in?key=oa@mail.com&timestamp=20191220093000&sign=189cc08b739a8b6e1e9557e3e980d0e8
2019-12-20 09:30:03,191 ERROR com.shxiv.hfwh.rest.http.HttpServiceImpl  - 获取ERP-防伪标备货数据job成功了！ 
2019-12-20 09:30:03,191 ERROR com.shxiv.hfwh.rest.http.HttpServiceImpl  - 防伪标备货2开始！ 
2019-12-20 09:30:03,191 ERROR com.shxiv.hfwh.rest.http.HttpServiceImpl  - 传入路径： http://rfid.chinabrandsgroup.com.cn:5618/api/fakenum_in?key=oa@mail.com&timestamp=20191220093000&sign=189cc08b739a8b6e1e9557e3e980d0e8
2019-12-20 09:30:03,215 ERROR com.shxiv.hfwh.rest.http.HttpServiceImpl  - 获取ERP-防伪申请2数据job成功了！ 
2019-12-20 09:35:00,014 ERROR com.shxiv.hfwh.rest.http.HttpServiceImpl  - 传入路径： http://rfid.chinabrandsgroup.com.cn:5618/api/acc_in?key=oa@mail.com&timestamp=20191220093500&sign=2019fbb7a26aac9ebcfebf4e8a766821
2019-12-20 09:35:00,060 ERROR com.shxiv.hfwh.rest.http.HttpServiceImpl  - 获取ERP-辅料备货数据job成功了！ 
2019-12-20 09:35:00,060 ERROR com.shxiv.hfwh.rest.http.HttpServiceImpl  - 辅料申请开始！ 
2019-12-20 09:35:00,060 ERROR com.shxiv.hfwh.rest.http.HttpServiceImpl  - 传入路径： http://rfid.chinabrandsgroup.com.cn:5618/api/acc_out?key=oa@mail.com&timestamp=20191220093500&sign=2019fbb7a26aac9ebcfebf4e8a766821
2019-12-20 09:35:00,082 ERROR com.shxiv.hfwh.rest.http.HttpServiceImpl  - 获取ERP-辅料申请数据job成功了！ 
2019-12-20 09:35:00,082 ERROR com.shxiv.hfwh.rest.http.HttpServiceImpl  - 防伪标申请1开始！ 
2019-12-20 09:35:00,082 ERROR com.shxiv.hfwh.rest.http.HttpServiceImpl  - 传入路径： http://rfid.chinabrandsgroup.com.cn:5618/api/fake_out?key=oa@mail.com&timestamp=20191220093500&sign=2019fbb7a26aac9ebcfebf4e8a766821
2019-12-20 09:35:00,118 ERROR com.shxiv.hfwh.rest.http.HttpServiceImpl  - 获取ERP-防伪申请数据job成功了！ 
2019-12-20 09:35:00,119 ERROR com.shxiv.hfwh.rest.http.HttpServiceImpl  - 防伪标申请2开始！ 
2019-12-20 09:35:00,119 ERROR com.shxiv.hfwh.rest.http.HttpServiceImpl  - 传入路径： http://rfid.chinabrandsgroup.com.cn:5618/api/fakenum_out?key=oa@mail.com&timestamp=20191220093500&sign=2019fbb7a26aac9ebcfebf4e8a766821
2019-12-20 09:35:00,148 ERROR com.shxiv.hfwh.rest.http.HttpServiceImpl  - 获取ERP-防伪申请2数据job成功了！ 
2019-12-20 09:35:00,148 ERROR com.shxiv.hfwh.rest.http.HttpServiceImpl  - 防伪标备货开始！ 
2019-12-20 09:35:00,148 ERROR com.shxiv.hfwh.rest.http.HttpServiceImpl  - 传入路径： http://rfid.chinabrandsgroup.com.cn:5618/api/fake_in?key=oa@mail.com&timestamp=20191220093500&sign=2019fbb7a26aac9ebcfebf4e8a766821
2019-12-20 09:35:00,179 ERROR com.shxiv.hfwh.rest.http.HttpServiceImpl  - 获取ERP-防伪标备货数据job成功了！ 
2019-12-20 09:35:00,180 ERROR com.shxiv.hfwh.rest.http.HttpServiceImpl  - 防伪标备货2开始！ 
2019-12-20 09:35:00,180 ERROR com.shxiv.hfwh.rest.http.HttpServiceImpl  - 传入路径： http://rfid.chinabrandsgroup.com.cn:5618/api/fakenum_in?key=oa@mail.com&timestamp=20191220093500&sign=2019fbb7a26aac9ebcfebf4e8a766821
2019-12-20 09:35:00,219 ERROR com.shxiv.hfwh.rest.http.HttpServiceImpl  - 获取ERP-防伪申请2数据job成功了！ 
2019-12-20 09:40:00,015 ERROR com.shxiv.hfwh.rest.http.HttpServiceImpl  - 传入路径： http://rfid.chinabrandsgroup.com.cn:5618/api/acc_in?key=oa@mail.com&timestamp=20191220094000&sign=207adaf099e993a22cd52541f7d9ecbb
2019-12-20 09:40:00,069 ERROR com.shxiv.hfwh.rest.http.HttpServiceImpl  - 获取ERP-辅料备货数据job成功了！ 
2019-12-20 09:40:00,069 ERROR com.shxiv.hfwh.rest.http.HttpServiceImpl  - 辅料申请开始！ 
2019-12-20 09:40:00,070 ERROR com.shxiv.hfwh.rest.http.HttpServiceImpl  - 传入路径： http://rfid.chinabrandsgroup.com.cn:5618/api/acc_out?key=oa@mail.com&timestamp=20191220094000&sign=207adaf099e993a22cd52541f7d9ecbb
2019-12-20 09:40:00,099 ERROR com.shxiv.hfwh.rest.http.HttpServiceImpl  - 获取ERP-辅料申请数据job成功了！ 
2019-12-20 09:40:00,099 ERROR com.shxiv.hfwh.rest.http.HttpServiceImpl  - 防伪标申请1开始！ 
2019-12-20 09:40:00,099 ERROR com.shxiv.hfwh.rest.http.HttpServiceImpl  - 传入路径： http://rfid.chinabrandsgroup.com.cn:5618/api/fake_out?key=oa@mail.com&timestamp=20191220094000&sign=207adaf099e993a22cd52541f7d9ecbb
2019-12-20 09:40:00,139 ERROR com.shxiv.hfwh.rest.http.HttpServiceImpl  - 获取ERP-防伪申请数据job成功了！ 
2019-12-20 09:40:00,139 ERROR com.shxiv.hfwh.rest.http.HttpServiceImpl  - 防伪标申请2开始！ 
2019-12-20 09:40:00,139 ERROR com.shxiv.hfwh.rest.http.HttpServiceImpl  - 传入路径： http://rfid.chinabrandsgroup.com.cn:5618/api/fakenum_out?key=oa@mail.com&timestamp=20191220094000&sign=207adaf099e993a22cd52541f7d9ecbb
2019-12-20 09:40:00,172 ERROR com.shxiv.hfwh.rest.http.HttpServiceImpl  - 获取ERP-防伪申请2数据job成功了！ 
2019-12-20 09:40:00,172 ERROR com.shxiv.hfwh.rest.http.HttpServiceImpl  - 防伪标备货开始！ 
2019-12-20 09:40:00,172 ERROR com.shxiv.hfwh.rest.http.HttpServiceImpl  - 传入路径： http://rfid.chinabrandsgroup.com.cn:5618/api/fake_in?key=oa@mail.com&timestamp=20191220094000&sign=207adaf099e993a22cd52541f7d9ecbb
2019-12-20 09:40:00,201 ERROR com.shxiv.hfwh.rest.http.HttpServiceImpl  - 获取ERP-防伪标备货数据job成功了！ 
2019-12-20 09:40:00,201 ERROR com.shxiv.hfwh.rest.http.HttpServiceImpl  - 防伪标备货2开始！ 
2019-12-20 09:40:00,201 ERROR com.shxiv.hfwh.rest.http.HttpServiceImpl  - 传入路径： http://rfid.chinabrandsgroup.com.cn:5618/api/fakenum_in?key=oa@mail.com&timestamp=20191220094000&sign=207adaf099e993a22cd52541f7d9ecbb
2019-12-20 09:40:00,226 ERROR com.shxiv.hfwh.rest.http.HttpServiceImpl  - 获取ERP-防伪申请2数据job成功了！ 
2019-12-20 09:45:00,024 ERROR com.shxiv.hfwh.rest.http.HttpServiceImpl  - 传入路径： http://rfid.chinabrandsgroup.com.cn:5618/api/acc_in?key=oa@mail.com&timestamp=20191220094500&sign=6a5488c8b1d4292dee2cc6a016d6de54
2019-12-20 09:45:00,063 ERROR com.shxiv.hfwh.rest.http.HttpServiceImpl  - 获取ERP-辅料备货数据job成功了！ 
2019-12-20 09:45:00,063 ERROR com.shxiv.hfwh.rest.http.HttpServiceImpl  - 辅料申请开始！ 
2019-12-20 09:45:00,063 ERROR com.shxiv.hfwh.rest.http.HttpServiceImpl  - 传入路径： http://rfid.chinabrandsgroup.com.cn:5618/api/acc_out?key=oa@mail.com&timestamp=20191220094500&sign=6a5488c8b1d4292dee2cc6a016d6de54
2019-12-20 09:45:00,089 ERROR com.shxiv.hfwh.rest.http.HttpServiceImpl  - 获取ERP-辅料申请数据job成功了！ 
2019-12-20 09:45:00,089 ERROR com.shxiv.hfwh.rest.http.HttpServiceImpl  - 防伪标申请1开始！ 
2019-12-20 09:45:00,089 ERROR com.shxiv.hfwh.rest.http.HttpServiceImpl  - 传入路径： http://rfid.chinabrandsgroup.com.cn:5618/api/fake_out?key=oa@mail.com&timestamp=20191220094500&sign=6a5488c8b1d4292dee2cc6a016d6de54
2019-12-20 09:45:00,123 ERROR com.shxiv.hfwh.rest.http.HttpServiceImpl  - 获取ERP-防伪申请数据job成功了！ 
2019-12-20 09:45:00,124 ERROR com.shxiv.hfwh.rest.http.HttpServiceImpl  - 防伪标申请2开始！ 
2019-12-20 09:45:00,124 ERROR com.shxiv.hfwh.rest.http.HttpServiceImpl  - 传入路径： http://rfid.chinabrandsgroup.com.cn:5618/api/fakenum_out?key=oa@mail.com&timestamp=20191220094500&sign=6a5488c8b1d4292dee2cc6a016d6de54
2019-12-20 09:45:00,152 ERROR com.shxiv.hfwh.rest.http.HttpServiceImpl  - 获取ERP-防伪申请2数据job成功了！ 
2019-12-20 09:45:00,152 ERROR com.shxiv.hfwh.rest.http.HttpServiceImpl  - 防伪标备货开始！ 
2019-12-20 09:45:00,152 ERROR com.shxiv.hfwh.rest.http.HttpServiceImpl  - 传入路径： http://rfid.chinabrandsgroup.com.cn:5618/api/fake_in?key=oa@mail.com&timestamp=20191220094500&sign=6a5488c8b1d4292dee2cc6a016d6de54
2019-12-20 09:45:00,174 ERROR com.shxiv.hfwh.rest.http.HttpServiceImpl  - 获取ERP-防伪标备货数据job成功了！ 
2019-12-20 09:45:00,174 ERROR com.shxiv.hfwh.rest.http.HttpServiceImpl  - 防伪标备货2开始！ 
2019-12-20 09:45:00,175 ERROR com.shxiv.hfwh.rest.http.HttpServiceImpl  - 传入路径： http://rfid.chinabrandsgroup.com.cn:5618/api/fakenum_in?key=oa@mail.com&timestamp=20191220094500&sign=6a5488c8b1d4292dee2cc6a016d6de54
2019-12-20 09:45:00,495 ERROR com.shxiv.hfwh.rest.http.HttpServiceImpl  - 获取ERP-防伪申请2数据job成功了！ 
2019-12-20 09:48:34,723 ERROR weaver.email.MailTimingDateReceive  - 自动接收邮件定时任务开始--单线程
2019-12-20 09:48:34,727 ERROR weaver.email.MailTimingDateReceive  - 自动接收邮件定时任务结束--没有开启外部邮件或者自动接收功能--单线程
2019-12-20 09:50:00,028 ERROR com.shxiv.hfwh.rest.http.HttpServiceImpl  - 传入路径： http://rfid.chinabrandsgroup.com.cn:5618/api/acc_in?key=oa@mail.com&timestamp=20191220095000&sign=cd7b43f4c73d7d7b95842ba471f198db
2019-12-20 09:50:00,090 ERROR com.shxiv.hfwh.rest.http.HttpServiceImpl  - 获取ERP-辅料备货数据job成功了！ 
2019-12-20 09:50:00,090 ERROR com.shxiv.hfwh.rest.http.HttpServiceImpl  - 辅料申请开始！ 
2019-12-20 09:50:00,090 ERROR com.shxiv.hfwh.rest.http.HttpServiceImpl  - 传入路径： http://rfid.chinabrandsgroup.com.cn:5618/api/acc_out?key=oa@mail.com&timestamp=20191220095000&sign=cd7b43f4c73d7d7b95842ba471f198db
2019-12-20 09:50:00,118 ERROR com.shxiv.hfwh.rest.http.HttpServiceImpl  - 获取ERP-辅料申请数据job成功了！ 
2019-12-20 09:50:00,118 ERROR com.shxiv.hfwh.rest.http.HttpServiceImpl  - 防伪标申请1开始！ 
2019-12-20 09:50:00,118 ERROR com.shxiv.hfwh.rest.http.HttpServiceImpl  - 传入路径： http://rfid.chinabrandsgroup.com.cn:5618/api/fake_out?key=oa@mail.com&timestamp=20191220095000&sign=cd7b43f4c73d7d7b95842ba471f198db
2019-12-20 09:50:00,159 ERROR com.shxiv.hfwh.rest.http.HttpServiceImpl  - 获取ERP-防伪申请数据job成功了！ 
2019-12-20 09:50:00,159 ERROR com.shxiv.hfwh.rest.http.HttpServiceImpl  - 防伪标申请2开始！ 
2019-12-20 09:50:00,159 ERROR com.shxiv.hfwh.rest.http.HttpServiceImpl  - 传入路径： http://rfid.chinabrandsgroup.com.cn:5618/api/fakenum_out?key=oa@mail.com&timestamp=20191220095000&sign=cd7b43f4c73d7d7b95842ba471f198db
2019-12-20 09:50:00,191 ERROR com.shxiv.hfwh.rest.http.HttpServiceImpl  - 获取ERP-防伪申请2数据job成功了！ 
2019-12-20 09:50:00,191 ERROR com.shxiv.hfwh.rest.http.HttpServiceImpl  - 防伪标备货开始！ 
2019-12-20 09:50:00,191 ERROR com.shxiv.hfwh.rest.http.HttpServiceImpl  - 传入路径： http://rfid.chinabrandsgroup.com.cn:5618/api/fake_in?key=oa@mail.com&timestamp=20191220095000&sign=cd7b43f4c73d7d7b95842ba471f198db
2019-12-20 09:50:00,226 ERROR com.shxiv.hfwh.rest.http.HttpServiceImpl  - 获取ERP-防伪标备货数据job成功了！ 
2019-12-20 09:50:00,226 ERROR com.shxiv.hfwh.rest.http.HttpServiceImpl  - 防伪标备货2开始！ 
2019-12-20 09:50:00,226 ERROR com.shxiv.hfwh.rest.http.HttpServiceImpl  - 传入路径： http://rfid.chinabrandsgroup.com.cn:5618/api/fakenum_in?key=oa@mail.com&timestamp=20191220095000&sign=cd7b43f4c73d7d7b95842ba471f198db
2019-12-20 09:50:00,251 ERROR com.shxiv.hfwh.rest.http.HttpServiceImpl  - 获取ERP-防伪申请2数据job成功了！ 
2019-12-20 09:55:00,020 ERROR com.shxiv.hfwh.rest.http.HttpServiceImpl  - 传入路径： http://rfid.chinabrandsgroup.com.cn:5618/api/acc_in?key=oa@mail.com&timestamp=20191220095500&sign=cb88ab8055994e720fa42f58106b9078
2019-12-20 09:55:00,064 ERROR com.shxiv.hfwh.rest.http.HttpServiceImpl  - 获取ERP-辅料备货数据job成功了！ 
2019-12-20 09:55:00,065 ERROR com.shxiv.hfwh.rest.http.HttpServiceImpl  - 辅料申请开始！ 
2019-12-20 09:55:00,065 ERROR com.shxiv.hfwh.rest.http.HttpServiceImpl  - 传入路径： http://rfid.chinabrandsgroup.com.cn:5618/api/acc_out?key=oa@mail.com&timestamp=20191220095500&sign=cb88ab8055994e720fa42f58106b9078
2019-12-20 09:55:00,091 ERROR com.shxiv.hfwh.rest.http.HttpServiceImpl  - 获取ERP-辅料申请数据job成功了！ 
2019-12-20 09:55:00,091 ERROR com.shxiv.hfwh.rest.http.HttpServiceImpl  - 防伪标申请1开始！ 
2019-12-20 09:55:00,091 ERROR com.shxiv.hfwh.rest.http.HttpServiceImpl  - 传入路径： http://rfid.chinabrandsgroup.com.cn:5618/api/fake_out?key=oa@mail.com&timestamp=20191220095500&sign=cb88ab8055994e720fa42f58106b9078
2019-12-20 09:55:00,127 ERROR com.shxiv.hfwh.rest.http.HttpServiceImpl  - 获取ERP-防伪申请数据job成功了！ 
2019-12-20 09:55:00,127 ERROR com.shxiv.hfwh.rest.http.HttpServiceImpl  - 防伪标申请2开始！ 
2019-12-20 09:55:00,127 ERROR com.shxiv.hfwh.rest.http.HttpServiceImpl  - 传入路径： http://rfid.chinabrandsgroup.com.cn:5618/api/fakenum_out?key=oa@mail.com&timestamp=20191220095500&sign=cb88ab8055994e720fa42f58106b9078
2019-12-20 09:55:00,166 ERROR com.shxiv.hfwh.rest.http.HttpServiceImpl  - 获取ERP-防伪申请2数据job成功了！ 
2019-12-20 09:55:00,166 ERROR com.shxiv.hfwh.rest.http.HttpServiceImpl  - 防伪标备货开始！ 
2019-12-20 09:55:00,166 ERROR com.shxiv.hfwh.rest.http.HttpServiceImpl  - 传入路径： http://rfid.chinabrandsgroup.com.cn:5618/api/fake_in?key=oa@mail.com&timestamp=20191220095500&sign=cb88ab8055994e720fa42f58106b9078
2019-12-20 09:55:00,197 ERROR com.shxiv.hfwh.rest.http.HttpServiceImpl  - 获取ERP-防伪标备货数据job成功了！ 
2019-12-20 09:55:00,197 ERROR com.shxiv.hfwh.rest.http.HttpServiceImpl  - 防伪标备货2开始！ 
2019-12-20 09:55:00,197 ERROR com.shxiv.hfwh.rest.http.HttpServiceImpl  - 传入路径： http://rfid.chinabrandsgroup.com.cn:5618/api/fakenum_in?key=oa@mail.com&timestamp=20191220095500&sign=cb88ab8055994e720fa42f58106b9078
2019-12-20 09:55:00,242 ERROR com.shxiv.hfwh.rest.http.HttpServiceImpl  - 获取ERP-防伪申请2数据job成功了！ 
2019-12-20 09:55:06,049 ERROR weaver.systeminfo.menuconfig.MenuUtil  - 后端菜单查询sql:select * from (select isnull(c.isopen,m.infoid+(324855)+1) as isopen,m.* from ( ( SELECT t1.id as infoId, t1.labelId , t1.refersubid,t1.isCustom, t1.iconUrl ,t1.linkAddress,t1.baseTarget ,t1.parentId,t1.useCustomName as infoUseCustomName,t1.customName as infoCustomName,t1.customName_e as infoCustomName_e,t1.customName_t as infoCustomName_t,t1.module, t2.id,t2.visible,t2.viewIndex,t2.locked,t2.lockedById,t2.useCustomName,t2.customName,t2.customName_e,t2.customName_t,t2.resourcetype,t2.resourceid ,allt.c as  allParent,curt.c as curParent  FROM mainmenuinfo t1  left join (select count(0) c,parentId from mainmenuinfo group by  parentId )allt on t1.id=allt.parentId  left join (select count(0) c,parentId from mainmenuinfo it1 inner join mainmenuconfig it2 on it2.infoId = it1.id where it2.resourcetype = 3  and it2.resourceid = 1 group by it1.parentId)curt on t1.id=curt.parentId , mainmenuconfig t2 , SystemModule t3  WHERE t2.infoId = t1.id  AND t1.relatedModuleId = t3.id   and ((t2.resourcetype=1 and t2.resourceid =1) or (t2.resourcetype=3 and t2.resourceid=1)) AND t2.visible=1  AND t3.moduleReleased = 1 and t1.id in (SELECT infoid FROM menushareinfo WHERE (  CASE WHEN (sharetype = 1 AND sharevalue in (0,-2)  and dbo.Get_StrArrayStrOfIndex(isnull(seclevel,'0.1-0.1'),'-',1)<=30 and dbo.Get_StrArrayStrOfIndex(isnull(seclevel,'0.1-0.1'),'-',2)>=30 ) THEN  1 ELSE 0 END   = 1 OR   CASE WHEN (sharetype = 3 and dbo.Get_StrArrayStrOfIndex(isnull(seclevel,'0.1-0.1'),'-',1)<=30 and dbo.Get_StrArrayStrOfIndex(isnull(seclevel,'0.1-0.1'),'-',2)>=30 ) THEN  1 ELSE 0 END   = 1 OR   CASE WHEN (sharetype = 5 AND sharevalue = 1) THEN  1 ELSE 0 END   = 1   OR  CASE WHEN (sharetype = 6 AND sharevalue in (0,-4) and dbo.Get_StrArrayStrOfIndex(isnull(seclevel,'0.1-0.1'),'-',1)<=30 and dbo.Get_StrArrayStrOfIndex(isnull(seclevel,'0.1-0.1'),'-',2)>=30 ) THEN  1 ELSE 0 END   = 1 OR CASE WHEN (sharetype = 7 AND sharevalue = 0  and   ( case when jobtitlelevel=1  Then 1 else 0 end = 1     or       case when (jobtitlelevel=2 and ( '%,'+jobtitlesharevalue+',%' like '%,0,%'  or  '%,'+jobtitlesharevalue+',%' like '%,-2,%' ) ) Then 1 else 0 end = 1        or       case when (jobtitlelevel=3 and ( '%,'+jobtitlesharevalue+',%' like '%,0,%'  or  '%,'+jobtitlesharevalue+',%' like '%,-4,%' ) ) Then 1 else 0 end = 1    )) THEN  1 ELSE 0 END   = 1   OR    CASE WHEN (sharetype = 2 AND sharevalue IN ( select roleid  from hrmrolemembers role WHERE rolelevel <=role.rolelevel AND role.resourceid =1 ) and dbo.Get_StrArrayStrOfIndex(isnull(seclevel,'0.1-0.1'),'-',1)<=30 and dbo.Get_StrArrayStrOfIndex(isnull(seclevel,'0.1-0.1'),'-',2)>=30 ) THEN  1 ELSE 0 END   = 1  )  and resourcetype=1 and resourceid =1 and menutype='top' ) and t1.parentid =10001  ) union ( SELECT t1.id as infoId, t1.labelId , t1.refersubid,t1.isCustom, t1.iconUrl ,t1.linkAddress,t1.baseTarget ,t1.parentId,t1.useCustomName as infoUseCustomName,t1.customName as infoCustomName,t1.customName_e as infoCustomName_e,t1.customName_t as infoCustomName_t,t1.module, t2.id,t2.visible,t2.viewIndex,t2.locked,t2.lockedById,t2.useCustomName,t2.customName,t2.customName_e,t2.customName_t,t2.resourcetype,t2.resourceid ,allt.c as  allParent,curt.c as curParent  FROM mainmenuinfo t1  left join (select count(0) c,parentId from mainmenuinfo group by  parentId )allt on t1.id=allt.parentId  left join (select count(0) c,parentId from mainmenuinfo it1 inner join mainmenuconfig it2 on it2.infoId = it1.id where it2.resourcetype = 3  and it2.resourceid = 1 group by it1.parentId)curt on t1.id=curt.parentId , mainmenuconfig t2 , SystemModule t3  WHERE t2.infoId = t1.id  AND t1.relatedModuleId = t3.id   and ((t2.resourcetype=1 and t2.resourceid =1) or (t2.resourcetype=3 and t2.resourceid=1)) AND t2.visible=1  AND t3.moduleReleased = 1 and t1.id not in (SELECT infoid FROM menushareinfo where menutype='top'  and resourcetype=1 and resourceid =1 ) and t1.parentid =10001  ) ) m left join menucontrollist c on m.infoid+324789=c.menuid and c.type='top') a where a.isopen=a.infoid+(324855)+1 ORDER BY ISNULL(a.parentId,0),a.viewIndex,a.infoId
2019-12-20 09:55:06,269 ERROR weaver.systeminfo.menuconfig.MenuUtil  - 后端菜单查询sql:select * from (select isnull(c.isopen,m.infoid+(324855)+1) as isopen,m.* from ( ( SELECT t1.id as infoId, t1.labelId , t1.refersubid,t1.isCustom, t1.iconUrl ,t1.linkAddress,t1.baseTarget ,t1.parentId,t1.useCustomName as infoUseCustomName,t1.customName as infoCustomName,t1.customName_e as infoCustomName_e,t1.customName_t as infoCustomName_t,t1.module, t2.id,t2.visible,t2.viewIndex,t2.locked,t2.lockedById,t2.useCustomName,t2.customName,t2.customName_e,t2.customName_t,t2.resourcetype,t2.resourceid ,allt.c as  allParent,curt.c as curParent  FROM mainmenuinfo t1  left join (select count(0) c,parentId from mainmenuinfo group by  parentId )allt on t1.id=allt.parentId  left join (select count(0) c,parentId from mainmenuinfo it1 inner join mainmenuconfig it2 on it2.infoId = it1.id where it2.resourcetype = 3  and it2.resourceid = 1 group by it1.parentId)curt on t1.id=curt.parentId , mainmenuconfig t2 , SystemModule t3  WHERE t2.infoId = t1.id  AND t1.relatedModuleId = t3.id   and ((t2.resourcetype=1 and t2.resourceid =1) or (t2.resourcetype=3 and t2.resourceid=1)) AND t2.visible=1  AND t3.moduleReleased = 1 and t1.id in (SELECT infoid FROM menushareinfo WHERE (  CASE WHEN (sharetype = 1 AND sharevalue in (0,-2)  and dbo.Get_StrArrayStrOfIndex(isnull(seclevel,'0.1-0.1'),'-',1)<=30 and dbo.Get_StrArrayStrOfIndex(isnull(seclevel,'0.1-0.1'),'-',2)>=30 ) THEN  1 ELSE 0 END   = 1 OR   CASE WHEN (sharetype = 3 and dbo.Get_StrArrayStrOfIndex(isnull(seclevel,'0.1-0.1'),'-',1)<=30 and dbo.Get_StrArrayStrOfIndex(isnull(seclevel,'0.1-0.1'),'-',2)>=30 ) THEN  1 ELSE 0 END   = 1 OR   CASE WHEN (sharetype = 5 AND sharevalue = 1) THEN  1 ELSE 0 END   = 1   OR  CASE WHEN (sharetype = 6 AND sharevalue in (0,-4) and dbo.Get_StrArrayStrOfIndex(isnull(seclevel,'0.1-0.1'),'-',1)<=30 and dbo.Get_StrArrayStrOfIndex(isnull(seclevel,'0.1-0.1'),'-',2)>=30 ) THEN  1 ELSE 0 END   = 1 OR CASE WHEN (sharetype = 7 AND sharevalue = 0  and   ( case when jobtitlelevel=1  Then 1 else 0 end = 1     or       case when (jobtitlelevel=2 and ( '%,'+jobtitlesharevalue+',%' like '%,0,%'  or  '%,'+jobtitlesharevalue+',%' like '%,-2,%' ) ) Then 1 else 0 end = 1        or       case when (jobtitlelevel=3 and ( '%,'+jobtitlesharevalue+',%' like '%,0,%'  or  '%,'+jobtitlesharevalue+',%' like '%,-4,%' ) ) Then 1 else 0 end = 1    )) THEN  1 ELSE 0 END   = 1   OR    CASE WHEN (sharetype = 2 AND sharevalue IN ( select roleid  from hrmrolemembers role WHERE rolelevel <=role.rolelevel AND role.resourceid =1 ) and dbo.Get_StrArrayStrOfIndex(isnull(seclevel,'0.1-0.1'),'-',1)<=30 and dbo.Get_StrArrayStrOfIndex(isnull(seclevel,'0.1-0.1'),'-',2)>=30 ) THEN  1 ELSE 0 END   = 1  )  and resourcetype=1 and resourceid =1 and menutype='top' ) and t1.parentid =10019  ) union ( SELECT t1.id as infoId, t1.labelId , t1.refersubid,t1.isCustom, t1.iconUrl ,t1.linkAddress,t1.baseTarget ,t1.parentId,t1.useCustomName as infoUseCustomName,t1.customName as infoCustomName,t1.customName_e as infoCustomName_e,t1.customName_t as infoCustomName_t,t1.module, t2.id,t2.visible,t2.viewIndex,t2.locked,t2.lockedById,t2.useCustomName,t2.customName,t2.customName_e,t2.customName_t,t2.resourcetype,t2.resourceid ,allt.c as  allParent,curt.c as curParent  FROM mainmenuinfo t1  left join (select count(0) c,parentId from mainmenuinfo group by  parentId )allt on t1.id=allt.parentId  left join (select count(0) c,parentId from mainmenuinfo it1 inner join mainmenuconfig it2 on it2.infoId = it1.id where it2.resourcetype = 3  and it2.resourceid = 1 group by it1.parentId)curt on t1.id=curt.parentId , mainmenuconfig t2 , SystemModule t3  WHERE t2.infoId = t1.id  AND t1.relatedModuleId = t3.id   and ((t2.resourcetype=1 and t2.resourceid =1) or (t2.resourcetype=3 and t2.resourceid=1)) AND t2.visible=1  AND t3.moduleReleased = 1 and t1.id not in (SELECT infoid FROM menushareinfo where menutype='top'  and resourcetype=1 and resourceid =1 ) and t1.parentid =10019  ) ) m left join menucontrollist c on m.infoid+324789=c.menuid and c.type='top') a where a.isopen=a.infoid+(324855)+1 ORDER BY ISNULL(a.parentId,0),a.viewIndex,a.infoId
2019-12-20 09:55:07,301 ERROR weaver.systeminfo.menuconfig.MenuUtil  - 后端菜单查询sql:select * from (select isnull(c.isopen,m.infoid+(324855)+1) as isopen,m.* from ( ( SELECT t1.id as infoId, t1.labelId , t1.refersubid,t1.isCustom, t1.iconUrl ,t1.linkAddress,t1.baseTarget ,t1.parentId,t1.useCustomName as infoUseCustomName,t1.customName as infoCustomName,t1.customName_e as infoCustomName_e,t1.customName_t as infoCustomName_t,t1.module, t2.id,t2.visible,t2.viewIndex,t2.locked,t2.lockedById,t2.useCustomName,t2.customName,t2.customName_e,t2.customName_t,t2.resourcetype,t2.resourceid ,allt.c as  allParent,curt.c as curParent  FROM mainmenuinfo t1  left join (select count(0) c,parentId from mainmenuinfo group by  parentId )allt on t1.id=allt.parentId  left join (select count(0) c,parentId from mainmenuinfo it1 inner join mainmenuconfig it2 on it2.infoId = it1.id where it2.resourcetype = 3  and it2.resourceid = 1 group by it1.parentId)curt on t1.id=curt.parentId , mainmenuconfig t2 , SystemModule t3  WHERE t2.infoId = t1.id  AND t1.relatedModuleId = t3.id   and ((t2.resourcetype=1 and t2.resourceid =1) or (t2.resourcetype=3 and t2.resourceid=1)) AND t2.visible=1  AND t3.moduleReleased = 1 and t1.id in (SELECT infoid FROM menushareinfo WHERE (  CASE WHEN (sharetype = 1 AND sharevalue in (0,-2)  and dbo.Get_StrArrayStrOfIndex(isnull(seclevel,'0.1-0.1'),'-',1)<=30 and dbo.Get_StrArrayStrOfIndex(isnull(seclevel,'0.1-0.1'),'-',2)>=30 ) THEN  1 ELSE 0 END   = 1 OR   CASE WHEN (sharetype = 3 and dbo.Get_StrArrayStrOfIndex(isnull(seclevel,'0.1-0.1'),'-',1)<=30 and dbo.Get_StrArrayStrOfIndex(isnull(seclevel,'0.1-0.1'),'-',2)>=30 ) THEN  1 ELSE 0 END   = 1 OR   CASE WHEN (sharetype = 5 AND sharevalue = 1) THEN  1 ELSE 0 END   = 1   OR  CASE WHEN (sharetype = 6 AND sharevalue in (0,-4) and dbo.Get_StrArrayStrOfIndex(isnull(seclevel,'0.1-0.1'),'-',1)<=30 and dbo.Get_StrArrayStrOfIndex(isnull(seclevel,'0.1-0.1'),'-',2)>=30 ) THEN  1 ELSE 0 END   = 1 OR CASE WHEN (sharetype = 7 AND sharevalue = 0  and   ( case when jobtitlelevel=1  Then 1 else 0 end = 1     or       case when (jobtitlelevel=2 and ( '%,'+jobtitlesharevalue+',%' like '%,0,%'  or  '%,'+jobtitlesharevalue+',%' like '%,-2,%' ) ) Then 1 else 0 end = 1        or       case when (jobtitlelevel=3 and ( '%,'+jobtitlesharevalue+',%' like '%,0,%'  or  '%,'+jobtitlesharevalue+',%' like '%,-4,%' ) ) Then 1 else 0 end = 1    )) THEN  1 ELSE 0 END   = 1   OR    CASE WHEN (sharetype = 2 AND sharevalue IN ( select roleid  from hrmrolemembers role WHERE rolelevel <=role.rolelevel AND role.resourceid =1 ) and dbo.Get_StrArrayStrOfIndex(isnull(seclevel,'0.1-0.1'),'-',1)<=30 and dbo.Get_StrArrayStrOfIndex(isnull(seclevel,'0.1-0.1'),'-',2)>=30 ) THEN  1 ELSE 0 END   = 1  )  and resourcetype=1 and resourceid =1 and menutype='top' ) and t1.parentid =10023  ) union ( SELECT t1.id as infoId, t1.labelId , t1.refersubid,t1.isCustom, t1.iconUrl ,t1.linkAddress,t1.baseTarget ,t1.parentId,t1.useCustomName as infoUseCustomName,t1.customName as infoCustomName,t1.customName_e as infoCustomName_e,t1.customName_t as infoCustomName_t,t1.module, t2.id,t2.visible,t2.viewIndex,t2.locked,t2.lockedById,t2.useCustomName,t2.customName,t2.customName_e,t2.customName_t,t2.resourcetype,t2.resourceid ,allt.c as  allParent,curt.c as curParent  FROM mainmenuinfo t1  left join (select count(0) c,parentId from mainmenuinfo group by  parentId )allt on t1.id=allt.parentId  left join (select count(0) c,parentId from mainmenuinfo it1 inner join mainmenuconfig it2 on it2.infoId = it1.id where it2.resourcetype = 3  and it2.resourceid = 1 group by it1.parentId)curt on t1.id=curt.parentId , mainmenuconfig t2 , SystemModule t3  WHERE t2.infoId = t1.id  AND t1.relatedModuleId = t3.id   and ((t2.resourcetype=1 and t2.resourceid =1) or (t2.resourcetype=3 and t2.resourceid=1)) AND t2.visible=1  AND t3.moduleReleased = 1 and t1.id not in (SELECT infoid FROM menushareinfo where menutype='top'  and resourcetype=1 and resourceid =1 ) and t1.parentid =10023  ) ) m left join menucontrollist c on m.infoid+324789=c.menuid and c.type='top') a where a.isopen=a.infoid+(324855)+1 ORDER BY ISNULL(a.parentId,0),a.viewIndex,a.infoId
2019-12-20 09:55:07,412 ERROR weaver.systeminfo.menuconfig.MenuUtil  - 后端菜单查询sql:select * from (select isnull(c.isopen,m.infoid+(324855)+1) as isopen,m.* from ( ( SELECT t1.id as infoId, t1.labelId , t1.refersubid,t1.isCustom, t1.iconUrl ,t1.linkAddress,t1.baseTarget ,t1.parentId,t1.useCustomName as infoUseCustomName,t1.customName as infoCustomName,t1.customName_e as infoCustomName_e,t1.customName_t as infoCustomName_t,t1.module, t2.id,t2.visible,t2.viewIndex,t2.locked,t2.lockedById,t2.useCustomName,t2.customName,t2.customName_e,t2.customName_t,t2.resourcetype,t2.resourceid ,allt.c as  allParent,curt.c as curParent  FROM mainmenuinfo t1  left join (select count(0) c,parentId from mainmenuinfo group by  parentId )allt on t1.id=allt.parentId  left join (select count(0) c,parentId from mainmenuinfo it1 inner join mainmenuconfig it2 on it2.infoId = it1.id where it2.resourcetype = 3  and it2.resourceid = 1 group by it1.parentId)curt on t1.id=curt.parentId , mainmenuconfig t2 , SystemModule t3  WHERE t2.infoId = t1.id  AND t1.relatedModuleId = t3.id   and ((t2.resourcetype=1 and t2.resourceid =1) or (t2.resourcetype=3 and t2.resourceid=1)) AND t2.visible=1  AND t3.moduleReleased = 1 and t1.id in (SELECT infoid FROM menushareinfo WHERE (  CASE WHEN (sharetype = 1 AND sharevalue in (0,-2)  and dbo.Get_StrArrayStrOfIndex(isnull(seclevel,'0.1-0.1'),'-',1)<=30 and dbo.Get_StrArrayStrOfIndex(isnull(seclevel,'0.1-0.1'),'-',2)>=30 ) THEN  1 ELSE 0 END   = 1 OR   CASE WHEN (sharetype = 3 and dbo.Get_StrArrayStrOfIndex(isnull(seclevel,'0.1-0.1'),'-',1)<=30 and dbo.Get_StrArrayStrOfIndex(isnull(seclevel,'0.1-0.1'),'-',2)>=30 ) THEN  1 ELSE 0 END   = 1 OR   CASE WHEN (sharetype = 5 AND sharevalue = 1) THEN  1 ELSE 0 END   = 1   OR  CASE WHEN (sharetype = 6 AND sharevalue in (0,-4) and dbo.Get_StrArrayStrOfIndex(isnull(seclevel,'0.1-0.1'),'-',1)<=30 and dbo.Get_StrArrayStrOfIndex(isnull(seclevel,'0.1-0.1'),'-',2)>=30 ) THEN  1 ELSE 0 END   = 1 OR CASE WHEN (sharetype = 7 AND sharevalue = 0  and   ( case when jobtitlelevel=1  Then 1 else 0 end = 1     or       case when (jobtitlelevel=2 and ( '%,'+jobtitlesharevalue+',%' like '%,0,%'  or  '%,'+jobtitlesharevalue+',%' like '%,-2,%' ) ) Then 1 else 0 end = 1        or       case when (jobtitlelevel=3 and ( '%,'+jobtitlesharevalue+',%' like '%,0,%'  or  '%,'+jobtitlesharevalue+',%' like '%,-4,%' ) ) Then 1 else 0 end = 1    )) THEN  1 ELSE 0 END   = 1   OR    CASE WHEN (sharetype = 2 AND sharevalue IN ( select roleid  from hrmrolemembers role WHERE rolelevel <=role.rolelevel AND role.resourceid =1 ) and dbo.Get_StrArrayStrOfIndex(isnull(seclevel,'0.1-0.1'),'-',1)<=30 and dbo.Get_StrArrayStrOfIndex(isnull(seclevel,'0.1-0.1'),'-',2)>=30 ) THEN  1 ELSE 0 END   = 1  )  and resourcetype=1 and resourceid =1 and menutype='top' ) and t1.parentid =10030  ) union ( SELECT t1.id as infoId, t1.labelId , t1.refersubid,t1.isCustom, t1.iconUrl ,t1.linkAddress,t1.baseTarget ,t1.parentId,t1.useCustomName as infoUseCustomName,t1.customName as infoCustomName,t1.customName_e as infoCustomName_e,t1.customName_t as infoCustomName_t,t1.module, t2.id,t2.visible,t2.viewIndex,t2.locked,t2.lockedById,t2.useCustomName,t2.customName,t2.customName_e,t2.customName_t,t2.resourcetype,t2.resourceid ,allt.c as  allParent,curt.c as curParent  FROM mainmenuinfo t1  left join (select count(0) c,parentId from mainmenuinfo group by  parentId )allt on t1.id=allt.parentId  left join (select count(0) c,parentId from mainmenuinfo it1 inner join mainmenuconfig it2 on it2.infoId = it1.id where it2.resourcetype = 3  and it2.resourceid = 1 group by it1.parentId)curt on t1.id=curt.parentId , mainmenuconfig t2 , SystemModule t3  WHERE t2.infoId = t1.id  AND t1.relatedModuleId = t3.id   and ((t2.resourcetype=1 and t2.resourceid =1) or (t2.resourcetype=3 and t2.resourceid=1)) AND t2.visible=1  AND t3.moduleReleased = 1 and t1.id not in (SELECT infoid FROM menushareinfo where menutype='top'  and resourcetype=1 and resourceid =1 ) and t1.parentid =10030  ) ) m left join menucontrollist c on m.infoid+324789=c.menuid and c.type='top') a where a.isopen=a.infoid+(324855)+1 ORDER BY ISNULL(a.parentId,0),a.viewIndex,a.infoId
2019-12-20 09:55:07,516 ERROR weaver.systeminfo.menuconfig.MenuUtil  - 后端菜单查询sql:select * from (select isnull(c.isopen,m.infoid+(324855)+1) as isopen,m.* from ( ( SELECT t1.id as infoId, t1.labelId , t1.refersubid,t1.isCustom, t1.iconUrl ,t1.linkAddress,t1.baseTarget ,t1.parentId,t1.useCustomName as infoUseCustomName,t1.customName as infoCustomName,t1.customName_e as infoCustomName_e,t1.customName_t as infoCustomName_t,t1.module, t2.id,t2.visible,t2.viewIndex,t2.locked,t2.lockedById,t2.useCustomName,t2.customName,t2.customName_e,t2.customName_t,t2.resourcetype,t2.resourceid ,allt.c as  allParent,curt.c as curParent  FROM mainmenuinfo t1  left join (select count(0) c,parentId from mainmenuinfo group by  parentId )allt on t1.id=allt.parentId  left join (select count(0) c,parentId from mainmenuinfo it1 inner join mainmenuconfig it2 on it2.infoId = it1.id where it2.resourcetype = 3  and it2.resourceid = 1 group by it1.parentId)curt on t1.id=curt.parentId , mainmenuconfig t2 , SystemModule t3  WHERE t2.infoId = t1.id  AND t1.relatedModuleId = t3.id   and ((t2.resourcetype=1 and t2.resourceid =1) or (t2.resourcetype=3 and t2.resourceid=1)) AND t2.visible=1  AND t3.moduleReleased = 1 and t1.id in (SELECT infoid FROM menushareinfo WHERE (  CASE WHEN (sharetype = 1 AND sharevalue in (0,-2)  and dbo.Get_StrArrayStrOfIndex(isnull(seclevel,'0.1-0.1'),'-',1)<=30 and dbo.Get_StrArrayStrOfIndex(isnull(seclevel,'0.1-0.1'),'-',2)>=30 ) THEN  1 ELSE 0 END   = 1 OR   CASE WHEN (sharetype = 3 and dbo.Get_StrArrayStrOfIndex(isnull(seclevel,'0.1-0.1'),'-',1)<=30 and dbo.Get_StrArrayStrOfIndex(isnull(seclevel,'0.1-0.1'),'-',2)>=30 ) THEN  1 ELSE 0 END   = 1 OR   CASE WHEN (sharetype = 5 AND sharevalue = 1) THEN  1 ELSE 0 END   = 1   OR  CASE WHEN (sharetype = 6 AND sharevalue in (0,-4) and dbo.Get_StrArrayStrOfIndex(isnull(seclevel,'0.1-0.1'),'-',1)<=30 and dbo.Get_StrArrayStrOfIndex(isnull(seclevel,'0.1-0.1'),'-',2)>=30 ) THEN  1 ELSE 0 END   = 1 OR CASE WHEN (sharetype = 7 AND sharevalue = 0  and   ( case when jobtitlelevel=1  Then 1 else 0 end = 1     or       case when (jobtitlelevel=2 and ( '%,'+jobtitlesharevalue+',%' like '%,0,%'  or  '%,'+jobtitlesharevalue+',%' like '%,-2,%' ) ) Then 1 else 0 end = 1        or       case when (jobtitlelevel=3 and ( '%,'+jobtitlesharevalue+',%' like '%,0,%'  or  '%,'+jobtitlesharevalue+',%' like '%,-4,%' ) ) Then 1 else 0 end = 1    )) THEN  1 ELSE 0 END   = 1   OR    CASE WHEN (sharetype = 2 AND sharevalue IN ( select roleid  from hrmrolemembers role WHERE rolelevel <=role.rolelevel AND role.resourceid =1 ) and dbo.Get_StrArrayStrOfIndex(isnull(seclevel,'0.1-0.1'),'-',1)<=30 and dbo.Get_StrArrayStrOfIndex(isnull(seclevel,'0.1-0.1'),'-',2)>=30 ) THEN  1 ELSE 0 END   = 1  )  and resourcetype=1 and resourceid =1 and menutype='top' ) and t1.parentid =10033  ) union ( SELECT t1.id as infoId, t1.labelId , t1.refersubid,t1.isCustom, t1.iconUrl ,t1.linkAddress,t1.baseTarget ,t1.parentId,t1.useCustomName as infoUseCustomName,t1.customName as infoCustomName,t1.customName_e as infoCustomName_e,t1.customName_t as infoCustomName_t,t1.module, t2.id,t2.visible,t2.viewIndex,t2.locked,t2.lockedById,t2.useCustomName,t2.customName,t2.customName_e,t2.customName_t,t2.resourcetype,t2.resourceid ,allt.c as  allParent,curt.c as curParent  FROM mainmenuinfo t1  left join (select count(0) c,parentId from mainmenuinfo group by  parentId )allt on t1.id=allt.parentId  left join (select count(0) c,parentId from mainmenuinfo it1 inner join mainmenuconfig it2 on it2.infoId = it1.id where it2.resourcetype = 3  and it2.resourceid = 1 group by it1.parentId)curt on t1.id=curt.parentId , mainmenuconfig t2 , SystemModule t3  WHERE t2.infoId = t1.id  AND t1.relatedModuleId = t3.id   and ((t2.resourcetype=1 and t2.resourceid =1) or (t2.resourcetype=3 and t2.resourceid=1)) AND t2.visible=1  AND t3.moduleReleased = 1 and t1.id not in (SELECT infoid FROM menushareinfo where menutype='top'  and resourcetype=1 and resourceid =1 ) and t1.parentid =10033  ) ) m left join menucontrollist c on m.infoid+324789=c.menuid and c.type='top') a where a.isopen=a.infoid+(324855)+1 ORDER BY ISNULL(a.parentId,0),a.viewIndex,a.infoId
2019-12-20 09:55:47,891 ERROR weaver.systeminfo.menuconfig.MenuUtil  - 后端菜单查询sql:select * from (select isnull(c.isopen,m.infoid+(324855)+1) as isopen,m.* from ( ( SELECT t1.id as infoId, t1.labelId , t1.refersubid,t1.isCustom, t1.iconUrl ,t1.linkAddress,t1.baseTarget ,t1.parentId,t1.useCustomName as infoUseCustomName,t1.customName as infoCustomName,t1.customName_e as infoCustomName_e,t1.customName_t as infoCustomName_t,t1.module, t2.id,t2.visible,t2.viewIndex,t2.locked,t2.lockedById,t2.useCustomName,t2.customName,t2.customName_e,t2.customName_t,t2.resourcetype,t2.resourceid ,allt.c as  allParent,curt.c as curParent  FROM mainmenuinfo t1  left join (select count(0) c,parentId from mainmenuinfo group by  parentId )allt on t1.id=allt.parentId  left join (select count(0) c,parentId from mainmenuinfo it1 inner join mainmenuconfig it2 on it2.infoId = it1.id where it2.resourcetype = 3  and it2.resourceid = 1 group by it1.parentId)curt on t1.id=curt.parentId , mainmenuconfig t2 , SystemModule t3  WHERE t2.infoId = t1.id  AND t1.relatedModuleId = t3.id   and ((t2.resourcetype=1 and t2.resourceid =1) or (t2.resourcetype=3 and t2.resourceid=1)) AND t2.visible=1  AND t3.moduleReleased = 1 and t1.id in (SELECT infoid FROM menushareinfo WHERE (  CASE WHEN (sharetype = 1 AND sharevalue in (0,-2)  and dbo.Get_StrArrayStrOfIndex(isnull(seclevel,'0.1-0.1'),'-',1)<=30 and dbo.Get_StrArrayStrOfIndex(isnull(seclevel,'0.1-0.1'),'-',2)>=30 ) THEN  1 ELSE 0 END   = 1 OR   CASE WHEN (sharetype = 3 and dbo.Get_StrArrayStrOfIndex(isnull(seclevel,'0.1-0.1'),'-',1)<=30 and dbo.Get_StrArrayStrOfIndex(isnull(seclevel,'0.1-0.1'),'-',2)>=30 ) THEN  1 ELSE 0 END   = 1 OR   CASE WHEN (sharetype = 5 AND sharevalue = 1) THEN  1 ELSE 0 END   = 1   OR  CASE WHEN (sharetype = 6 AND sharevalue in (0,-4) and dbo.Get_StrArrayStrOfIndex(isnull(seclevel,'0.1-0.1'),'-',1)<=30 and dbo.Get_StrArrayStrOfIndex(isnull(seclevel,'0.1-0.1'),'-',2)>=30 ) THEN  1 ELSE 0 END   = 1 OR CASE WHEN (sharetype = 7 AND sharevalue = 0  and   ( case when jobtitlelevel=1  Then 1 else 0 end = 1     or       case when (jobtitlelevel=2 and ( '%,'+jobtitlesharevalue+',%' like '%,0,%'  or  '%,'+jobtitlesharevalue+',%' like '%,-2,%' ) ) Then 1 else 0 end = 1        or       case when (jobtitlelevel=3 and ( '%,'+jobtitlesharevalue+',%' like '%,0,%'  or  '%,'+jobtitlesharevalue+',%' like '%,-4,%' ) ) Then 1 else 0 end = 1    )) THEN  1 ELSE 0 END   = 1   OR    CASE WHEN (sharetype = 2 AND sharevalue IN ( select roleid  from hrmrolemembers role WHERE rolelevel <=role.rolelevel AND role.resourceid =1 ) and dbo.Get_StrArrayStrOfIndex(isnull(seclevel,'0.1-0.1'),'-',1)<=30 and dbo.Get_StrArrayStrOfIndex(isnull(seclevel,'0.1-0.1'),'-',2)>=30 ) THEN  1 ELSE 0 END   = 1  )  and resourcetype=1 and resourceid =1 and menutype='top' ) and t1.parentid =10037  ) union ( SELECT t1.id as infoId, t1.labelId , t1.refersubid,t1.isCustom, t1.iconUrl ,t1.linkAddress,t1.baseTarget ,t1.parentId,t1.useCustomName as infoUseCustomName,t1.customName as infoCustomName,t1.customName_e as infoCustomName_e,t1.customName_t as infoCustomName_t,t1.module, t2.id,t2.visible,t2.viewIndex,t2.locked,t2.lockedById,t2.useCustomName,t2.customName,t2.customName_e,t2.customName_t,t2.resourcetype,t2.resourceid ,allt.c as  allParent,curt.c as curParent  FROM mainmenuinfo t1  left join (select count(0) c,parentId from mainmenuinfo group by  parentId )allt on t1.id=allt.parentId  left join (select count(0) c,parentId from mainmenuinfo it1 inner join mainmenuconfig it2 on it2.infoId = it1.id where it2.resourcetype = 3  and it2.resourceid = 1 group by it1.parentId)curt on t1.id=curt.parentId , mainmenuconfig t2 , SystemModule t3  WHERE t2.infoId = t1.id  AND t1.relatedModuleId = t3.id   and ((t2.resourcetype=1 and t2.resourceid =1) or (t2.resourcetype=3 and t2.resourceid=1)) AND t2.visible=1  AND t3.moduleReleased = 1 and t1.id not in (SELECT infoid FROM menushareinfo where menutype='top'  and resourcetype=1 and resourceid =1 ) and t1.parentid =10037  ) ) m left join menucontrollist c on m.infoid+324789=c.menuid and c.type='top') a where a.isopen=a.infoid+(324855)+1 ORDER BY ISNULL(a.parentId,0),a.viewIndex,a.infoId
2019-12-20 09:55:48,107 ERROR weaver.systeminfo.menuconfig.MenuUtil  - 后端菜单查询sql:select * from (select isnull(c.isopen,m.infoid+(324855)+1) as isopen,m.* from ( ( SELECT t1.id as infoId, t1.labelId , t1.refersubid,t1.isCustom, t1.iconUrl ,t1.linkAddress,t1.baseTarget ,t1.parentId,t1.useCustomName as infoUseCustomName,t1.customName as infoCustomName,t1.customName_e as infoCustomName_e,t1.customName_t as infoCustomName_t,t1.module, t2.id,t2.visible,t2.viewIndex,t2.locked,t2.lockedById,t2.useCustomName,t2.customName,t2.customName_e,t2.customName_t,t2.resourcetype,t2.resourceid ,allt.c as  allParent,curt.c as curParent  FROM mainmenuinfo t1  left join (select count(0) c,parentId from mainmenuinfo group by  parentId )allt on t1.id=allt.parentId  left join (select count(0) c,parentId from mainmenuinfo it1 inner join mainmenuconfig it2 on it2.infoId = it1.id where it2.resourcetype = 3  and it2.resourceid = 1 group by it1.parentId)curt on t1.id=curt.parentId , mainmenuconfig t2 , SystemModule t3  WHERE t2.infoId = t1.id  AND t1.relatedModuleId = t3.id   and ((t2.resourcetype=1 and t2.resourceid =1) or (t2.resourcetype=3 and t2.resourceid=1)) AND t2.visible=1  AND t3.moduleReleased = 1 and t1.id in (SELECT infoid FROM menushareinfo WHERE (  CASE WHEN (sharetype = 1 AND sharevalue in (0,-2)  and dbo.Get_StrArrayStrOfIndex(isnull(seclevel,'0.1-0.1'),'-',1)<=30 and dbo.Get_StrArrayStrOfIndex(isnull(seclevel,'0.1-0.1'),'-',2)>=30 ) THEN  1 ELSE 0 END   = 1 OR   CASE WHEN (sharetype = 3 and dbo.Get_StrArrayStrOfIndex(isnull(seclevel,'0.1-0.1'),'-',1)<=30 and dbo.Get_StrArrayStrOfIndex(isnull(seclevel,'0.1-0.1'),'-',2)>=30 ) THEN  1 ELSE 0 END   = 1 OR   CASE WHEN (sharetype = 5 AND sharevalue = 1) THEN  1 ELSE 0 END   = 1   OR  CASE WHEN (sharetype = 6 AND sharevalue in (0,-4) and dbo.Get_StrArrayStrOfIndex(isnull(seclevel,'0.1-0.1'),'-',1)<=30 and dbo.Get_StrArrayStrOfIndex(isnull(seclevel,'0.1-0.1'),'-',2)>=30 ) THEN  1 ELSE 0 END   = 1 OR CASE WHEN (sharetype = 7 AND sharevalue = 0  and   ( case when jobtitlelevel=1  Then 1 else 0 end = 1     or       case when (jobtitlelevel=2 and ( '%,'+jobtitlesharevalue+',%' like '%,0,%'  or  '%,'+jobtitlesharevalue+',%' like '%,-2,%' ) ) Then 1 else 0 end = 1        or       case when (jobtitlelevel=3 and ( '%,'+jobtitlesharevalue+',%' like '%,0,%'  or  '%,'+jobtitlesharevalue+',%' like '%,-4,%' ) ) Then 1 else 0 end = 1    )) THEN  1 ELSE 0 END   = 1   OR    CASE WHEN (sharetype = 2 AND sharevalue IN ( select roleid  from hrmrolemembers role WHERE rolelevel <=role.rolelevel AND role.resourceid =1 ) and dbo.Get_StrArrayStrOfIndex(isnull(seclevel,'0.1-0.1'),'-',1)<=30 and dbo.Get_StrArrayStrOfIndex(isnull(seclevel,'0.1-0.1'),'-',2)>=30 ) THEN  1 ELSE 0 END   = 1  )  and resourcetype=1 and resourceid =1 and menutype='top' ) and t1.parentid =10037  ) union ( SELECT t1.id as infoId, t1.labelId , t1.refersubid,t1.isCustom, t1.iconUrl ,t1.linkAddress,t1.baseTarget ,t1.parentId,t1.useCustomName as infoUseCustomName,t1.customName as infoCustomName,t1.customName_e as infoCustomName_e,t1.customName_t as infoCustomName_t,t1.module, t2.id,t2.visible,t2.viewIndex,t2.locked,t2.lockedById,t2.useCustomName,t2.customName,t2.customName_e,t2.customName_t,t2.resourcetype,t2.resourceid ,allt.c as  allParent,curt.c as curParent  FROM mainmenuinfo t1  left join (select count(0) c,parentId from mainmenuinfo group by  parentId )allt on t1.id=allt.parentId  left join (select count(0) c,parentId from mainmenuinfo it1 inner join mainmenuconfig it2 on it2.infoId = it1.id where it2.resourcetype = 3  and it2.resourceid = 1 group by it1.parentId)curt on t1.id=curt.parentId , mainmenuconfig t2 , SystemModule t3  WHERE t2.infoId = t1.id  AND t1.relatedModuleId = t3.id   and ((t2.resourcetype=1 and t2.resourceid =1) or (t2.resourcetype=3 and t2.resourceid=1)) AND t2.visible=1  AND t3.moduleReleased = 1 and t1.id not in (SELECT infoid FROM menushareinfo where menutype='top'  and resourcetype=1 and resourceid =1 ) and t1.parentid =10037  ) ) m left join menucontrollist c on m.infoid+324789=c.menuid and c.type='top') a where a.isopen=a.infoid+(324855)+1 ORDER BY ISNULL(a.parentId,0),a.viewIndex,a.infoId
2019-12-20 09:55:49,413 ERROR weaver.systeminfo.menuconfig.MenuUtil  - 后端菜单查询sql:select * from (select isnull(c.isopen,m.infoid+(324855)+1) as isopen,m.* from ( ( SELECT t1.id as infoId, t1.labelId , t1.refersubid,t1.isCustom, t1.iconUrl ,t1.linkAddress,t1.baseTarget ,t1.parentId,t1.useCustomName as infoUseCustomName,t1.customName as infoCustomName,t1.customName_e as infoCustomName_e,t1.customName_t as infoCustomName_t,t1.module, t2.id,t2.visible,t2.viewIndex,t2.locked,t2.lockedById,t2.useCustomName,t2.customName,t2.customName_e,t2.customName_t,t2.resourcetype,t2.resourceid ,allt.c as  allParent,curt.c as curParent  FROM mainmenuinfo t1  left join (select count(0) c,parentId from mainmenuinfo group by  parentId )allt on t1.id=allt.parentId  left join (select count(0) c,parentId from mainmenuinfo it1 inner join mainmenuconfig it2 on it2.infoId = it1.id where it2.resourcetype = 3  and it2.resourceid = 1 group by it1.parentId)curt on t1.id=curt.parentId , mainmenuconfig t2 , SystemModule t3  WHERE t2.infoId = t1.id  AND t1.relatedModuleId = t3.id   and ((t2.resourcetype=1 and t2.resourceid =1) or (t2.resourcetype=3 and t2.resourceid=1)) AND t2.visible=1  AND t3.moduleReleased = 1 and t1.id in (SELECT infoid FROM menushareinfo WHERE (  CASE WHEN (sharetype = 1 AND sharevalue in (0,-2)  and dbo.Get_StrArrayStrOfIndex(isnull(seclevel,'0.1-0.1'),'-',1)<=30 and dbo.Get_StrArrayStrOfIndex(isnull(seclevel,'0.1-0.1'),'-',2)>=30 ) THEN  1 ELSE 0 END   = 1 OR   CASE WHEN (sharetype = 3 and dbo.Get_StrArrayStrOfIndex(isnull(seclevel,'0.1-0.1'),'-',1)<=30 and dbo.Get_StrArrayStrOfIndex(isnull(seclevel,'0.1-0.1'),'-',2)>=30 ) THEN  1 ELSE 0 END   = 1 OR   CASE WHEN (sharetype = 5 AND sharevalue = 1) THEN  1 ELSE 0 END   = 1   OR  CASE WHEN (sharetype = 6 AND sharevalue in (0,-4) and dbo.Get_StrArrayStrOfIndex(isnull(seclevel,'0.1-0.1'),'-',1)<=30 and dbo.Get_StrArrayStrOfIndex(isnull(seclevel,'0.1-0.1'),'-',2)>=30 ) THEN  1 ELSE 0 END   = 1 OR CASE WHEN (sharetype = 7 AND sharevalue = 0  and   ( case when jobtitlelevel=1  Then 1 else 0 end = 1     or       case when (jobtitlelevel=2 and ( '%,'+jobtitlesharevalue+',%' like '%,0,%'  or  '%,'+jobtitlesharevalue+',%' like '%,-2,%' ) ) Then 1 else 0 end = 1        or       case when (jobtitlelevel=3 and ( '%,'+jobtitlesharevalue+',%' like '%,0,%'  or  '%,'+jobtitlesharevalue+',%' like '%,-4,%' ) ) Then 1 else 0 end = 1    )) THEN  1 ELSE 0 END   = 1   OR    CASE WHEN (sharetype = 2 AND sharevalue IN ( select roleid  from hrmrolemembers role WHERE rolelevel <=role.rolelevel AND role.resourceid =1 ) and dbo.Get_StrArrayStrOfIndex(isnull(seclevel,'0.1-0.1'),'-',1)<=30 and dbo.Get_StrArrayStrOfIndex(isnull(seclevel,'0.1-0.1'),'-',2)>=30 ) THEN  1 ELSE 0 END   = 1  )  and resourcetype=1 and resourceid =1 and menutype='top' ) and t1.parentid =10023  ) union ( SELECT t1.id as infoId, t1.labelId , t1.refersubid,t1.isCustom, t1.iconUrl ,t1.linkAddress,t1.baseTarget ,t1.parentId,t1.useCustomName as infoUseCustomName,t1.customName as infoCustomName,t1.customName_e as infoCustomName_e,t1.customName_t as infoCustomName_t,t1.module, t2.id,t2.visible,t2.viewIndex,t2.locked,t2.lockedById,t2.useCustomName,t2.customName,t2.customName_e,t2.customName_t,t2.resourcetype,t2.resourceid ,allt.c as  allParent,curt.c as curParent  FROM mainmenuinfo t1  left join (select count(0) c,parentId from mainmenuinfo group by  parentId )allt on t1.id=allt.parentId  left join (select count(0) c,parentId from mainmenuinfo it1 inner join mainmenuconfig it2 on it2.infoId = it1.id where it2.resourcetype = 3  and it2.resourceid = 1 group by it1.parentId)curt on t1.id=curt.parentId , mainmenuconfig t2 , SystemModule t3  WHERE t2.infoId = t1.id  AND t1.relatedModuleId = t3.id   and ((t2.resourcetype=1 and t2.resourceid =1) or (t2.resourcetype=3 and t2.resourceid=1)) AND t2.visible=1  AND t3.moduleReleased = 1 and t1.id not in (SELECT infoid FROM menushareinfo where menutype='top'  and resourcetype=1 and resourceid =1 ) and t1.parentid =10023  ) ) m left join menucontrollist c on m.infoid+324789=c.menuid and c.type='top') a where a.isopen=a.infoid+(324855)+1 ORDER BY ISNULL(a.parentId,0),a.viewIndex,a.infoId
2019-12-20 09:55:49,442 ERROR weaver.systeminfo.menuconfig.MenuUtil  - 后端菜单查询sql:select * from (select isnull(c.isopen,m.infoid+(324855)+1) as isopen,m.* from ( ( SELECT t1.id as infoId, t1.labelId , t1.refersubid,t1.isCustom, t1.iconUrl ,t1.linkAddress,t1.baseTarget ,t1.parentId,t1.useCustomName as infoUseCustomName,t1.customName as infoCustomName,t1.customName_e as infoCustomName_e,t1.customName_t as infoCustomName_t,t1.module, t2.id,t2.visible,t2.viewIndex,t2.locked,t2.lockedById,t2.useCustomName,t2.customName,t2.customName_e,t2.customName_t,t2.resourcetype,t2.resourceid ,allt.c as  allParent,curt.c as curParent  FROM mainmenuinfo t1  left join (select count(0) c,parentId from mainmenuinfo group by  parentId )allt on t1.id=allt.parentId  left join (select count(0) c,parentId from mainmenuinfo it1 inner join mainmenuconfig it2 on it2.infoId = it1.id where it2.resourcetype = 3  and it2.resourceid = 1 group by it1.parentId)curt on t1.id=curt.parentId , mainmenuconfig t2 , SystemModule t3  WHERE t2.infoId = t1.id  AND t1.relatedModuleId = t3.id   and ((t2.resourcetype=1 and t2.resourceid =1) or (t2.resourcetype=3 and t2.resourceid=1)) AND t2.visible=1  AND t3.moduleReleased = 1 and t1.id in (SELECT infoid FROM menushareinfo WHERE (  CASE WHEN (sharetype = 1 AND sharevalue in (0,-2)  and dbo.Get_StrArrayStrOfIndex(isnull(seclevel,'0.1-0.1'),'-',1)<=30 and dbo.Get_StrArrayStrOfIndex(isnull(seclevel,'0.1-0.1'),'-',2)>=30 ) THEN  1 ELSE 0 END   = 1 OR   CASE WHEN (sharetype = 3 and dbo.Get_StrArrayStrOfIndex(isnull(seclevel,'0.1-0.1'),'-',1)<=30 and dbo.Get_StrArrayStrOfIndex(isnull(seclevel,'0.1-0.1'),'-',2)>=30 ) THEN  1 ELSE 0 END   = 1 OR   CASE WHEN (sharetype = 5 AND sharevalue = 1) THEN  1 ELSE 0 END   = 1   OR  CASE WHEN (sharetype = 6 AND sharevalue in (0,-4) and dbo.Get_StrArrayStrOfIndex(isnull(seclevel,'0.1-0.1'),'-',1)<=30 and dbo.Get_StrArrayStrOfIndex(isnull(seclevel,'0.1-0.1'),'-',2)>=30 ) THEN  1 ELSE 0 END   = 1 OR CASE WHEN (sharetype = 7 AND sharevalue = 0  and   ( case when jobtitlelevel=1  Then 1 else 0 end = 1     or       case when (jobtitlelevel=2 and ( '%,'+jobtitlesharevalue+',%' like '%,0,%'  or  '%,'+jobtitlesharevalue+',%' like '%,-2,%' ) ) Then 1 else 0 end = 1        or       case when (jobtitlelevel=3 and ( '%,'+jobtitlesharevalue+',%' like '%,0,%'  or  '%,'+jobtitlesharevalue+',%' like '%,-4,%' ) ) Then 1 else 0 end = 1    )) THEN  1 ELSE 0 END   = 1   OR    CASE WHEN (sharetype = 2 AND sharevalue IN ( select roleid  from hrmrolemembers role WHERE rolelevel <=role.rolelevel AND role.resourceid =1 ) and dbo.Get_StrArrayStrOfIndex(isnull(seclevel,'0.1-0.1'),'-',1)<=30 and dbo.Get_StrArrayStrOfIndex(isnull(seclevel,'0.1-0.1'),'-',2)>=30 ) THEN  1 ELSE 0 END   = 1  )  and resourcetype=1 and resourceid =1 and menutype='top' ) and t1.parentid =10030  ) union ( SELECT t1.id as infoId, t1.labelId , t1.refersubid,t1.isCustom, t1.iconUrl ,t1.linkAddress,t1.baseTarget ,t1.parentId,t1.useCustomName as infoUseCustomName,t1.customName as infoCustomName,t1.customName_e as infoCustomName_e,t1.customName_t as infoCustomName_t,t1.module, t2.id,t2.visible,t2.viewIndex,t2.locked,t2.lockedById,t2.useCustomName,t2.customName,t2.customName_e,t2.customName_t,t2.resourcetype,t2.resourceid ,allt.c as  allParent,curt.c as curParent  FROM mainmenuinfo t1  left join (select count(0) c,parentId from mainmenuinfo group by  parentId )allt on t1.id=allt.parentId  left join (select count(0) c,parentId from mainmenuinfo it1 inner join mainmenuconfig it2 on it2.infoId = it1.id where it2.resourcetype = 3  and it2.resourceid = 1 group by it1.parentId)curt on t1.id=curt.parentId , mainmenuconfig t2 , SystemModule t3  WHERE t2.infoId = t1.id  AND t1.relatedModuleId = t3.id   and ((t2.resourcetype=1 and t2.resourceid =1) or (t2.resourcetype=3 and t2.resourceid=1)) AND t2.visible=1  AND t3.moduleReleased = 1 and t1.id not in (SELECT infoid FROM menushareinfo where menutype='top'  and resourcetype=1 and resourceid =1 ) and t1.parentid =10030  ) ) m left join menucontrollist c on m.infoid+324789=c.menuid and c.type='top') a where a.isopen=a.infoid+(324855)+1 ORDER BY ISNULL(a.parentId,0),a.viewIndex,a.infoId
2019-12-20 09:55:49,464 ERROR weaver.systeminfo.menuconfig.MenuUtil  - 后端菜单查询sql:select * from (select isnull(c.isopen,m.infoid+(324855)+1) as isopen,m.* from ( ( SELECT t1.id as infoId, t1.labelId , t1.refersubid,t1.isCustom, t1.iconUrl ,t1.linkAddress,t1.baseTarget ,t1.parentId,t1.useCustomName as infoUseCustomName,t1.customName as infoCustomName,t1.customName_e as infoCustomName_e,t1.customName_t as infoCustomName_t,t1.module, t2.id,t2.visible,t2.viewIndex,t2.locked,t2.lockedById,t2.useCustomName,t2.customName,t2.customName_e,t2.customName_t,t2.resourcetype,t2.resourceid ,allt.c as  allParent,curt.c as curParent  FROM mainmenuinfo t1  left join (select count(0) c,parentId from mainmenuinfo group by  parentId )allt on t1.id=allt.parentId  left join (select count(0) c,parentId from mainmenuinfo it1 inner join mainmenuconfig it2 on it2.infoId = it1.id where it2.resourcetype = 3  and it2.resourceid = 1 group by it1.parentId)curt on t1.id=curt.parentId , mainmenuconfig t2 , SystemModule t3  WHERE t2.infoId = t1.id  AND t1.relatedModuleId = t3.id   and ((t2.resourcetype=1 and t2.resourceid =1) or (t2.resourcetype=3 and t2.resourceid=1)) AND t2.visible=1  AND t3.moduleReleased = 1 and t1.id in (SELECT infoid FROM menushareinfo WHERE (  CASE WHEN (sharetype = 1 AND sharevalue in (0,-2)  and dbo.Get_StrArrayStrOfIndex(isnull(seclevel,'0.1-0.1'),'-',1)<=30 and dbo.Get_StrArrayStrOfIndex(isnull(seclevel,'0.1-0.1'),'-',2)>=30 ) THEN  1 ELSE 0 END   = 1 OR   CASE WHEN (sharetype = 3 and dbo.Get_StrArrayStrOfIndex(isnull(seclevel,'0.1-0.1'),'-',1)<=30 and dbo.Get_StrArrayStrOfIndex(isnull(seclevel,'0.1-0.1'),'-',2)>=30 ) THEN  1 ELSE 0 END   = 1 OR   CASE WHEN (sharetype = 5 AND sharevalue = 1) THEN  1 ELSE 0 END   = 1   OR  CASE WHEN (sharetype = 6 AND sharevalue in (0,-4) and dbo.Get_StrArrayStrOfIndex(isnull(seclevel,'0.1-0.1'),'-',1)<=30 and dbo.Get_StrArrayStrOfIndex(isnull(seclevel,'0.1-0.1'),'-',2)>=30 ) THEN  1 ELSE 0 END   = 1 OR CASE WHEN (sharetype = 7 AND sharevalue = 0  and   ( case when jobtitlelevel=1  Then 1 else 0 end = 1     or       case when (jobtitlelevel=2 and ( '%,'+jobtitlesharevalue+',%' like '%,0,%'  or  '%,'+jobtitlesharevalue+',%' like '%,-2,%' ) ) Then 1 else 0 end = 1        or       case when (jobtitlelevel=3 and ( '%,'+jobtitlesharevalue+',%' like '%,0,%'  or  '%,'+jobtitlesharevalue+',%' like '%,-4,%' ) ) Then 1 else 0 end = 1    )) THEN  1 ELSE 0 END   = 1   OR    CASE WHEN (sharetype = 2 AND sharevalue IN ( select roleid  from hrmrolemembers role WHERE rolelevel <=role.rolelevel AND role.resourceid =1 ) and dbo.Get_StrArrayStrOfIndex(isnull(seclevel,'0.1-0.1'),'-',1)<=30 and dbo.Get_StrArrayStrOfIndex(isnull(seclevel,'0.1-0.1'),'-',2)>=30 ) THEN  1 ELSE 0 END   = 1  )  and resourcetype=1 and resourceid =1 and menutype='top' ) and t1.parentid =10033  ) union ( SELECT t1.id as infoId, t1.labelId , t1.refersubid,t1.isCustom, t1.iconUrl ,t1.linkAddress,t1.baseTarget ,t1.parentId,t1.useCustomName as infoUseCustomName,t1.customName as infoCustomName,t1.customName_e as infoCustomName_e,t1.customName_t as infoCustomName_t,t1.module, t2.id,t2.visible,t2.viewIndex,t2.locked,t2.lockedById,t2.useCustomName,t2.customName,t2.customName_e,t2.customName_t,t2.resourcetype,t2.resourceid ,allt.c as  allParent,curt.c as curParent  FROM mainmenuinfo t1  left join (select count(0) c,parentId from mainmenuinfo group by  parentId )allt on t1.id=allt.parentId  left join (select count(0) c,parentId from mainmenuinfo it1 inner join mainmenuconfig it2 on it2.infoId = it1.id where it2.resourcetype = 3  and it2.resourceid = 1 group by it1.parentId)curt on t1.id=curt.parentId , mainmenuconfig t2 , SystemModule t3  WHERE t2.infoId = t1.id  AND t1.relatedModuleId = t3.id   and ((t2.resourcetype=1 and t2.resourceid =1) or (t2.resourcetype=3 and t2.resourceid=1)) AND t2.visible=1  AND t3.moduleReleased = 1 and t1.id not in (SELECT infoid FROM menushareinfo where menutype='top'  and resourcetype=1 and resourceid =1 ) and t1.parentid =10033  ) ) m left join menucontrollist c on m.infoid+324789=c.menuid and c.type='top') a where a.isopen=a.infoid+(324855)+1 ORDER BY ISNULL(a.parentId,0),a.viewIndex,a.infoId
