2020-11-23 09:54:00:==========Init security rules==========
2020-11-23 09:54:01:The Ecology Version is E8!
2020-11-23 09:54:01:The default encoding is UTF-8
2020-11-23 09:54:01:start copy custom security files to ecology...
2020-11-23 09:54:01:D:/WEAVER/ecology/WEB-INF\weaver_security_config.xml has exists, do not copy it...
2020-11-23 09:54:01:D:/WEAVER/ecology/WEB-INF\securityXML\weaver_security_custom_rules_1.xml has exists, do not copy it...
2020-11-23 09:54:01:end copy custom security files to ecology...
2020-11-23 09:54:02:special rules intercept level is 1
2020-11-23 09:54:02:request重写模式是否是标准模式：false
2020-11-23 09:54:02:start copy files to ecology...
2020-11-23 09:54:02:end copy files to ecology...
2020-11-23 09:54:02:load E8 security file...
2020-11-23 09:54:02:load rule file D:/WEAVER/ecology/WEB-INF/weaver_security_rules.xml start...
2020-11-23 09:54:03:load rule file D:/WEAVER/ecology/WEB-INF/weaver_security_rules.xml success...
2020-11-23 09:54:03:load rule file D:/WEAVER/ecology/WEB-INF/securityRule/E8/weaver_security_access_files.xml start...
2020-11-23 09:54:03:load rule file D:/WEAVER/ecology/WEB-INF/securityRule/E8/weaver_security_access_files.xml success...
2020-11-23 09:54:03:load rule file D:/WEAVER/ecology/WEB-INF/securityRule/E8/weaver_security_custom_rules_for_nologin_20200528_lnrd.xml start...
2020-11-23 09:54:03:load rule file D:/WEAVER/ecology/WEB-INF/securityRule/E8/weaver_security_custom_rules_for_nologin_20200528_lnrd.xml success...
2020-11-23 09:54:03:load rule file D:/WEAVER/ecology/WEB-INF/securityRule/E8/weaver_security_rules.xml start...
2020-11-23 09:54:03:load rule file D:/WEAVER/ecology/WEB-INF/securityRule/E8/weaver_security_rules.xml success...
2020-11-23 09:54:03:ruleClasses path is D:/WEAVER/ecology/WEB-INF/myclasses/weaver/security/rules/ruleImp/
2020-11-23 09:54:03:ruleClasses:::[D:/WEAVER/ecology/WEB-INF/myclasses/weaver/security/rules/ruleImp/ForbbidenSysadmin.class, D:/WEAVER/ecology/WEB-INF/myclasses/weaver/security/rules/ruleImp/LRFFieldLog.class, D:/WEAVER/ecology/WEB-INF/myclasses/weaver/security/rules/ruleImp/SecurityRule01.class, D:/WEAVER/ecology/WEB-INF/myclasses/weaver/security/rules/ruleImp/SecurityRule02.class, D:/WEAVER/ecology/WEB-INF/myclasses/weaver/security/rules/ruleImp/SecurityRule03.class, D:/WEAVER/ecology/WEB-INF/myclasses/weaver/security/rules/ruleImp/SecurityRule04.class, D:/WEAVER/ecology/WEB-INF/myclasses/weaver/security/rules/ruleImp/SecurityRule05.class, D:/WEAVER/ecology/WEB-INF/myclasses/weaver/security/rules/ruleImp/SecurityRule051.class, D:/WEAVER/ecology/WEB-INF/myclasses/weaver/security/rules/ruleImp/SecurityRule06.class, D:/WEAVER/ecology/WEB-INF/myclasses/weaver/security/rules/ruleImp/SecurityRule07.class, D:/WEAVER/ecology/WEB-INF/myclasses/weaver/security/rules/ruleImp/SecurityRule08.class, D:/WEAVER/ecology/WEB-INF/myclasses/weaver/security/rules/ruleImp/SecurityRule09.class, D:/WEAVER/ecology/WEB-INF/myclasses/weaver/security/rules/ruleImp/SecurityRule10.class, D:/WEAVER/ecology/WEB-INF/myclasses/weaver/security/rules/ruleImp/SecurityRule11.class, D:/WEAVER/ecology/WEB-INF/myclasses/weaver/security/rules/ruleImp/SecurityRule12.class, D:/WEAVER/ecology/WEB-INF/myclasses/weaver/security/rules/ruleImp/SecurityRule13.class, D:/WEAVER/ecology/WEB-INF/myclasses/weaver/security/rules/ruleImp/SecurityRule14.class, D:/WEAVER/ecology/WEB-INF/myclasses/weaver/security/rules/ruleImp/SecurityRule15ActionJsp.class, D:/WEAVER/ecology/WEB-INF/myclasses/weaver/security/rules/ruleImp/SecurityRule16.class, D:/WEAVER/ecology/WEB-INF/myclasses/weaver/security/rules/ruleImp/SecurityRule24FormActionJsp.class, D:/WEAVER/ecology/WEB-INF/myclasses/weaver/security/rules/ruleImp/SecurityRule34.class, D:/WEAVER/ecology/WEB-INF/myclasses/weaver/security/rules/ruleImp/SecurityRule35.class, D:/WEAVER/ecology/WEB-INF/myclasses/weaver/security/rules/ruleImp/SecurityRule36.class, D:/WEAVER/ecology/WEB-INF/myclasses/weaver/security/rules/ruleImp/SecurityRule39.class, D:/WEAVER/ecology/WEB-INF/myclasses/weaver/security/rules/ruleImp/SecurityRule46.class, D:/WEAVER/ecology/WEB-INF/myclasses/weaver/security/rules/ruleImp/SecurityRuleAppio.class, D:/WEAVER/ecology/WEB-INF/myclasses/weaver/security/rules/ruleImp/SecurityRuleBlog.class, D:/WEAVER/ecology/WEB-INF/myclasses/weaver/security/rules/ruleImp/SecurityRuleCheckPageRight.class, D:/WEAVER/ecology/WEB-INF/myclasses/weaver/security/rules/ruleImp/SecurityRuleCloudstoreControlServlet.class, D:/WEAVER/ecology/WEB-INF/myclasses/weaver/security/rules/ruleImp/SecurityRuleCommForbidden.class, D:/WEAVER/ecology/WEB-INF/myclasses/weaver/security/rules/ruleImp/SecurityRuleConfig38.class, D:/WEAVER/ecology/WEB-INF/myclasses/weaver/security/rules/ruleImp/SecurityRuleCreateDB.class, D:/WEAVER/ecology/WEB-INF/myclasses/weaver/security/rules/ruleImp/SecurityRuleCRTDir.class, D:/WEAVER/ecology/WEB-INF/myclasses/weaver/security/rules/ruleImp/SecurityRuleCtrFreq.class, D:/WEAVER/ecology/WEB-INF/myclasses/weaver/security/rules/ruleImp/SecurityRuleCtrip.class, D:/WEAVER/ecology/WEB-INF/myclasses/weaver/security/rules/ruleImp/SecurityRuleDataSel053.class, D:/WEAVER/ecology/WEB-INF/myclasses/weaver/security/rules/ruleImp/SecurityRuleDBstepSQL.class, D:/WEAVER/ecology/WEB-INF/myclasses/weaver/security/rules/ruleImp/SecurityRuleDir.class, D:/WEAVER/ecology/WEB-INF/myclasses/weaver/security/rules/ruleImp/SecurityRuleDocLogQX.class, D:/WEAVER/ecology/WEB-INF/myclasses/weaver/security/rules/ruleImp/SecurityRuleDownloadNews.class, D:/WEAVER/ecology/WEB-INF/myclasses/weaver/security/rules/ruleImp/SecurityRuleDUpload.class, D:/WEAVER/ecology/WEB-INF/myclasses/weaver/security/rules/ruleImp/SecurityRuleFileAlaPoc.class, D:/WEAVER/ecology/WEB-INF/myclasses/weaver/security/rules/ruleImp/SecurityRuleFileDown054.class, D:/WEAVER/ecology/WEB-INF/myclasses/weaver/security/rules/ruleImp/SecurityRuleFileDown055.class, D:/WEAVER/ecology/WEB-INF/myclasses/weaver/security/rules/ruleImp/SecurityRuleFileDownload.class, D:/WEAVER/ecology/WEB-INF/myclasses/weaver/security/rules/ruleImp/SecurityRuleFileDownload21.class, D:/WEAVER/ecology/WEB-INF/myclasses/weaver/security/rules/ruleImp/SecurityRuleFileDownload22.class, D:/WEAVER/ecology/WEB-INF/myclasses/weaver/security/rules/ruleImp/SecurityRuleFilesystem.class, D:/WEAVER/ecology/WEB-INF/myclasses/weaver/security/rules/ruleImp/SecurityRuleForAjax.class, D:/WEAVER/ecology/WEB-INF/myclasses/weaver/security/rules/ruleImp/SecurityRuleForbiddenAES41.class, D:/WEAVER/ecology/WEB-INF/myclasses/weaver/security/rules/ruleImp/SecurityRuleForbiddenBshServlet.class, D:/WEAVER/ecology/WEB-INF/myclasses/weaver/security/rules/ruleImp/SecurityRuleForbiddenFCK.class, D:/WEAVER/ecology/WEB-INF/myclasses/weaver/security/rules/ruleImp/SecurityRuleForbiddenFMJ.class, D:/WEAVER/ecology/WEB-INF/myclasses/weaver/security/rules/ruleImp/SecurityRuleForbiddenJHBServlet.class, D:/WEAVER/ecology/WEB-INF/myclasses/weaver/security/rules/ruleImp/SecurityRuleForbiddenMsg45.class, D:/WEAVER/ecology/WEB-INF/myclasses/weaver/security/rules/ruleImp/SecurityRuleForbiddenswf_F8018.class, D:/WEAVER/ecology/WEB-INF/myclasses/weaver/security/rules/ruleImp/SecurityRuleForbiddenTest017.class, D:/WEAVER/ecology/WEB-INF/myclasses/weaver/security/rules/ruleImp/SecurityRuleForbiddenUrlForE9.class, D:/WEAVER/ecology/WEB-INF/myclasses/weaver/security/rules/ruleImp/SecurityRuleForElementCustomServlet.class, D:/WEAVER/ecology/WEB-INF/myclasses/weaver/security/rules/ruleImp/SecurityRuleForFormmodeAction.class, D:/WEAVER/ecology/WEB-INF/myclasses/weaver/security/rules/ruleImp/SecurityRuleForGetDataList.class, D:/WEAVER/ecology/WEB-INF/myclasses/weaver/security/rules/ruleImp/SecurityRuleForLogOperation.class, D:/WEAVER/ecology/WEB-INF/myclasses/weaver/security/rules/ruleImp/SecurityRuleForOutDoc.class, D:/WEAVER/ecology/WEB-INF/myclasses/weaver/security/rules/ruleImp/SecurityRuleForServer.class, D:/WEAVER/ecology/WEB-INF/myclasses/weaver/security/rules/ruleImp/SecurityRuleForUeditor.class, D:/WEAVER/ecology/WEB-INF/myclasses/weaver/security/rules/ruleImp/SecurityRuleFr.class, D:/WEAVER/ecology/WEB-INF/myclasses/weaver/security/rules/ruleImp/SecurityRuleGetBody.class, D:/WEAVER/ecology/WEB-INF/myclasses/weaver/security/rules/ruleImp/SecurityRuleHttpMethod.class, D:/WEAVER/ecology/WEB-INF/myclasses/weaver/security/rules/ruleImp/SecurityRuleHttpServlet.class, D:/WEAVER/ecology/WEB-INF/myclasses/weaver/security/rules/ruleImp/SecurityRuleImgTextViewFor23.class, D:/WEAVER/ecology/WEB-INF/myclasses/weaver/security/rules/ruleImp/SecurityRuleJspCheck.class, D:/WEAVER/ecology/WEB-INF/myclasses/weaver/security/rules/ruleImp/SecurityRuleLicense052.class, D:/WEAVER/ecology/WEB-INF/myclasses/weaver/security/rules/ruleImp/SecurityRuleLoginidCheck.class, D:/WEAVER/ecology/WEB-INF/myclasses/weaver/security/rules/ruleImp/SecurityRuleLogName.class, D:/WEAVER/ecology/WEB-INF/myclasses/weaver/security/rules/ruleImp/SecurityRuleLogReader24.class, D:/WEAVER/ecology/WEB-INF/myclasses/weaver/security/rules/ruleImp/SecurityRuleMess43.class, D:/WEAVER/ecology/WEB-INF/myclasses/weaver/security/rules/ruleImp/SecurityRuleMobile29.class, D:/WEAVER/ecology/WEB-INF/myclasses/weaver/security/rules/ruleImp/SecurityRuleNeedLogin.class, D:/WEAVER/ecology/WEB-INF/myclasses/weaver/security/rules/ruleImp/SecurityRuleNeedLoginFormmodel.class, D:/WEAVER/ecology/WEB-INF/myclasses/weaver/security/rules/ruleImp/SecurityRuleNet48.class, D:/WEAVER/ecology/WEB-INF/myclasses/weaver/security/rules/ruleImp/SecurityRuleNetworkFor37.class, D:/WEAVER/ecology/WEB-INF/myclasses/weaver/security/rules/ruleImp/SecurityRuleOnlyDomainAccess.class, D:/WEAVER/ecology/WEB-INF/myclasses/weaver/security/rules/ruleImp/SecurityRulePageTemplateLoginOperate.class, D:/WEAVER/ecology/WEB-INF/myclasses/weaver/security/rules/ruleImp/SecurityRulePortalThumbnail.class, D:/WEAVER/ecology/WEB-INF/myclasses/weaver/security/rules/ruleImp/SecurityRulePortalThumbnail40.class, D:/WEAVER/ecology/WEB-INF/myclasses/weaver/security/rules/ruleImp/SecurityRuleQiyuesuoDownload.class, D:/WEAVER/ecology/WEB-INF/myclasses/weaver/security/rules/ruleImp/SecurityRuleQueryPost.class, D:/WEAVER/ecology/WEB-INF/myclasses/weaver/security/rules/ruleImp/SecurityRuleQX20.class, D:/WEAVER/ecology/WEB-INF/myclasses/weaver/security/rules/ruleImp/SecurityRuleQXLoadZip19.class, D:/WEAVER/ecology/WEB-INF/myclasses/weaver/security/rules/ruleImp/SecurityRuleRandomCode.class, D:/WEAVER/ecology/WEB-INF/myclasses/weaver/security/rules/ruleImp/SecurityRuleRteUploader.class, D:/WEAVER/ecology/WEB-INF/myclasses/weaver/security/rules/ruleImp/SecurityRuleSIS.class, D:/WEAVER/ecology/WEB-INF/myclasses/weaver/security/rules/ruleImp/SecurityRuleSptmThumbnail.class, D:/WEAVER/ecology/WEB-INF/myclasses/weaver/security/rules/ruleImp/SecurityRuleSQL28.class, D:/WEAVER/ecology/WEB-INF/myclasses/weaver/security/rules/ruleImp/SecurityRuleSQL29.class, D:/WEAVER/ecology/WEB-INF/myclasses/weaver/security/rules/ruleImp/SecurityRuleSQL30.class, D:/WEAVER/ecology/WEB-INF/myclasses/weaver/security/rules/ruleImp/SecurityRuleSQL32.class, D:/WEAVER/ecology/WEB-INF/myclasses/weaver/security/rules/ruleImp/SecurityRuleSQL42.class, D:/WEAVER/ecology/WEB-INF/myclasses/weaver/security/rules/ruleImp/SecurityRuleSso44.class, D:/WEAVER/ecology/WEB-INF/myclasses/weaver/security/rules/ruleImp/SecurityRuleSyncCache.class, D:/WEAVER/ecology/WEB-INF/myclasses/weaver/security/rules/ruleImp/SecurityRuleThemeOperation.class, D:/WEAVER/ecology/WEB-INF/myclasses/weaver/security/rules/ruleImp/SecurityRuleToolScan.class, D:/WEAVER/ecology/WEB-INF/myclasses/weaver/security/rules/ruleImp/SecurityRuleUeditorMapForbbiden.class, D:/WEAVER/ecology/WEB-INF/myclasses/weaver/security/rules/ruleImp/SecurityRuleUser059.class, D:/WEAVER/ecology/WEB-INF/myclasses/weaver/security/rules/ruleImp/SecurityRuleValidatenum.class, D:/WEAVER/ecology/WEB-INF/myclasses/weaver/security/rules/ruleImp/SecurityRuleWeb47.class, D:/WEAVER/ecology/WEB-INF/myclasses/weaver/security/rules/ruleImp/SecurityRuleWeb49.class, D:/WEAVER/ecology/WEB-INF/myclasses/weaver/security/rules/ruleImp/SecurityRuleWeb50.class, D:/WEAVER/ecology/WEB-INF/myclasses/weaver/security/rules/ruleImp/SecurityRuleWeb51.class, D:/WEAVER/ecology/WEB-INF/myclasses/weaver/security/rules/ruleImp/SecurityRuleWeb52.class, D:/WEAVER/ecology/WEB-INF/myclasses/weaver/security/rules/ruleImp/SecurityRuleWechat.class, D:/WEAVER/ecology/WEB-INF/myclasses/weaver/security/rules/ruleImp/SecurityRuleWFFunName25.class, D:/WEAVER/ecology/WEB-INF/myclasses/weaver/security/rules/ruleImp/SecurityRuleWfSettings.class, D:/WEAVER/ecology/WEB-INF/myclasses/weaver/security/rules/ruleImp/SecurityRuleWhiteExtName.class, D:/WEAVER/ecology/WEB-INF/myclasses/weaver/security/rules/ruleImp/SecurityRuleWhiteIp030.class, D:/WEAVER/ecology/WEB-INF/myclasses/weaver/security/rules/ruleImp/SkipSecurityCheckForLan.class, D:/WEAVER/ecology/WEB-INF/myclasses/weaver/security/rules/ruleImp/WebServiceRule.class]
2020-11-23 09:54:03:load custom define rule classes weaver.security.rules.ruleImp.ForbbidenSysadmin
2020-11-23 09:54:03:load custom define rule classes weaver.security.rules.ruleImp.LRFFieldLog
2020-11-23 09:54:03:load custom define rule classes weaver.security.rules.ruleImp.SecurityRule01
2020-11-23 09:54:03:load custom define rule classes weaver.security.rules.ruleImp.SecurityRule02
2020-11-23 09:54:03:load custom define rule classes weaver.security.rules.ruleImp.SecurityRule03
2020-11-23 09:54:03:load custom define rule classes weaver.security.rules.ruleImp.SecurityRule04
2020-11-23 09:54:03:load custom define rule classes weaver.security.rules.ruleImp.SecurityRule05
2020-11-23 09:54:03:load custom define rule classes weaver.security.rules.ruleImp.SecurityRule051
2020-11-23 09:54:03:load custom define rule classes weaver.security.rules.ruleImp.SecurityRule06
2020-11-23 09:54:03:load custom define rule classes weaver.security.rules.ruleImp.SecurityRule07
2020-11-23 09:54:03:load custom define rule classes weaver.security.rules.ruleImp.SecurityRule08
2020-11-23 09:54:03:load custom define rule classes weaver.security.rules.ruleImp.SecurityRule09
2020-11-23 09:54:03:load custom define rule classes weaver.security.rules.ruleImp.SecurityRule10
2020-11-23 09:54:03:load custom define rule classes weaver.security.rules.ruleImp.SecurityRule11
2020-11-23 09:54:03:load custom define rule classes weaver.security.rules.ruleImp.SecurityRule12
2020-11-23 09:54:03:load custom define rule classes weaver.security.rules.ruleImp.SecurityRule13
2020-11-23 09:54:03:load custom define rule classes weaver.security.rules.ruleImp.SecurityRule14
2020-11-23 09:54:03:load custom define rule classes weaver.security.rules.ruleImp.SecurityRule15ActionJsp
2020-11-23 09:54:03:load custom define rule classes weaver.security.rules.ruleImp.SecurityRule16
2020-11-23 09:54:03:load custom define rule classes weaver.security.rules.ruleImp.SecurityRule24FormActionJsp
2020-11-23 09:54:03:load custom define rule classes weaver.security.rules.ruleImp.SecurityRule34
2020-11-23 09:54:03:load custom define rule classes weaver.security.rules.ruleImp.SecurityRule35
2020-11-23 09:54:03:load custom define rule classes weaver.security.rules.ruleImp.SecurityRule36
2020-11-23 09:54:03:load custom define rule classes weaver.security.rules.ruleImp.SecurityRule39
2020-11-23 09:54:03:load custom define rule classes weaver.security.rules.ruleImp.SecurityRule46
2020-11-23 09:54:03:load custom define rule classes weaver.security.rules.ruleImp.SecurityRuleAppio
2020-11-23 09:54:03:load custom define rule classes weaver.security.rules.ruleImp.SecurityRuleBlog
2020-11-23 09:54:03:load custom define rule classes weaver.security.rules.ruleImp.SecurityRuleCheckPageRight
2020-11-23 09:54:03:load custom define rule classes weaver.security.rules.ruleImp.SecurityRuleCloudstoreControlServlet
2020-11-23 09:54:03:load custom define rule classes weaver.security.rules.ruleImp.SecurityRuleCommForbidden
2020-11-23 09:54:03:load custom define rule classes weaver.security.rules.ruleImp.SecurityRuleConfig38
2020-11-23 09:54:03:load custom define rule classes weaver.security.rules.ruleImp.SecurityRuleCreateDB
2020-11-23 09:54:03:load custom define rule classes weaver.security.rules.ruleImp.SecurityRuleCRTDir
2020-11-23 09:54:03:load custom define rule classes weaver.security.rules.ruleImp.SecurityRuleCtrFreq
2020-11-23 09:54:03:load custom define rule classes weaver.security.rules.ruleImp.SecurityRuleCtrip
2020-11-23 09:54:03:load custom define rule classes weaver.security.rules.ruleImp.SecurityRuleDataSel053
2020-11-23 09:54:03:load custom define rule classes weaver.security.rules.ruleImp.SecurityRuleDBstepSQL
2020-11-23 09:54:03:load custom define rule classes weaver.security.rules.ruleImp.SecurityRuleDir
2020-11-23 09:54:03:load custom define rule classes weaver.security.rules.ruleImp.SecurityRuleDocLogQX
2020-11-23 09:54:03:load custom define rule classes weaver.security.rules.ruleImp.SecurityRuleDownloadNews
2020-11-23 09:54:03:load custom define rule classes weaver.security.rules.ruleImp.SecurityRuleDUpload
2020-11-23 09:54:03:load custom define rule classes weaver.security.rules.ruleImp.SecurityRuleFileAlaPoc
2020-11-23 09:54:03:load custom define rule classes weaver.security.rules.ruleImp.SecurityRuleFileDown054
2020-11-23 09:54:03:load custom define rule classes weaver.security.rules.ruleImp.SecurityRuleFileDown055
2020-11-23 09:54:03:load custom define rule classes weaver.security.rules.ruleImp.SecurityRuleFileDownload
2020-11-23 09:54:03:load custom define rule classes weaver.security.rules.ruleImp.SecurityRuleFileDownload21
2020-11-23 09:54:03:load custom define rule classes weaver.security.rules.ruleImp.SecurityRuleFileDownload22
2020-11-23 09:54:03:load custom define rule classes weaver.security.rules.ruleImp.SecurityRuleFilesystem
2020-11-23 09:54:03:load custom define rule classes weaver.security.rules.ruleImp.SecurityRuleForAjax
2020-11-23 09:54:03:load custom define rule classes weaver.security.rules.ruleImp.SecurityRuleForbiddenAES41
2020-11-23 09:54:03:load custom define rule classes weaver.security.rules.ruleImp.SecurityRuleForbiddenBshServlet
2020-11-23 09:54:03:load custom define rule classes weaver.security.rules.ruleImp.SecurityRuleForbiddenFCK
2020-11-23 09:54:03:load custom define rule classes weaver.security.rules.ruleImp.SecurityRuleForbiddenFMJ
2020-11-23 09:54:03:load custom define rule classes weaver.security.rules.ruleImp.SecurityRuleForbiddenJHBServlet
2020-11-23 09:54:03:load custom define rule classes weaver.security.rules.ruleImp.SecurityRuleForbiddenMsg45
2020-11-23 09:54:03:load custom define rule classes weaver.security.rules.ruleImp.SecurityRuleForbiddenswf_F8018
2020-11-23 09:54:03:load custom define rule classes weaver.security.rules.ruleImp.SecurityRuleForbiddenTest017
2020-11-23 09:54:03:load custom define rule classes weaver.security.rules.ruleImp.SecurityRuleForbiddenUrlForE9
2020-11-23 09:54:03:load custom define rule classes weaver.security.rules.ruleImp.SecurityRuleForElementCustomServlet
2020-11-23 09:54:03:load custom define rule classes weaver.security.rules.ruleImp.SecurityRuleForFormmodeAction
2020-11-23 09:54:03:load custom define rule classes weaver.security.rules.ruleImp.SecurityRuleForGetDataList
2020-11-23 09:54:03:load custom define rule classes weaver.security.rules.ruleImp.SecurityRuleForLogOperation
2020-11-23 09:54:03:load custom define rule classes weaver.security.rules.ruleImp.SecurityRuleForOutDoc
2020-11-23 09:54:03:load custom define rule classes weaver.security.rules.ruleImp.SecurityRuleForServer
2020-11-23 09:54:03:load custom define rule classes weaver.security.rules.ruleImp.SecurityRuleForUeditor
2020-11-23 09:54:03:load custom define rule classes weaver.security.rules.ruleImp.SecurityRuleFr
2020-11-23 09:54:03:load custom define rule classes weaver.security.rules.ruleImp.SecurityRuleGetBody
2020-11-23 09:54:03:load custom define rule classes weaver.security.rules.ruleImp.SecurityRuleHttpMethod
2020-11-23 09:54:03:load custom define rule classes weaver.security.rules.ruleImp.SecurityRuleHttpServlet
2020-11-23 09:54:03:load custom define rule classes weaver.security.rules.ruleImp.SecurityRuleImgTextViewFor23
2020-11-23 09:54:03:load custom define rule classes weaver.security.rules.ruleImp.SecurityRuleJspCheck
2020-11-23 09:54:03:load custom define rule classes weaver.security.rules.ruleImp.SecurityRuleLicense052
2020-11-23 09:54:03:load custom define rule classes weaver.security.rules.ruleImp.SecurityRuleLoginidCheck
2020-11-23 09:54:03:load custom define rule classes weaver.security.rules.ruleImp.SecurityRuleLogName
2020-11-23 09:54:03:load custom define rule classes weaver.security.rules.ruleImp.SecurityRuleLogReader24
2020-11-23 09:54:03:load custom define rule classes weaver.security.rules.ruleImp.SecurityRuleMess43
2020-11-23 09:54:03:load custom define rule classes weaver.security.rules.ruleImp.SecurityRuleMobile29
2020-11-23 09:54:03:load custom define rule classes weaver.security.rules.ruleImp.SecurityRuleNeedLogin
2020-11-23 09:54:03:load custom define rule classes weaver.security.rules.ruleImp.SecurityRuleNeedLoginFormmodel
2020-11-23 09:54:03:load custom define rule classes weaver.security.rules.ruleImp.SecurityRuleNet48
2020-11-23 09:54:03:load custom define rule classes weaver.security.rules.ruleImp.SecurityRuleNetworkFor37
2020-11-23 09:54:03:load custom define rule classes weaver.security.rules.ruleImp.SecurityRuleOnlyDomainAccess
2020-11-23 09:54:03:load custom define rule classes weaver.security.rules.ruleImp.SecurityRulePageTemplateLoginOperate
2020-11-23 09:54:03:load custom define rule classes weaver.security.rules.ruleImp.SecurityRulePortalThumbnail
2020-11-23 09:54:03:load custom define rule classes weaver.security.rules.ruleImp.SecurityRulePortalThumbnail40
2020-11-23 09:54:03:load custom define rule classes weaver.security.rules.ruleImp.SecurityRuleQiyuesuoDownload
2020-11-23 09:54:03:load custom define rule classes weaver.security.rules.ruleImp.SecurityRuleQueryPost
2020-11-23 09:54:03:load custom define rule classes weaver.security.rules.ruleImp.SecurityRuleQX20
2020-11-23 09:54:03:load custom define rule classes weaver.security.rules.ruleImp.SecurityRuleQXLoadZip19
2020-11-23 09:54:03:load custom define rule classes weaver.security.rules.ruleImp.SecurityRuleRandomCode
2020-11-23 09:54:03:load custom define rule classes weaver.security.rules.ruleImp.SecurityRuleRteUploader
2020-11-23 09:54:03:load custom define rule classes weaver.security.rules.ruleImp.SecurityRuleSIS
2020-11-23 09:54:03:load custom define rule classes weaver.security.rules.ruleImp.SecurityRuleSptmThumbnail
2020-11-23 09:54:03:load custom define rule classes weaver.security.rules.ruleImp.SecurityRuleSQL28
2020-11-23 09:54:03:load custom define rule classes weaver.security.rules.ruleImp.SecurityRuleSQL29
2020-11-23 09:54:03:load custom define rule classes weaver.security.rules.ruleImp.SecurityRuleSQL30
2020-11-23 09:54:03:load custom define rule classes weaver.security.rules.ruleImp.SecurityRuleSQL32
2020-11-23 09:54:03:load custom define rule classes weaver.security.rules.ruleImp.SecurityRuleSQL42
2020-11-23 09:54:03:load custom define rule classes weaver.security.rules.ruleImp.SecurityRuleSso44
2020-11-23 09:54:03:load custom define rule classes weaver.security.rules.ruleImp.SecurityRuleSyncCache
2020-11-23 09:54:03:load custom define rule classes weaver.security.rules.ruleImp.SecurityRuleThemeOperation
2020-11-23 09:54:03:load custom define rule classes weaver.security.rules.ruleImp.SecurityRuleToolScan
2020-11-23 09:54:03:load custom define rule classes weaver.security.rules.ruleImp.SecurityRuleUeditorMapForbbiden
2020-11-23 09:54:03:load custom define rule classes weaver.security.rules.ruleImp.SecurityRuleUser059
2020-11-23 09:54:03:load custom define rule classes weaver.security.rules.ruleImp.SecurityRuleValidatenum
2020-11-23 09:54:03:load custom define rule classes weaver.security.rules.ruleImp.SecurityRuleWeb47
2020-11-23 09:54:03:load custom define rule classes weaver.security.rules.ruleImp.SecurityRuleWeb49
2020-11-23 09:54:03:load custom define rule classes weaver.security.rules.ruleImp.SecurityRuleWeb50
2020-11-23 09:54:03:load custom define rule classes weaver.security.rules.ruleImp.SecurityRuleWeb51
2020-11-23 09:54:03:load custom define rule classes weaver.security.rules.ruleImp.SecurityRuleWeb52
2020-11-23 09:54:03:load custom define rule classes weaver.security.rules.ruleImp.SecurityRuleWechat
2020-11-23 09:54:03:load custom define rule classes weaver.security.rules.ruleImp.SecurityRuleWFFunName25
2020-11-23 09:54:03:load custom define rule classes weaver.security.rules.ruleImp.SecurityRuleWfSettings
2020-11-23 09:54:03:load custom define rule classes weaver.security.rules.ruleImp.SecurityRuleWhiteExtName
2020-11-23 09:54:03:load custom define rule classes weaver.security.rules.ruleImp.SecurityRuleWhiteIp030
2020-11-23 09:54:03:load custom define rule classes weaver.security.rules.ruleImp.SkipSecurityCheckForLan
2020-11-23 09:54:03:load custom define rule classes weaver.security.rules.ruleImp.WebServiceRule
2020-11-23 09:54:03:cleanRuleClasses:::[weaver.security.rules.ruleImp.ForbbidenSysadmin, weaver.security.rules.ruleImp.LRFFieldLog, weaver.security.rules.ruleImp.SecurityRule01, weaver.security.rules.ruleImp.SecurityRule02, weaver.security.rules.ruleImp.SecurityRule03, weaver.security.rules.ruleImp.SecurityRule04, weaver.security.rules.ruleImp.SecurityRule05, weaver.security.rules.ruleImp.SecurityRule051, weaver.security.rules.ruleImp.SecurityRule06, weaver.security.rules.ruleImp.SecurityRule07, weaver.security.rules.ruleImp.SecurityRule08, weaver.security.rules.ruleImp.SecurityRule09, weaver.security.rules.ruleImp.SecurityRule10, weaver.security.rules.ruleImp.SecurityRule11, weaver.security.rules.ruleImp.SecurityRule12, weaver.security.rules.ruleImp.SecurityRule13, weaver.security.rules.ruleImp.SecurityRule14, weaver.security.rules.ruleImp.SecurityRule15ActionJsp, weaver.security.rules.ruleImp.SecurityRule16, weaver.security.rules.ruleImp.SecurityRule24FormActionJsp, weaver.security.rules.ruleImp.SecurityRule34, weaver.security.rules.ruleImp.SecurityRule35, weaver.security.rules.ruleImp.SecurityRule36, weaver.security.rules.ruleImp.SecurityRule39, weaver.security.rules.ruleImp.SecurityRule46, weaver.security.rules.ruleImp.SecurityRuleAppio, weaver.security.rules.ruleImp.SecurityRuleBlog, weaver.security.rules.ruleImp.SecurityRuleCheckPageRight, weaver.security.rules.ruleImp.SecurityRuleCloudstoreControlServlet, weaver.security.rules.ruleImp.SecurityRuleCommForbidden, weaver.security.rules.ruleImp.SecurityRuleConfig38, weaver.security.rules.ruleImp.SecurityRuleCreateDB, weaver.security.rules.ruleImp.SecurityRuleCRTDir, weaver.security.rules.ruleImp.SecurityRuleCtrFreq, weaver.security.rules.ruleImp.SecurityRuleCtrip, weaver.security.rules.ruleImp.SecurityRuleDataSel053, weaver.security.rules.ruleImp.SecurityRuleDBstepSQL, weaver.security.rules.ruleImp.SecurityRuleDir, weaver.security.rules.ruleImp.SecurityRuleDocLogQX, weaver.security.rules.ruleImp.SecurityRuleDownloadNews, weaver.security.rules.ruleImp.SecurityRuleDUpload, weaver.security.rules.ruleImp.SecurityRuleFileAlaPoc, weaver.security.rules.ruleImp.SecurityRuleFileDown054, weaver.security.rules.ruleImp.SecurityRuleFileDown055, weaver.security.rules.ruleImp.SecurityRuleFileDownload, weaver.security.rules.ruleImp.SecurityRuleFileDownload21, weaver.security.rules.ruleImp.SecurityRuleFileDownload22, weaver.security.rules.ruleImp.SecurityRuleFilesystem, weaver.security.rules.ruleImp.SecurityRuleForAjax, weaver.security.rules.ruleImp.SecurityRuleForbiddenAES41, weaver.security.rules.ruleImp.SecurityRuleForbiddenBshServlet, weaver.security.rules.ruleImp.SecurityRuleForbiddenFCK, weaver.security.rules.ruleImp.SecurityRuleForbiddenFMJ, weaver.security.rules.ruleImp.SecurityRuleForbiddenJHBServlet, weaver.security.rules.ruleImp.SecurityRuleForbiddenMsg45, weaver.security.rules.ruleImp.SecurityRuleForbiddenswf_F8018, weaver.security.rules.ruleImp.SecurityRuleForbiddenTest017, weaver.security.rules.ruleImp.SecurityRuleForbiddenUrlForE9, weaver.security.rules.ruleImp.SecurityRuleForElementCustomServlet, weaver.security.rules.ruleImp.SecurityRuleForFormmodeAction, weaver.security.rules.ruleImp.SecurityRuleForGetDataList, weaver.security.rules.ruleImp.SecurityRuleForLogOperation, weaver.security.rules.ruleImp.SecurityRuleForOutDoc, weaver.security.rules.ruleImp.SecurityRuleForServer, weaver.security.rules.ruleImp.SecurityRuleForUeditor, weaver.security.rules.ruleImp.SecurityRuleFr, weaver.security.rules.ruleImp.SecurityRuleGetBody, weaver.security.rules.ruleImp.SecurityRuleHttpMethod, weaver.security.rules.ruleImp.SecurityRuleHttpServlet, weaver.security.rules.ruleImp.SecurityRuleImgTextViewFor23, weaver.security.rules.ruleImp.SecurityRuleJspCheck, weaver.security.rules.ruleImp.SecurityRuleLicense052, weaver.security.rules.ruleImp.SecurityRuleLoginidCheck, weaver.security.rules.ruleImp.SecurityRuleLogName, weaver.security.rules.ruleImp.SecurityRuleLogReader24, weaver.security.rules.ruleImp.SecurityRuleMess43, weaver.security.rules.ruleImp.SecurityRuleMobile29, weaver.security.rules.ruleImp.SecurityRuleNeedLogin, weaver.security.rules.ruleImp.SecurityRuleNeedLoginFormmodel, weaver.security.rules.ruleImp.SecurityRuleNet48, weaver.security.rules.ruleImp.SecurityRuleNetworkFor37, weaver.security.rules.ruleImp.SecurityRuleOnlyDomainAccess, weaver.security.rules.ruleImp.SecurityRulePageTemplateLoginOperate, weaver.security.rules.ruleImp.SecurityRulePortalThumbnail, weaver.security.rules.ruleImp.SecurityRulePortalThumbnail40, weaver.security.rules.ruleImp.SecurityRuleQiyuesuoDownload, weaver.security.rules.ruleImp.SecurityRuleQueryPost, weaver.security.rules.ruleImp.SecurityRuleQX20, weaver.security.rules.ruleImp.SecurityRuleQXLoadZip19, weaver.security.rules.ruleImp.SecurityRuleRandomCode, weaver.security.rules.ruleImp.SecurityRuleRteUploader, weaver.security.rules.ruleImp.SecurityRuleSIS, weaver.security.rules.ruleImp.SecurityRuleSptmThumbnail, weaver.security.rules.ruleImp.SecurityRuleSQL28, weaver.security.rules.ruleImp.SecurityRuleSQL29, weaver.security.rules.ruleImp.SecurityRuleSQL30, weaver.security.rules.ruleImp.SecurityRuleSQL32, weaver.security.rules.ruleImp.SecurityRuleSQL42, weaver.security.rules.ruleImp.SecurityRuleSso44, weaver.security.rules.ruleImp.SecurityRuleSyncCache, weaver.security.rules.ruleImp.SecurityRuleThemeOperation, weaver.security.rules.ruleImp.SecurityRuleToolScan, weaver.security.rules.ruleImp.SecurityRuleUeditorMapForbbiden, weaver.security.rules.ruleImp.SecurityRuleUser059, weaver.security.rules.ruleImp.SecurityRuleValidatenum, weaver.security.rules.ruleImp.SecurityRuleWeb47, weaver.security.rules.ruleImp.SecurityRuleWeb49, weaver.security.rules.ruleImp.SecurityRuleWeb50, weaver.security.rules.ruleImp.SecurityRuleWeb51, weaver.security.rules.ruleImp.SecurityRuleWeb52, weaver.security.rules.ruleImp.SecurityRuleWechat, weaver.security.rules.ruleImp.SecurityRuleWFFunName25, weaver.security.rules.ruleImp.SecurityRuleWfSettings, weaver.security.rules.ruleImp.SecurityRuleWhiteExtName, weaver.security.rules.ruleImp.SecurityRuleWhiteIp030, weaver.security.rules.ruleImp.SkipSecurityCheckForLan, weaver.security.rules.ruleImp.WebServiceRule]
2020-11-23 09:54:03:>>>>enable create db check : null
2020-11-23 09:54:03:>>>>enable license check : null
2020-11-23 09:54:03:>>>>>>>>>>>>>>>>allow-social-access-for-e9>>>>>>>>>>null
2020-11-23 09:54:03:>>>>enable csrf token for e9 : null
2020-11-23 09:54:03:watchDog is disabled------------------------>
2020-11-23 09:54:03:files:::::[D:/WEAVER/ecology/WEB-INF/securityRule/Rule/weaver_mobile_url_check_list_20191017.xml, D:/WEAVER/ecology/WEB-INF/securityRule/Rule/weaver_security_common_forbidden_url_20200616.xml, D:/WEAVER/ecology/WEB-INF/securityRule/Rule/weaver_security_cpu_forbidden_20200318.xml, D:/WEAVER/ecology/WEB-INF/securityRule/Rule/weaver_security_csrf_20200331.xml, D:/WEAVER/ecology/WEB-INF/securityRule/Rule/weaver_security_custom_rules_20181122_httpmethod.xml, D:/WEAVER/ecology/WEB-INF/securityRule/Rule/weaver_security_custom_rules_20200630_fna.xml, D:/WEAVER/ecology/WEB-INF/securityRule/Rule/weaver_security_custom_rules_20200713_flowtitle2.xml, D:/WEAVER/ecology/WEB-INF/securityRule/Rule/weaver_security_custom_rules_commcache_20200420.xml, D:/WEAVER/ecology/WEB-INF/securityRule/Rule/weaver_security_custom_rules_E9.xml, D:/WEAVER/ecology/WEB-INF/securityRule/Rule/weaver_security_custom_rules_E9_20180725.xml, D:/WEAVER/ecology/WEB-INF/securityRule/Rule/weaver_security_custom_rules_E9_20180908_noframe.xml, D:/WEAVER/ecology/WEB-INF/securityRule/Rule/weaver_security_custom_rules_E9_20181108.xml, D:/WEAVER/ecology/WEB-INF/securityRule/Rule/weaver_security_custom_rules_E9_20191125.xml, D:/WEAVER/ecology/WEB-INF/securityRule/Rule/weaver_security_custom_rules_E9_no_timeout.xml, D:/WEAVER/ecology/WEB-INF/securityRule/Rule/weaver_security_custom_rules_for_201801009_E9_html.xml, D:/WEAVER/ecology/WEB-INF/securityRule/Rule/weaver_security_custom_rules_for_201801204_E8.xml, D:/WEAVER/ecology/WEB-INF/securityRule/Rule/weaver_security_custom_rules_for_201801214_E8.xml, D:/WEAVER/ecology/WEB-INF/securityRule/Rule/weaver_security_custom_rules_for_201801217_E8.xml, D:/WEAVER/ecology/WEB-INF/securityRule/Rule/weaver_security_custom_rules_for_201801220_E8.xml, D:/WEAVER/ecology/WEB-INF/securityRule/Rule/weaver_security_custom_rules_for_20180411.xml, D:/WEAVER/ecology/WEB-INF/securityRule/Rule/weaver_security_custom_rules_for_20180426.xml, D:/WEAVER/ecology/WEB-INF/securityRule/Rule/weaver_security_custom_rules_for_20180528.xml, D:/WEAVER/ecology/WEB-INF/securityRule/Rule/weaver_security_custom_rules_for_20180911_languageid.xml, D:/WEAVER/ecology/WEB-INF/securityRule/Rule/weaver_security_custom_rules_for_20180920_wxyq.xml, D:/WEAVER/ecology/WEB-INF/securityRule/Rule/weaver_security_custom_rules_for_20190103_E8.xml, D:/WEAVER/ecology/WEB-INF/securityRule/Rule/weaver_security_custom_rules_for_20190108_E9.xml, D:/WEAVER/ecology/WEB-INF/securityRule/Rule/weaver_security_custom_rules_for_20190129_E8.xml, D:/WEAVER/ecology/WEB-INF/securityRule/Rule/weaver_security_custom_rules_for_20190304_E8.xml, D:/WEAVER/ecology/WEB-INF/securityRule/Rule/weaver_security_custom_rules_for_20190327_E8.xml, D:/WEAVER/ecology/WEB-INF/securityRule/Rule/weaver_security_custom_rules_for_20190725_rewrite_res.xml, D:/WEAVER/ecology/WEB-INF/securityRule/Rule/weaver_security_custom_rules_for_201910111856.xml, D:/WEAVER/ecology/WEB-INF/securityRule/Rule/weaver_security_custom_rules_for_20191030.xml, D:/WEAVER/ecology/WEB-INF/securityRule/Rule/weaver_security_custom_rules_for_20200224_for_E9.xml, D:/WEAVER/ecology/WEB-INF/securityRule/Rule/weaver_security_custom_rules_for_20200619_getcache.xml, D:/WEAVER/ecology/WEB-INF/securityRule/Rule/weaver_security_custom_rules_for_eaction.xml, D:/WEAVER/ecology/WEB-INF/securityRule/Rule/weaver_security_custom_rules_for_filedownload.xml, D:/WEAVER/ecology/WEB-INF/securityRule/Rule/weaver_security_custom_rules_for_filesystemlist.xml, D:/WEAVER/ecology/WEB-INF/securityRule/Rule/weaver_security_custom_rules_for_first_value.xml, D:/WEAVER/ecology/WEB-INF/securityRule/Rule/weaver_security_custom_rules_for_messager.xml, D:/WEAVER/ecology/WEB-INF/securityRule/Rule/weaver_security_custom_rules_for_nologin_20200224.xml, D:/WEAVER/ecology/WEB-INF/securityRule/Rule/weaver_security_custom_rules_for_no_access_freq_urls.xml, D:/WEAVER/ecology/WEB-INF/securityRule/Rule/weaver_security_custom_rules_for_no_timeout_url_20200520.xml, D:/WEAVER/ecology/WEB-INF/securityRule/Rule/weaver_security_custom_rules_for_pageRight.xml, D:/WEAVER/ecology/WEB-INF/securityRule/Rule/weaver_security_custom_rules_for_tbys.xml, D:/WEAVER/ecology/WEB-INF/securityRule/Rule/weaver_security_custom_rules_for_tbys_e9.xml, D:/WEAVER/ecology/WEB-INF/securityRule/Rule/weaver_security_custom_rules_for_web.xml, D:/WEAVER/ecology/WEB-INF/securityRule/Rule/weaver_security_custom_rules_jspcheckex_20190409.xml, D:/WEAVER/ecology/WEB-INF/securityRule/Rule/weaver_security_custom_rules_no_frame.xml, D:/WEAVER/ecology/WEB-INF/securityRule/Rule/weaver_security_custom_rules_no_login_20200702_api.xml, D:/WEAVER/ecology/WEB-INF/securityRule/Rule/weaver_security_custom_rules_referer_20181130.xml, D:/WEAVER/ecology/WEB-INF/securityRule/Rule/weaver_security_custom_rules_Referer_20191127.xml, D:/WEAVER/ecology/WEB-INF/securityRule/Rule/weaver_security_custom_rules_skip_js_20200520.xml, D:/WEAVER/ecology/WEB-INF/securityRule/Rule/weaver_security_custom_rules_sql_20191025.xml, D:/WEAVER/ecology/WEB-INF/securityRule/Rule/weaver_security_custom_rules_sql_20191127.xml, D:/WEAVER/ecology/WEB-INF/securityRule/Rule/weaver_security_custom_rules_sql_20191213_need_login.xml, D:/WEAVER/ecology/WEB-INF/securityRule/Rule/weaver_security_custom_rules_sql_20200605_key.xml, D:/WEAVER/ecology/WEB-INF/securityRule/Rule/weaver_security_custom_rules_sql_uploaddata.xml, D:/WEAVER/ecology/WEB-INF/securityRule/Rule/weaver_security_for_sqlinjection_rules.xml, D:/WEAVER/ecology/WEB-INF/securityRule/Rule/weaver_security_for_xss_rules.xml, D:/WEAVER/ecology/WEB-INF/securityRule/Rule/weaver_security_for_xss_rules_20200709_on.xml, D:/WEAVER/ecology/WEB-INF/securityRule/Rule/weaver_security_rules.xml, D:/WEAVER/ecology/WEB-INF/securityRule/Rule/weaver_security_rules_20180110.xml, D:/WEAVER/ecology/WEB-INF/securityRule/Rule/weaver_security_rules_20180201.xml, D:/WEAVER/ecology/WEB-INF/securityRule/Rule/weaver_security_rules_20180913.xml, D:/WEAVER/ecology/WEB-INF/securityRule/Rule/weaver_security_rules_20180927_formulaList.xml, D:/WEAVER/ecology/WEB-INF/securityRule/Rule/weaver_security_rules_20200103.xml, D:/WEAVER/ecology/WEB-INF/securityRule/Rule/weaver_security_rules_20200312_ori_url.xml, D:/WEAVER/ecology/WEB-INF/securityRule/Rule/weaver_security_rules_E8_reg.xml, D:/WEAVER/ecology/WEB-INF/securityRule/Rule/weaver_security_rules_E8_reg_20200616.xml, D:/WEAVER/ecology/WEB-INF/securityRule/Rule/weaver_security_rules_ecology_login_urls_20191018xml.xml, D:/WEAVER/ecology/WEB-INF/securityRule/Rule/weaver_security_rules_for_20180508_messager.xml, D:/WEAVER/ecology/WEB-INF/securityRule/Rule/weaver_security_rules_for_20181206_html_filter_white_list.xml, D:/WEAVER/ecology/WEB-INF/securityRule/Rule/weaver_security_rules_for_20181228_html_filter_white_list.xml, D:/WEAVER/ecology/WEB-INF/securityRule/Rule/weaver_security_rules_for_bz.xml, D:/WEAVER/ecology/WEB-INF/securityRule/Rule/weaver_security_rules_for_cookie.xml, D:/WEAVER/ecology/WEB-INF/securityRule/Rule/weaver_security_rules_for_E9.xml, D:/WEAVER/ecology/WEB-INF/securityRule/Rule/weaver_security_rules_for_E9_reg.xml, D:/WEAVER/ecology/WEB-INF/securityRule/Rule/weaver_security_rules_for_E9_url_reg.xml, D:/WEAVER/ecology/WEB-INF/securityRule/Rule/weaver_security_rules_for_filetype.xml, D:/WEAVER/ecology/WEB-INF/securityRule/Rule/weaver_security_rules_for_ip_path_check.xml, D:/WEAVER/ecology/WEB-INF/securityRule/Rule/weaver_security_rules_for_iweboffice2015.xml, D:/WEAVER/ecology/WEB-INF/securityRule/Rule/weaver_security_rules_for_need_login_urls.xml, D:/WEAVER/ecology/WEB-INF/securityRule/Rule/weaver_security_rules_for_need_login_urls_20190928.xml, D:/WEAVER/ecology/WEB-INF/securityRule/Rule/weaver_security_rules_for_not_empty_refer.xml, D:/WEAVER/ecology/WEB-INF/securityRule/Rule/weaver_security_rules_for_not_empty_refer_20181219.xml, D:/WEAVER/ecology/WEB-INF/securityRule/Rule/weaver_security_rules_for_no_login_urls_qys.xml, D:/WEAVER/ecology/WEB-INF/securityRule/Rule/weaver_security_rules_for_param_length_20160426.xml, D:/WEAVER/ecology/WEB-INF/securityRule/Rule/weaver_security_rules_for_param_length_20190814.xml, D:/WEAVER/ecology/WEB-INF/securityRule/Rule/weaver_security_rules_for_session.xml, D:/WEAVER/ecology/WEB-INF/securityRule/Rule/weaver_security_rules_for_skip-encoding-set.xml, D:/WEAVER/ecology/WEB-INF/securityRule/Rule/weaver_security_rules_for_synccache.xml, D:/WEAVER/ecology/WEB-INF/securityRule/Rule/weaver_security_rules_for_update_url.xml, D:/WEAVER/ecology/WEB-INF/securityRule/Rule/weaver_security_rules_for_white_ip.xml, D:/WEAVER/ecology/WEB-INF/securityRule/Rule/weaver_security_rules_for_ws.xml, D:/WEAVER/ecology/WEB-INF/securityRule/Rule/weaver_security_rules_for_x_headers.xml, D:/WEAVER/ecology/WEB-INF/securityRule/Rule/weaver_security_upload_forbidden_20200509.xml]
2020-11-23 09:54:03:load rule file D:/WEAVER/ecology/WEB-INF/securityRule/Rule/weaver_mobile_url_check_list_20191017.xml start...
2020-11-23 09:54:03:start file check thread success!
2020-11-23 09:54:03:start security log delete and zip thread success!
2020-11-23 09:54:03:load rule file D:/WEAVER/ecology/WEB-INF/securityRule/Rule/weaver_mobile_url_check_list_20191017.xml success...
2020-11-23 09:54:03:update URL::https://update.e-cology.cn/
2020-11-23 09:54:03:security current version is v10.27, and the security rule current version is v10.10
2020-11-23 09:54:03:load rule file D:/WEAVER/ecology/WEB-INF/securityRule/Rule/weaver_security_common_forbidden_url_20200616.xml start...
2020-11-23 09:54:03:load rule file D:/WEAVER/ecology/WEB-INF/securityRule/Rule/weaver_security_common_forbidden_url_20200616.xml success...
2020-11-23 09:54:03:load rule file D:/WEAVER/ecology/WEB-INF/securityRule/Rule/weaver_security_cpu_forbidden_20200318.xml start...
2020-11-23 09:54:03:load rule file D:/WEAVER/ecology/WEB-INF/securityRule/Rule/weaver_security_cpu_forbidden_20200318.xml success...
2020-11-23 09:54:03:load rule file D:/WEAVER/ecology/WEB-INF/securityRule/Rule/weaver_security_csrf_20200331.xml start...
2020-11-23 09:54:03:load rule file D:/WEAVER/ecology/WEB-INF/securityRule/Rule/weaver_security_csrf_20200331.xml success...
2020-11-23 09:54:03:>>>>enable csrf token for e9 urls : [/api/doc/save/save, /api/ec/dev/table/datas]
2020-11-23 09:54:03:load rule file D:/WEAVER/ecology/WEB-INF/securityRule/Rule/weaver_security_custom_rules_20181122_httpmethod.xml start...
2020-11-23 09:54:03:load rule file D:/WEAVER/ecology/WEB-INF/securityRule/Rule/weaver_security_custom_rules_20181122_httpmethod.xml success...
2020-11-23 09:54:03:load rule file D:/WEAVER/ecology/WEB-INF/securityRule/Rule/weaver_security_custom_rules_20200630_fna.xml start...
2020-11-23 09:54:03:load rule file D:/WEAVER/ecology/WEB-INF/securityRule/Rule/weaver_security_custom_rules_20200630_fna.xml success...
2020-11-23 09:54:03:load rule file D:/WEAVER/ecology/WEB-INF/securityRule/Rule/weaver_security_custom_rules_20200713_flowtitle2.xml start...
2020-11-23 09:54:03:load rule file D:/WEAVER/ecology/WEB-INF/securityRule/Rule/weaver_security_custom_rules_20200713_flowtitle2.xml success...
2020-11-23 09:54:03:load rule file D:/WEAVER/ecology/WEB-INF/securityRule/Rule/weaver_security_custom_rules_commcache_20200420.xml start...
2020-11-23 09:54:03:load rule file D:/WEAVER/ecology/WEB-INF/securityRule/Rule/weaver_security_custom_rules_commcache_20200420.xml success...
2020-11-23 09:54:03:load rule file D:/WEAVER/ecology/WEB-INF/securityRule/Rule/weaver_security_custom_rules_E9.xml start...
2020-11-23 09:54:03:37 thread is start success...
2020-11-23 09:54:03:email send thread start success
2020-11-23 09:54:03:======Start security firewall===========
2020-11-23 09:54:03:SecurityMain.java---->Start security firewall timer...
2020-11-23 09:54:03:load rule file D:/WEAVER/ecology/WEB-INF/securityRule/Rule/weaver_security_custom_rules_E9.xml success...
2020-11-23 09:54:03:SecurityMain.java---->Start security firewall timer success...
2020-11-23 09:54:03:SecurityMain.java---->Start forbidden writer timer...
2020-11-23 09:54:03:SecurityMain.java---->Start forbidden writer timer success...
2020-11-23 09:54:03:load rule file D:/WEAVER/ecology/WEB-INF/securityRule/Rule/weaver_security_custom_rules_E9_20180725.xml start...
2020-11-23 09:54:03:load rule file D:/WEAVER/ecology/WEB-INF/securityRule/Rule/weaver_security_custom_rules_E9_20180725.xml success...
2020-11-23 09:54:03:load rule file D:/WEAVER/ecology/WEB-INF/securityRule/Rule/weaver_security_custom_rules_E9_20180908_noframe.xml start...
2020-11-23 09:54:03:load rule file D:/WEAVER/ecology/WEB-INF/securityRule/Rule/weaver_security_custom_rules_E9_20180908_noframe.xml success...
2020-11-23 09:54:03:load rule file D:/WEAVER/ecology/WEB-INF/securityRule/Rule/weaver_security_custom_rules_E9_20181108.xml start...
2020-11-23 09:54:03:load rule file D:/WEAVER/ecology/WEB-INF/securityRule/Rule/weaver_security_custom_rules_E9_20181108.xml success...
2020-11-23 09:54:03:load rule file D:/WEAVER/ecology/WEB-INF/securityRule/Rule/weaver_security_custom_rules_E9_20191125.xml start...
2020-11-23 09:54:03:load rule file D:/WEAVER/ecology/WEB-INF/securityRule/Rule/weaver_security_custom_rules_E9_20191125.xml success...
2020-11-23 09:54:03:load rule file D:/WEAVER/ecology/WEB-INF/securityRule/Rule/weaver_security_custom_rules_E9_no_timeout.xml start...
2020-11-23 09:54:03:load rule file D:/WEAVER/ecology/WEB-INF/securityRule/Rule/weaver_security_custom_rules_E9_no_timeout.xml success...
2020-11-23 09:54:04:load rule file D:/WEAVER/ecology/WEB-INF/securityRule/Rule/weaver_security_custom_rules_for_201801009_E9_html.xml start...
2020-11-23 09:54:04:load rule file D:/WEAVER/ecology/WEB-INF/securityRule/Rule/weaver_security_custom_rules_for_201801009_E9_html.xml success...
2020-11-23 09:54:04:load rule file D:/WEAVER/ecology/WEB-INF/securityRule/Rule/weaver_security_custom_rules_for_201801204_E8.xml start...
2020-11-23 09:54:04:load rule file D:/WEAVER/ecology/WEB-INF/securityRule/Rule/weaver_security_custom_rules_for_201801204_E8.xml success...
2020-11-23 09:54:04:load rule file D:/WEAVER/ecology/WEB-INF/securityRule/Rule/weaver_security_custom_rules_for_201801214_E8.xml start...
2020-11-23 09:54:04:load rule file D:/WEAVER/ecology/WEB-INF/securityRule/Rule/weaver_security_custom_rules_for_201801214_E8.xml success...
2020-11-23 09:54:04:load rule file D:/WEAVER/ecology/WEB-INF/securityRule/Rule/weaver_security_custom_rules_for_201801217_E8.xml start...
2020-11-23 09:54:04:load rule file D:/WEAVER/ecology/WEB-INF/securityRule/Rule/weaver_security_custom_rules_for_201801217_E8.xml success...
2020-11-23 09:54:04:load rule file D:/WEAVER/ecology/WEB-INF/securityRule/Rule/weaver_security_custom_rules_for_201801220_E8.xml start...
2020-11-23 09:54:04:load rule file D:/WEAVER/ecology/WEB-INF/securityRule/Rule/weaver_security_custom_rules_for_201801220_E8.xml success...
2020-11-23 09:54:04:load rule file D:/WEAVER/ecology/WEB-INF/securityRule/Rule/weaver_security_custom_rules_for_20180411.xml start...
2020-11-23 09:54:04:load rule file D:/WEAVER/ecology/WEB-INF/securityRule/Rule/weaver_security_custom_rules_for_20180411.xml success...
2020-11-23 09:54:04:load rule file D:/WEAVER/ecology/WEB-INF/securityRule/Rule/weaver_security_custom_rules_for_20180426.xml start...
2020-11-23 09:54:04:load rule file D:/WEAVER/ecology/WEB-INF/securityRule/Rule/weaver_security_custom_rules_for_20180426.xml success...
2020-11-23 09:54:04:load rule file D:/WEAVER/ecology/WEB-INF/securityRule/Rule/weaver_security_custom_rules_for_20180528.xml start...
2020-11-23 09:54:04:load rule file D:/WEAVER/ecology/WEB-INF/securityRule/Rule/weaver_security_custom_rules_for_20180528.xml success...
2020-11-23 09:54:04:load rule file D:/WEAVER/ecology/WEB-INF/securityRule/Rule/weaver_security_custom_rules_for_20180911_languageid.xml start...
2020-11-23 09:54:04:load rule file D:/WEAVER/ecology/WEB-INF/securityRule/Rule/weaver_security_custom_rules_for_20180911_languageid.xml success...
2020-11-23 09:54:04:load rule file D:/WEAVER/ecology/WEB-INF/securityRule/Rule/weaver_security_custom_rules_for_20180920_wxyq.xml start...
2020-11-23 09:54:04:load rule file D:/WEAVER/ecology/WEB-INF/securityRule/Rule/weaver_security_custom_rules_for_20180920_wxyq.xml success...
2020-11-23 09:54:04:load rule file D:/WEAVER/ecology/WEB-INF/securityRule/Rule/weaver_security_custom_rules_for_20190103_E8.xml start...
2020-11-23 09:54:04:load rule file D:/WEAVER/ecology/WEB-INF/securityRule/Rule/weaver_security_custom_rules_for_20190103_E8.xml success...
2020-11-23 09:54:04:load rule file D:/WEAVER/ecology/WEB-INF/securityRule/Rule/weaver_security_custom_rules_for_20190108_E9.xml start...
2020-11-23 09:54:04:load rule file D:/WEAVER/ecology/WEB-INF/securityRule/Rule/weaver_security_custom_rules_for_20190108_E9.xml success...
2020-11-23 09:54:04:load rule file D:/WEAVER/ecology/WEB-INF/securityRule/Rule/weaver_security_custom_rules_for_20190129_E8.xml start...
2020-11-23 09:54:04:load rule file D:/WEAVER/ecology/WEB-INF/securityRule/Rule/weaver_security_custom_rules_for_20190129_E8.xml success...
2020-11-23 09:54:04:load rule file D:/WEAVER/ecology/WEB-INF/securityRule/Rule/weaver_security_custom_rules_for_20190304_E8.xml start...
2020-11-23 09:54:04:load rule file D:/WEAVER/ecology/WEB-INF/securityRule/Rule/weaver_security_custom_rules_for_20190304_E8.xml success...
2020-11-23 09:54:04:load rule file D:/WEAVER/ecology/WEB-INF/securityRule/Rule/weaver_security_custom_rules_for_20190327_E8.xml start...
2020-11-23 09:54:04:load rule file D:/WEAVER/ecology/WEB-INF/securityRule/Rule/weaver_security_custom_rules_for_20190327_E8.xml success...
2020-11-23 09:54:04:load rule file D:/WEAVER/ecology/WEB-INF/securityRule/Rule/weaver_security_custom_rules_for_20190725_rewrite_res.xml start...
2020-11-23 09:54:04:load rule file D:/WEAVER/ecology/WEB-INF/securityRule/Rule/weaver_security_custom_rules_for_20190725_rewrite_res.xml success...
2020-11-23 09:54:04:load rule file D:/WEAVER/ecology/WEB-INF/securityRule/Rule/weaver_security_custom_rules_for_201910111856.xml start...
2020-11-23 09:54:04:load rule file D:/WEAVER/ecology/WEB-INF/securityRule/Rule/weaver_security_custom_rules_for_201910111856.xml success...
2020-11-23 09:54:04:load rule file D:/WEAVER/ecology/WEB-INF/securityRule/Rule/weaver_security_custom_rules_for_20191030.xml start...
2020-11-23 09:54:04:load rule file D:/WEAVER/ecology/WEB-INF/securityRule/Rule/weaver_security_custom_rules_for_20191030.xml success...
2020-11-23 09:54:04:load rule file D:/WEAVER/ecology/WEB-INF/securityRule/Rule/weaver_security_custom_rules_for_20200224_for_E9.xml start...
2020-11-23 09:54:04:load rule file D:/WEAVER/ecology/WEB-INF/securityRule/Rule/weaver_security_custom_rules_for_20200224_for_E9.xml success...
2020-11-23 09:54:04:load rule file D:/WEAVER/ecology/WEB-INF/securityRule/Rule/weaver_security_custom_rules_for_20200619_getcache.xml start...
2020-11-23 09:54:04:load rule file D:/WEAVER/ecology/WEB-INF/securityRule/Rule/weaver_security_custom_rules_for_20200619_getcache.xml success...
2020-11-23 09:54:04:load rule file D:/WEAVER/ecology/WEB-INF/securityRule/Rule/weaver_security_custom_rules_for_eaction.xml start...
2020-11-23 09:54:04:load rule file D:/WEAVER/ecology/WEB-INF/securityRule/Rule/weaver_security_custom_rules_for_eaction.xml success...
2020-11-23 09:54:04:load rule file D:/WEAVER/ecology/WEB-INF/securityRule/Rule/weaver_security_custom_rules_for_filedownload.xml start...
2020-11-23 09:54:04:load rule file D:/WEAVER/ecology/WEB-INF/securityRule/Rule/weaver_security_custom_rules_for_filedownload.xml success...
2020-11-23 09:54:04:load rule file D:/WEAVER/ecology/WEB-INF/securityRule/Rule/weaver_security_custom_rules_for_filesystemlist.xml start...
2020-11-23 09:54:04:load rule file D:/WEAVER/ecology/WEB-INF/securityRule/Rule/weaver_security_custom_rules_for_filesystemlist.xml success...
2020-11-23 09:54:04:load rule file D:/WEAVER/ecology/WEB-INF/securityRule/Rule/weaver_security_custom_rules_for_first_value.xml start...
2020-11-23 09:54:04:load rule file D:/WEAVER/ecology/WEB-INF/securityRule/Rule/weaver_security_custom_rules_for_first_value.xml success...
2020-11-23 09:54:04:load rule file D:/WEAVER/ecology/WEB-INF/securityRule/Rule/weaver_security_custom_rules_for_messager.xml start...
2020-11-23 09:54:04:load rule file D:/WEAVER/ecology/WEB-INF/securityRule/Rule/weaver_security_custom_rules_for_messager.xml success...
2020-11-23 09:54:04:load rule file D:/WEAVER/ecology/WEB-INF/securityRule/Rule/weaver_security_custom_rules_for_nologin_20200224.xml start...
2020-11-23 09:54:04:load rule file D:/WEAVER/ecology/WEB-INF/securityRule/Rule/weaver_security_custom_rules_for_nologin_20200224.xml success...
2020-11-23 09:54:04:load rule file D:/WEAVER/ecology/WEB-INF/securityRule/Rule/weaver_security_custom_rules_for_no_access_freq_urls.xml start...
2020-11-23 09:54:04:load rule file D:/WEAVER/ecology/WEB-INF/securityRule/Rule/weaver_security_custom_rules_for_no_access_freq_urls.xml success...
2020-11-23 09:54:04:load rule file D:/WEAVER/ecology/WEB-INF/securityRule/Rule/weaver_security_custom_rules_for_no_timeout_url_20200520.xml start...
2020-11-23 09:54:04:load rule file D:/WEAVER/ecology/WEB-INF/securityRule/Rule/weaver_security_custom_rules_for_no_timeout_url_20200520.xml success...
2020-11-23 09:54:04:load rule file D:/WEAVER/ecology/WEB-INF/securityRule/Rule/weaver_security_custom_rules_for_pageRight.xml start...
2020-11-23 09:54:04:load rule file D:/WEAVER/ecology/WEB-INF/securityRule/Rule/weaver_security_custom_rules_for_pageRight.xml success...
2020-11-23 09:54:04:load rule file D:/WEAVER/ecology/WEB-INF/securityRule/Rule/weaver_security_custom_rules_for_tbys.xml start...
2020-11-23 09:54:04:load rule file D:/WEAVER/ecology/WEB-INF/securityRule/Rule/weaver_security_custom_rules_for_tbys.xml success...
2020-11-23 09:54:04:load rule file D:/WEAVER/ecology/WEB-INF/securityRule/Rule/weaver_security_custom_rules_for_tbys_e9.xml start...
2020-11-23 09:54:04:load rule file D:/WEAVER/ecology/WEB-INF/securityRule/Rule/weaver_security_custom_rules_for_tbys_e9.xml success...
2020-11-23 09:54:04:load rule file D:/WEAVER/ecology/WEB-INF/securityRule/Rule/weaver_security_custom_rules_for_web.xml start...
2020-11-23 09:54:04:load rule file D:/WEAVER/ecology/WEB-INF/securityRule/Rule/weaver_security_custom_rules_for_web.xml success...
2020-11-23 09:54:04:load rule file D:/WEAVER/ecology/WEB-INF/securityRule/Rule/weaver_security_custom_rules_jspcheckex_20190409.xml start...
2020-11-23 09:54:04:load rule file D:/WEAVER/ecology/WEB-INF/securityRule/Rule/weaver_security_custom_rules_jspcheckex_20190409.xml success...
2020-11-23 09:54:04:load rule file D:/WEAVER/ecology/WEB-INF/securityRule/Rule/weaver_security_custom_rules_no_frame.xml start...
2020-11-23 09:54:04:load rule file D:/WEAVER/ecology/WEB-INF/securityRule/Rule/weaver_security_custom_rules_no_frame.xml success...
2020-11-23 09:54:04:load rule file D:/WEAVER/ecology/WEB-INF/securityRule/Rule/weaver_security_custom_rules_no_login_20200702_api.xml start...
2020-11-23 09:54:04:load rule file D:/WEAVER/ecology/WEB-INF/securityRule/Rule/weaver_security_custom_rules_no_login_20200702_api.xml success...
2020-11-23 09:54:04:load rule file D:/WEAVER/ecology/WEB-INF/securityRule/Rule/weaver_security_custom_rules_referer_20181130.xml start...
2020-11-23 09:54:04:load rule file D:/WEAVER/ecology/WEB-INF/securityRule/Rule/weaver_security_custom_rules_referer_20181130.xml success...
2020-11-23 09:54:04:load rule file D:/WEAVER/ecology/WEB-INF/securityRule/Rule/weaver_security_custom_rules_Referer_20191127.xml start...
2020-11-23 09:54:05:load rule file D:/WEAVER/ecology/WEB-INF/securityRule/Rule/weaver_security_custom_rules_Referer_20191127.xml success...
2020-11-23 09:54:05:load rule file D:/WEAVER/ecology/WEB-INF/securityRule/Rule/weaver_security_custom_rules_skip_js_20200520.xml start...
2020-11-23 09:54:05:load rule file D:/WEAVER/ecology/WEB-INF/securityRule/Rule/weaver_security_custom_rules_skip_js_20200520.xml success...
2020-11-23 09:54:05:load rule file D:/WEAVER/ecology/WEB-INF/securityRule/Rule/weaver_security_custom_rules_sql_20191025.xml start...
2020-11-23 09:54:05:load rule file D:/WEAVER/ecology/WEB-INF/securityRule/Rule/weaver_security_custom_rules_sql_20191025.xml success...
2020-11-23 09:54:05:load rule file D:/WEAVER/ecology/WEB-INF/securityRule/Rule/weaver_security_custom_rules_sql_20191127.xml start...
2020-11-23 09:54:05:load rule file D:/WEAVER/ecology/WEB-INF/securityRule/Rule/weaver_security_custom_rules_sql_20191127.xml success...
2020-11-23 09:54:05:load rule file D:/WEAVER/ecology/WEB-INF/securityRule/Rule/weaver_security_custom_rules_sql_20191213_need_login.xml start...
2020-11-23 09:54:05:load rule file D:/WEAVER/ecology/WEB-INF/securityRule/Rule/weaver_security_custom_rules_sql_20191213_need_login.xml success...
2020-11-23 09:54:05:load rule file D:/WEAVER/ecology/WEB-INF/securityRule/Rule/weaver_security_custom_rules_sql_20200605_key.xml start...
2020-11-23 09:54:05:load rule file D:/WEAVER/ecology/WEB-INF/securityRule/Rule/weaver_security_custom_rules_sql_20200605_key.xml success...
2020-11-23 09:54:05:load rule file D:/WEAVER/ecology/WEB-INF/securityRule/Rule/weaver_security_custom_rules_sql_uploaddata.xml start...
2020-11-23 09:54:05:load rule file D:/WEAVER/ecology/WEB-INF/securityRule/Rule/weaver_security_custom_rules_sql_uploaddata.xml success...
2020-11-23 09:54:05:load rule file D:/WEAVER/ecology/WEB-INF/securityRule/Rule/weaver_security_for_sqlinjection_rules.xml start...
2020-11-23 09:54:05:load rule file D:/WEAVER/ecology/WEB-INF/securityRule/Rule/weaver_security_for_sqlinjection_rules.xml success...
2020-11-23 09:54:05:load rule file D:/WEAVER/ecology/WEB-INF/securityRule/Rule/weaver_security_for_xss_rules.xml start...
2020-11-23 09:54:05:load rule file D:/WEAVER/ecology/WEB-INF/securityRule/Rule/weaver_security_for_xss_rules.xml success...
2020-11-23 09:54:05:load rule file D:/WEAVER/ecology/WEB-INF/securityRule/Rule/weaver_security_for_xss_rules_20200709_on.xml start...
2020-11-23 09:54:05:load rule file D:/WEAVER/ecology/WEB-INF/securityRule/Rule/weaver_security_for_xss_rules_20200709_on.xml success...
2020-11-23 09:54:05:load rule file D:/WEAVER/ecology/WEB-INF/securityRule/Rule/weaver_security_rules.xml start...
2020-11-23 09:54:13:update URL::https://update.e-cology.cn/
2020-11-23 09:54:13:security current version is v10.27, and the security rule current version is v10.10
2020-11-23 09:54:13:force check security package update info...
2020-11-23 09:54:13:update process flag is 
2020-11-23 09:54:14:>>>>Xss(Exception):sw=java.lang.NullPointerException
	at weaver.security.core.SecurityCheckList.isEnableAccessLog(SecurityCheckList.java:452)
	at sun.reflect.NativeMethodAccessorImpl.invoke0(Native Method)
	at sun.reflect.NativeMethodAccessorImpl.invoke(NativeMethodAccessorImpl.java:62)
	at sun.reflect.DelegatingMethodAccessorImpl.invoke(DelegatingMethodAccessorImpl.java:43)
	at java.lang.reflect.Method.invoke(Method.java:498)
	at weaver.security.classLoader.ReflectMethodCall.call(ReflectMethodCall.java:104)
	at weaver.filter.SecurityCheckList.isEnableAccessLog(SecurityCheckList.java:96)
	at weaver.security.msg.CheckSecurityUpdateInfoUtil.uploadSecurityInfo(CheckSecurityUpdateInfoUtil.java:1548)
	at weaver.security.msg.CheckSecurityUpdateInfoUtil.checkUpdate(CheckSecurityUpdateInfoUtil.java:316)
	at weaver.security.filter.SecurityMain$1.run(SecurityMain.java:1166)
	at java.lang.Thread.run(Thread.java:748)

2020-11-23 09:54:14:>>>>Xss(Exception):sw=java.lang.NullPointerException
	at weaver.security.core.SecurityCheckList.checkSocketTimeout(SecurityCheckList.java:519)
	at sun.reflect.NativeMethodAccessorImpl.invoke0(Native Method)
	at sun.reflect.NativeMethodAccessorImpl.invoke(NativeMethodAccessorImpl.java:62)
	at sun.reflect.DelegatingMethodAccessorImpl.invoke(DelegatingMethodAccessorImpl.java:43)
	at java.lang.reflect.Method.invoke(Method.java:498)
	at weaver.security.classLoader.ReflectMethodCall.call(ReflectMethodCall.java:104)
	at weaver.filter.SecurityCheckList.checkSocketTimeout(SecurityCheckList.java:116)
	at weaver.security.msg.CheckSecurityUpdateInfoUtil.uploadSecurityInfo(CheckSecurityUpdateInfoUtil.java:1549)
	at weaver.security.msg.CheckSecurityUpdateInfoUtil.checkUpdate(CheckSecurityUpdateInfoUtil.java:316)
	at weaver.security.filter.SecurityMain$1.run(SecurityMain.java:1166)
	at java.lang.Thread.run(Thread.java:748)

2020-11-23 09:54:14:>>>>Xss(Exception):sw=java.lang.NullPointerException
	at weaver.security.core.SecurityCheckList.isResinAdmin(SecurityCheckList.java:485)
	at sun.reflect.NativeMethodAccessorImpl.invoke0(Native Method)
	at sun.reflect.NativeMethodAccessorImpl.invoke(NativeMethodAccessorImpl.java:62)
	at sun.reflect.DelegatingMethodAccessorImpl.invoke(DelegatingMethodAccessorImpl.java:43)
	at java.lang.reflect.Method.invoke(Method.java:498)
	at weaver.security.classLoader.ReflectMethodCall.call(ReflectMethodCall.java:104)
	at weaver.filter.SecurityCheckList.isResinAdmin(SecurityCheckList.java:107)
	at weaver.security.msg.CheckSecurityUpdateInfoUtil.uploadSecurityInfo(CheckSecurityUpdateInfoUtil.java:1550)
	at weaver.security.msg.CheckSecurityUpdateInfoUtil.checkUpdate(CheckSecurityUpdateInfoUtil.java:316)
	at weaver.security.filter.SecurityMain$1.run(SecurityMain.java:1166)
	at java.lang.Thread.run(Thread.java:748)

2020-11-23 09:54:14:update URL::https://update.e-cology.cn/
2020-11-23 09:54:14:security current version is v10.27, and the security rule current version is v10.10
2020-11-23 09:54:20:load rule file D:/WEAVER/ecology/WEB-INF/securityRule/Rule/weaver_security_rules.xml success...
2020-11-23 09:54:45:load rule file D:/WEAVER/ecology/WEB-INF/securityRule/Rule/weaver_security_rules_20180110.xml start...
2020-11-23 09:54:45:load rule file D:/WEAVER/ecology/WEB-INF/securityRule/Rule/weaver_security_rules_20180110.xml success...
2020-11-23 09:54:45:load rule file D:/WEAVER/ecology/WEB-INF/securityRule/Rule/weaver_security_rules_20180201.xml start...
2020-11-23 09:54:45:load rule file D:/WEAVER/ecology/WEB-INF/securityRule/Rule/weaver_security_rules_20180201.xml success...
2020-11-23 09:54:45:load rule file D:/WEAVER/ecology/WEB-INF/securityRule/Rule/weaver_security_rules_20180913.xml start...
2020-11-23 09:54:45:load rule file D:/WEAVER/ecology/WEB-INF/securityRule/Rule/weaver_security_rules_20180913.xml success...
2020-11-23 09:54:45:load rule file D:/WEAVER/ecology/WEB-INF/securityRule/Rule/weaver_security_rules_20180927_formulaList.xml start...
2020-11-23 09:54:45:load rule file D:/WEAVER/ecology/WEB-INF/securityRule/Rule/weaver_security_rules_20180927_formulaList.xml success...
2020-11-23 09:54:45:load rule file D:/WEAVER/ecology/WEB-INF/securityRule/Rule/weaver_security_rules_20200103.xml start...
2020-11-23 09:54:45:load rule file D:/WEAVER/ecology/WEB-INF/securityRule/Rule/weaver_security_rules_20200103.xml success...
2020-11-23 09:54:45:load rule file D:/WEAVER/ecology/WEB-INF/securityRule/Rule/weaver_security_rules_20200312_ori_url.xml start...
2020-11-23 09:54:45:load rule file D:/WEAVER/ecology/WEB-INF/securityRule/Rule/weaver_security_rules_20200312_ori_url.xml success...
2020-11-23 09:54:45:load rule file D:/WEAVER/ecology/WEB-INF/securityRule/Rule/weaver_security_rules_E8_reg.xml start...
2020-11-23 09:54:45:load rule file D:/WEAVER/ecology/WEB-INF/securityRule/Rule/weaver_security_rules_E8_reg.xml success...
2020-11-23 09:54:45:load rule file D:/WEAVER/ecology/WEB-INF/securityRule/Rule/weaver_security_rules_E8_reg_20200616.xml start...
2020-11-23 09:54:45:load rule file D:/WEAVER/ecology/WEB-INF/securityRule/Rule/weaver_security_rules_E8_reg_20200616.xml success...
2020-11-23 09:54:45:load rule file D:/WEAVER/ecology/WEB-INF/securityRule/Rule/weaver_security_rules_ecology_login_urls_20191018xml.xml start...
2020-11-23 09:54:45:load rule file D:/WEAVER/ecology/WEB-INF/securityRule/Rule/weaver_security_rules_ecology_login_urls_20191018xml.xml success...
2020-11-23 09:54:45:load rule file D:/WEAVER/ecology/WEB-INF/securityRule/Rule/weaver_security_rules_for_20180508_messager.xml start...
2020-11-23 09:54:45:load rule file D:/WEAVER/ecology/WEB-INF/securityRule/Rule/weaver_security_rules_for_20180508_messager.xml success...
2020-11-23 09:54:45:load rule file D:/WEAVER/ecology/WEB-INF/securityRule/Rule/weaver_security_rules_for_20181206_html_filter_white_list.xml start...
2020-11-23 09:54:45:load rule file D:/WEAVER/ecology/WEB-INF/securityRule/Rule/weaver_security_rules_for_20181206_html_filter_white_list.xml success...
2020-11-23 09:54:45:load rule file D:/WEAVER/ecology/WEB-INF/securityRule/Rule/weaver_security_rules_for_20181228_html_filter_white_list.xml start...
2020-11-23 09:54:45:load rule file D:/WEAVER/ecology/WEB-INF/securityRule/Rule/weaver_security_rules_for_20181228_html_filter_white_list.xml success...
2020-11-23 09:54:45:load rule file D:/WEAVER/ecology/WEB-INF/securityRule/Rule/weaver_security_rules_for_bz.xml start...
2020-11-23 09:54:45:load rule file D:/WEAVER/ecology/WEB-INF/securityRule/Rule/weaver_security_rules_for_bz.xml success...
2020-11-23 09:54:45:load rule file D:/WEAVER/ecology/WEB-INF/securityRule/Rule/weaver_security_rules_for_cookie.xml start...
2020-11-23 09:54:45:load rule file D:/WEAVER/ecology/WEB-INF/securityRule/Rule/weaver_security_rules_for_cookie.xml success...
2020-11-23 09:54:45:load rule file D:/WEAVER/ecology/WEB-INF/securityRule/Rule/weaver_security_rules_for_E9.xml start...
2020-11-23 09:54:48:The server is resin3
2020-11-23 09:54:48:>>>sensitive_settings table is exists!
2020-11-23 09:54:56:load rule file D:/WEAVER/ecology/WEB-INF/securityRule/Rule/weaver_security_rules_for_E9.xml success...
