2020-01-15 09:05:55:==========Init security rules==========
2020-01-15 09:05:57:The Ecology Version is E8!
2020-01-15 09:05:57:start copy custom security files to ecology...
2020-01-15 09:05:57:D:/WEAVER/ecology/WEB-INF\weaver_security_config.xml has exists, do not copy it...
2020-01-15 09:05:57:D:/WEAVER/ecology/WEB-INF\securityXML\weaver_security_custom_rules_1.xml has exists, do not copy it...
2020-01-15 09:05:57:end copy custom security files to ecology...
2020-01-15 09:05:58:special rules intercept level is 2
2020-01-15 09:05:58:start copy files to ecology...
2020-01-15 09:05:58:file is not modified, copy file(D:\WEAVER\ecology\WEB-INF\replaceFiles\E8\ecology\admincenter\interfaces\interfaceCheckExists.jsp) to D:\WEAVER\ecology\admincenter\interfaces\interfaceCheckExists.jsp failed!
2020-01-15 09:05:58:file is not modified, copy file(D:\WEAVER\ecology\WEB-INF\replaceFiles\E8\ecology\admincenter\interfaces\interfaceDeploy.jsp) to D:\WEAVER\ecology\admincenter\interfaces\interfaceDeploy.jsp failed!
2020-01-15 09:05:58:file is not modified, copy file(D:\WEAVER\ecology\WEB-INF\replaceFiles\E8\ecology\admincenter\interfaces\interfaceDetail.jsp) to D:\WEAVER\ecology\admincenter\interfaces\interfaceDetail.jsp failed!
2020-01-15 09:05:58:file is not modified, copy file(D:\WEAVER\ecology\WEB-INF\replaceFiles\E8\ecology\admincenter\interfaces\interfaceDevelop.jsp) to D:\WEAVER\ecology\admincenter\interfaces\interfaceDevelop.jsp failed!
2020-01-15 09:05:58:file is not modified, copy file(D:\WEAVER\ecology\WEB-INF\replaceFiles\E8\ecology\admincenter\interfaces\interfaceList.jsp) to D:\WEAVER\ecology\admincenter\interfaces\interfaceList.jsp failed!
2020-01-15 09:05:58:file is not modified, copy file(D:\WEAVER\ecology\WEB-INF\replaceFiles\E8\ecology\admincenter\interfaces\interfaceRegister.jsp) to D:\WEAVER\ecology\admincenter\interfaces\interfaceRegister.jsp failed!
2020-01-15 09:05:58:file is not modified, copy file(D:\WEAVER\ecology\WEB-INF\replaceFiles\E8\ecology\admincenter\interfaces\interfaceRegisterResult.jsp) to D:\WEAVER\ecology\admincenter\interfaces\interfaceRegisterResult.jsp failed!
2020-01-15 09:05:58:file is not modified, copy file(D:\WEAVER\ecology\WEB-INF\replaceFiles\E8\ecology\admincenter\interfaces\interfaceUpload.jsp) to D:\WEAVER\ecology\admincenter\interfaces\interfaceUpload.jsp failed!
2020-01-15 09:05:58:file is not modified, copy file(D:\WEAVER\ecology\WEB-INF\replaceFiles\E8\ecology\admincenter\interfaces\uploadInterface.jsp) to D:\WEAVER\ecology\admincenter\interfaces\uploadInterface.jsp failed!
2020-01-15 09:05:58:file is not modified, copy file(D:\WEAVER\ecology\WEB-INF\replaceFiles\E8\ecology\admincenter\portalEngine\ElementRegisterUpload.jsp) to D:\WEAVER\ecology\admincenter\portalEngine\ElementRegisterUpload.jsp failed!
2020-01-15 09:05:58:file is not modified, copy file(D:\WEAVER\ecology\WEB-INF\replaceFiles\E8\ecology\album\ImageUploadDealN.jsp) to D:\WEAVER\ecology\album\ImageUploadDealN.jsp failed!
2020-01-15 09:05:58:file is not modified, copy file(D:\WEAVER\ecology\WEB-INF\replaceFiles\E8\ecology\cpt\manage\validate.jsp) to D:\WEAVER\ecology\cpt\manage\validate.jsp failed!
2020-01-15 09:05:58:file is not modified, copy file(D:\WEAVER\ecology\WEB-INF\replaceFiles\E8\ecology\datacenter\maintenance\inputreport\saveCustomeTemplate.jsp) to D:\WEAVER\ecology\datacenter\maintenance\inputreport\saveCustomeTemplate.jsp failed!
2020-01-15 09:05:58:file is not modified, copy file(D:\WEAVER\ecology\WEB-INF\replaceFiles\E8\ecology\email\MailContacterImportCSV.jsp) to D:\WEAVER\ecology\email\MailContacterImportCSV.jsp failed!
2020-01-15 09:05:58:file is not modified, copy file(D:\WEAVER\ecology\WEB-INF\replaceFiles\E8\ecology\formmode\menu\LeftMenuDrag.jsp) to D:\WEAVER\ecology\formmode\menu\LeftMenuDrag.jsp failed!
2020-01-15 09:05:58:file is not modified, copy file(D:\WEAVER\ecology\WEB-INF\replaceFiles\E8\ecology\hrm\password\forgotPassword.jsp) to D:\WEAVER\ecology\hrm\password\forgotPassword.jsp failed!
2020-01-15 09:05:58:file is not modified, copy file(D:\WEAVER\ecology\WEB-INF\replaceFiles\E8\ecology\hrm\password\passwordQuestion.jsp) to D:\WEAVER\ecology\hrm\password\passwordQuestion.jsp failed!
2020-01-15 09:05:58:file is not modified, copy file(D:\WEAVER\ecology\WEB-INF\replaceFiles\E8\ecology\hrm\password\resetPassword.jsp) to D:\WEAVER\ecology\hrm\password\resetPassword.jsp failed!
2020-01-15 09:05:58:file is not modified, copy file(D:\WEAVER\ecology\WEB-INF\replaceFiles\E8\ecology\js\extjs\examples\feed-viewer\feed-proxy.ashx.vb) to D:\WEAVER\ecology\js\extjs\examples\feed-viewer\feed-proxy.ashx.vb failed!
2020-01-15 09:05:58:file is not modified, copy file(D:\WEAVER\ecology\WEB-INF\replaceFiles\E8\ecology\js\extjs\examples\feed-viewer\feed-proxy.php) to D:\WEAVER\ecology\js\extjs\examples\feed-viewer\feed-proxy.php failed!
2020-01-15 09:05:58:file is not modified, copy file(D:\WEAVER\ecology\WEB-INF\replaceFiles\E8\ecology\js\hrm\getdata.jsp) to D:\WEAVER\ecology\js\hrm\getdata.jsp failed!
2020-01-15 09:05:58:file is not modified, copy file(D:\WEAVER\ecology\WEB-INF\replaceFiles\E8\ecology\js\jquery\plugins\jqueryFileTree\connectors\jqueryFileTree.jsp) to D:\WEAVER\ecology\js\jquery\plugins\jqueryFileTree\connectors\jqueryFileTree.jsp failed!
2020-01-15 09:05:58:file is not modified, copy file(D:\WEAVER\ecology\WEB-INF\replaceFiles\E8\ecology\js\swfupload\upload.jsp) to D:\WEAVER\ecology\js\swfupload\upload.jsp failed!
2020-01-15 09:05:58:copy file(D:\WEAVER\ecology\WEB-INF\replaceFiles\E8\ecology\messager\users.data) to D:\WEAVER\ecology\messager\users.data success!
2020-01-15 09:05:58:file is not modified, copy file(D:\WEAVER\ecology\WEB-INF\replaceFiles\E8\ecology\mobile\Action.jsp) to D:\WEAVER\ecology\mobile\Action.jsp failed!
2020-01-15 09:05:58:file is not modified, copy file(D:\WEAVER\ecology\WEB-INF\replaceFiles\E8\ecology\mobile\browser\WorkflowCenterTreeData.jsp) to D:\WEAVER\ecology\mobile\browser\WorkflowCenterTreeData.jsp failed!
2020-01-15 09:05:58:file is not modified, copy file(D:\WEAVER\ecology\WEB-INF\replaceFiles\E8\ecology\mobile\plugin\SyncUser.jsp) to D:\WEAVER\ecology\mobile\plugin\SyncUser.jsp failed!
2020-01-15 09:05:58:file is not modified, copy file(D:\WEAVER\ecology\WEB-INF\replaceFiles\E8\ecology\mobile\plugin\SyncUserInfo.jsp) to D:\WEAVER\ecology\mobile\plugin\SyncUserInfo.jsp failed!
2020-01-15 09:05:58:file is not modified, copy file(D:\WEAVER\ecology\WEB-INF\replaceFiles\E8\ecology\mobile\WorkflowCenterTreeData.jsp) to D:\WEAVER\ecology\mobile\WorkflowCenterTreeData.jsp failed!
2020-01-15 09:05:58:file is not modified, copy file(D:\WEAVER\ecology\WEB-INF\replaceFiles\E8\ecology\mobilemode\Action.jsp) to D:\WEAVER\ecology\mobilemode\Action.jsp failed!
2020-01-15 09:05:58:file is not modified, copy file(D:\WEAVER\ecology\WEB-INF\replaceFiles\E8\ecology\page\maint\common\UserResourceUpload.jsp) to D:\WEAVER\ecology\page\maint\common\UserResourceUpload.jsp failed!
2020-01-15 09:05:58:file is not modified, copy file(D:\WEAVER\ecology\WEB-INF\replaceFiles\E8\ecology\page\maint\layout\Operate.jsp) to D:\WEAVER\ecology\page\maint\layout\Operate.jsp failed!
2020-01-15 09:05:58:file is not modified, copy file(D:\WEAVER\ecology\WEB-INF\replaceFiles\E8\ecology\rte\uploader.jsp) to D:\WEAVER\ecology\rte\uploader.jsp failed!
2020-01-15 09:05:58:file is not modified, copy file(D:\WEAVER\ecology\WEB-INF\replaceFiles\E8\ecology\security\checksql20191010.jsp) to D:\WEAVER\ecology\security\checksql20191010.jsp failed!
2020-01-15 09:05:58:file is not modified, copy file(D:\WEAVER\ecology\WEB-INF\replaceFiles\E8\ecology\security\checksql20191017.jsp) to D:\WEAVER\ecology\security\checksql20191017.jsp failed!
2020-01-15 09:05:58:file is not modified, copy file(D:\WEAVER\ecology\WEB-INF\replaceFiles\E8\ecology\security\monitor\MonitorJoin.jsp) to D:\WEAVER\ecology\security\monitor\MonitorJoin.jsp failed!
2020-01-15 09:05:58:file is not modified, copy file(D:\WEAVER\ecology\WEB-INF\replaceFiles\E8\ecology\security\sensitive\AddSensitiveWord.jsp) to D:\WEAVER\ecology\security\sensitive\AddSensitiveWord.jsp failed!
2020-01-15 09:05:58:file is not modified, copy file(D:\WEAVER\ecology\WEB-INF\replaceFiles\E8\ecology\security\sensitive\EditSensitiveWord.jsp) to D:\WEAVER\ecology\security\sensitive\EditSensitiveWord.jsp failed!
2020-01-15 09:05:58:file is not modified, copy file(D:\WEAVER\ecology\WEB-INF\replaceFiles\E8\ecology\security\sensitive\SensitiveLogs.jsp) to D:\WEAVER\ecology\security\sensitive\SensitiveLogs.jsp failed!
2020-01-15 09:05:58:file is not modified, copy file(D:\WEAVER\ecology\WEB-INF\replaceFiles\E8\ecology\security\sensitive\SensitiveSetting.jsp) to D:\WEAVER\ecology\security\sensitive\SensitiveSetting.jsp failed!
2020-01-15 09:05:58:file is not modified, copy file(D:\WEAVER\ecology\WEB-INF\replaceFiles\E8\ecology\security\sensitive\SensitiveTab.jsp) to D:\WEAVER\ecology\security\sensitive\SensitiveTab.jsp failed!
2020-01-15 09:05:58:file is not modified, copy file(D:\WEAVER\ecology\WEB-INF\replaceFiles\E8\ecology\security\sensitive\SensitiveWordOperation.jsp) to D:\WEAVER\ecology\security\sensitive\SensitiveWordOperation.jsp failed!
2020-01-15 09:05:58:file is not modified, copy file(D:\WEAVER\ecology\WEB-INF\replaceFiles\E8\ecology\security\sensitive\SensitiveWords.jsp) to D:\WEAVER\ecology\security\sensitive\SensitiveWords.jsp failed!
2020-01-15 09:05:58:copy file(D:\WEAVER\ecology\WEB-INF\replaceFiles\E8\ecology\sqlupgrade\Oracle\sql201709150103.sql) to D:\WEAVER\ecology\sqlupgrade\Oracle\sql201709150103.sql success!
2020-01-15 09:05:58:copy file(D:\WEAVER\ecology\WEB-INF\replaceFiles\E8\ecology\sqlupgrade\Oracle\sql20170915010301.sql) to D:\WEAVER\ecology\sqlupgrade\Oracle\sql20170915010301.sql success!
2020-01-15 09:05:58:copy file(D:\WEAVER\ecology\WEB-INF\replaceFiles\E8\ecology\sqlupgrade\Oracle\sql201709190601.sql) to D:\WEAVER\ecology\sqlupgrade\Oracle\sql201709190601.sql success!
2020-01-15 09:05:58:copy file(D:\WEAVER\ecology\WEB-INF\replaceFiles\E8\ecology\sqlupgrade\Oracle\sql201709190800.sql) to D:\WEAVER\ecology\sqlupgrade\Oracle\sql201709190800.sql success!
2020-01-15 09:05:58:copy file(D:\WEAVER\ecology\WEB-INF\replaceFiles\E8\ecology\sqlupgrade\Oracle\sql201709290202.sql) to D:\WEAVER\ecology\sqlupgrade\Oracle\sql201709290202.sql success!
2020-01-15 09:05:58:copy file(D:\WEAVER\ecology\WEB-INF\replaceFiles\E8\ecology\sqlupgrade\SQLServer\sql201709150103.sql) to D:\WEAVER\ecology\sqlupgrade\SQLServer\sql201709150103.sql success!
2020-01-15 09:05:58:copy file(D:\WEAVER\ecology\WEB-INF\replaceFiles\E8\ecology\sqlupgrade\SQLServer\sql201709190601.sql) to D:\WEAVER\ecology\sqlupgrade\SQLServer\sql201709190601.sql success!
2020-01-15 09:05:58:copy file(D:\WEAVER\ecology\WEB-INF\replaceFiles\E8\ecology\sqlupgrade\SQLServer\sql201709190800.sql) to D:\WEAVER\ecology\sqlupgrade\SQLServer\sql201709190800.sql success!
2020-01-15 09:05:58:copy file(D:\WEAVER\ecology\WEB-INF\replaceFiles\E8\ecology\sqlupgrade\SQLServer\sql201709290202.sql) to D:\WEAVER\ecology\sqlupgrade\SQLServer\sql201709290202.sql success!
2020-01-15 09:05:58:file is not modified, copy file(D:\WEAVER\ecology\WEB-INF\replaceFiles\E8\ecology\systeminfo\menuconfig\LeftMenuDrag.jsp) to D:\WEAVER\ecology\systeminfo\menuconfig\LeftMenuDrag.jsp failed!
2020-01-15 09:05:58:file is not modified, copy file(D:\WEAVER\ecology\WEB-INF\replaceFiles\E8\ecology\systeminfo\menuconfig\说明.txt) to D:\WEAVER\ecology\systeminfo\menuconfig\说明.txt failed!
2020-01-15 09:05:58:file is not modified, copy file(D:\WEAVER\ecology\WEB-INF\replaceFiles\E8\ecology\systeminfo\systemright\ViewSql.jsp) to D:\WEAVER\ecology\systeminfo\systemright\ViewSql.jsp failed!
2020-01-15 09:05:58:file is not modified, copy file(D:\WEAVER\ecology\WEB-INF\replaceFiles\E8\ecology\systeminfo\template\templateOperation.jsp) to D:\WEAVER\ecology\systeminfo\template\templateOperation.jsp failed!
2020-01-15 09:05:58:file is not modified, copy file(D:\WEAVER\ecology\WEB-INF\replaceFiles\E8\ecology\tools\SWFUpload\upload.jsp) to D:\WEAVER\ecology\tools\SWFUpload\upload.jsp failed!
2020-01-15 09:05:58:file is not modified, copy file(D:\WEAVER\ecology\WEB-INF\replaceFiles\E8\ecology\ueditor\custbtn\wordtohtml.jsp) to D:\WEAVER\ecology\ueditor\custbtn\wordtohtml.jsp failed!
2020-01-15 09:05:58:file is not modified, copy file(D:\WEAVER\ecology\WEB-INF\replaceFiles\E8\ecology\updateRules.jsp) to D:\WEAVER\ecology\updateRules.jsp failed!
2020-01-15 09:05:58:file is not modified, copy file(D:\WEAVER\ecology\WEB-INF\replaceFiles\E8\ecology\weaverplugin\PluginMaintenance.jsp) to D:\WEAVER\ecology\weaverplugin\PluginMaintenance.jsp failed!
2020-01-15 09:05:58:end copy files to ecology...
2020-01-15 09:05:58:load E8 security file...
2020-01-15 09:05:58:load rule file D:/WEAVER/ecology/WEB-INF\weaver_security_rules.xml start...
2020-01-15 09:05:58:load rule file D:/WEAVER/ecology/WEB-INF\weaver_security_rules.xml success...
2020-01-15 09:05:58:load rule file D:/WEAVER/ecology/WEB-INF/securityRule/E8/weaver_security_access_files.xml start...
2020-01-15 09:05:58:load rule file D:/WEAVER/ecology/WEB-INF/securityRule/E8/weaver_security_access_files.xml success...
2020-01-15 09:05:58:load rule file D:/WEAVER/ecology/WEB-INF/securityRule/E8/weaver_security_rules.xml start...
2020-01-15 09:05:58:load rule file D:/WEAVER/ecology/WEB-INF/securityRule/E8/weaver_security_rules.xml success...
2020-01-15 09:05:58:ruleClasses path is D:/WEAVER/ecology/WEB-INF/myclasses/weaver/security/rules/ruleImp/
2020-01-15 09:05:58:ruleClasses:::[D:/WEAVER/ecology/WEB-INF/myclasses/weaver/security/rules/ruleImp/SecurityRule01.class, D:/WEAVER/ecology/WEB-INF/myclasses/weaver/security/rules/ruleImp/SecurityRule02.class, D:/WEAVER/ecology/WEB-INF/myclasses/weaver/security/rules/ruleImp/SecurityRule03.class, D:/WEAVER/ecology/WEB-INF/myclasses/weaver/security/rules/ruleImp/SecurityRule04.class, D:/WEAVER/ecology/WEB-INF/myclasses/weaver/security/rules/ruleImp/SecurityRule05.class, D:/WEAVER/ecology/WEB-INF/myclasses/weaver/security/rules/ruleImp/SecurityRule06.class, D:/WEAVER/ecology/WEB-INF/myclasses/weaver/security/rules/ruleImp/SecurityRule07.class, D:/WEAVER/ecology/WEB-INF/myclasses/weaver/security/rules/ruleImp/SecurityRule08.class, D:/WEAVER/ecology/WEB-INF/myclasses/weaver/security/rules/ruleImp/SecurityRule09.class, D:/WEAVER/ecology/WEB-INF/myclasses/weaver/security/rules/ruleImp/SecurityRule10.class, D:/WEAVER/ecology/WEB-INF/myclasses/weaver/security/rules/ruleImp/SecurityRule11.class, D:/WEAVER/ecology/WEB-INF/myclasses/weaver/security/rules/ruleImp/SecurityRule12.class, D:/WEAVER/ecology/WEB-INF/myclasses/weaver/security/rules/ruleImp/SecurityRule13.class, D:/WEAVER/ecology/WEB-INF/myclasses/weaver/security/rules/ruleImp/SecurityRule14.class, D:/WEAVER/ecology/WEB-INF/myclasses/weaver/security/rules/ruleImp/SecurityRule15ActionJsp.class, D:/WEAVER/ecology/WEB-INF/myclasses/weaver/security/rules/ruleImp/SecurityRule16.class, D:/WEAVER/ecology/WEB-INF/myclasses/weaver/security/rules/ruleImp/SecurityRule24FormActionJsp.class, D:/WEAVER/ecology/WEB-INF/myclasses/weaver/security/rules/ruleImp/SecurityRule34.class, D:/WEAVER/ecology/WEB-INF/myclasses/weaver/security/rules/ruleImp/SecurityRule35.class, D:/WEAVER/ecology/WEB-INF/myclasses/weaver/security/rules/ruleImp/SecurityRule36.class, D:/WEAVER/ecology/WEB-INF/myclasses/weaver/security/rules/ruleImp/SecurityRule39.class, D:/WEAVER/ecology/WEB-INF/myclasses/weaver/security/rules/ruleImp/SecurityRule46.class, D:/WEAVER/ecology/WEB-INF/myclasses/weaver/security/rules/ruleImp/SecurityRuleAppio.class, D:/WEAVER/ecology/WEB-INF/myclasses/weaver/security/rules/ruleImp/SecurityRuleConfig38.class, D:/WEAVER/ecology/WEB-INF/myclasses/weaver/security/rules/ruleImp/SecurityRuleCRTDir.class, D:/WEAVER/ecology/WEB-INF/myclasses/weaver/security/rules/ruleImp/SecurityRuleCtrFreq.class, D:/WEAVER/ecology/WEB-INF/myclasses/weaver/security/rules/ruleImp/SecurityRuleDir.class, D:/WEAVER/ecology/WEB-INF/myclasses/weaver/security/rules/ruleImp/SecurityRuleDocLogQX.class, D:/WEAVER/ecology/WEB-INF/myclasses/weaver/security/rules/ruleImp/SecurityRuleDUpload.class, D:/WEAVER/ecology/WEB-INF/myclasses/weaver/security/rules/ruleImp/SecurityRuleFileAlaPoc.class, D:/WEAVER/ecology/WEB-INF/myclasses/weaver/security/rules/ruleImp/SecurityRuleFileDownload21.class, D:/WEAVER/ecology/WEB-INF/myclasses/weaver/security/rules/ruleImp/SecurityRuleFileDownload22.class, D:/WEAVER/ecology/WEB-INF/myclasses/weaver/security/rules/ruleImp/SecurityRuleForbiddenAES41.class, D:/WEAVER/ecology/WEB-INF/myclasses/weaver/security/rules/ruleImp/SecurityRuleForbiddenBshServlet.class, D:/WEAVER/ecology/WEB-INF/myclasses/weaver/security/rules/ruleImp/SecurityRuleForbiddenFCK.class, D:/WEAVER/ecology/WEB-INF/myclasses/weaver/security/rules/ruleImp/SecurityRuleForbiddenFMJ.class, D:/WEAVER/ecology/WEB-INF/myclasses/weaver/security/rules/ruleImp/SecurityRuleForbiddenJHBServlet.class, D:/WEAVER/ecology/WEB-INF/myclasses/weaver/security/rules/ruleImp/SecurityRuleForbiddenMsg45.class, D:/WEAVER/ecology/WEB-INF/myclasses/weaver/security/rules/ruleImp/SecurityRuleFr.class, D:/WEAVER/ecology/WEB-INF/myclasses/weaver/security/rules/ruleImp/SecurityRuleHttpMethod.class, D:/WEAVER/ecology/WEB-INF/myclasses/weaver/security/rules/ruleImp/SecurityRuleHttpServlet.class, D:/WEAVER/ecology/WEB-INF/myclasses/weaver/security/rules/ruleImp/SecurityRuleImgTextViewFor23.class, D:/WEAVER/ecology/WEB-INF/myclasses/weaver/security/rules/ruleImp/SecurityRuleJspCheck.class, D:/WEAVER/ecology/WEB-INF/myclasses/weaver/security/rules/ruleImp/SecurityRuleLoginidCheck.class, D:/WEAVER/ecology/WEB-INF/myclasses/weaver/security/rules/ruleImp/SecurityRuleLogName.class, D:/WEAVER/ecology/WEB-INF/myclasses/weaver/security/rules/ruleImp/SecurityRuleLogReader24.class, D:/WEAVER/ecology/WEB-INF/myclasses/weaver/security/rules/ruleImp/SecurityRuleMess43.class, D:/WEAVER/ecology/WEB-INF/myclasses/weaver/security/rules/ruleImp/SecurityRuleMobile29.class, D:/WEAVER/ecology/WEB-INF/myclasses/weaver/security/rules/ruleImp/SecurityRuleNeedLogin.class, D:/WEAVER/ecology/WEB-INF/myclasses/weaver/security/rules/ruleImp/SecurityRuleNeedLoginFormmodel.class, D:/WEAVER/ecology/WEB-INF/myclasses/weaver/security/rules/ruleImp/SecurityRuleNetworkFor37.class, D:/WEAVER/ecology/WEB-INF/myclasses/weaver/security/rules/ruleImp/SecurityRuleOnlyDomainAccess.class, D:/WEAVER/ecology/WEB-INF/myclasses/weaver/security/rules/ruleImp/SecurityRulePageTemplateLoginOperate.class, D:/WEAVER/ecology/WEB-INF/myclasses/weaver/security/rules/ruleImp/SecurityRulePortalThumbnail.class, D:/WEAVER/ecology/WEB-INF/myclasses/weaver/security/rules/ruleImp/SecurityRuleQiyuesuoDownload.class, D:/WEAVER/ecology/WEB-INF/myclasses/weaver/security/rules/ruleImp/SecurityRuleQX20.class, D:/WEAVER/ecology/WEB-INF/myclasses/weaver/security/rules/ruleImp/SecurityRuleQXLoadZip19.class, D:/WEAVER/ecology/WEB-INF/myclasses/weaver/security/rules/ruleImp/SecurityRuleSIS.class, D:/WEAVER/ecology/WEB-INF/myclasses/weaver/security/rules/ruleImp/SecurityRuleSptmThumbnail.class, D:/WEAVER/ecology/WEB-INF/myclasses/weaver/security/rules/ruleImp/SecurityRuleSQL28.class, D:/WEAVER/ecology/WEB-INF/myclasses/weaver/security/rules/ruleImp/SecurityRuleSQL29.class, D:/WEAVER/ecology/WEB-INF/myclasses/weaver/security/rules/ruleImp/SecurityRuleSQL30.class, D:/WEAVER/ecology/WEB-INF/myclasses/weaver/security/rules/ruleImp/SecurityRuleSQL32.class, D:/WEAVER/ecology/WEB-INF/myclasses/weaver/security/rules/ruleImp/SecurityRuleSQL42.class, D:/WEAVER/ecology/WEB-INF/myclasses/weaver/security/rules/ruleImp/SecurityRuleSso44.class, D:/WEAVER/ecology/WEB-INF/myclasses/weaver/security/rules/ruleImp/SecurityRuleSyncCache.class, D:/WEAVER/ecology/WEB-INF/myclasses/weaver/security/rules/ruleImp/SecurityRuleThemeOperation.class, D:/WEAVER/ecology/WEB-INF/myclasses/weaver/security/rules/ruleImp/SecurityRuleWechat.class, D:/WEAVER/ecology/WEB-INF/myclasses/weaver/security/rules/ruleImp/SecurityRuleWFFunName25.class, D:/WEAVER/ecology/WEB-INF/myclasses/weaver/security/rules/ruleImp/SecurityRuleWfSettings.class, D:/WEAVER/ecology/WEB-INF/myclasses/weaver/security/rules/ruleImp/WebServiceRule.class]
2020-01-15 09:05:58:load custom define rule classes weaver.security.rules.ruleImp.SecurityRule01
2020-01-15 09:05:58:load custom define rule classes weaver.security.rules.ruleImp.SecurityRule02
2020-01-15 09:05:58:load custom define rule classes weaver.security.rules.ruleImp.SecurityRule03
2020-01-15 09:05:58:load custom define rule classes weaver.security.rules.ruleImp.SecurityRule04
2020-01-15 09:05:58:load custom define rule classes weaver.security.rules.ruleImp.SecurityRule05
2020-01-15 09:05:58:load custom define rule classes weaver.security.rules.ruleImp.SecurityRule06
2020-01-15 09:05:58:load custom define rule classes weaver.security.rules.ruleImp.SecurityRule07
2020-01-15 09:05:58:load custom define rule classes weaver.security.rules.ruleImp.SecurityRule08
2020-01-15 09:05:58:load custom define rule classes weaver.security.rules.ruleImp.SecurityRule09
2020-01-15 09:05:58:load custom define rule classes weaver.security.rules.ruleImp.SecurityRule10
2020-01-15 09:05:58:load custom define rule classes weaver.security.rules.ruleImp.SecurityRule11
2020-01-15 09:05:58:load custom define rule classes weaver.security.rules.ruleImp.SecurityRule12
2020-01-15 09:05:58:load custom define rule classes weaver.security.rules.ruleImp.SecurityRule13
2020-01-15 09:05:58:load custom define rule classes weaver.security.rules.ruleImp.SecurityRule14
2020-01-15 09:05:58:load custom define rule classes weaver.security.rules.ruleImp.SecurityRule15ActionJsp
2020-01-15 09:05:58:load custom define rule classes weaver.security.rules.ruleImp.SecurityRule16
2020-01-15 09:05:58:load custom define rule classes weaver.security.rules.ruleImp.SecurityRule24FormActionJsp
2020-01-15 09:05:58:load custom define rule classes weaver.security.rules.ruleImp.SecurityRule34
2020-01-15 09:05:58:load custom define rule classes weaver.security.rules.ruleImp.SecurityRule35
2020-01-15 09:05:58:load custom define rule classes weaver.security.rules.ruleImp.SecurityRule36
2020-01-15 09:05:58:load custom define rule classes weaver.security.rules.ruleImp.SecurityRule39
2020-01-15 09:05:58:load custom define rule classes weaver.security.rules.ruleImp.SecurityRule46
2020-01-15 09:05:58:load custom define rule classes weaver.security.rules.ruleImp.SecurityRuleAppio
2020-01-15 09:05:58:load custom define rule classes weaver.security.rules.ruleImp.SecurityRuleConfig38
2020-01-15 09:05:58:load custom define rule classes weaver.security.rules.ruleImp.SecurityRuleCRTDir
2020-01-15 09:05:58:load custom define rule classes weaver.security.rules.ruleImp.SecurityRuleCtrFreq
2020-01-15 09:05:58:load custom define rule classes weaver.security.rules.ruleImp.SecurityRuleDir
2020-01-15 09:05:58:load custom define rule classes weaver.security.rules.ruleImp.SecurityRuleDocLogQX
2020-01-15 09:05:58:load custom define rule classes weaver.security.rules.ruleImp.SecurityRuleDUpload
2020-01-15 09:05:58:load custom define rule classes weaver.security.rules.ruleImp.SecurityRuleFileAlaPoc
2020-01-15 09:05:58:load custom define rule classes weaver.security.rules.ruleImp.SecurityRuleFileDownload21
2020-01-15 09:05:58:load custom define rule classes weaver.security.rules.ruleImp.SecurityRuleFileDownload22
2020-01-15 09:05:58:load custom define rule classes weaver.security.rules.ruleImp.SecurityRuleForbiddenAES41
2020-01-15 09:05:58:load custom define rule classes weaver.security.rules.ruleImp.SecurityRuleForbiddenBshServlet
2020-01-15 09:05:58:load custom define rule classes weaver.security.rules.ruleImp.SecurityRuleForbiddenFCK
2020-01-15 09:05:58:load custom define rule classes weaver.security.rules.ruleImp.SecurityRuleForbiddenFMJ
2020-01-15 09:05:58:load custom define rule classes weaver.security.rules.ruleImp.SecurityRuleForbiddenJHBServlet
2020-01-15 09:05:58:load custom define rule classes weaver.security.rules.ruleImp.SecurityRuleForbiddenMsg45
2020-01-15 09:05:58:load custom define rule classes weaver.security.rules.ruleImp.SecurityRuleFr
2020-01-15 09:05:58:load custom define rule classes weaver.security.rules.ruleImp.SecurityRuleHttpMethod
2020-01-15 09:05:58:load custom define rule classes weaver.security.rules.ruleImp.SecurityRuleHttpServlet
2020-01-15 09:05:58:load custom define rule classes weaver.security.rules.ruleImp.SecurityRuleImgTextViewFor23
2020-01-15 09:05:59:load custom define rule classes weaver.security.rules.ruleImp.SecurityRuleJspCheck
2020-01-15 09:05:59:load custom define rule classes weaver.security.rules.ruleImp.SecurityRuleLoginidCheck
2020-01-15 09:05:59:load custom define rule classes weaver.security.rules.ruleImp.SecurityRuleLogName
2020-01-15 09:05:59:load custom define rule classes weaver.security.rules.ruleImp.SecurityRuleLogReader24
2020-01-15 09:05:59:load custom define rule classes weaver.security.rules.ruleImp.SecurityRuleMess43
2020-01-15 09:05:59:load custom define rule classes weaver.security.rules.ruleImp.SecurityRuleMobile29
2020-01-15 09:05:59:load custom define rule classes weaver.security.rules.ruleImp.SecurityRuleNeedLogin
2020-01-15 09:05:59:load custom define rule classes weaver.security.rules.ruleImp.SecurityRuleNeedLoginFormmodel
2020-01-15 09:05:59:load custom define rule classes weaver.security.rules.ruleImp.SecurityRuleNetworkFor37
2020-01-15 09:05:59:load custom define rule classes weaver.security.rules.ruleImp.SecurityRuleOnlyDomainAccess
2020-01-15 09:05:59:load custom define rule classes weaver.security.rules.ruleImp.SecurityRulePageTemplateLoginOperate
2020-01-15 09:05:59:load custom define rule classes weaver.security.rules.ruleImp.SecurityRulePortalThumbnail
2020-01-15 09:05:59:load custom define rule classes weaver.security.rules.ruleImp.SecurityRuleQiyuesuoDownload
2020-01-15 09:05:59:load custom define rule classes weaver.security.rules.ruleImp.SecurityRuleQX20
2020-01-15 09:05:59:load custom define rule classes weaver.security.rules.ruleImp.SecurityRuleQXLoadZip19
2020-01-15 09:05:59:load custom define rule classes weaver.security.rules.ruleImp.SecurityRuleSIS
2020-01-15 09:05:59:load custom define rule classes weaver.security.rules.ruleImp.SecurityRuleSptmThumbnail
2020-01-15 09:05:59:load custom define rule classes weaver.security.rules.ruleImp.SecurityRuleSQL28
2020-01-15 09:05:59:load custom define rule classes weaver.security.rules.ruleImp.SecurityRuleSQL29
2020-01-15 09:05:59:load custom define rule classes weaver.security.rules.ruleImp.SecurityRuleSQL30
2020-01-15 09:05:59:load custom define rule classes weaver.security.rules.ruleImp.SecurityRuleSQL32
2020-01-15 09:05:59:load custom define rule classes weaver.security.rules.ruleImp.SecurityRuleSQL42
2020-01-15 09:05:59:load custom define rule classes weaver.security.rules.ruleImp.SecurityRuleSso44
2020-01-15 09:05:59:load custom define rule classes weaver.security.rules.ruleImp.SecurityRuleSyncCache
2020-01-15 09:05:59:load custom define rule classes weaver.security.rules.ruleImp.SecurityRuleThemeOperation
2020-01-15 09:05:59:load custom define rule classes weaver.security.rules.ruleImp.SecurityRuleWechat
2020-01-15 09:05:59:load custom define rule classes weaver.security.rules.ruleImp.SecurityRuleWFFunName25
2020-01-15 09:05:59:load custom define rule classes weaver.security.rules.ruleImp.SecurityRuleWfSettings
2020-01-15 09:05:59:load custom define rule classes weaver.security.rules.ruleImp.WebServiceRule
2020-01-15 09:05:59:cleanRuleClasses:::[weaver.security.rules.ruleImp.SecurityRule01, weaver.security.rules.ruleImp.SecurityRule02, weaver.security.rules.ruleImp.SecurityRule03, weaver.security.rules.ruleImp.SecurityRule04, weaver.security.rules.ruleImp.SecurityRule05, weaver.security.rules.ruleImp.SecurityRule06, weaver.security.rules.ruleImp.SecurityRule07, weaver.security.rules.ruleImp.SecurityRule08, weaver.security.rules.ruleImp.SecurityRule09, weaver.security.rules.ruleImp.SecurityRule10, weaver.security.rules.ruleImp.SecurityRule11, weaver.security.rules.ruleImp.SecurityRule12, weaver.security.rules.ruleImp.SecurityRule13, weaver.security.rules.ruleImp.SecurityRule14, weaver.security.rules.ruleImp.SecurityRule15ActionJsp, weaver.security.rules.ruleImp.SecurityRule16, weaver.security.rules.ruleImp.SecurityRule24FormActionJsp, weaver.security.rules.ruleImp.SecurityRule34, weaver.security.rules.ruleImp.SecurityRule35, weaver.security.rules.ruleImp.SecurityRule36, weaver.security.rules.ruleImp.SecurityRule39, weaver.security.rules.ruleImp.SecurityRule46, weaver.security.rules.ruleImp.SecurityRuleAppio, weaver.security.rules.ruleImp.SecurityRuleConfig38, weaver.security.rules.ruleImp.SecurityRuleCRTDir, weaver.security.rules.ruleImp.SecurityRuleCtrFreq, weaver.security.rules.ruleImp.SecurityRuleDir, weaver.security.rules.ruleImp.SecurityRuleDocLogQX, weaver.security.rules.ruleImp.SecurityRuleDUpload, weaver.security.rules.ruleImp.SecurityRuleFileAlaPoc, weaver.security.rules.ruleImp.SecurityRuleFileDownload21, weaver.security.rules.ruleImp.SecurityRuleFileDownload22, weaver.security.rules.ruleImp.SecurityRuleForbiddenAES41, weaver.security.rules.ruleImp.SecurityRuleForbiddenBshServlet, weaver.security.rules.ruleImp.SecurityRuleForbiddenFCK, weaver.security.rules.ruleImp.SecurityRuleForbiddenFMJ, weaver.security.rules.ruleImp.SecurityRuleForbiddenJHBServlet, weaver.security.rules.ruleImp.SecurityRuleForbiddenMsg45, weaver.security.rules.ruleImp.SecurityRuleFr, weaver.security.rules.ruleImp.SecurityRuleHttpMethod, weaver.security.rules.ruleImp.SecurityRuleHttpServlet, weaver.security.rules.ruleImp.SecurityRuleImgTextViewFor23, weaver.security.rules.ruleImp.SecurityRuleJspCheck, weaver.security.rules.ruleImp.SecurityRuleLoginidCheck, weaver.security.rules.ruleImp.SecurityRuleLogName, weaver.security.rules.ruleImp.SecurityRuleLogReader24, weaver.security.rules.ruleImp.SecurityRuleMess43, weaver.security.rules.ruleImp.SecurityRuleMobile29, weaver.security.rules.ruleImp.SecurityRuleNeedLogin, weaver.security.rules.ruleImp.SecurityRuleNeedLoginFormmodel, weaver.security.rules.ruleImp.SecurityRuleNetworkFor37, weaver.security.rules.ruleImp.SecurityRuleOnlyDomainAccess, weaver.security.rules.ruleImp.SecurityRulePageTemplateLoginOperate, weaver.security.rules.ruleImp.SecurityRulePortalThumbnail, weaver.security.rules.ruleImp.SecurityRuleQiyuesuoDownload, weaver.security.rules.ruleImp.SecurityRuleQX20, weaver.security.rules.ruleImp.SecurityRuleQXLoadZip19, weaver.security.rules.ruleImp.SecurityRuleSIS, weaver.security.rules.ruleImp.SecurityRuleSptmThumbnail, weaver.security.rules.ruleImp.SecurityRuleSQL28, weaver.security.rules.ruleImp.SecurityRuleSQL29, weaver.security.rules.ruleImp.SecurityRuleSQL30, weaver.security.rules.ruleImp.SecurityRuleSQL32, weaver.security.rules.ruleImp.SecurityRuleSQL42, weaver.security.rules.ruleImp.SecurityRuleSso44, weaver.security.rules.ruleImp.SecurityRuleSyncCache, weaver.security.rules.ruleImp.SecurityRuleThemeOperation, weaver.security.rules.ruleImp.SecurityRuleWechat, weaver.security.rules.ruleImp.SecurityRuleWFFunName25, weaver.security.rules.ruleImp.SecurityRuleWfSettings, weaver.security.rules.ruleImp.WebServiceRule]
2020-01-15 09:05:59:watchDog is start------------------------>
2020-01-15 09:05:59:start file check thread success!
2020-01-15 09:05:59:load rule file D:/WEAVER/ecology/WEB-INF/securityRule/Rule/weaver_mobile_url_check_list_20191017.xml start...
2020-01-15 09:05:59:start security log delete and zip thread success!
2020-01-15 09:05:59:init check files start...
2020-01-15 09:05:59:update URL::https://update.e-cology.cn/
2020-01-15 09:05:59:security current version is v10.23, and the security rule current version is v10.10
2020-01-15 09:05:59:33 thread is start success...
2020-01-15 09:05:59:email send thread start success
2020-01-15 09:05:59:load rule file D:/WEAVER/ecology/WEB-INF/securityRule/Rule/weaver_mobile_url_check_list_20191017.xml success...
2020-01-15 09:05:59:======Start security firewall===========
2020-01-15 09:05:59:update URL::https://update.e-cology.cn/
2020-01-15 09:05:59:SecurityMain.java---->Start security firewall timer...
2020-01-15 09:05:59:SecurityMain.java---->Start security firewall timer success...
2020-01-15 09:05:59:SecurityMain.java---->Start forbidden writer timer...
2020-01-15 09:05:59:SecurityMain.java---->Start forbidden writer timer success...
2020-01-15 09:05:59:security current version is v10.23, and the security rule current version is v10.10
2020-01-15 09:05:59:update URL::https://update.e-cology.cn/
2020-01-15 09:05:59:security current version is v10.23, and the security rule current version is v10.10
2020-01-15 09:05:59:force check security package update info...
2020-01-15 09:05:59:load rule file D:/WEAVER/ecology/WEB-INF/securityRule/Rule/weaver_security_custom_rules_for_20180411.xml start...
2020-01-15 09:05:59:load rule file D:/WEAVER/ecology/WEB-INF/securityRule/Rule/weaver_security_custom_rules_for_20180411.xml success...
2020-01-15 09:05:59:load rule file D:/WEAVER/ecology/WEB-INF/securityRule/Rule/weaver_security_custom_rules_for_20180426.xml start...
2020-01-15 09:05:59:load rule file D:/WEAVER/ecology/WEB-INF/securityRule/Rule/weaver_security_custom_rules_for_20180426.xml success...
2020-01-15 09:05:59:load rule file D:/WEAVER/ecology/WEB-INF/securityRule/Rule/weaver_security_custom_rules_for_201910111856.xml start...
2020-01-15 09:05:59:load rule file D:/WEAVER/ecology/WEB-INF/securityRule/Rule/weaver_security_custom_rules_for_201910111856.xml success...
2020-01-15 09:05:59:load rule file D:/WEAVER/ecology/WEB-INF/securityRule/Rule/weaver_security_custom_rules_for_eaction.xml start...
2020-01-15 09:05:59:load rule file D:/WEAVER/ecology/WEB-INF/securityRule/Rule/weaver_security_custom_rules_for_eaction.xml success...
2020-01-15 09:05:59:load rule file D:/WEAVER/ecology/WEB-INF/securityRule/Rule/weaver_security_custom_rules_for_messager.xml start...
2020-01-15 09:05:59:load rule file D:/WEAVER/ecology/WEB-INF/securityRule/Rule/weaver_security_custom_rules_for_messager.xml success...
2020-01-15 09:05:59:load rule file D:/WEAVER/ecology/WEB-INF/securityRule/Rule/weaver_security_custom_rules_for_no_access_freq_urls.xml start...
2020-01-15 09:05:59:load rule file D:/WEAVER/ecology/WEB-INF/securityRule/Rule/weaver_security_custom_rules_for_no_access_freq_urls.xml success...
2020-01-15 09:05:59:load rule file D:/WEAVER/ecology/WEB-INF/securityRule/Rule/weaver_security_custom_rules_for_tbys.xml start...
2020-01-15 09:05:59:load rule file D:/WEAVER/ecology/WEB-INF/securityRule/Rule/weaver_security_custom_rules_for_tbys.xml success...
2020-01-15 09:05:59:load rule file D:/WEAVER/ecology/WEB-INF/securityRule/Rule/weaver_security_custom_rules_jspcheckex_20190409.xml start...
2020-01-15 09:05:59:load rule file D:/WEAVER/ecology/WEB-INF/securityRule/Rule/weaver_security_custom_rules_jspcheckex_20190409.xml success...
2020-01-15 09:05:59:load rule file D:/WEAVER/ecology/WEB-INF/securityRule/Rule/weaver_security_for_xss_rules.xml start...
2020-01-15 09:05:59:load rule file D:/WEAVER/ecology/WEB-INF/securityRule/Rule/weaver_security_for_xss_rules.xml success...
2020-01-15 09:05:59:load rule file D:/WEAVER/ecology/WEB-INF/securityRule/Rule/weaver_security_rules.xml start...
2020-01-15 09:05:59:load rule file D:/WEAVER/ecology/WEB-INF/securityRule/Rule/weaver_security_rules.xml success...
2020-01-15 09:05:59:load rule file D:/WEAVER/ecology/WEB-INF/securityRule/Rule/weaver_security_rules_20180110.xml start...
2020-01-15 09:05:59:load rule file D:/WEAVER/ecology/WEB-INF/securityRule/Rule/weaver_security_rules_20180110.xml success...
2020-01-15 09:05:59:load rule file D:/WEAVER/ecology/WEB-INF/securityRule/Rule/weaver_security_rules_20180201.xml start...
2020-01-15 09:05:59:load rule file D:/WEAVER/ecology/WEB-INF/securityRule/Rule/weaver_security_rules_20180201.xml success...
2020-01-15 09:05:59:load rule file D:/WEAVER/ecology/WEB-INF/securityRule/Rule/weaver_security_rules_for_20180508_messager.xml start...
2020-01-15 09:05:59:load rule file D:/WEAVER/ecology/WEB-INF/securityRule/Rule/weaver_security_rules_for_20180508_messager.xml success...
2020-01-15 09:05:59:load rule file D:/WEAVER/ecology/WEB-INF/securityRule/Rule/weaver_security_rules_for_bz.xml start...
2020-01-15 09:05:59:init check files complete,total 16316 files, memory 1.3153257369995117M
2020-01-15 09:05:59:load rule file D:/WEAVER/ecology/WEB-INF/securityRule/Rule/weaver_security_rules_for_bz.xml success...
2020-01-15 09:05:59:load rule file D:/WEAVER/ecology/WEB-INF/securityRule/Rule/weaver_security_rules_for_cookie.xml start...
2020-01-15 09:05:59:load rule file D:/WEAVER/ecology/WEB-INF/securityRule/Rule/weaver_security_rules_for_cookie.xml success...
2020-01-15 09:05:59:load rule file D:/WEAVER/ecology/WEB-INF/securityRule/Rule/weaver_security_rules_for_filetype.xml start...
2020-01-15 09:05:59:load rule file D:/WEAVER/ecology/WEB-INF/securityRule/Rule/weaver_security_rules_for_filetype.xml success...
2020-01-15 09:05:59:load rule file D:/WEAVER/ecology/WEB-INF/securityRule/Rule/weaver_security_rules_for_ip_path_check.xml start...
2020-01-15 09:05:59:load rule file D:/WEAVER/ecology/WEB-INF/securityRule/Rule/weaver_security_rules_for_ip_path_check.xml success...
2020-01-15 09:05:59:load rule file D:/WEAVER/ecology/WEB-INF/securityRule/Rule/weaver_security_rules_for_need_login_urls.xml start...
2020-01-15 09:06:00:load rule file D:/WEAVER/ecology/WEB-INF/securityRule/Rule/weaver_security_rules_for_need_login_urls.xml success...
2020-01-15 09:06:00:load rule file D:/WEAVER/ecology/WEB-INF/securityRule/Rule/weaver_security_rules_for_need_login_urls_20190928.xml start...
2020-01-15 09:06:00:load rule file D:/WEAVER/ecology/WEB-INF/securityRule/Rule/weaver_security_rules_for_need_login_urls_20190928.xml success...
2020-01-15 09:06:00:load rule file D:/WEAVER/ecology/WEB-INF/securityRule/Rule/weaver_security_rules_for_param_length_20160426.xml start...
2020-01-15 09:06:00:load rule file D:/WEAVER/ecology/WEB-INF/securityRule/Rule/weaver_security_rules_for_param_length_20160426.xml success...
2020-01-15 09:06:00:load rule file D:/WEAVER/ecology/WEB-INF/securityRule/Rule/weaver_security_rules_for_session.xml start...
2020-01-15 09:06:00:load rule file D:/WEAVER/ecology/WEB-INF/securityRule/Rule/weaver_security_rules_for_session.xml success...
2020-01-15 09:06:00:load rule file D:/WEAVER/ecology/WEB-INF/securityRule/Rule/weaver_security_rules_for_synccache.xml start...
2020-01-15 09:06:01:load rule file D:/WEAVER/ecology/WEB-INF/securityRule/Rule/weaver_security_rules_for_synccache.xml success...
2020-01-15 09:06:01:load rule file D:/WEAVER/ecology/WEB-INF/securityRule/Rule/weaver_security_rules_for_update_url.xml start...
2020-01-15 09:06:01:load rule file D:/WEAVER/ecology/WEB-INF/securityRule/Rule/weaver_security_rules_for_update_url.xml success...
2020-01-15 09:06:01:load rule file D:/WEAVER/ecology/WEB-INF/securityRule/Rule/weaver_security_rules_for_white_ip.xml start...
2020-01-15 09:06:01:load rule file D:/WEAVER/ecology/WEB-INF/securityRule/Rule/weaver_security_rules_for_white_ip.xml success...
2020-01-15 09:06:01:load rule file D:/WEAVER/ecology/WEB-INF/securityRule/Rule/weaver_security_rules_for_ws.xml start...
2020-01-15 09:06:01:load rule file D:/WEAVER/ecology/WEB-INF/securityRule/Rule/weaver_security_rules_for_ws.xml success...
2020-01-15 09:06:01:load rule file D:/WEAVER/ecology/WEB-INF/securityXML/weaver_security_custom_rules_1.xml start...
2020-01-15 09:06:01:load rule file D:/WEAVER/ecology/WEB-INF/securityXML/weaver_security_custom_rules_1.xml success...
2020-01-15 09:06:01:load rule file D:/WEAVER/ecology/WEB-INF/securityXML/weaver_security_custom_rules_20180427_jjbd.xml start...
2020-01-15 09:06:01:load rule file D:/WEAVER/ecology/WEB-INF/securityXML/weaver_security_custom_rules_20180427_jjbd.xml success...
2020-01-15 09:06:01:load rule file D:/WEAVER/ecology/WEB-INF/securityXML/weaver_security_custom_rules_for_20180117.xml start...
2020-01-15 09:06:01:clear standard rules of /mobilemode/swipecontentedit.jsp,swipecontent
2020-01-15 09:06:01:clear standard rules of /workflow/request/requestremarkoperation.jsp,^fieldsql\d+?_?\d*?$
2020-01-15 09:06:01:clear standard rules of /workflow/request/requestremark.jsp,^fieldsql\d+?_?\d*?$
2020-01-15 09:06:01:clear standard rules of /workflow/request/requestoperation.jsp,^fieldsql\d+?_?\d*?$
2020-01-15 09:06:01:load rule file D:/WEAVER/ecology/WEB-INF/securityXML/weaver_security_custom_rules_for_20180117.xml success...
2020-01-15 09:06:01:load rule file D:/WEAVER/ecology/WEB-INF/securityXML/weaver_security_custom_rules_for_20180125.xml start...
2020-01-15 09:06:01:clear standard rules of __somecommonparamsrule__,^fieldsql\d+?_?\d*?$
2020-01-15 09:06:01:clear standard rules of /mobile/plugin/1/requestoperation.jsp,^fieldsql\d+?_?\d*?$
2020-01-15 09:06:01:clear standard rules of /mobile/plugin/plus/fileupload/uploadoperation.jsp,^fieldsql\d+?_?\d*?$
2020-01-15 09:06:01:clear standard rules of /formmode/data/modedataoperation.jsp,^fieldsql\d+?_?\d*?$
2020-01-15 09:06:01:load rule file D:/WEAVER/ecology/WEB-INF/securityXML/weaver_security_custom_rules_for_20180125.xml success...
2020-01-15 09:06:01:load rule file D:/WEAVER/ecology/WEB-INF/securityXML/weaver_security_custom_rules_for_20180130.xml start...
2020-01-15 09:06:01:clear standard rules of /interface/commonbrowser.jsp,requestid
2020-01-15 09:06:01:load rule file D:/WEAVER/ecology/WEB-INF/securityXML/weaver_security_custom_rules_for_20180130.xml success...
2020-01-15 09:06:01:load rule file D:/WEAVER/ecology/WEB-INF/securityXML/weaver_security_custom_rules_for_20180302_formmode.xml start...
2020-01-15 09:06:01:clear standard rules of /formmode/search/customsearchbuttoperation.jsp,jsmethodname
2020-01-15 09:06:01:clear standard rules of /formmode/search/customsearchbuttoperation.jsp,jsmethodbody
2020-01-15 09:06:01:load rule file D:/WEAVER/ecology/WEB-INF/securityXML/weaver_security_custom_rules_for_20180302_formmode.xml success...
2020-01-15 09:06:01:load rule file D:/WEAVER/ecology/WEB-INF/securityXML/weaver_security_custom_rules_for_20180302_skip_frbb.xml start...
2020-01-15 09:06:01:load rule file D:/WEAVER/ecology/WEB-INF/securityXML/weaver_security_custom_rules_for_20180302_skip_frbb.xml success...
2020-01-15 09:06:01:load rule file D:/WEAVER/ecology/WEB-INF/securityXML/weaver_security_custom_rules_for_20180404_paramtxt.xml start...
2020-01-15 09:06:01:clear standard rules of /formmode/exceldesign/exceluploadformula.jsp,paramtxt
2020-01-15 09:06:01:load rule file D:/WEAVER/ecology/WEB-INF/securityXML/weaver_security_custom_rules_for_20180404_paramtxt.xml success...
2020-01-15 09:06:01:load rule file D:/WEAVER/ecology/WEB-INF/securityXML/weaver_security_custom_rules_for_20180502_01.xml start...
2020-01-15 09:06:01:clear standard rules of /workflow/request/requestremarkoperation.jsp,fieldsql-1
2020-01-15 09:06:01:clear standard rules of /mobile/plugin/1/requestoperation.jsp,fieldsql-1
2020-01-15 09:06:01:clear standard rules of /workflow/request/requestoperation.jsp,fieldsql-1
2020-01-15 09:06:01:clear standard rules of /workflow/request/requestremarkoperation.jsp,^fieldsql\-?\d+?_?\d*?$
2020-01-15 09:06:01:clear standard rules of /mobile/plugin/1/requestoperation.jsp,^fieldsql\-?\d+?_?\d*?$
2020-01-15 09:06:01:clear standard rules of /workflow/request/requestoperation.jsp,^fieldsql\-?\d+?_?\d*?$
2020-01-15 09:06:01:clear standard rules of /workflow/request/remark.jsp,^fieldsql\-?\d+?_?\d*?$
2020-01-15 09:06:01:clear standard rules of /workflow/request/remark.jsp,^fieldsql\d+$
2020-01-15 09:06:01:clear standard rules of /workflow/request/remark.jsp,^remark\d*$
2020-01-15 09:06:01:load rule file D:/WEAVER/ecology/WEB-INF/securityXML/weaver_security_custom_rules_for_20180502_01.xml success...
2020-01-15 09:06:01:load rule file D:/WEAVER/ecology/WEB-INF/securityXML/weaver_security_custom_rules_for_20180508_01.xml start...
2020-01-15 09:06:01:clear standard rules of __somecommonparamsrule__,^__multilangpre_[a-z0-9_a-z]*?$
2020-01-15 09:06:01:load rule file D:/WEAVER/ecology/WEB-INF/securityXML/weaver_security_custom_rules_for_20180508_01.xml success...
2020-01-15 09:06:01:load rule file D:/WEAVER/ecology/WEB-INF/securityXML/weaver_security_custom_rules_for_20191017.xml start...
2020-01-15 09:06:01:clear standard rules of /mobile/plugin/syncuserinfo.jsp,useridentifiers
2020-01-15 09:06:01:clear standard rules of /cpt/manage/validate.jsp,capitalid
2020-01-15 09:06:01:load rule file D:/WEAVER/ecology/WEB-INF/securityXML/weaver_security_custom_rules_for_20191017.xml success...
2020-01-15 09:06:01:load rule file D:/WEAVER/ecology/WEB-INF/securityXML/weaver_security_custom_rules_for_20191022_data.xml start...
2020-01-15 09:06:01:clear standard rules of /data.jsp,sqlwhere
2020-01-15 09:06:01:clear standard rules of /data.jsp,whereclause
2020-01-15 09:06:01:load rule file D:/WEAVER/ecology/WEB-INF/securityXML/weaver_security_custom_rules_for_20191022_data.xml success...
2020-01-15 09:06:01:load rule file D:/WEAVER/ecology/WEB-INF/securityXML/weaver_security_custom_rules_for_doccontent.xml start...
2020-01-15 09:06:01:clear standard rules of /docs/docs/uploaddoc.jsp,doccontent
2020-01-15 09:06:01:load rule file D:/WEAVER/ecology/WEB-INF/securityXML/weaver_security_custom_rules_for_doccontent.xml success...
2020-01-15 09:06:01:load rule file D:/WEAVER/ecology/WEB-INF/securityXML/weaver_security_custom_rules_for_eaction.xml start...
2020-01-15 09:06:01:clear standard rules of /weaver/com.weaver.formmodel.mobile.security.edaction,content
2020-01-15 09:06:01:load rule file D:/WEAVER/ecology/WEB-INF/securityXML/weaver_security_custom_rules_for_eaction.xml success...
2020-01-15 09:06:01:load rule file D:/WEAVER/ecology/WEB-INF/securityXML/weaver_security_custom_rules_for_ebridge.xml start...
2020-01-15 09:06:01:load rule file D:/WEAVER/ecology/WEB-INF/securityXML/weaver_security_custom_rules_for_ebridge.xml success...
2020-01-15 09:06:01:load rule file D:/WEAVER/ecology/WEB-INF/securityXML/weaver_security_custom_rules_for_filevalue.xml start...
2020-01-15 09:06:01:clear standard rules of /weaver/weaver.file.filedownload,fieldvalue
2020-01-15 09:06:01:load rule file D:/WEAVER/ecology/WEB-INF/securityXML/weaver_security_custom_rules_for_filevalue.xml success...
2020-01-15 09:06:01:load rule file D:/WEAVER/ecology/WEB-INF/securityXML/weaver_security_custom_rules_for_messager.xml start...
2020-01-15 09:06:01:load rule file D:/WEAVER/ecology/WEB-INF/securityXML/weaver_security_custom_rules_for_messager.xml success...
2020-01-15 09:06:01:load rule file D:/WEAVER/ecology/WEB-INF/securityXML/weaver_security_custom_rules_for_no_access_freq_urls.xml start...
2020-01-15 09:06:01:load rule file D:/WEAVER/ecology/WEB-INF/securityXML/weaver_security_custom_rules_for_no_access_freq_urls.xml success...
2020-01-15 09:06:01:load rule file D:/WEAVER/ecology/WEB-INF/securityXML/weaver_security_custom_rules_for_tbys.xml start...
2020-01-15 09:06:01:clear standard rules of /page/element/outdata/taboperation.jsp,area
2020-01-15 09:06:01:clear standard rules of /page/element/outdata/taboperation.jsp,sqltext
2020-01-15 09:06:01:clear standard rules of /page/element/outdata/taboperation.jsp,transql
2020-01-15 09:06:01:clear standard rules of /formmode/setup/modeoperation.jsp,fieldid
2020-01-15 09:06:01:clear standard rules of /workflow/ruledesign/ruleoperation.jsp,rulexml
2020-01-15 09:06:01:clear standard rules of /formmode/interfaces/expandrightconditionoperation.jsp,conditionsqltext
2020-01-15 09:06:01:clear standard rules of /workflow/exceldesign/exceluploadformula.jsp,paramtxt
2020-01-15 09:06:01:clear standard rules of /integration/hrsettingoperation.jsp,transql
2020-01-15 09:06:01:clear standard rules of /workflow/html/layoutoperation.jsp,layouttext
2020-01-15 09:06:01:clear standard rules of /hrm/jobtitles/jobtitlesbrowser.jsp,sqlwhere
2020-01-15 09:06:01:clear standard rules of /formmode/search/customsearchbuttoperation.jsp,sqlwhere
2020-01-15 09:06:01:clear standard rules of /workflow/dmlaction/formactionsettingoperation.jsp,dmlmainsql
2020-01-15 09:06:01:clear standard rules of /workflow/dmlaction/formactionsettingoperation.jsp,extravalue
2020-01-15 09:06:01:clear standard rules of /formmode/exceldesign/excelsecurity.jsp,str1
2020-01-15 09:06:01:clear standard rules of /workflow/exceldesign/excelsecurity.jsp,str1
2020-01-15 09:06:01:clear standard rules of /workflow/dmlaction/formactionsettingedit.jsp,dmlmainsql
2020-01-15 09:06:01:clear standard rules of /workflow/exceldesign/excellayoutsave.jsp,datajson
2020-01-15 09:06:01:clear standard rules of /workflow/exceldesign/excellayoutsave.jsp,pluginjson
2020-01-15 09:06:01:clear standard rules of /page/element/compatible/newsoperate.jsp,sqltabwhere
2020-01-15 09:06:01:clear standard rules of /formmode/setup/expandsettingsacting.jsp,hreftarget
2020-01-15 09:06:01:clear standard rules of __somecommonparamsrule__,remove
2020-01-15 09:06:01:clear standard rules of __somecommonparamsrule__,contains
2020-01-15 09:06:01:clear standard rules of /mobilemode/action.jsp,sqlwhere
2020-01-15 09:06:01:clear standard rules of /mobilemode/action.jsp,segscript
2020-01-15 09:06:01:clear standard rules of /mobilemode/action.jsp,whereclause
2020-01-15 09:06:01:clear standard rules of /mobilemode/action.jsp,content
2020-01-15 09:06:01:clear standard rules of /api/mobilemode/admin/designer/savehomepagecontent,mecjsonstr
2020-01-15 09:06:01:clear standard rules of /integration/wsshoweditsetoperation.jsp,searchbyid
2020-01-15 09:06:01:clear standard rules of /integration/wsshoweditsetoperation.jsp,search
2020-01-15 09:06:01:clear standard rules of /integration/wsshoweditsetoperation.jsp,searchbyname
2020-01-15 09:06:01:clear standard rules of /servicesetting/xmlfileoperation.jsp,searchbyid
2020-01-15 09:06:01:clear standard rules of /servicesetting/xmlfileoperation.jsp,search
2020-01-15 09:06:01:clear standard rules of /servicesetting/xmlfileoperation.jsp,searchbyname
2020-01-15 09:06:01:clear standard rules of /servicesetting/xmlfileoperation.jsp,searchfordetail
2020-01-15 09:06:01:clear standard rules of /mobilemode/mecaction.jsp,segscript
2020-01-15 09:06:01:clear standard rules of /mobilemode/mecaction.jsp,sqlwhere
2020-01-15 09:06:01:clear standard rules of /formmode/tree/customtreenodeoperation.jsp,datacondition
2020-01-15 09:06:01:clear standard rules of /workflow/workflow/wfurger_operation.jsp,^group_\d+_condition$
2020-01-15 09:06:01:clear standard rules of /workflow/workflow/wfurger_operation.jsp,^group_\d+_conditioncn$
2020-01-15 09:06:01:clear standard rules of /weaver/weaver.formmode.servelt.customsearchaction,defaultsql
2020-01-15 09:06:01:clear standard rules of /workflow/exceldesign/excellayoutsave.jsp,fieldsql\d+_?\d*
2020-01-15 09:06:01:clear standard rules of /formmode/exceldesign/excellayoutsave.jsp,fieldsql\d+_?\d*
2020-01-15 09:06:01:load rule file D:/WEAVER/ecology/WEB-INF/securityXML/weaver_security_custom_rules_for_tbys.xml success...
2020-01-15 09:06:01:load rule file D:/WEAVER/ecology/WEB-INF/securityXML/weaver_security_rules_for_20180123_mgwj.xml start...
2020-01-15 09:06:01:load rule file D:/WEAVER/ecology/WEB-INF/securityXML/weaver_security_rules_for_20180123_mgwj.xml success...
2020-01-15 09:06:01:load rule file D:/WEAVER/ecology/WEB-INF/securityXML/weaver_security_rules_for_bz.xml start...
2020-01-15 09:06:01:load rule file D:/WEAVER/ecology/WEB-INF/securityXML/weaver_security_rules_for_bz.xml success...
2020-01-15 09:06:01:load rule file D:/WEAVER/ecology/WEB-INF/securityXML/weaver_security_rules_for_cookie.xml start...
2020-01-15 09:06:01:load rule file D:/WEAVER/ecology/WEB-INF/securityXML/weaver_security_rules_for_cookie.xml success...
2020-01-15 09:06:01:load rule file D:/WEAVER/ecology/WEB-INF/securityXML/weaver_security_rules_for_need_login_urls.xml start...
2020-01-15 09:06:02:load rule file D:/WEAVER/ecology/WEB-INF/securityXML/weaver_security_rules_for_need_login_urls.xml success...
2020-01-15 09:06:03:load rule file D:/WEAVER/ecology/WEB-INF/securityXML/weaver_security_rules_for_not_empty_refer.xml start...
2020-01-15 09:06:03:load rule file D:/WEAVER/ecology/WEB-INF/securityXML/weaver_security_rules_for_not_empty_refer.xml success...
2020-01-15 09:06:03:load rule file D:/WEAVER/ecology/WEB-INF/securityXML/weaver_security_rules_for_session.xml start...
2020-01-15 09:06:03:load rule file D:/WEAVER/ecology/WEB-INF/securityXML/weaver_security_rules_for_session.xml success...
2020-01-15 09:06:03:load rule file D:/WEAVER/ecology/WEB-INF/securityXML/weaver_security_rules_for_synccache.xml start...
2020-01-15 09:06:03:load rule file D:/WEAVER/ecology/WEB-INF/securityXML/weaver_security_rules_for_synccache.xml success...
2020-01-15 09:06:03:load rule file D:/WEAVER/ecology/WEB-INF/securityXML/weaver_security_rules_for_update_url.xml start...
2020-01-15 09:06:03:load rule file D:/WEAVER/ecology/WEB-INF/securityXML/weaver_security_rules_for_update_url.xml success...
2020-01-15 09:06:03:load rule file D:/WEAVER/ecology/WEB-INF/securityXML/weaver_security_rules_for_white_ip.xml start...
2020-01-15 09:06:03:load rule file D:/WEAVER/ecology/WEB-INF/securityXML/weaver_security_rules_for_white_ip.xml success...
2020-01-15 09:06:03:load rule file D:/WEAVER/ecology/WEB-INF/securityXML/weaver_security_rules_for_ws.xml start...
2020-01-15 09:06:03:load rule file D:/WEAVER/ecology/WEB-INF/securityXML/weaver_security_rules_for_ws.xml success...
2020-01-15 09:15:11:The server is resin3
2020-01-15 09:15:11:>>>sensitive_settings table is exists!
2020-01-15 09:35:59:update URL::https://update.e-cology.cn/
2020-01-15 09:35:59:security current version is v10.23, and the security rule current version is v10.10
2020-01-15 10:05:59:update URL::https://update.e-cology.cn/
2020-01-15 10:05:59:security current version is v10.23, and the security rule current version is v10.10
2020-01-15 10:35:59:update URL::https://update.e-cology.cn/
2020-01-15 10:35:59:security current version is v10.23, and the security rule current version is v10.10
2020-01-15 11:05:59:update URL::https://update.e-cology.cn/
2020-01-15 11:05:59:security current version is v10.23, and the security rule current version is v10.10
2020-01-15 11:35:59:update URL::https://update.e-cology.cn/
2020-01-15 11:35:59:security current version is v10.23, and the security rule current version is v10.10
2020-01-15 12:05:59:update URL::https://update.e-cology.cn/
2020-01-15 12:05:59:security current version is v10.23, and the security rule current version is v10.10
2020-01-15 13:11:37:update URL::https://update.e-cology.cn/
2020-01-15 13:11:37:security current version is v10.23, and the security rule current version is v10.10
2020-01-15 13:41:37:update URL::https://update.e-cology.cn/
2020-01-15 13:41:37:security current version is v10.23, and the security rule current version is v10.10
2020-01-15 14:11:37:update URL::https://update.e-cology.cn/
2020-01-15 14:11:37:security current version is v10.23, and the security rule current version is v10.10
2020-01-15 14:41:37:update URL::https://update.e-cology.cn/
2020-01-15 14:41:37:security current version is v10.23, and the security rule current version is v10.10
2020-01-15 15:11:37:update URL::https://update.e-cology.cn/
2020-01-15 15:11:37:security current version is v10.23, and the security rule current version is v10.10
2020-01-15 15:41:37:update URL::https://update.e-cology.cn/
2020-01-15 15:41:37:security current version is v10.23, and the security rule current version is v10.10
2020-01-15 16:11:37:update URL::https://update.e-cology.cn/
2020-01-15 16:11:37:security current version is v10.23, and the security rule current version is v10.10
2020-01-15 16:41:37:update URL::https://update.e-cology.cn/
2020-01-15 16:41:37:security current version is v10.23, and the security rule current version is v10.10
2020-01-15 17:11:37:update URL::https://update.e-cology.cn/
2020-01-15 17:11:37:security current version is v10.23, and the security rule current version is v10.10
2020-01-15 17:41:37:update URL::https://update.e-cology.cn/
2020-01-15 17:41:37:security current version is v10.23, and the security rule current version is v10.10
