2020-10-21 16:27:42 time=146:count=81897:select indexid,labelname,languageid from HtmlLabelInfo order by indexid desc
java.lang.Throwable
	at weaver.monitor.monitor.SQLExeMonitor.logCount(SQLExeMonitor.java:49)
	at weaver.conn.aop.RecordSetAop.executeSql_after(RecordSetAop.java:23)
	at weaver.conn.RecordSet.executeSql(RecordSet.java:336)
	at weaver.systeminfo.label.LabelComInfo.initCache(LabelComInfo.java:53)
	at weaver.cache.CacheBase.initCacheAndSetData(CacheBase.java:280)
	at weaver.cache.CacheBase.initCacheSafe(CacheBase.java:190)
	at weaver.cache.CacheBase.<init>(CacheBase.java:69)
	at weaver.systeminfo.label.LabelComInfo.<init>(LabelComInfo.java:21)
	at weaver.systeminfo.SystemEnv.<clinit>(SystemEnv.java:32)
	at _jsp._wui._theme._ecology8._page._login__jsp._jspService(_login__jsp.java:328)
	at com.caucho.jsp.JavaPage.service(JavaPage.java:61)
	at com.caucho.jsp.Page.pageservice(Page.java:587)
	at com.caucho.server.dispatch.PageFilterChain.doFilter(PageFilterChain.java:195)
	at wscheck.FileCheckFilter.doFilter(FileCheckFilter.java:146)
	at com.caucho.server.dispatch.FilterFilterChain.doFilter(FilterFilterChain.java:87)
	at weaver.filter.PFixFilter.doFilter(PFixFilter.java:129)
	at com.caucho.server.dispatch.FilterFilterChain.doFilter(FilterFilterChain.java:87)
	at weaver.filter.MonitorXFixIPFilter.doFilter(MonitorXFixIPFilter.java:30)
	at weaver.filter.MonitorForbiddenUrlFilter.doFilter(MonitorForbiddenUrlFilter.java:133)
	at weaver.filter.MonitorCheckdbFilter.doFilter(MonitorCheckdbFilter.java:49)
	at weaver.filter.MonitorXUrlTimeFilter.doFilter(MonitorXUrlTimeFilter.java:66)
	at weaver.filter.DynamicMonitorXFilter.doFilter(DynamicMonitorXFilter.java:86)
	at weaver.filter.MonitorXFilter.doFilter(MonitorXFilter.java:83)
	at com.caucho.server.dispatch.FilterFilterChain.doFilter(FilterFilterChain.java:87)
	at weaver.filter.FixIPFilter.doFilter(FixIPFilter.java:23)
	at com.caucho.server.dispatch.FilterFilterChain.doFilter(FilterFilterChain.java:87)
	at weaver.filter.DialogHandleFilter.doFilter(DialogHandleFilter.java:54)
	at com.caucho.server.dispatch.FilterFilterChain.doFilter(FilterFilterChain.java:87)
	at weaver.filter.XssFilter.doFilterInternal(XssFilter.java:40)
	at org.springframework.web.filter.OncePerRequestFilter.doFilter(OncePerRequestFilter.java:76)
	at com.caucho.server.dispatch.FilterFilterChain.doFilter(FilterFilterChain.java:87)
	at weaver.filter.ConnFastFilter.doFilter(ConnFastFilter.java:38)
	at com.caucho.server.dispatch.FilterFilterChain.doFilter(FilterFilterChain.java:87)
	at weaver.filter.AppUseFilter.doFilter(AppUseFilter.java:48)
	at com.caucho.server.dispatch.FilterFilterChain.doFilter(FilterFilterChain.java:87)
	at weaver.filter.IECompatibleFilter.doFilter(IECompatibleFilter.java:104)
	at com.caucho.server.dispatch.FilterFilterChain.doFilter(FilterFilterChain.java:87)
	at weaver.filter.WGzipFilter.doFilter(WGzipFilter.java:138)
	at com.caucho.server.dispatch.FilterFilterChain.doFilter(FilterFilterChain.java:87)
	at weaver.security.webcontainer.XssRequestForResin3.doFilter(XssRequestForResin3.java:37)
	at sun.reflect.NativeMethodAccessorImpl.invoke0(Native Method)
	at sun.reflect.NativeMethodAccessorImpl.invoke(NativeMethodAccessorImpl.java:62)
	at sun.reflect.DelegatingMethodAccessorImpl.invoke(DelegatingMethodAccessorImpl.java:43)
	at java.lang.reflect.Method.invoke(Method.java:498)
	at weaver.security.filter.SecurityMain.process(SecurityMain.java:854)
	at sun.reflect.NativeMethodAccessorImpl.invoke0(Native Method)
	at sun.reflect.NativeMethodAccessorImpl.invoke(NativeMethodAccessorImpl.java:62)
	at sun.reflect.DelegatingMethodAccessorImpl.invoke(DelegatingMethodAccessorImpl.java:43)
	at java.lang.reflect.Method.invoke(Method.java:498)
	at weaver.filter.SecurityFilter.doFilterInternal(SecurityFilter.java:51)
	at org.springframework.web.filter.OncePerRequestFilter.doFilter(OncePerRequestFilter.java:76)
	at com.caucho.server.dispatch.FilterFilterChain.doFilter(FilterFilterChain.java:87)
	at com.caucho.server.webapp.WebAppFilterChain.doFilter(WebAppFilterChain.java:187)
	at com.caucho.server.dispatch.ServletInvocation.service(ServletInvocation.java:265)
	at com.caucho.server.http.HttpRequest.handleRequest(HttpRequest.java:273)
	at com.caucho.server.port.TcpConnection.run(TcpConnection.java:682)
	at com.caucho.util.ThreadPool$Item.runTasks(ThreadPool.java:730)
	at com.caucho.util.ThreadPool$Item.run(ThreadPool.java:649)
	at java.lang.Thread.run(Thread.java:748)

