D:\WEAVER\ecology\classbean\com\shxiv\hfwh\workflow\action\FlMxAction.class		1970-01-01 08:00:00		2019-11-06 02:37:07
D:\WEAVER\ecology\cpt\manage\validate.jsp		2019-10-20 01:00:51		2019-11-05 01:25:56
D:\WEAVER\ecology\mobile\browser\WorkflowCenterTreeData.jsp		2019-10-20 01:00:51		2019-11-05 01:25:56
D:\WEAVER\ecology\mobile\DBconfigReader.jsp		2015-05-05 02:32:16		2019-11-05 01:25:56
D:\WEAVER\ecology\mobile\plugin\11\BlogOperation.jsp		2015-01-09 03:09:56		2019-11-05 01:25:56
D:\WEAVER\ecology\mobile\plugin\contract\base\getHrmInfo.jsp		2017-09-20 03:03:54		2019-11-05 01:25:57
D:\WEAVER\ecology\mobile\plugin\GetMaster.jsp		2017-10-23 02:36:16		2019-11-05 01:25:56
D:\WEAVER\ecology\mobile\plugin\hrm\changepassword.jsp		2018-03-01 10:19:38		2019-11-05 01:25:56
D:\WEAVER\ecology\mobile\plugin\SyncUser.jsp		2019-10-20 01:00:51		2019-11-05 01:25:56
D:\WEAVER\ecology\mobile\plugin\SyncUserInfo.jsp		2019-10-20 01:00:51		2019-11-05 01:25:56
D:\WEAVER\ecology\mobile\WorkflowCenterTreeData.jsp		2019-10-20 01:00:51		2019-11-05 01:25:56
D:\WEAVER\ecology\classbean\com\shxiv\hfwh\workflow\action\FlMxAction.class		1970-01-01 08:00:00		2019-11-06 02:37:07
D:\WEAVER\ecology\cpt\manage\validate.jsp		2019-10-20 01:00:51		2019-11-05 01:25:56
D:\WEAVER\ecology\mobile\browser\WorkflowCenterTreeData.jsp		2019-10-20 01:00:51		2019-11-05 01:25:56
D:\WEAVER\ecology\mobile\DBconfigReader.jsp		2015-05-05 02:32:16		2019-11-05 01:25:56
D:\WEAVER\ecology\mobile\plugin\11\BlogOperation.jsp		2015-01-09 03:09:56		2019-11-05 01:25:56
D:\WEAVER\ecology\mobile\plugin\contract\base\getHrmInfo.jsp		2017-09-20 03:03:54		2019-11-05 01:25:57
D:\WEAVER\ecology\mobile\plugin\GetMaster.jsp		2017-10-23 02:36:16		2019-11-05 01:25:56
D:\WEAVER\ecology\mobile\plugin\hrm\changepassword.jsp		2018-03-01 10:19:38		2019-11-05 01:25:56
D:\WEAVER\ecology\mobile\plugin\SyncUser.jsp		2019-10-20 01:00:51		2019-11-05 01:25:56
D:\WEAVER\ecology\mobile\plugin\SyncUserInfo.jsp		2019-10-20 01:00:51		2019-11-05 01:25:56
D:\WEAVER\ecology\mobile\WorkflowCenterTreeData.jsp		2019-10-20 01:00:51		2019-11-05 01:25:56
