D:\WEAVER\ecology\classbean\com\cloudstore\api\controller\Action.class		1970-01-01 08:00:00		2019-03-28 10:45:32
D:\WEAVER\ecology\classbean\com\cloudstore\api\controller\ActionFactory.class		1970-01-01 08:00:00		2019-03-28 10:45:32
D:\WEAVER\ecology\classbean\com\cloudstore\api\controller\Action_CheckBrowerDataType.class		1970-01-01 08:00:00		2019-03-28 10:45:32
D:\WEAVER\ecology\classbean\com\cloudstore\api\controller\Action_CheckJarAndClass.class		1970-01-01 08:00:00		2019-03-28 10:45:32
D:\WEAVER\ecology\classbean\com\cloudstore\api\controller\Action_CheckWebXml.class		1970-01-01 08:00:00		2019-03-28 10:45:32
D:\WEAVER\ecology\classbean\com\cloudstore\api\controller\Action_CheckWebXml4Ecology.class		1970-01-01 08:00:00		2019-03-28 10:45:32
D:\WEAVER\ecology\classbean\com\cloudstore\api\controller\Action_ConfigJarAndClass.class		1970-01-01 08:00:00		2019-03-28 10:45:32
D:\WEAVER\ecology\classbean\com\cloudstore\api\controller\Action_ConfigSql.class		1970-01-01 08:00:00		2019-03-28 10:45:32
D:\WEAVER\ecology\classbean\com\cloudstore\api\controller\Action_ConfigWebXml.class		1970-01-01 08:00:00		2019-03-28 10:45:32
D:\WEAVER\ecology\classbean\com\cloudstore\api\controller\Action_ConfigWebXml4Ecology.class		1970-01-01 08:00:00		2019-03-28 10:45:32
D:\WEAVER\ecology\classbean\com\cloudstore\api\controller\Action_DelRole.class		1970-01-01 08:00:00		2019-03-28 10:45:32
D:\WEAVER\ecology\classbean\com\cloudstore\api\controller\Action_DoDiffXmlImport.class		1970-01-01 08:00:00		2019-03-28 10:45:32
D:\WEAVER\ecology\classbean\com\cloudstore\api\controller\Action_DoFieldNameGet.class		1970-01-01 08:00:00		2019-03-28 10:45:32
D:\WEAVER\ecology\classbean\com\cloudstore\api\controller\Action_DownLoadApp.class		1970-01-01 08:00:00		2019-03-28 10:45:32
D:\WEAVER\ecology\classbean\com\cloudstore\api\controller\Action_GetAppCount.class		1970-01-01 08:00:00		2019-03-28 10:45:32
D:\WEAVER\ecology\classbean\com\cloudstore\api\controller\Action_GetAppInfo.class		1970-01-01 08:00:00		2019-03-28 10:45:32
D:\WEAVER\ecology\classbean\com\cloudstore\api\controller\Action_GetAppList.class		1970-01-01 08:00:00		2019-03-28 10:45:32
D:\WEAVER\ecology\classbean\com\cloudstore\api\controller\Action_GetAppName.class		1970-01-01 08:00:00		2019-03-28 10:45:32
D:\WEAVER\ecology\classbean\com\cloudstore\api\controller\Action_GetBrowerDataCount.class		1970-01-01 08:00:00		2019-03-28 10:45:32
D:\WEAVER\ecology\classbean\com\cloudstore\api\controller\Action_GetBrowerDataList.class		1970-01-01 08:00:00		2019-03-28 10:45:32
D:\WEAVER\ecology\classbean\com\cloudstore\api\controller\Action_GetCloudStoreToken.class		1970-01-01 08:00:00		2019-03-28 10:45:32
D:\WEAVER\ecology\classbean\com\cloudstore\api\controller\Action_GetCsMenu.class		1970-01-01 08:00:00		2019-03-28 10:45:32
D:\WEAVER\ecology\classbean\com\cloudstore\api\controller\Action_GetDatasource.class		1970-01-01 08:00:00		2019-03-28 10:45:32
D:\WEAVER\ecology\classbean\com\cloudstore\api\controller\Action_GetDbTable.class		1970-01-01 08:00:00		2019-03-28 10:45:32
D:\WEAVER\ecology\classbean\com\cloudstore\api\controller\Action_GetDbTableData.class		1970-01-01 08:00:00		2019-03-28 10:45:32
D:\WEAVER\ecology\classbean\com\cloudstore\api\controller\Action_GetGroupDataList.class		1970-01-01 08:00:00		2019-03-28 10:45:32
D:\WEAVER\ecology\classbean\com\cloudstore\api\controller\Action_GetImgFileId.class		1970-01-01 08:00:00		2019-03-28 10:45:32
D:\WEAVER\ecology\classbean\com\cloudstore\api\controller\Action_GetJoin.class		1970-01-01 08:00:00		2019-03-28 10:45:32
D:\WEAVER\ecology\classbean\com\cloudstore\api\controller\Action_GetMobileApp.class		1970-01-01 08:00:00		2019-03-28 10:45:32
D:\WEAVER\ecology\classbean\com\cloudstore\api\controller\Action_GetModeApp.class		1970-01-01 08:00:00		2019-03-28 10:45:32
D:\WEAVER\ecology\classbean\com\cloudstore\api\controller\Action_GetModeImpExpLog.class		1970-01-01 08:00:00		2019-03-28 10:45:32
D:\WEAVER\ecology\classbean\com\cloudstore\api\controller\Action_GetModeInfo.class		1970-01-01 08:00:00		2019-03-28 10:45:32
D:\WEAVER\ecology\classbean\com\cloudstore\api\controller\Action_GetModelCount.class		1970-01-01 08:00:00		2019-03-28 10:45:32
D:\WEAVER\ecology\classbean\com\cloudstore\api\controller\Action_GetPartApp.class		1970-01-01 08:00:00		2019-03-28 10:45:32
D:\WEAVER\ecology\classbean\com\cloudstore\api\controller\Action_GetRole.class		1970-01-01 08:00:00		2019-03-28 10:45:32
D:\WEAVER\ecology\classbean\com\cloudstore\api\controller\Action_GetRoles.class		1970-01-01 08:00:00		2019-03-28 10:45:32
D:\WEAVER\ecology\classbean\com\cloudstore\api\controller\Action_GetRolesNum.class		1970-01-01 08:00:00		2019-03-28 10:45:32
D:\WEAVER\ecology\classbean\com\cloudstore\api\controller\Action_GetSmsXml.class		1970-01-01 08:00:00		2019-03-28 10:45:32
D:\WEAVER\ecology\classbean\com\cloudstore\api\controller\Action_GetTokenStatus.class		1970-01-01 08:00:00		2019-03-28 10:45:32
D:\WEAVER\ecology\classbean\com\cloudstore\api\controller\Action_GetTree4Com.class		1970-01-01 08:00:00		2019-03-28 10:45:32
D:\WEAVER\ecology\classbean\com\cloudstore\api\controller\Action_GetTree4Dep.class		1970-01-01 08:00:00		2019-03-28 10:45:32
D:\WEAVER\ecology\classbean\com\cloudstore\api\controller\Action_GetTree4Hrm.class		1970-01-01 08:00:00		2019-03-28 10:45:32
D:\WEAVER\ecology\classbean\com\cloudstore\api\controller\Action_GetTree4Node.class		1970-01-01 08:00:00		2019-03-28 10:45:32
D:\WEAVER\ecology\classbean\com\cloudstore\api\controller\Action_GetTree4Subject.class		1970-01-01 08:00:00		2019-03-28 10:45:32
D:\WEAVER\ecology\classbean\com\cloudstore\api\controller\Action_GetTree4Wf.class		1970-01-01 08:00:00		2019-03-28 10:45:32
D:\WEAVER\ecology\classbean\com\cloudstore\api\controller\Action_GetTree4Wt.class		1970-01-01 08:00:00		2019-03-28 10:45:32
D:\WEAVER\ecology\classbean\com\cloudstore\api\controller\Action_GetWfFields.class		1970-01-01 08:00:00		2019-03-28 10:45:32
D:\WEAVER\ecology\classbean\com\cloudstore\api\controller\Action_ImportAndExport.class		1970-01-01 08:00:00		2019-03-28 10:45:32
D:\WEAVER\ecology\classbean\com\cloudstore\api\controller\Action_InitImport.class		1970-01-01 08:00:00		2019-03-28 10:45:32
D:\WEAVER\ecology\classbean\com\cloudstore\api\controller\Action_InstallApp.class		1970-01-01 08:00:00		2019-03-28 10:45:32
D:\WEAVER\ecology\classbean\com\cloudstore\api\controller\Action_ReturnName.class		1970-01-01 08:00:00		2019-03-28 10:45:32
D:\WEAVER\ecology\classbean\com\cloudstore\api\controller\Action_SaveAppKey.class		1970-01-01 08:00:00		2019-03-28 10:45:32
D:\WEAVER\ecology\classbean\com\cloudstore\api\controller\Action_SaveRole.class		1970-01-01 08:00:00		2019-03-28 10:45:32
D:\WEAVER\ecology\classbean\com\cloudstore\api\controller\Action_SaveSmsXml.class		1970-01-01 08:00:00		2019-03-28 10:45:32
D:\WEAVER\ecology\classbean\com\cloudstore\api\controller\Action_SendMsg.class		1970-01-01 08:00:00		2019-03-28 10:45:32
D:\WEAVER\ecology\classbean\com\cloudstore\api\controller\Action_SendToJoin.class		1970-01-01 08:00:00		2019-03-28 10:45:32
D:\WEAVER\ecology\classbean\com\cloudstore\api\controller\Action_SetCsMenu.class		1970-01-01 08:00:00		2019-03-28 10:45:32
D:\WEAVER\ecology\classbean\com\cloudstore\api\controller\Action_UpdateTokenConfig.class		1970-01-01 08:00:00		2019-03-28 10:45:32
D:\WEAVER\ecology\classbean\com\cloudstore\api\dao\Dao_Db.class		1970-01-01 08:00:00		2019-03-28 10:45:32
D:\WEAVER\ecology\classbean\com\cloudstore\api\dao\Dao_DbFactory.class		1970-01-01 08:00:00		2019-03-28 10:45:32
D:\WEAVER\ecology\classbean\com\cloudstore\api\dao\Dao_DbImplMysql.class		1970-01-01 08:00:00		2019-03-28 10:45:32
D:\WEAVER\ecology\classbean\com\cloudstore\api\dao\Dao_DbImplOracle.class		1970-01-01 08:00:00		2019-03-28 10:45:32
D:\WEAVER\ecology\classbean\com\cloudstore\api\dao\Dao_DbImplSqlServer.class		1970-01-01 08:00:00		2019-03-28 10:45:32
D:\WEAVER\ecology\classbean\com\cloudstore\api\dao\Dao_Doc.class		1970-01-01 08:00:00		2019-03-28 10:45:32
D:\WEAVER\ecology\classbean\com\cloudstore\api\dao\Dao_DocFactory.class		1970-01-01 08:00:00		2019-03-28 10:45:32
D:\WEAVER\ecology\classbean\com\cloudstore\api\dao\Dao_DocImplOracle.class		1970-01-01 08:00:00		2019-03-28 10:45:32
D:\WEAVER\ecology\classbean\com\cloudstore\api\dao\Dao_DocImplSqlServer.class		1970-01-01 08:00:00		2019-03-28 10:45:32
D:\WEAVER\ecology\classbean\com\cloudstore\api\dao\Dao_GetModel.class		1970-01-01 08:00:00		2019-03-28 10:45:32
D:\WEAVER\ecology\classbean\com\cloudstore\api\dao\Dao_GetModelFactory.class		1970-01-01 08:00:00		2019-03-28 10:45:32
D:\WEAVER\ecology\classbean\com\cloudstore\api\dao\Dao_GetModelOracle.class		1970-01-01 08:00:00		2019-03-28 10:45:32
D:\WEAVER\ecology\classbean\com\cloudstore\api\dao\Dao_GetModelSqlserver.class		1970-01-01 08:00:00		2019-03-28 10:45:32
D:\WEAVER\ecology\classbean\com\cloudstore\api\dao\Dao_Hrm4Ec.class		1970-01-01 08:00:00		2019-03-28 10:45:32
D:\WEAVER\ecology\classbean\com\cloudstore\api\dao\Dao_Hrm4EcFactory.class		1970-01-01 08:00:00		2019-03-28 10:45:32
D:\WEAVER\ecology\classbean\com\cloudstore\api\dao\Dao_Hrm4EcMysql.class		1970-01-01 08:00:00		2019-03-28 10:45:32
D:\WEAVER\ecology\classbean\com\cloudstore\api\dao\Dao_Hrm4EcOracle.class		1970-01-01 08:00:00		2019-03-28 10:45:32
D:\WEAVER\ecology\classbean\com\cloudstore\api\dao\Dao_Hrm4EcSqlServer.class		1970-01-01 08:00:00		2019-03-28 10:45:32
D:\WEAVER\ecology\classbean\com\cloudstore\api\dao\Dao_InstallApp.class		1970-01-01 08:00:00		2019-03-28 10:45:32
D:\WEAVER\ecology\classbean\com\cloudstore\api\dao\Dao_InstallAppImpl.class		1970-01-01 08:00:00		2019-03-28 10:45:32
D:\WEAVER\ecology\classbean\com\cloudstore\api\dao\Dao_Locale.class		1970-01-01 08:00:00		2019-03-28 10:45:32
D:\WEAVER\ecology\classbean\com\cloudstore\api\dao\Dao_LocaleFactory.class		1970-01-01 08:00:00		2019-03-28 10:45:32
D:\WEAVER\ecology\classbean\com\cloudstore\api\dao\Dao_LocaleMysql.class		1970-01-01 08:00:00		2019-03-28 10:45:32
D:\WEAVER\ecology\classbean\com\cloudstore\api\dao\Dao_LocaleSqlserver.class		1970-01-01 08:00:00		2019-03-28 10:45:32
D:\WEAVER\ecology\classbean\com\cloudstore\api\dao\Dao_Manage.class		1970-01-01 08:00:00		2019-03-28 10:45:32
D:\WEAVER\ecology\classbean\com\cloudstore\api\dao\Dao_ManageFactory.class		1970-01-01 08:00:00		2019-03-28 10:45:32
D:\WEAVER\ecology\classbean\com\cloudstore\api\dao\Dao_ManageImpl.class		1970-01-01 08:00:00		2019-03-28 10:45:32
D:\WEAVER\ecology\classbean\com\cloudstore\api\dao\Dao_ManageImplMysql.class		1970-01-01 08:00:00		2019-03-28 10:45:32
D:\WEAVER\ecology\classbean\com\cloudstore\api\dao\Dao_ManageImplOracle.class		1970-01-01 08:00:00		2019-03-28 10:45:32
D:\WEAVER\ecology\classbean\com\cloudstore\api\dao\Dao_ManageImplSqlserver.class		1970-01-01 08:00:00		2019-03-28 10:45:32
D:\WEAVER\ecology\classbean\com\cloudstore\api\dao\Dao_Menu.class		1970-01-01 08:00:00		2019-03-28 10:45:32
D:\WEAVER\ecology\classbean\com\cloudstore\api\dao\Dao_MenuFactory.class		1970-01-01 08:00:00		2019-03-28 10:45:32
D:\WEAVER\ecology\classbean\com\cloudstore\api\dao\Dao_MenuImplMysql.class		1970-01-01 08:00:00		2019-03-28 10:45:32
D:\WEAVER\ecology\classbean\com\cloudstore\api\dao\Dao_MenuImplOracle.class		1970-01-01 08:00:00		2019-03-28 10:45:32
D:\WEAVER\ecology\classbean\com\cloudstore\api\dao\Dao_MenuImplSqlserver.class		1970-01-01 08:00:00		2019-03-28 10:45:32
D:\WEAVER\ecology\classbean\com\cloudstore\api\dao\Dao_Org.class		1970-01-01 08:00:00		2019-03-28 10:45:32
D:\WEAVER\ecology\classbean\com\cloudstore\api\dao\Dao_OrgFactory.class		1970-01-01 08:00:00		2019-03-28 10:45:32
D:\WEAVER\ecology\classbean\com\cloudstore\api\dao\Dao_OrgImpl.class		1970-01-01 08:00:00		2019-03-28 10:45:32
D:\WEAVER\ecology\classbean\com\cloudstore\api\dao\Dao_out.class		1970-01-01 08:00:00		2019-03-28 10:45:32
D:\WEAVER\ecology\classbean\com\cloudstore\api\dao\Dao_outFactory.class		1970-01-01 08:00:00		2019-03-28 10:45:32
D:\WEAVER\ecology\classbean\com\cloudstore\api\dao\Dao_outImplOracle.class		1970-01-01 08:00:00		2019-03-28 10:45:32
D:\WEAVER\ecology\classbean\com\cloudstore\api\dao\Dao_outImplSqlserver.class		1970-01-01 08:00:00		2019-03-28 10:45:32
D:\WEAVER\ecology\classbean\com\cloudstore\api\dao\Dao_Sso.class		1970-01-01 08:00:00		2019-03-28 10:45:32
D:\WEAVER\ecology\classbean\com\cloudstore\api\dao\Dao_SsoFactory.class		1970-01-01 08:00:00		2019-03-28 10:45:32
D:\WEAVER\ecology\classbean\com\cloudstore\api\dao\Dao_SsoImpl.class		1970-01-01 08:00:00		2019-03-28 10:45:32
D:\WEAVER\ecology\classbean\com\cloudstore\api\dao\Dao_Wf.class		1970-01-01 08:00:00		2019-03-28 10:45:32
D:\WEAVER\ecology\classbean\com\cloudstore\api\dao\Dao_WfFactory.class		1970-01-01 08:00:00		2019-03-28 10:45:32
D:\WEAVER\ecology\classbean\com\cloudstore\api\dao\Dao_WfImplMysql.class		1970-01-01 08:00:00		2019-03-28 10:45:32
D:\WEAVER\ecology\classbean\com\cloudstore\api\dao\Dao_WfImplOracle.class		1970-01-01 08:00:00		2019-03-28 10:45:32
D:\WEAVER\ecology\classbean\com\cloudstore\api\dao\Dao_WfImplSqlserver.class		1970-01-01 08:00:00		2019-03-28 10:45:32
D:\WEAVER\ecology\classbean\com\cloudstore\api\obj\ActionObj.class		1970-01-01 08:00:00		2019-03-28 10:45:32
D:\WEAVER\ecology\classbean\com\cloudstore\api\obj\App.class		1970-01-01 08:00:00		2019-03-28 10:45:32
D:\WEAVER\ecology\classbean\com\cloudstore\api\obj\Auth.class		1970-01-01 08:00:00		2019-03-28 10:45:32
D:\WEAVER\ecology\classbean\com\cloudstore\api\obj\BillFieldObj.class		1970-01-01 08:00:00		2019-03-28 10:45:32
D:\WEAVER\ecology\classbean\com\cloudstore\api\obj\BillObj.class		1970-01-01 08:00:00		2019-03-28 10:45:32
D:\WEAVER\ecology\classbean\com\cloudstore\api\obj\BroswerId.class		1970-01-01 08:00:00		2019-03-28 10:45:32
D:\WEAVER\ecology\classbean\com\cloudstore\api\obj\BrowserBean.class		1970-01-01 08:00:00		2019-03-28 10:45:32
D:\WEAVER\ecology\classbean\com\cloudstore\api\obj\BrowserValueInfo.class		1970-01-01 08:00:00		2019-03-28 10:45:32
D:\WEAVER\ecology\classbean\com\cloudstore\api\obj\Checking.class		1970-01-01 08:00:00		2019-03-28 10:45:32
D:\WEAVER\ecology\classbean\com\cloudstore\api\obj\CloudCheckLicense.class		1970-01-01 08:00:00		2019-03-28 10:45:32
D:\WEAVER\ecology\classbean\com\cloudstore\api\obj\ConfigSql.class		1970-01-01 08:00:00		2019-03-28 10:45:32
D:\WEAVER\ecology\classbean\com\cloudstore\api\obj\Dbsource.class		1970-01-01 08:00:00		2019-03-28 10:45:32
D:\WEAVER\ecology\classbean\com\cloudstore\api\obj\FInitCheck.class		1970-01-01 08:00:00		2019-03-28 10:45:32
D:\WEAVER\ecology\classbean\com\cloudstore\api\obj\HrmComVirtualBean.class		1970-01-01 08:00:00		2019-03-28 10:45:32
D:\WEAVER\ecology\classbean\com\cloudstore\api\obj\ImportObj.class		1970-01-01 08:00:00		2019-03-28 10:45:32
D:\WEAVER\ecology\classbean\com\cloudstore\api\obj\InitCheck.class		1970-01-01 08:00:00		2019-03-28 10:45:32
D:\WEAVER\ecology\classbean\com\cloudstore\api\obj\InitCheckResult.class		1970-01-01 08:00:00		2019-03-28 10:45:32
D:\WEAVER\ecology\classbean\com\cloudstore\api\obj\InstallApp.class		1970-01-01 08:00:00		2019-03-28 10:45:32
D:\WEAVER\ecology\classbean\com\cloudstore\api\obj\LicenseH.class		1970-01-01 08:00:00		2019-03-28 10:45:32
D:\WEAVER\ecology\classbean\com\cloudstore\api\obj\Mode$Dodetail.class		1970-01-01 08:00:00		2019-03-28 10:45:32
D:\WEAVER\ecology\classbean\com\cloudstore\api\obj\Mode$DoImport.class		1970-01-01 08:00:00		2019-03-28 10:45:32
D:\WEAVER\ecology\classbean\com\cloudstore\api\obj\Mode$GetMobileApp.class		1970-01-01 08:00:00		2019-03-28 10:45:32
D:\WEAVER\ecology\classbean\com\cloudstore\api\obj\Mode$GetModeApp.class		1970-01-01 08:00:00		2019-03-28 10:45:32
D:\WEAVER\ecology\classbean\com\cloudstore\api\obj\Mode$GetModeImpExpLog.class		1970-01-01 08:00:00		2019-03-28 10:45:32
D:\WEAVER\ecology\classbean\com\cloudstore\api\obj\Mode$GetModeInfo.class		1970-01-01 08:00:00		2019-03-28 10:45:32
D:\WEAVER\ecology\classbean\com\cloudstore\api\obj\Mode.class		1970-01-01 08:00:00		2019-03-28 10:45:32
D:\WEAVER\ecology\classbean\com\cloudstore\api\obj\ModeBrowserObj.class		1970-01-01 08:00:00		2019-03-28 10:45:32
D:\WEAVER\ecology\classbean\com\cloudstore\api\obj\Page.class		1970-01-01 08:00:00		2019-03-28 10:45:32
D:\WEAVER\ecology\classbean\com\cloudstore\api\obj\RequestSearch.class		1970-01-01 08:00:00		2019-03-28 10:45:32
D:\WEAVER\ecology\classbean\com\cloudstore\api\obj\ReturnMsg.class		1970-01-01 08:00:00		2019-03-28 10:45:32
D:\WEAVER\ecology\classbean\com\cloudstore\api\obj\Role.class		1970-01-01 08:00:00		2019-03-28 10:45:32
D:\WEAVER\ecology\classbean\com\cloudstore\api\obj\RoleMember.class		1970-01-01 08:00:00		2019-03-28 10:45:32
D:\WEAVER\ecology\classbean\com\cloudstore\api\obj\RoleSearch.class		1970-01-01 08:00:00		2019-03-28 10:45:32
D:\WEAVER\ecology\classbean\com\cloudstore\api\obj\SearchConditionItem.class		1970-01-01 08:00:00		2019-03-28 10:45:32
D:\WEAVER\ecology\classbean\com\cloudstore\api\obj\SearchConditionOption.class		1970-01-01 08:00:00		2019-03-28 10:45:32
D:\WEAVER\ecology\classbean\com\cloudstore\api\obj\SelectedItem.class		1970-01-01 08:00:00		2019-03-28 10:45:32
D:\WEAVER\ecology\classbean\com\cloudstore\api\obj\SplitTableBean.class		1970-01-01 08:00:00		2019-03-28 10:45:32
D:\WEAVER\ecology\classbean\com\cloudstore\api\obj\SplitTableColBean.class		1970-01-01 08:00:00		2019-03-28 10:45:32
D:\WEAVER\ecology\classbean\com\cloudstore\api\obj\Sso.class		1970-01-01 08:00:00		2019-03-28 10:45:32
D:\WEAVER\ecology\classbean\com\cloudstore\api\obj\TagObj.class		1970-01-01 08:00:00		2019-03-28 10:45:32
D:\WEAVER\ecology\classbean\com\cloudstore\api\obj\ToOtherBroObj.class		1970-01-01 08:00:00		2019-03-28 10:45:32
D:\WEAVER\ecology\classbean\com\cloudstore\api\obj\Tree.class		1970-01-01 08:00:00		2019-03-28 10:45:32
D:\WEAVER\ecology\classbean\com\cloudstore\api\obj\TreeNode.class		1970-01-01 08:00:00		2019-03-28 10:45:32
D:\WEAVER\ecology\classbean\com\cloudstore\api\obj\WfDeatil.class		1970-01-01 08:00:00		2019-03-28 10:45:32
D:\WEAVER\ecology\classbean\com\cloudstore\api\obj\WfFields.class		1970-01-01 08:00:00		2019-03-28 10:45:32
D:\WEAVER\ecology\classbean\com\cloudstore\api\process\Process_App$IgnoreDTDEntityResolver.class		1970-01-01 08:00:00		2019-03-28 10:45:32
D:\WEAVER\ecology\classbean\com\cloudstore\api\process\Process_App.class		1970-01-01 08:00:00		2019-03-28 10:45:32
D:\WEAVER\ecology\classbean\com\cloudstore\api\process\Process_Checkout.class		1970-01-01 08:00:00		2019-03-28 10:45:32
D:\WEAVER\ecology\classbean\com\cloudstore\api\process\Process_ConfigFile.class		1970-01-01 08:00:00		2019-03-28 10:45:32
D:\WEAVER\ecology\classbean\com\cloudstore\api\process\Process_Data.class		1970-01-01 08:00:00		2019-03-28 10:45:32
D:\WEAVER\ecology\classbean\com\cloudstore\api\process\Process_Db.class		1970-01-01 08:00:00		2019-03-28 10:45:32
D:\WEAVER\ecology\classbean\com\cloudstore\api\process\Process_Doc.class		1970-01-01 08:00:00		2019-03-28 10:45:32
D:\WEAVER\ecology\classbean\com\cloudstore\api\process\Process_DownLoadApp.class		1970-01-01 08:00:00		2019-03-28 10:45:32
D:\WEAVER\ecology\classbean\com\cloudstore\api\process\Process_EmobileNotice.class		1970-01-01 08:00:00		2019-03-28 10:45:32
D:\WEAVER\ecology\classbean\com\cloudstore\api\process\Process_GetAppKey.class		1970-01-01 08:00:00		2019-03-28 10:45:32
D:\WEAVER\ecology\classbean\com\cloudstore\api\process\Process_GetModel.class		1970-01-01 08:00:00		2019-03-28 10:45:32
D:\WEAVER\ecology\classbean\com\cloudstore\api\process\Process_Hrm.class		1970-01-01 08:00:00		2019-03-28 10:45:32
D:\WEAVER\ecology\classbean\com\cloudstore\api\process\Process_Locale.class		1970-01-01 08:00:00		2019-03-28 10:45:32
D:\WEAVER\ecology\classbean\com\cloudstore\api\process\Process_Manage$IgnoreDTDEntityResolver.class		1970-01-01 08:00:00		2019-03-28 10:45:32
D:\WEAVER\ecology\classbean\com\cloudstore\api\process\Process_Manage$NoOpEntityResolver.class		1970-01-01 08:00:00		2019-03-28 10:45:32
D:\WEAVER\ecology\classbean\com\cloudstore\api\process\Process_Manage.class		1970-01-01 08:00:00		2019-03-28 10:45:32
D:\WEAVER\ecology\classbean\com\cloudstore\api\process\Process_Menu.class		1970-01-01 08:00:00		2019-03-28 10:45:32
D:\WEAVER\ecology\classbean\com\cloudstore\api\process\Process_Org.class		1970-01-01 08:00:00		2019-03-28 10:45:32
D:\WEAVER\ecology\classbean\com\cloudstore\api\process\Process_Sms.class		1970-01-01 08:00:00		2019-03-28 10:45:32
D:\WEAVER\ecology\classbean\com\cloudstore\api\process\Process_Sso.class		1970-01-01 08:00:00		2019-03-28 10:45:32
D:\WEAVER\ecology\classbean\com\cloudstore\api\process\Process_Wf.class		1970-01-01 08:00:00		2019-03-28 10:45:32
D:\WEAVER\ecology\classbean\com\cloudstore\api\service\Process_Checkout.class		1970-01-01 08:00:00		2019-03-28 10:45:32
D:\WEAVER\ecology\classbean\com\cloudstore\api\service\Service_CheckApp.class		1970-01-01 08:00:00		2019-03-28 10:45:32
D:\WEAVER\ecology\classbean\com\cloudstore\api\service\Service_Checkout.class		1970-01-01 08:00:00		2019-03-28 10:45:32
D:\WEAVER\ecology\classbean\com\cloudstore\api\service\Service_CheckOutDiff.class		1970-01-01 08:00:00		2019-03-28 10:45:32
D:\WEAVER\ecology\classbean\com\cloudstore\api\service\Service_DowloadApp.class		1970-01-01 08:00:00		2019-03-28 10:45:32
D:\WEAVER\ecology\classbean\com\cloudstore\api\service\Service_ImportAndExport.class		1970-01-01 08:00:00		2019-03-28 10:45:32
D:\WEAVER\ecology\classbean\com\cloudstore\api\service\Service_InstallApp.class		1970-01-01 08:00:00		2019-03-28 10:45:32
D:\WEAVER\ecology\classbean\com\cloudstore\api\service\Service_SetXml.class		1970-01-01 08:00:00		2019-03-28 10:45:32
D:\WEAVER\ecology\classbean\com\cloudstore\api\util\Util_Action.class		1970-01-01 08:00:00		2019-03-28 10:45:32
D:\WEAVER\ecology\classbean\com\cloudstore\api\util\Util_ArithCenter.class		1970-01-01 08:00:00		2019-03-28 10:45:32
D:\WEAVER\ecology\classbean\com\cloudstore\api\util\Util_Authority.class		1970-01-01 08:00:00		2019-03-28 10:45:32
D:\WEAVER\ecology\classbean\com\cloudstore\api\util\Util_AutoConfigXml$IgnoreDTDEntityResolver.class		1970-01-01 08:00:00		2019-03-28 10:45:32
D:\WEAVER\ecology\classbean\com\cloudstore\api\util\Util_AutoConfigXml.class		1970-01-01 08:00:00		2019-03-28 10:45:32
D:\WEAVER\ecology\classbean\com\cloudstore\api\util\Util_Base64.class		1970-01-01 08:00:00		2019-03-28 10:45:32
D:\WEAVER\ecology\classbean\com\cloudstore\api\util\Util_Bean.class		1970-01-01 08:00:00		2019-03-28 10:45:32
D:\WEAVER\ecology\classbean\com\cloudstore\api\util\Util_BroswerConstant.class		1970-01-01 08:00:00		2019-03-28 10:45:32
D:\WEAVER\ecology\classbean\com\cloudstore\api\util\Util_BrowserDataDefinitionUtil$1.class		1970-01-01 08:00:00		2019-03-28 10:45:32
D:\WEAVER\ecology\classbean\com\cloudstore\api\util\Util_BrowserDataDefinitionUtil$BrowserType.class		1970-01-01 08:00:00		2019-03-28 10:45:32
D:\WEAVER\ecology\classbean\com\cloudstore\api\util\Util_BrowserDataDefinitionUtil.class		1970-01-01 08:00:00		2019-03-28 10:45:32
D:\WEAVER\ecology\classbean\com\cloudstore\api\util\Util_BrowserDataType.class		1970-01-01 08:00:00		2019-03-28 10:45:32
D:\WEAVER\ecology\classbean\com\cloudstore\api\util\Util_Cache.class		1970-01-01 08:00:00		2019-03-28 10:45:32
D:\WEAVER\ecology\classbean\com\cloudstore\api\util\Util_ChangeStr.class		1970-01-01 08:00:00		2019-03-28 10:45:32
D:\WEAVER\ecology\classbean\com\cloudstore\api\util\Util_CheckAuth.class		1970-01-01 08:00:00		2019-03-28 10:45:32
D:\WEAVER\ecology\classbean\com\cloudstore\api\util\Util_CheckDb.class		1970-01-01 08:00:00		2019-03-28 10:45:32
D:\WEAVER\ecology\classbean\com\cloudstore\api\util\Util_checkOutXml.class		1970-01-01 08:00:00		2019-03-28 10:45:32
D:\WEAVER\ecology\classbean\com\cloudstore\api\util\Util_CheckSql.class		1970-01-01 08:00:00		2019-03-28 10:45:32
D:\WEAVER\ecology\classbean\com\cloudstore\api\util\Util_CompatibleFilter$CompatibleWrapper$WrappedOutputStream.class		1970-01-01 08:00:00		2019-03-28 10:45:32
D:\WEAVER\ecology\classbean\com\cloudstore\api\util\Util_CompatibleFilter$CompatibleWrapper.class		1970-01-01 08:00:00		2019-03-28 10:45:32
D:\WEAVER\ecology\classbean\com\cloudstore\api\util\Util_CompatibleFilter.class		1970-01-01 08:00:00		2019-03-28 10:45:32
D:\WEAVER\ecology\classbean\com\cloudstore\api\util\Util_ConditionFactory.class		1970-01-01 08:00:00		2019-03-28 10:45:32
D:\WEAVER\ecology\classbean\com\cloudstore\api\util\Util_ConditionType$ConditionType.class		1970-01-01 08:00:00		2019-03-28 10:45:32
D:\WEAVER\ecology\classbean\com\cloudstore\api\util\Util_ConditionType.class		1970-01-01 08:00:00		2019-03-28 10:45:32
D:\WEAVER\ecology\classbean\com\cloudstore\api\util\Util_Datebase.class		1970-01-01 08:00:00		2019-03-28 10:45:32
D:\WEAVER\ecology\classbean\com\cloudstore\api\util\Util_DateTime.class		1970-01-01 08:00:00		2019-03-28 10:45:32
D:\WEAVER\ecology\classbean\com\cloudstore\api\util\Util_DateTime2.class		1970-01-01 08:00:00		2019-03-28 10:45:32
D:\WEAVER\ecology\classbean\com\cloudstore\api\util\Util_Detail4InitSys$IgnoreDTDEntityResolver.class		1970-01-01 08:00:00		2019-03-28 10:45:32
D:\WEAVER\ecology\classbean\com\cloudstore\api\util\Util_Detail4InitSys.class		1970-01-01 08:00:00		2019-03-28 10:45:32
D:\WEAVER\ecology\classbean\com\cloudstore\api\util\Util_Ehcache.class		1970-01-01 08:00:00		2019-03-28 10:45:32
D:\WEAVER\ecology\classbean\com\cloudstore\api\util\Util_ExcelImport.class		1970-01-01 08:00:00		2019-03-28 10:45:32
D:\WEAVER\ecology\classbean\com\cloudstore\api\util\Util_FileCopy.class		1970-01-01 08:00:00		2019-03-28 10:45:32
D:\WEAVER\ecology\classbean\com\cloudstore\api\util\Util_FileIo.class		1970-01-01 08:00:00		2019-03-28 10:45:32
D:\WEAVER\ecology\classbean\com\cloudstore\api\util\Util_GetAppInfo$IgnoreDTDEntityResolver.class		1970-01-01 08:00:00		2019-03-28 10:45:32
D:\WEAVER\ecology\classbean\com\cloudstore\api\util\Util_GetAppInfo.class		1970-01-01 08:00:00		2019-03-28 10:45:32
D:\WEAVER\ecology\classbean\com\cloudstore\api\util\Util_GetAppName.class		1970-01-01 08:00:00		2019-03-28 10:45:32
D:\WEAVER\ecology\classbean\com\cloudstore\api\util\Util_GetXMLContent.class		1970-01-01 08:00:00		2019-03-28 10:45:32
D:\WEAVER\ecology\classbean\com\cloudstore\api\util\Util_HttpRequest.class		1970-01-01 08:00:00		2019-03-28 10:45:32
D:\WEAVER\ecology\classbean\com\cloudstore\api\util\Util_IgnoreDTDEntityResolver.class		1970-01-01 08:00:00		2019-03-28 10:45:32
D:\WEAVER\ecology\classbean\com\cloudstore\api\util\Util_InitSys.class		1970-01-01 08:00:00		2019-03-28 10:45:32
D:\WEAVER\ecology\classbean\com\cloudstore\api\util\Util_InitThread.class		1970-01-01 08:00:00		2019-03-28 10:45:32
D:\WEAVER\ecology\classbean\com\cloudstore\api\util\Util_Json.class		1970-01-01 08:00:00		2019-03-28 10:45:32
D:\WEAVER\ecology\classbean\com\cloudstore\api\util\Util_JsonIo.class		1970-01-01 08:00:00		2019-03-28 10:45:32
D:\WEAVER\ecology\classbean\com\cloudstore\api\util\Util_Key.class		1970-01-01 08:00:00		2019-03-28 10:45:32
D:\WEAVER\ecology\classbean\com\cloudstore\api\util\Util_Log.class		1970-01-01 08:00:00		2019-03-28 10:45:32
D:\WEAVER\ecology\classbean\com\cloudstore\api\util\Util_Mobile.class		1970-01-01 08:00:00		2019-03-28 10:45:32
D:\WEAVER\ecology\classbean\com\cloudstore\api\util\Util_MobileFilter.class		2018-01-31 11:30:28		2019-03-28 10:45:32
D:\WEAVER\ecology\classbean\com\cloudstore\api\util\Util_MyFilter.class		1970-01-01 08:00:00		2019-03-28 10:45:32
D:\WEAVER\ecology\classbean\com\cloudstore\api\util\Util_ObjCopy.class		1970-01-01 08:00:00		2019-03-28 10:45:32
D:\WEAVER\ecology\classbean\com\cloudstore\api\util\Util_OrgKeyInit.class		1970-01-01 08:00:00		2019-03-28 10:45:32
D:\WEAVER\ecology\classbean\com\cloudstore\api\util\Util_Page.class		1970-01-01 08:00:00		2019-03-28 10:45:32
D:\WEAVER\ecology\classbean\com\cloudstore\api\util\Util_Prop.class		1970-01-01 08:00:00		2019-03-28 10:45:32
D:\WEAVER\ecology\classbean\com\cloudstore\api\util\Util_Properties$1.class		1970-01-01 08:00:00		2019-03-28 10:45:32
D:\WEAVER\ecology\classbean\com\cloudstore\api\util\Util_Properties.class		1970-01-01 08:00:00		2019-03-28 10:45:32
D:\WEAVER\ecology\classbean\com\cloudstore\api\util\Util_ReadWriteJsp.class		1970-01-01 08:00:00		2019-03-28 10:45:32
D:\WEAVER\ecology\classbean\com\cloudstore\api\util\Util_RecordSet.class		1970-01-01 08:00:00		2019-03-28 10:45:32
D:\WEAVER\ecology\classbean\com\cloudstore\api\util\Util_RequestToBean.class		1970-01-01 08:00:00		2019-03-28 10:45:32
D:\WEAVER\ecology\classbean\com\cloudstore\api\util\Util_Search$1.class		1970-01-01 08:00:00		2019-03-28 10:45:32
D:\WEAVER\ecology\classbean\com\cloudstore\api\util\Util_Search.class		1970-01-01 08:00:00		2019-03-28 10:45:32
D:\WEAVER\ecology\classbean\com\cloudstore\api\util\Util_Secret.class		1970-01-01 08:00:00		2019-03-28 10:45:32
D:\WEAVER\ecology\classbean\com\cloudstore\api\util\Util_SmsSign.class		1970-01-01 08:00:00		2019-03-28 10:45:32
D:\WEAVER\ecology\classbean\com\cloudstore\api\util\Util_SmsXml.class		1970-01-01 08:00:00		2019-03-28 10:45:32
D:\WEAVER\ecology\classbean\com\cloudstore\api\util\Util_SplitTable.class		1970-01-01 08:00:00		2019-03-28 10:45:32
D:\WEAVER\ecology\classbean\com\cloudstore\api\util\Util_UpFile.class		1970-01-01 08:00:00		2019-03-28 10:45:32
D:\WEAVER\ecology\classbean\com\cloudstore\api\util\Util_Version.class		1970-01-01 08:00:00		2019-03-28 10:45:32
D:\WEAVER\ecology\classbean\com\cloudstore\api\util\Util_Xml$IgnoreDTDEntityResolver.class		1970-01-01 08:00:00		2019-03-28 10:45:32
D:\WEAVER\ecology\classbean\com\cloudstore\api\util\Util_Xml.class		1970-01-01 08:00:00		2019-03-28 10:45:32
D:\WEAVER\ecology\classbean\com\cloudstore\api\util\Util_Xml4Ec.class		1970-01-01 08:00:00		2019-03-28 10:45:32
D:\WEAVER\ecology\classbean\com\cloudstore\api\util\Util_ZipRar.class		1970-01-01 08:00:00		2019-03-28 10:45:32
D:\WEAVER\ecology\classbean\com\cloudstore\app\no0000012\controller\Actiion_DoWfCal.class		1970-01-01 08:00:00		2019-03-28 10:45:32
D:\WEAVER\ecology\classbean\com\cloudstore\app\no0000012\controller\Action.class		1970-01-01 08:00:00		2019-03-28 10:45:32
D:\WEAVER\ecology\classbean\com\cloudstore\app\no0000012\controller\ActionFactory.class		1970-01-01 08:00:00		2019-03-28 10:45:32
D:\WEAVER\ecology\classbean\com\cloudstore\app\no0000012\controller\Action_Controller$ParameterRequestWrapper.class		1970-01-01 08:00:00		2019-03-28 10:45:32
D:\WEAVER\ecology\classbean\com\cloudstore\app\no0000012\controller\Action_Controller.class		1970-01-01 08:00:00		2019-03-28 10:45:32
D:\WEAVER\ecology\classbean\com\cloudstore\app\no0000012\controller\Action_DoNodeBaseGet.class		1970-01-01 08:00:00		2019-03-28 10:45:32
D:\WEAVER\ecology\classbean\com\cloudstore\app\no0000012\controller\Action_DoWfDetailBaseGet.class		1970-01-01 08:00:00		2019-03-28 10:45:32
D:\WEAVER\ecology\classbean\com\cloudstore\app\no0000012\controller\Action_DoWfDetailDelMult.class		1970-01-01 08:00:00		2019-03-28 10:45:32
D:\WEAVER\ecology\classbean\com\cloudstore\app\no0000012\controller\Action_DoWfDetailExcelImport.class		1970-01-01 08:00:00		2019-03-28 10:45:32
D:\WEAVER\ecology\classbean\com\cloudstore\app\no0000012\controller\Action_DoWfDetailExcelOutput.class		1970-01-01 08:00:00		2019-03-28 10:45:32
D:\WEAVER\ecology\classbean\com\cloudstore\app\no0000012\controller\Action_DoWfDetailGet.class		1970-01-01 08:00:00		2019-03-28 10:45:32
D:\WEAVER\ecology\classbean\com\cloudstore\app\no0000012\controller\Action_DoWfDetailListGet.class		1970-01-01 08:00:00		2019-03-28 10:45:32
D:\WEAVER\ecology\classbean\com\cloudstore\app\no0000012\controller\Action_DoWfDetailListNumGet.class		1970-01-01 08:00:00		2019-03-28 10:45:32
D:\WEAVER\ecology\classbean\com\cloudstore\app\no0000012\controller\Action_DoWfDetailRowGet.class		1970-01-01 08:00:00		2019-03-28 10:45:32
D:\WEAVER\ecology\classbean\com\cloudstore\app\no0000012\controller\Action_DoWfDetailRowSave.class		1970-01-01 08:00:00		2019-03-28 10:45:32
D:\WEAVER\ecology\classbean\com\cloudstore\app\no0000012\controller\Action_DoWfDetailRowSetDel.class		1970-01-01 08:00:00		2019-03-28 10:45:32
D:\WEAVER\ecology\classbean\com\cloudstore\app\no0000012\controller\Action_DoWfDetailRowSetGet.class		1970-01-01 08:00:00		2019-03-28 10:45:32
D:\WEAVER\ecology\classbean\com\cloudstore\app\no0000012\controller\Action_DoWfDetailRowSetListGet.class		1970-01-01 08:00:00		2019-03-28 10:45:32
D:\WEAVER\ecology\classbean\com\cloudstore\app\no0000012\controller\Action_DoWfDetailSave.class		1970-01-01 08:00:00		2019-03-28 10:45:32
D:\WEAVER\ecology\classbean\com\cloudstore\app\no0000012\controller\Action_DoWfDetailSaveMult.class		1970-01-01 08:00:00		2019-03-28 10:45:32
D:\WEAVER\ecology\classbean\com\cloudstore\app\no0000012\controller\Action_DoWfDetailSetGet.class		1970-01-01 08:00:00		2019-03-28 10:45:32
D:\WEAVER\ecology\classbean\com\cloudstore\app\no0000012\controller\Action_DoWfDetailTrigger.class		1970-01-01 08:00:00		2019-03-28 10:45:32
D:\WEAVER\ecology\classbean\com\cloudstore\app\no0000012\controller\Action_DoWfLinkage.class		1970-01-01 08:00:00		2019-03-28 10:45:32
D:\WEAVER\ecology\classbean\com\cloudstore\app\no0000012\controller\Action_TriggerTest.class		1970-01-01 08:00:00		2019-03-28 10:45:32
D:\WEAVER\ecology\classbean\com\cloudstore\app\no0000012\dao\Dao_WfDetail.class		1970-01-01 08:00:00		2019-03-28 10:45:32
D:\WEAVER\ecology\classbean\com\cloudstore\app\no0000012\dao\Dao_WfDetailFactory.class		1970-01-01 08:00:00		2019-03-28 10:45:32
D:\WEAVER\ecology\classbean\com\cloudstore\app\no0000012\dao\Dao_WfDetailImplOracle.class		1970-01-01 08:00:00		2019-03-28 10:45:32
D:\WEAVER\ecology\classbean\com\cloudstore\app\no0000012\dao\Dao_WfDetailImplSqlserver.class		1970-01-01 08:00:00		2019-03-28 10:45:32
D:\WEAVER\ecology\classbean\com\cloudstore\app\no0000012\dao\Dao_WfOther.class		1970-01-01 08:00:00		2019-03-28 10:45:32
D:\WEAVER\ecology\classbean\com\cloudstore\app\no0000012\dao\Dao_WfOtherFactory.class		1970-01-01 08:00:00		2019-03-28 10:45:32
D:\WEAVER\ecology\classbean\com\cloudstore\app\no0000012\dao\Dao_WfOtherImplOracle.class		1970-01-01 08:00:00		2019-03-28 10:45:32
D:\WEAVER\ecology\classbean\com\cloudstore\app\no0000012\dao\Dao_WfOtherImplSqlserver.class		1970-01-01 08:00:00		2019-03-28 10:45:32
D:\WEAVER\ecology\classbean\com\cloudstore\app\no0000012\entity\ColumnObj.class		1970-01-01 08:00:00		2019-03-28 10:45:32
D:\WEAVER\ecology\classbean\com\cloudstore\app\no0000012\entity\FnaMapping.class		1970-01-01 08:00:00		2019-03-28 10:45:32
D:\WEAVER\ecology\classbean\com\cloudstore\app\no0000012\entity\NodeBase.class		1970-01-01 08:00:00		2019-03-28 10:45:32
D:\WEAVER\ecology\classbean\com\cloudstore\app\no0000012\entity\ReMarkObj.class		1970-01-01 08:00:00		2019-03-28 10:45:32
D:\WEAVER\ecology\classbean\com\cloudstore\app\no0000012\entity\TriggerItem.class		1970-01-01 08:00:00		2019-03-28 10:45:32
D:\WEAVER\ecology\classbean\com\cloudstore\app\no0000012\entity\TriggerItems.class		1970-01-01 08:00:00		2019-03-28 10:45:32
D:\WEAVER\ecology\classbean\com\cloudstore\app\no0000012\entity\TriggerObj.class		1970-01-01 08:00:00		2019-03-28 10:45:32
D:\WEAVER\ecology\classbean\com\cloudstore\app\no0000012\entity\TypeTriggerObj.class		1970-01-01 08:00:00		2019-03-28 10:45:32
D:\WEAVER\ecology\classbean\com\cloudstore\app\no0000012\entity\WfDetail.class		1970-01-01 08:00:00		2019-03-28 10:45:32
D:\WEAVER\ecology\classbean\com\cloudstore\app\no0000012\entity\WfDetailBase.class		1970-01-01 08:00:00		2019-03-28 10:45:32
D:\WEAVER\ecology\classbean\com\cloudstore\app\no0000012\entity\WfDetailField.class		1970-01-01 08:00:00		2019-03-28 10:45:32
D:\WEAVER\ecology\classbean\com\cloudstore\app\no0000012\entity\WfDetailIdMapping.class		1970-01-01 08:00:00		2019-03-28 10:45:32
D:\WEAVER\ecology\classbean\com\cloudstore\app\no0000012\entity\WfDetailRow.class		1970-01-01 08:00:00		2019-03-28 10:45:32
D:\WEAVER\ecology\classbean\com\cloudstore\app\no0000012\entity\WfDetailSet.class		1970-01-01 08:00:00		2019-03-28 10:45:32
D:\WEAVER\ecology\classbean\com\cloudstore\app\no0000012\entity\WfField.class		1970-01-01 08:00:00		2019-03-28 10:45:32
D:\WEAVER\ecology\classbean\com\cloudstore\app\no0000012\entity\WfFormDetail.class		1970-01-01 08:00:00		2019-03-28 10:45:32
D:\WEAVER\ecology\classbean\com\cloudstore\app\no0000012\entity\WfLinkage.class		1970-01-01 08:00:00		2019-03-28 10:45:32
D:\WEAVER\ecology\classbean\com\cloudstore\app\no0000012\service\RestService_WfDetail.class		1970-01-01 08:00:00		2019-03-28 10:45:32
D:\WEAVER\ecology\classbean\com\cloudstore\app\no0000012\service\RestService_WfDetailSet.class		1970-01-01 08:00:00		2019-03-28 10:45:32
D:\WEAVER\ecology\classbean\com\cloudstore\app\no0000012\service\Service_WfDetail.class		1970-01-01 08:00:00		2019-03-28 10:45:32
D:\WEAVER\ecology\classbean\com\cloudstore\app\no0000012\service\Service_WfDetail4Excel.class		1970-01-01 08:00:00		2019-03-28 10:45:32
D:\WEAVER\ecology\classbean\com\cloudstore\app\no0000012\service\Service_WfDetail4ExcelPOI.class		1970-01-01 08:00:00		2019-03-28 10:45:32
D:\WEAVER\ecology\classbean\com\cloudstore\app\no0000012\service\Service_WfOther.class		1970-01-01 08:00:00		2019-03-28 10:45:32
D:\WEAVER\ecology\classbean\com\cloudstore\app\no0000012\tool\Base64.class		1970-01-01 08:00:00		2019-03-28 10:45:32
D:\WEAVER\ecology\classbean\com\cloudstore\app\no0000012\tool\LoaderUtil$1.class		1970-01-01 08:00:00		2019-03-28 10:45:32
D:\WEAVER\ecology\classbean\com\cloudstore\app\no0000012\tool\LoaderUtil$2.class		1970-01-01 08:00:00		2019-03-28 10:45:32
D:\WEAVER\ecology\classbean\com\cloudstore\app\no0000012\tool\LoaderUtil.class		1970-01-01 08:00:00		2019-03-28 10:45:32
D:\WEAVER\ecology\classbean\com\cloudstore\dev\api\dao\Dao_Table.class		1970-01-01 08:00:00		2019-03-28 10:45:32
D:\WEAVER\ecology\classbean\com\cloudstore\dev\api\dao\Dao_TableFactory.class		1970-01-01 08:00:00		2019-03-28 10:45:32
D:\WEAVER\ecology\classbean\com\cloudstore\dev\api\dao\Dao_TableMysql.class		1970-01-01 08:00:00		2019-03-28 10:45:32
D:\WEAVER\ecology\classbean\com\cloudstore\dev\api\dao\Dao_TableOracle.class		1970-01-01 08:00:00		2019-03-28 10:45:32
D:\WEAVER\ecology\classbean\com\cloudstore\dev\api\dao\Dao_TableSqlServer.class		1970-01-01 08:00:00		2019-03-28 10:45:32
D:\WEAVER\ecology\classbean\com\cloudstore\dev\api\entry\Table.class		1970-01-01 08:00:00		2019-03-28 10:45:32
D:\WEAVER\ecology\classbean\com\cloudstore\dev\api\entry\TableConfig.class		1970-01-01 08:00:00		2019-03-28 10:45:32
D:\WEAVER\ecology\classbean\com\cloudstore\dev\api\entry\TableConfigColumn.class		1970-01-01 08:00:00		2019-03-28 10:45:32
D:\WEAVER\ecology\classbean\com\cloudstore\dev\api\entry\TableConfigOperate.class		1970-01-01 08:00:00		2019-03-28 10:45:32
D:\WEAVER\ecology\classbean\com\cloudstore\dev\api\service\Service_DevTable.class		1970-01-01 08:00:00		2019-03-28 10:45:32
D:\WEAVER\ecology\classbean\com\cloudstore\dev\api\service\Service_Table.class		1970-01-01 08:00:00		2019-03-28 10:45:32
D:\WEAVER\ecology\classbean\com\cloudstore\dev\api\service\SessionFilter.class		1970-01-01 08:00:00		2019-03-28 10:45:32
D:\WEAVER\ecology\classbean\com\cloudstore\dev\api\util\Util_TableMap.class		1970-01-01 08:00:00		2019-03-28 10:45:32
D:\WEAVER\ecology\classbean\com\cloudstore\download\AppInfoXml.class		1970-01-01 08:00:00		2019-03-28 10:45:32
D:\WEAVER\ecology\classbean\com\cloudstore\download\CopyFiles.class		1970-01-01 08:00:00		2019-03-28 10:45:32
D:\WEAVER\ecology\classbean\com\cloudstore\download\CreateFile.class		1970-01-01 08:00:00		2019-03-28 10:45:32
D:\WEAVER\ecology\classbean\com\cloudstore\download\ZipCompressor.class		1970-01-01 08:00:00		2019-03-28 10:45:32
D:\WEAVER\ecology\classbean\com\cloudstore\mode\api\dao\Dao_EcMode.class		1970-01-01 08:00:00		2019-03-28 10:45:32
D:\WEAVER\ecology\classbean\com\cloudstore\mode\api\dao\Dao_EcModeFactory.class		1970-01-01 08:00:00		2019-03-28 10:45:32
D:\WEAVER\ecology\classbean\com\cloudstore\mode\api\dao\Dao_EcModeOracle.class		1970-01-01 08:00:00		2019-03-28 10:45:32
D:\WEAVER\ecology\classbean\com\cloudstore\mode\api\dao\Dao_EcModeSqlserver.class		1970-01-01 08:00:00		2019-03-28 10:45:32
D:\WEAVER\ecology\classbean\com\cloudstore\mode\api\entry\ModeData.class		1970-01-01 08:00:00		2019-03-28 10:45:32
D:\WEAVER\ecology\classbean\com\cloudstore\mode\api\entry\ModeHead.class		1970-01-01 08:00:00		2019-03-28 10:45:32
D:\WEAVER\ecology\classbean\com\cloudstore\mode\api\entry\ModeSet.class		1970-01-01 08:00:00		2019-03-28 10:45:32
D:\WEAVER\ecology\classbean\com\cloudstore\mode\api\service\Service_EcMode.class		1970-01-01 08:00:00		2019-03-28 10:45:32
D:\WEAVER\ecology\classbean\weaver\formmode\exttools\impexp\exp\service\ImpDataService4app$1.class		1970-01-01 08:00:00		2019-03-28 10:45:32
D:\WEAVER\ecology\classbean\weaver\formmode\exttools\impexp\exp\service\ImpDataService4app$2.class		1970-01-01 08:00:00		2019-03-28 10:45:32
D:\WEAVER\ecology\classbean\weaver\formmode\exttools\impexp\exp\service\ImpDataService4app.class		1970-01-01 08:00:00		2019-03-28 10:45:32
D:\WEAVER\ecology\classbean\weaver\formmode\exttools\impexp\exp\service\OperateThread4app.class		1970-01-01 08:00:00		2019-03-28 10:45:32
D:\WEAVER\ecology\classbean\weaver\portal\bean\EIHomepageBean.class		1970-01-01 08:00:00		2019-03-28 10:45:32
D:\WEAVER\ecology\classbean\weaver\portal\bean\EIHomepageBeanTest.class		1970-01-01 08:00:00		2019-03-28 10:45:32
D:\WEAVER\ecology\classbean\weaver\portal\bean\ElementStyleBean.class		1970-01-01 08:00:00		2019-03-28 10:45:32
D:\WEAVER\ecology\classbean\weaver\portal\log\PortalLog.class		1970-01-01 08:00:00		2019-03-28 10:45:32
D:\WEAVER\ecology\classbean\weaver\portal\log\PortalLogUtil.class		1970-01-01 08:00:00		2019-03-28 10:45:32
D:\WEAVER\ecology\classbean\weaver\portal\PortalImportExport.class		1970-01-01 08:00:00		2019-03-28 10:45:32
D:\WEAVER\ecology\classbean\weaver\portal\PortalMenu.class		2017-07-05 01:53:04		2019-03-28 10:45:32
D:\WEAVER\ecology\classbean\weaver\portal\PortalUserTransform.class		2016-11-30 03:18:24		2019-03-28 10:45:32
D:\WEAVER\ecology\classbean\weaver\portal\util\PortalExportImportDataUtil.class		1970-01-01 08:00:00		2019-03-28 10:45:32
D:\WEAVER\ecology\classbean\weaver\portal\util\PortalExptImptUtil.class		1970-01-01 08:00:00		2019-03-28 10:45:32
D:\WEAVER\ecology\classbean\weaver\portal\util\PortalLogUtil.class		1970-01-01 08:00:00		2019-03-28 10:45:32
D:\WEAVER\ecology\classbean\weaver\workflow\cloudimports\cloudinterface\CloudInterface.class		2018-04-04 11:21:20		2019-03-28 10:45:32
D:\WEAVER\ecology\classbean\weaver\workflow\cloudimports\cloudinterface\DatasBean.class		2018-04-04 11:21:20		2019-03-28 10:45:32
D:\WEAVER\ecology\classbean\weaver\workflow\html\HtmlFormDetailControl.class		2016-06-08 05:16:10		2019-03-28 10:45:32
D:\WEAVER\ecology\cloudstore\app\no0000012\ControlJersey.jsp		1970-01-01 08:00:00		2019-03-28 10:45:32
D:\WEAVER\ecology\cloudstore\app\no0000012\ControlServlet.jsp		1970-01-01 08:00:00		2019-03-28 10:45:32
D:\WEAVER\ecology\cloudstore\app\no0000012\set.jsp		1970-01-01 08:00:00		2019-03-28 10:45:32
D:\WEAVER\ecology\cloudstore\app\no0000012\wfDetailSet.jsp		1970-01-01 08:00:00		2019-03-28 10:45:32
D:\WEAVER\ecology\cloudstore\doc\UploadFile.jsp		1970-01-01 08:00:00		2019-03-28 10:45:36
D:\WEAVER\ecology\cloudstore\fna\FnaBudgetInfoAjax.jsp		1970-01-01 08:00:00		2019-03-28 10:45:32
D:\WEAVER\ecology\cloudstore\fna\FnaBudgetInfoAjaxMult.jsp		1970-01-01 08:00:00		2019-03-28 10:45:32
D:\WEAVER\ecology\cloudstore\fna\FnaifoverJsonAjax.jsp		1970-01-01 08:00:00		2019-03-28 10:45:32
D:\WEAVER\ecology\cloudstore\libs4java\HrmResourceService.class		1970-01-01 08:00:00		2019-03-28 10:45:36
D:\WEAVER\ecology\cloudstore\libs4java\uuid\app\WebRoot\ecology\cloudstore\app\app0000001\index.jsp		1970-01-01 08:00:00		2019-03-28 10:45:36
D:\WEAVER\ecology\cloudstore\page\style1\jspHead.jsp		1970-01-01 08:00:00		2019-03-28 10:45:36
D:\WEAVER\ecology\cloudstore\page\style2\jspHead.jsp		1970-01-01 08:00:00		2019-03-28 10:45:36
D:\WEAVER\ecology\cloudstore\page\style3\jspHead.jsp		1970-01-01 08:00:00		2019-03-28 10:45:36
D:\WEAVER\ecology\cloudstore\resource\pc\ckeditor\samples\old\assets\posteddata.php		1970-01-01 08:00:00		2019-03-28 10:45:32
D:\WEAVER\ecology\cloudstore\resource\pc\ckeditor\samples\old\sample_posteddata.php		1970-01-01 08:00:00		2019-03-28 10:45:32
D:\WEAVER\ecology\cloudstore\system\ControlServlet.jsp		1970-01-01 08:00:00		2019-03-28 10:45:32
D:\WEAVER\ecology\cloudstore\system\error\NoAppAuth.jsp		1970-01-01 08:00:00		2019-03-28 10:45:32
D:\WEAVER\ecology\cloudstore\system\error\NoDataAuth.jsp		1970-01-01 08:00:00		2019-03-28 10:45:32
D:\WEAVER\ecology\cloudstore\system\error\OverAppDate.jsp		1970-01-01 08:00:00		2019-03-28 10:45:32
D:\WEAVER\ecology\cloudstore\system\exttools\impexpAction.jsp		1970-01-01 08:00:00		2019-03-28 10:45:32
D:\WEAVER\ecology\cloudstore\system\exttools\impexpAction4App.jsp		1970-01-01 08:00:00		2019-03-28 10:45:32
D:\WEAVER\ecology\cloudstore\system\exttools\impexpAction4ManyApp.jsp		1970-01-01 08:00:00		2019-03-28 10:45:32
D:\WEAVER\ecology\cloudstore\system\exttools\impexpAction4MobileApp.jsp		1970-01-01 08:00:00		2019-03-28 10:45:32
D:\WEAVER\ecology\cloudstore\system\exttools\impexpMobileAction.jsp		1970-01-01 08:00:00		2019-03-28 10:45:32
D:\WEAVER\ecology\cloudstore\system\exttools\test.jsp		1970-01-01 08:00:00		2019-03-28 10:45:32
D:\WEAVER\ecology\cloudstore\system\GetDownloadFile.jsp		1970-01-01 08:00:00		2019-03-28 10:45:32
D:\WEAVER\ecology\cloudstore\system\GoToCloudStore.jsp		1970-01-01 08:00:00		2019-03-28 10:45:32
D:\WEAVER\ecology\cloudstore\system\GoToCloudStore4Debug.jsp		1970-01-01 08:00:00		2019-03-28 10:45:32
D:\WEAVER\ecology\cloudstore\system\GoToCloudStore4Page.jsp		1970-01-01 08:00:00		2019-03-28 10:45:32
D:\WEAVER\ecology\cloudstore\system\GoToCloudStore4Test.jsp		1970-01-01 08:00:00		2019-03-28 10:45:32
D:\WEAVER\ecology\cloudstore\system\GoToCloudStore4TestV2.jsp		1970-01-01 08:00:00		2019-03-28 10:45:32
D:\WEAVER\ecology\cloudstore\system\GoToCloudStoreV2.jsp		1970-01-01 08:00:00		2019-03-28 10:45:32
D:\WEAVER\ecology\cloudstore\system\ImpExp.jsp		1970-01-01 08:00:00		2019-03-28 10:45:32
D:\WEAVER\ecology\cloudstore\system\index.jsp		1970-01-01 08:00:00		2019-03-28 10:45:32
D:\WEAVER\ecology\cloudstore\system\index4ec8.jsp		1970-01-01 08:00:00		2019-03-28 10:45:32
D:\WEAVER\ecology\cloudstore\system\test.jsp		1970-01-01 08:00:00		2019-03-28 10:45:32
D:\WEAVER\ecology\cloudstore\system\Uploadfile.jsp		1970-01-01 08:00:00		2019-03-28 10:45:32
D:\WEAVER\ecology\join\dbCheckList.jsp		2019-03-11 09:04:18		2019-03-28 12:14:56
D:\WEAVER\ecology\join\ln.jsp		2019-03-11 09:04:16		2019-03-28 12:14:54
D:\WEAVER\ecology\join\monitorXOperation.jsp		2019-03-11 09:04:16		2019-03-28 12:14:54
D:\WEAVER\ecology\join\securityCheck.jsp		2019-03-11 09:04:17		2019-03-28 12:14:56
D:\WEAVER\ecology\mobile\plugin\GoToCloudStore4Page.jsp		1970-01-01 08:00:00		2019-03-28 10:45:32
