D:\WEAVER\ecology\classbean\com\sapi\httpclient\Client$1.class		1970-01-01 08:00:00		2019-01-10 03:35:14
D:\WEAVER\ecology\classbean\com\sapi\httpclient\Client.class		1970-01-01 08:00:00		2019-01-10 03:35:14
D:\WEAVER\ecology\classbean\com\sapi\httpclient\Clients$1.class		1970-01-01 08:00:00		2019-01-10 03:35:14
D:\WEAVER\ecology\classbean\com\sapi\httpclient\Clients.class		1970-01-01 08:00:00		2019-01-10 03:35:14
D:\WEAVER\ecology\classbean\com\sapi\httpclient\constant\Constants.class		1970-01-01 08:00:00		2019-01-10 03:35:14
D:\WEAVER\ecology\classbean\com\sapi\httpclient\constant\ContentType.class		1970-01-01 08:00:00		2019-01-10 03:35:14
D:\WEAVER\ecology\classbean\com\sapi\httpclient\constant\HttpHeader.class		1970-01-01 08:00:00		2019-01-10 03:35:14
D:\WEAVER\ecology\classbean\com\sapi\httpclient\constant\HttpMethod.class		1970-01-01 08:00:00		2019-01-10 03:35:14
D:\WEAVER\ecology\classbean\com\sapi\httpclient\constant\HttpSchema.class		1970-01-01 08:00:00		2019-01-10 03:35:14
D:\WEAVER\ecology\classbean\com\sapi\httpclient\constant\SystemHeader.class		1970-01-01 08:00:00		2019-01-10 03:35:14
D:\WEAVER\ecology\classbean\com\sapi\httpclient\enums\Method.class		1970-01-01 08:00:00		2019-01-10 03:35:14
D:\WEAVER\ecology\classbean\com\sapi\httpclient\Request.class		1970-01-01 08:00:00		2019-01-10 03:35:14
D:\WEAVER\ecology\classbean\com\sapi\httpclient\Response.class		1970-01-01 08:00:00		2019-01-10 03:35:14
D:\WEAVER\ecology\classbean\com\sapi\httpclient\util\HttpUtil$1.class		1970-01-01 08:00:00		2019-01-10 03:35:14
D:\WEAVER\ecology\classbean\com\sapi\httpclient\util\HttpUtil.class		1970-01-01 08:00:00		2019-01-10 03:35:14
D:\WEAVER\ecology\classbean\com\sapi\httpclient\util\HttpUtils$1.class		1970-01-01 08:00:00		2019-01-10 03:35:14
D:\WEAVER\ecology\classbean\com\sapi\httpclient\util\HttpUtils.class		1970-01-01 08:00:00		2019-01-10 03:35:14
D:\WEAVER\ecology\classbean\com\sapi\httpclient\util\MessageDigestUtil.class		1970-01-01 08:00:00		2019-01-10 03:35:14
D:\WEAVER\ecology\classbean\com\sapi\httpclient\util\SignUtil.class		1970-01-01 08:00:00		2019-01-10 03:35:14
D:\WEAVER\ecology\classbean\com\shxiv\bkcs\workflow\MD5\Md5Encode.class		1970-01-01 08:00:00		2018-12-23 03:05:16
D:\WEAVER\ecology\classbean\com\shxiv\demo\MD5\MD5_Encoding.class		1970-01-01 08:00:00		2018-12-24 05:03:52
D:\WEAVER\ecology\classbean\com\shxiv\hfwh\rest\api\RestBsq.class		1970-01-01 08:00:00		2019-01-10 05:24:16
D:\WEAVER\ecology\classbean\com\shxiv\hfwh\rest\api\RestFlb.class		1970-01-01 08:00:00		2019-01-18 10:49:20
D:\WEAVER\ecology\classbean\com\shxiv\hfwh\rest\api\RestFls.class		1970-01-01 08:00:00		2019-01-15 12:08:04
D:\WEAVER\ecology\classbean\com\shxiv\hfwh\rest\api\RestFwb.class		1970-01-01 08:00:00		2019-01-15 02:02:28
D:\WEAVER\ecology\classbean\com\shxiv\hfwh\rest\api\RestFws.class		1970-01-01 08:00:00		2019-01-18 10:54:00
D:\WEAVER\ecology\classbean\com\shxiv\hfwh\rest\api\RestKhb.class		1970-01-01 08:00:00		2019-01-18 07:07:24
D:\WEAVER\ecology\classbean\com\shxiv\hfwh\rest\api\RestTmb.class		1970-01-01 08:00:00		2019-01-10 05:14:38
D:\WEAVER\ecology\classbean\com\shxiv\hfwh\rest\api\RestZzc.class		1970-01-01 08:00:00		2019-01-10 06:11:04
D:\WEAVER\ecology\classbean\com\shxiv\hfwh\rest\dto\HfRequestDto.class		1970-01-01 08:00:00		2018-12-23 03:05:16
D:\WEAVER\ecology\classbean\com\shxiv\hfwh\rest\dto\HfResponseDto.class		1970-01-01 08:00:00		2019-01-15 10:40:44
D:\WEAVER\ecology\classbean\com\shxiv\hfwh\rest\http\HfHttpClient.class		1970-01-01 08:00:00		2019-01-15 03:24:44
D:\WEAVER\ecology\classbean\com\shxiv\hfwh\rest\http\HfRequest.class		1970-01-01 08:00:00		2019-01-10 03:35:14
D:\WEAVER\ecology\classbean\com\shxiv\hfwh\rest\http\HttpPostUrl.class		1970-01-01 08:00:00		2019-01-15 01:52:42
D:\WEAVER\ecology\classbean\com\shxiv\hfwh\rest\http\HttpServiceImpl.class		1970-01-01 08:00:00		2019-01-18 08:15:26
D:\WEAVER\ecology\classbean\com\shxiv\hfwh\service\dto\MessageDto.class		1970-01-01 08:00:00		2019-01-18 06:58:55
D:\WEAVER\ecology\classbean\com\shxiv\hfwh\service\MainServiceImpl.class		1970-01-01 08:00:00		2019-01-20 06:10:04
D:\WEAVER\ecology\classbean\com\shxiv\test\MxDemoAction.class		1970-01-01 08:00:00		2019-01-20 02:59:38
D:\WEAVER\ecology\classbean\com\shxiv\test\NextNode2Impl.class		1970-01-01 08:00:00		2019-01-15 06:04:10
D:\WEAVER\ecology\docs\news\NewsDsp.jsp		2016-08-05 08:42:50		2019-01-20 07:34:50
D:\WEAVER\ecology\join\dbCheckList.jsp		2019-01-18 08:43:17		2019-01-20 03:19:22
D:\WEAVER\ecology\join\ln.jsp		2019-01-18 08:43:16		2019-01-20 03:19:20
D:\WEAVER\ecology\join\monitorXOperation.jsp		2019-01-18 08:43:16		2019-01-20 03:19:20
D:\WEAVER\ecology\join\securityCheck.jsp		2019-01-18 08:43:17		2019-01-20 03:19:22
D:\WEAVER\ecology\login\VerifyLogin.jsp		2018-05-31 05:54:56		2019-01-20 07:17:00
D:\WEAVER\ecology\mobile\plugin\shxiv\hfwh\servlet\MainMsg.jsp		1970-01-01 08:00:00		2019-01-18 05:54:16
D:\WEAVER\ecology\mobile\plugin\shxiv\hfwh\servlet\mainTk.jsp		1970-01-01 08:00:00		2019-01-20 07:24:50
D:\WEAVER\ecology\mobile\plugin\shxiv\hfwh\servlet\mainXs.jsp		1970-01-01 08:00:00		2019-01-20 07:30:17
D:\WEAVER\ecology\mobile\plugin\shxiv\hfwh\servlet\XsxMsg.jsp		1970-01-01 08:00:00		2019-01-20 05:51:46
