**************************************** 系统环境信息 当前时间：2020-12-23 09:09:37****************************************
****** 系统版本：Windows 10 amd64 10.0
********** 物理内存：8077284
               剩余物理内存：2563840
               已用物理内存：5513444
********** CPU系统信息：amd64x4
               CPU使用率：67.0
****** ecology版本信息：授权：上海群易服饰有限公司 版本号：8.100.0531+KB8100180504
****** ecology注册用户：1223
****** resin版本：3.1.8
****** JVM信息：1.8.0_131 64
***************************************************************************************************************************
**************************************** 系统环境信息 当前时间：2020-12-23 09:12:10****************************************
****** 系统版本：Windows 10 amd64 10.0
********** 物理内存：8077284
               剩余物理内存：2592860
               已用物理内存：5484424
********** CPU系统信息：amd64x4
               CPU使用率：89.0
****** ecology版本信息：授权：上海群易服饰有限公司 版本号：8.100.0531+KB8100180504
****** ecology注册用户：1223
****** resin版本：3.1.8
****** JVM信息：1.8.0_131 64
***************************************************************************************************************************
**************************************** 系统环境信息 当前时间：2020-12-23 09:20:31****************************************
****** 系统版本：Windows 10 amd64 10.0
********** 物理内存：8077284
               剩余物理内存：3920108
               已用物理内存：4157176
********** CPU系统信息：amd64x4
               CPU使用率：66.0
****** ecology版本信息：授权：上海群易服饰有限公司 版本号：8.100.0531+KB8100180504
****** ecology注册用户：1223
****** resin版本：3.1.8
****** JVM信息：1.8.0_131 64
***************************************************************************************************************************
