###[2018-10-09 00:13:50]:upgreadStatus:2--pagestatus:1
###[2018-10-09 00:13:51]:正在执行sql201708170103.sql,第(1)个脚本，共(11)个。
###[2018-10-09 00:13:51]:正在执行sql201708170401.sql,第(2)个脚本，共(11)个。
###[2018-10-09 00:13:51]:正在执行sql201709040602.sql,第(3)个脚本，共(11)个。
###[2018-10-09 00:13:51]:正在执行sql201709150103.sql,第(4)个脚本，共(11)个。
###[2018-10-09 00:13:51]:正在执行sql201709190601.sql,第(5)个脚本，共(11)个。
###[2018-10-09 00:13:51]:正在执行sql201709190800.sql,第(6)个脚本，共(11)个。
###[2018-10-09 00:13:51]:正在执行sql201709290202.sql,第(7)个脚本，共(11)个。
###[2018-10-09 00:13:51]:正在执行sql201802260303.sql,第(8)个脚本，共(11)个。
###[2018-10-09 00:13:51]:正在执行sql20181008225243_fbupdate.sql,第(9)个脚本，共(11)个。
###[2018-10-09 00:13:51]:正在执行upgrade011_up.sql,第(10)个脚本，共(11)个。
###[2018-10-09 00:13:51]:正在执行upgrade012_up.sql,第(11)个脚本，共(11)个。
###[2018-10-09 00:13:52]:upgreadStatus:0--pagestatus:0
###[2018-10-09 00:13:52]:&&&&&&&&&&&&&&&&&&&&&&&&&&&&&&&&&&&&&&&&自动配置开始 : 2018-10-09 00:13:52&&&&&&&&&&&&&&&&&&&&&&&&&&&&&&&&&&&&&&&&
###[2018-10-09 00:13:57]:&&&&&&&&&&&&&&&&&&&&&&&&&&&&&&&&&&&&&&&&自动配置结束 : 2018-10-09 00:13:57&&&&&&&&&&&&&&&&&&&&&&&&&&&&&&&&&&&&&&&&
###[2018-10-09 00:30:39]:upgreadStatus:2--pagestatus:1
###[2018-10-09 00:30:39]:正在执行sql201709150103.sql,第(1)个脚本，共(4)个。
###[2018-10-09 00:30:39]:正在执行sql201709190601.sql,第(2)个脚本，共(4)个。
###[2018-10-09 00:30:39]:正在执行sql201709190800.sql,第(3)个脚本，共(4)个。
###[2018-10-09 00:30:39]:正在执行sql201709290202.sql,第(4)个脚本，共(4)个。
###[2018-10-09 00:30:41]:upgreadStatus:0--pagestatus:0
###[2018-10-09 00:58:11]:upgreadStatus:2--pagestatus:1
###[2018-10-09 00:58:12]:正在执行sql201709150103.sql,第(1)个脚本，共(4)个。
###[2018-10-09 00:58:12]:正在执行sql201709190601.sql,第(2)个脚本，共(4)个。
###[2018-10-09 00:58:12]:正在执行sql201709190800.sql,第(3)个脚本，共(4)个。
###[2018-10-09 00:58:12]:正在执行sql201709290202.sql,第(4)个脚本，共(4)个。
###[2018-10-09 00:58:13]:upgreadStatus:0--pagestatus:0
