###[2019-01-18 20:43:03]:upgreadStatus:2--pagestatus:1
###[2019-01-18 20:43:03]:正在执行sql201709150103.sql,第(1)个脚本，共(4)个。
###[2019-01-18 20:43:03]:正在执行sql201709190601.sql,第(2)个脚本，共(4)个。
###[2019-01-18 20:43:03]:正在执行sql201709190800.sql,第(3)个脚本，共(4)个。
###[2019-01-18 20:43:03]:正在执行sql201709290202.sql,第(4)个脚本，共(4)个。
###[2019-01-18 20:43:04]:upgreadStatus:0--pagestatus:0
###[2019-01-18 21:02:38]:upgreadStatus:2--pagestatus:1
###[2019-01-18 21:02:39]:正在执行sql201709150103.sql,第(1)个脚本，共(4)个。
###[2019-01-18 21:02:39]:正在执行sql201709190601.sql,第(2)个脚本，共(4)个。
###[2019-01-18 21:02:39]:正在执行sql201709190800.sql,第(3)个脚本，共(4)个。
###[2019-01-18 21:02:39]:正在执行sql201709290202.sql,第(4)个脚本，共(4)个。
###[2019-01-18 21:02:39]:upgreadStatus:0--pagestatus:0
###[2019-01-18 21:02:54]:upgreadStatus:2--pagestatus:1
###[2019-01-18 21:02:54]:正在执行sql201709150103.sql,第(1)个脚本，共(4)个。
###[2019-01-18 21:02:54]:正在执行sql201709190601.sql,第(2)个脚本，共(4)个。
###[2019-01-18 21:02:54]:正在执行sql201709190800.sql,第(3)个脚本，共(4)个。
###[2019-01-18 21:02:54]:正在执行sql201709290202.sql,第(4)个脚本，共(4)个。
###[2019-01-18 21:02:55]:upgreadStatus:0--pagestatus:0
###[2019-01-18 21:03:25]:upgreadStatus:2--pagestatus:1
###[2019-01-18 21:03:25]:正在执行sql201709150103.sql,第(1)个脚本，共(4)个。
###[2019-01-18 21:03:25]:正在执行sql201709190601.sql,第(2)个脚本，共(4)个。
###[2019-01-18 21:03:25]:正在执行sql201709190800.sql,第(3)个脚本，共(4)个。
###[2019-01-18 21:03:25]:正在执行sql201709290202.sql,第(4)个脚本，共(4)个。
###[2019-01-18 21:03:26]:upgreadStatus:0--pagestatus:0
###[2019-01-18 21:03:40]:upgreadStatus:2--pagestatus:1
###[2019-01-18 21:03:40]:正在执行sql201709150103.sql,第(1)个脚本，共(4)个。
###[2019-01-18 21:03:40]:正在执行sql201709190601.sql,第(2)个脚本，共(4)个。
###[2019-01-18 21:03:40]:正在执行sql201709190800.sql,第(3)个脚本，共(4)个。
###[2019-01-18 21:03:40]:正在执行sql201709290202.sql,第(4)个脚本，共(4)个。
###[2019-01-18 21:03:41]:upgreadStatus:0--pagestatus:0
###[2019-01-18 21:03:48]:upgreadStatus:2--pagestatus:1
###[2019-01-18 21:03:50]:正在执行sql201709150103.sql,第(1)个脚本，共(4)个。
###[2019-01-18 21:03:50]:正在执行sql201709190601.sql,第(2)个脚本，共(4)个。
###[2019-01-18 21:03:50]:正在执行sql201709190800.sql,第(3)个脚本，共(4)个。
###[2019-01-18 21:03:50]:正在执行sql201709290202.sql,第(4)个脚本，共(4)个。
###[2019-01-18 21:03:52]:upgreadStatus:0--pagestatus:0
###[2019-01-18 21:04:06]:upgreadStatus:2--pagestatus:1
###[2019-01-18 21:04:06]:正在执行sql201709150103.sql,第(1)个脚本，共(4)个。
###[2019-01-18 21:04:06]:正在执行sql201709190601.sql,第(2)个脚本，共(4)个。
###[2019-01-18 21:04:06]:正在执行sql201709190800.sql,第(3)个脚本，共(4)个。
###[2019-01-18 21:04:06]:正在执行sql201709290202.sql,第(4)个脚本，共(4)个。
###[2019-01-18 21:04:07]:upgreadStatus:0--pagestatus:0
###[2019-01-18 21:04:18]:upgreadStatus:2--pagestatus:1
###[2019-01-18 21:04:19]:正在执行sql201709150103.sql,第(1)个脚本，共(4)个。
###[2019-01-18 21:04:19]:正在执行sql201709190601.sql,第(2)个脚本，共(4)个。
###[2019-01-18 21:04:19]:正在执行sql201709190800.sql,第(3)个脚本，共(4)个。
###[2019-01-18 21:04:19]:正在执行sql201709290202.sql,第(4)个脚本，共(4)个。
###[2019-01-18 21:04:20]:upgreadStatus:0--pagestatus:0
###[2019-01-18 21:04:31]:upgreadStatus:2--pagestatus:1
###[2019-01-18 21:04:32]:正在执行sql201709150103.sql,第(1)个脚本，共(4)个。
###[2019-01-18 21:04:32]:正在执行sql201709190601.sql,第(2)个脚本，共(4)个。
###[2019-01-18 21:04:32]:正在执行sql201709190800.sql,第(3)个脚本，共(4)个。
###[2019-01-18 21:04:32]:正在执行sql201709290202.sql,第(4)个脚本，共(4)个。
###[2019-01-18 21:15:53]:ThreadPool size :3
###[2019-01-18 21:15:53]:ThreadPool size :3
###[2019-01-18 21:15:53]:upgreadStatus:2--pagestatus:1--currentFile:0
###[2019-01-18 21:15:53]:upgreadStatus:2--pagestatus:1--currentFile:0
###[2019-01-18 21:15:53]:SystemUpgrade Thread isinrunnable:false
###[2019-01-18 21:15:53]:SystemUpgrade Thread isinrunnable:false
###[2019-01-18 21:15:53]:-------isinrunnable:false-------
###[2019-01-18 21:15:53]:-------isinrunnable:false-------
###[2019-01-18 21:15:58]:ThreadPool size :3
###[2019-01-18 21:15:58]:upgreadStatus:2--pagestatus:1--currentFile:0
###[2019-01-18 21:15:58]:SystemUpgrade Thread isinrunnable:false
###[2019-01-18 21:15:58]:-------isinrunnable:false-------
###[2019-01-18 21:16:03]:ThreadPool size :3
###[2019-01-18 21:16:03]:upgreadStatus:2--pagestatus:1--currentFile:0
###[2019-01-18 21:16:03]:SystemUpgrade Thread isinrunnable:false
###[2019-01-18 21:16:03]:-------isinrunnable:false-------
###[2019-01-18 21:16:04]:upgreadStatus:0--pagestatus:1
###[2019-01-18 21:16:05]:ThreadPool size :3
###[2019-01-18 21:16:05]:upgreadStatus:0--pagestatus:1--currentFile:0
###[2019-01-18 21:16:05]:SystemUpgrade Thread isinrunnable:true
###[2019-01-18 21:16:05]:-------##########------
###[2019-01-18 21:16:05]:upgreadStatus:0--pagestatus:1
###[2019-01-18 21:16:05]:upgreadStatus:2--pagestatus:1
###[2019-01-18 21:16:05]:正在执行sql201709150103.sql,第(1)个脚本，共(4)个。
###[2019-01-18 21:16:05]:正在执行sql201709190601.sql,第(2)个脚本，共(4)个。
###[2019-01-18 21:16:05]:正在执行sql201709190800.sql,第(3)个脚本，共(4)个。
###[2019-01-18 21:16:05]:正在执行sql201709290202.sql,第(4)个脚本，共(4)个。
###[2019-01-18 21:16:06]:upgreadStatus:2--pagestatus:1
###[2019-01-18 21:16:06]:正在执行sql201709150103.sql,第(1)个脚本，共(4)个。
###[2019-01-18 21:16:06]:正在执行sql201709190601.sql,第(2)个脚本，共(4)个。
###[2019-01-18 21:16:06]:正在执行sql201709190800.sql,第(3)个脚本，共(4)个。
###[2019-01-18 21:16:06]:正在执行sql201709290202.sql,第(4)个脚本，共(4)个。
###[2019-01-18 21:16:06]:upgreadStatus:0--pagestatus:0
###[2019-01-18 21:16:07]:upgreadStatus:0--pagestatus:0
