###[2019-04-18 00:36:44]:upgreadStatus:2--pagestatus:2
###[2019-04-18 08:25:10]:upgreadStatus:0--pagestatus:1
###[2019-04-18 08:25:10]:ThreadPool size :3
###[2019-04-18 08:25:10]:upgreadStatus:0--pagestatus:1--currentFile:0
###[2019-04-18 08:25:10]:SystemUpgrade Thread isinrunnable:true
###[2019-04-18 08:25:10]:-------##########------
###[2019-04-18 08:25:11]:upgreadStatus:2--pagestatus:1
###[2019-04-18 08:25:11]:正在执行sql201709150103.sql,第(1)个脚本，共(5)个。
###[2019-04-18 08:25:11]:正在执行sql201709190601.sql,第(2)个脚本，共(5)个。
###[2019-04-18 08:25:11]:正在执行sql201709190800.sql,第(3)个脚本，共(5)个。
###[2019-04-18 08:25:11]:正在执行sql201709290202.sql,第(4)个脚本，共(5)个。
###[2019-04-18 08:25:11]:正在执行upgrade019_up.sql,第(5)个脚本，共(5)个。
###[2019-04-18 08:25:12]:upgreadStatus:0--pagestatus:0
###[2019-04-18 08:25:12]:&&&&&&&&&&&&&&&&&&&&&&&&&&&&&&&&&&&&&&&&自动配置开始 : 2019-04-18 08:25:12&&&&&&&&&&&&&&&&&&&&&&&&&&&&&&&&&&&&&&&&
###[2019-04-18 08:25:14]:&&&&&&&&&&&&&&&&&&&&&&&&&&&&&&&&&&&&&&&&自动配置结束 : 2019-04-18 08:25:14&&&&&&&&&&&&&&&&&&&&&&&&&&&&&&&&&&&&&&&&
###[2019-04-18 23:26:46]:upgreadStatus:2--pagestatus:1
###[2019-04-18 23:26:46]:正在执行sql201709150103.sql,第(1)个脚本，共(4)个。
###[2019-04-18 23:26:46]:正在执行sql201709190601.sql,第(2)个脚本，共(4)个。
###[2019-04-18 23:26:46]:正在执行sql201709190800.sql,第(3)个脚本，共(4)个。
###[2019-04-18 23:26:46]:正在执行sql201709290202.sql,第(4)个脚本，共(4)个。
###[2019-04-18 23:26:47]:upgreadStatus:0--pagestatus:0
