###[2019-04-01 20:24:09]:upgreadStatus:2--pagestatus:2
###[2019-04-01 20:25:19]:upgreadStatus:0--pagestatus:1
###[2019-04-01 20:25:19]:ThreadPool size :3
###[2019-04-01 20:25:19]:upgreadStatus:0--pagestatus:1--currentFile:0
###[2019-04-01 20:25:19]:SystemUpgrade Thread isinrunnable:true
###[2019-04-01 20:25:19]:-------##########------
###[2019-04-01 20:25:19]:upgreadStatus:2--pagestatus:1
###[2019-04-01 20:25:19]:正在执行sql201709150103.sql,第(1)个脚本，共(5)个。
###[2019-04-01 20:25:19]:正在执行sql201709190601.sql,第(2)个脚本，共(5)个。
###[2019-04-01 20:25:20]:正在执行sql201709190800.sql,第(3)个脚本，共(5)个。
###[2019-04-01 20:25:20]:正在执行sql201709290202.sql,第(4)个脚本，共(5)个。
###[2019-04-01 20:25:20]:正在执行upgrade018_up.sql,第(5)个脚本，共(5)个。
###[2019-04-01 20:25:20]:ThreadPool size :3
###[2019-04-01 20:25:20]:upgreadStatus:2--pagestatus:1--currentFile:5
###[2019-04-01 20:25:20]:SystemUpgrade Thread isinrunnable:true
###[2019-04-01 20:25:20]:-------currentFile:5-------
###[2019-04-01 20:25:20]:upgreadStatus:0--pagestatus:0
###[2019-04-01 20:25:20]:&&&&&&&&&&&&&&&&&&&&&&&&&&&&&&&&&&&&&&&&自动配置开始 : 2019-04-01 20:25:20&&&&&&&&&&&&&&&&&&&&&&&&&&&&&&&&&&&&&&&&
###[2019-04-01 20:25:21]:upgreadStatus:0--pagestatus:0
###[2019-04-01 20:25:22]:&&&&&&&&&&&&&&&&&&&&&&&&&&&&&&&&&&&&&&&&自动配置结束 : 2019-04-01 20:25:22&&&&&&&&&&&&&&&&&&&&&&&&&&&&&&&&&&&&&&&&
