###[2020-01-06 14:12:38]:upgreadStatus:2--pagestatus:1
###[2020-01-06 14:12:38]:正在执行sql201709150103.sql,第(1)个脚本，共(4)个。
###[2020-01-06 14:12:38]:正在执行sql201709190601.sql,第(2)个脚本，共(4)个。
###[2020-01-06 14:12:38]:正在执行sql201709190800.sql,第(3)个脚本，共(4)个。
###[2020-01-06 14:12:38]:正在执行sql201709290202.sql,第(4)个脚本，共(4)个。
###[2020-01-06 14:12:39]:upgreadStatus:0--pagestatus:0
###[2020-01-06 14:12:55]:upgreadStatus:2--pagestatus:1
###[2020-01-06 14:12:55]:正在执行sql201709150103.sql,第(1)个脚本，共(4)个。
###[2020-01-06 14:12:55]:正在执行sql201709190601.sql,第(2)个脚本，共(4)个。
###[2020-01-06 14:12:55]:正在执行sql201709190800.sql,第(3)个脚本，共(4)个。
###[2020-01-06 14:12:55]:正在执行sql201709290202.sql,第(4)个脚本，共(4)个。
###[2020-01-06 14:12:56]:upgreadStatus:0--pagestatus:0
###[2020-01-06 14:13:08]:upgreadStatus:2--pagestatus:1
###[2020-01-06 14:13:08]:正在执行sql201709150103.sql,第(1)个脚本，共(4)个。
###[2020-01-06 14:13:08]:正在执行sql201709190601.sql,第(2)个脚本，共(4)个。
###[2020-01-06 14:13:08]:正在执行sql201709190800.sql,第(3)个脚本，共(4)个。
###[2020-01-06 14:13:08]:正在执行sql201709290202.sql,第(4)个脚本，共(4)个。
###[2020-01-06 14:13:09]:upgreadStatus:0--pagestatus:0
###[2020-01-06 14:15:53]:upgreadStatus:2--pagestatus:1
###[2020-01-06 14:15:53]:正在执行sql201709150103.sql,第(1)个脚本，共(4)个。
###[2020-01-06 14:15:53]:正在执行sql201709190601.sql,第(2)个脚本，共(4)个。
###[2020-01-06 14:15:53]:正在执行sql201709190800.sql,第(3)个脚本，共(4)个。
###[2020-01-06 14:15:53]:正在执行sql201709290202.sql,第(4)个脚本，共(4)个。
###[2020-01-06 14:15:54]:upgreadStatus:0--pagestatus:0
###[2020-01-06 14:16:09]:upgreadStatus:2--pagestatus:1
###[2020-01-06 14:16:09]:正在执行sql201709150103.sql,第(1)个脚本，共(4)个。
###[2020-01-06 14:16:09]:正在执行sql201709190601.sql,第(2)个脚本，共(4)个。
###[2020-01-06 14:16:09]:正在执行sql201709190800.sql,第(3)个脚本，共(4)个。
###[2020-01-06 14:16:09]:正在执行sql201709290202.sql,第(4)个脚本，共(4)个。
###[2020-01-06 14:16:10]:upgreadStatus:0--pagestatus:0
###[2020-01-06 14:16:26]:upgreadStatus:2--pagestatus:1
###[2020-01-06 14:16:27]:正在执行sql201709150103.sql,第(1)个脚本，共(4)个。
###[2020-01-06 14:16:27]:正在执行sql201709190601.sql,第(2)个脚本，共(4)个。
###[2020-01-06 14:16:27]:正在执行sql201709190800.sql,第(3)个脚本，共(4)个。
###[2020-01-06 14:16:27]:正在执行sql201709290202.sql,第(4)个脚本，共(4)个。
###[2020-01-06 14:16:27]:upgreadStatus:0--pagestatus:0
###[2020-01-06 14:35:19]:upgreadStatus:2--pagestatus:1
###[2020-01-06 14:35:19]:正在执行sql201709150103.sql,第(1)个脚本，共(4)个。
###[2020-01-06 14:35:19]:正在执行sql201709190601.sql,第(2)个脚本，共(4)个。
###[2020-01-06 14:35:19]:正在执行sql201709190800.sql,第(3)个脚本，共(4)个。
###[2020-01-06 14:35:19]:正在执行sql201709290202.sql,第(4)个脚本，共(4)个。
###[2020-01-06 14:35:19]:upgreadStatus:0--pagestatus:0
###[2020-01-06 14:35:35]:upgreadStatus:2--pagestatus:1
###[2020-01-06 14:35:35]:正在执行sql201709150103.sql,第(1)个脚本，共(4)个。
###[2020-01-06 14:35:35]:正在执行sql201709190601.sql,第(2)个脚本，共(4)个。
###[2020-01-06 14:35:35]:正在执行sql201709190800.sql,第(3)个脚本，共(4)个。
###[2020-01-06 14:35:35]:正在执行sql201709290202.sql,第(4)个脚本，共(4)个。
###[2020-01-06 14:35:35]:upgreadStatus:0--pagestatus:0
###[2020-01-06 14:35:52]:upgreadStatus:2--pagestatus:1
###[2020-01-06 14:35:52]:正在执行sql201709150103.sql,第(1)个脚本，共(4)个。
###[2020-01-06 14:35:52]:正在执行sql201709190601.sql,第(2)个脚本，共(4)个。
###[2020-01-06 14:35:52]:正在执行sql201709190800.sql,第(3)个脚本，共(4)个。
###[2020-01-06 14:35:52]:正在执行sql201709290202.sql,第(4)个脚本，共(4)个。
###[2020-01-06 14:35:53]:upgreadStatus:0--pagestatus:0
###[2020-01-06 14:36:09]:upgreadStatus:2--pagestatus:1
###[2020-01-06 14:36:09]:正在执行sql201709150103.sql,第(1)个脚本，共(4)个。
###[2020-01-06 14:36:09]:正在执行sql201709190601.sql,第(2)个脚本，共(4)个。
###[2020-01-06 14:36:09]:正在执行sql201709190800.sql,第(3)个脚本，共(4)个。
###[2020-01-06 14:36:09]:正在执行sql201709290202.sql,第(4)个脚本，共(4)个。
###[2020-01-06 14:36:10]:upgreadStatus:0--pagestatus:0
###[2020-01-06 14:37:59]:upgreadStatus:2--pagestatus:1
###[2020-01-06 14:37:59]:正在执行sql201709150103.sql,第(1)个脚本，共(4)个。
###[2020-01-06 14:37:59]:正在执行sql201709190601.sql,第(2)个脚本，共(4)个。
###[2020-01-06 14:37:59]:正在执行sql201709190800.sql,第(3)个脚本，共(4)个。
###[2020-01-06 14:37:59]:正在执行sql201709290202.sql,第(4)个脚本，共(4)个。
###[2020-01-06 14:38:00]:upgreadStatus:0--pagestatus:0
###[2020-01-06 14:38:14]:upgreadStatus:2--pagestatus:1
###[2020-01-06 14:38:14]:正在执行sql201709150103.sql,第(1)个脚本，共(4)个。
###[2020-01-06 14:38:14]:正在执行sql201709190601.sql,第(2)个脚本，共(4)个。
###[2020-01-06 14:38:14]:正在执行sql201709190800.sql,第(3)个脚本，共(4)个。
###[2020-01-06 14:38:14]:正在执行sql201709290202.sql,第(4)个脚本，共(4)个。
###[2020-01-06 14:38:14]:upgreadStatus:0--pagestatus:0
###[2020-01-06 14:38:29]:upgreadStatus:2--pagestatus:1
###[2020-01-06 14:38:29]:正在执行sql201709150103.sql,第(1)个脚本，共(4)个。
###[2020-01-06 14:38:29]:正在执行sql201709190601.sql,第(2)个脚本，共(4)个。
###[2020-01-06 14:38:29]:正在执行sql201709190800.sql,第(3)个脚本，共(4)个。
###[2020-01-06 14:38:29]:正在执行sql201709290202.sql,第(4)个脚本，共(4)个。
###[2020-01-06 14:38:30]:upgreadStatus:0--pagestatus:0
###[2020-01-06 14:43:31]:upgreadStatus:2--pagestatus:1
###[2020-01-06 14:43:31]:正在执行sql201709150103.sql,第(1)个脚本，共(4)个。
###[2020-01-06 14:43:31]:正在执行sql201709190601.sql,第(2)个脚本，共(4)个。
###[2020-01-06 14:43:31]:正在执行sql201709190800.sql,第(3)个脚本，共(4)个。
###[2020-01-06 14:43:31]:正在执行sql201709290202.sql,第(4)个脚本，共(4)个。
###[2020-01-06 14:43:32]:upgreadStatus:0--pagestatus:0
###[2020-01-06 14:43:46]:upgreadStatus:2--pagestatus:1
###[2020-01-06 14:43:46]:正在执行sql201709150103.sql,第(1)个脚本，共(4)个。
###[2020-01-06 14:43:46]:正在执行sql201709190601.sql,第(2)个脚本，共(4)个。
###[2020-01-06 14:43:46]:正在执行sql201709190800.sql,第(3)个脚本，共(4)个。
###[2020-01-06 14:43:46]:正在执行sql201709290202.sql,第(4)个脚本，共(4)个。
###[2020-01-06 14:43:46]:upgreadStatus:0--pagestatus:0
###[2020-01-06 14:43:59]:upgreadStatus:2--pagestatus:1
###[2020-01-06 14:43:59]:正在执行sql201709150103.sql,第(1)个脚本，共(4)个。
###[2020-01-06 14:43:59]:正在执行sql201709190601.sql,第(2)个脚本，共(4)个。
###[2020-01-06 14:43:59]:正在执行sql201709190800.sql,第(3)个脚本，共(4)个。
###[2020-01-06 14:43:59]:正在执行sql201709290202.sql,第(4)个脚本，共(4)个。
###[2020-01-06 14:44:00]:upgreadStatus:0--pagestatus:0
###[2020-01-06 14:44:50]:upgreadStatus:2--pagestatus:1
###[2020-01-06 14:44:50]:正在执行sql201709150103.sql,第(1)个脚本，共(4)个。
###[2020-01-06 14:44:50]:正在执行sql201709190601.sql,第(2)个脚本，共(4)个。
###[2020-01-06 14:44:50]:正在执行sql201709190800.sql,第(3)个脚本，共(4)个。
###[2020-01-06 14:44:50]:正在执行sql201709290202.sql,第(4)个脚本，共(4)个。
###[2020-01-06 14:44:51]:upgreadStatus:0--pagestatus:0
###[2020-01-06 14:46:04]:upgreadStatus:2--pagestatus:1
###[2020-01-06 14:46:04]:正在执行sql201709150103.sql,第(1)个脚本，共(4)个。
###[2020-01-06 14:46:04]:正在执行sql201709190601.sql,第(2)个脚本，共(4)个。
###[2020-01-06 14:46:04]:正在执行sql201709190800.sql,第(3)个脚本，共(4)个。
###[2020-01-06 14:46:04]:正在执行sql201709290202.sql,第(4)个脚本，共(4)个。
###[2020-01-06 14:46:04]:upgreadStatus:0--pagestatus:0
###[2020-01-06 14:47:15]:upgreadStatus:2--pagestatus:1
###[2020-01-06 14:47:15]:正在执行sql201709150103.sql,第(1)个脚本，共(4)个。
###[2020-01-06 14:47:15]:正在执行sql201709190601.sql,第(2)个脚本，共(4)个。
###[2020-01-06 14:47:15]:正在执行sql201709190800.sql,第(3)个脚本，共(4)个。
###[2020-01-06 14:47:15]:正在执行sql201709290202.sql,第(4)个脚本，共(4)个。
###[2020-01-06 14:47:16]:upgreadStatus:0--pagestatus:0
###[2020-01-06 14:47:58]:upgreadStatus:2--pagestatus:1
###[2020-01-06 14:47:59]:正在执行sql201709150103.sql,第(1)个脚本，共(4)个。
###[2020-01-06 14:47:59]:正在执行sql201709190601.sql,第(2)个脚本，共(4)个。
###[2020-01-06 14:47:59]:正在执行sql201709190800.sql,第(3)个脚本，共(4)个。
###[2020-01-06 14:47:59]:正在执行sql201709290202.sql,第(4)个脚本，共(4)个。
###[2020-01-06 14:47:59]:upgreadStatus:0--pagestatus:0
###[2020-01-06 14:48:26]:upgreadStatus:2--pagestatus:1
###[2020-01-06 14:48:26]:正在执行sql201709150103.sql,第(1)个脚本，共(4)个。
###[2020-01-06 14:48:26]:正在执行sql201709190601.sql,第(2)个脚本，共(4)个。
###[2020-01-06 14:48:26]:正在执行sql201709190800.sql,第(3)个脚本，共(4)个。
###[2020-01-06 14:48:26]:正在执行sql201709290202.sql,第(4)个脚本，共(4)个。
###[2020-01-06 14:48:26]:upgreadStatus:0--pagestatus:0
###[2020-01-06 14:49:02]:upgreadStatus:2--pagestatus:1
###[2020-01-06 14:49:02]:正在执行sql201709150103.sql,第(1)个脚本，共(4)个。
###[2020-01-06 14:49:02]:正在执行sql201709190601.sql,第(2)个脚本，共(4)个。
###[2020-01-06 14:49:02]:正在执行sql201709190800.sql,第(3)个脚本，共(4)个。
###[2020-01-06 14:49:02]:正在执行sql201709290202.sql,第(4)个脚本，共(4)个。
###[2020-01-06 14:49:02]:upgreadStatus:0--pagestatus:0
###[2020-01-06 14:49:31]:upgreadStatus:2--pagestatus:1
###[2020-01-06 14:49:31]:正在执行sql201709150103.sql,第(1)个脚本，共(4)个。
###[2020-01-06 14:49:31]:正在执行sql201709190601.sql,第(2)个脚本，共(4)个。
###[2020-01-06 14:49:31]:正在执行sql201709190800.sql,第(3)个脚本，共(4)个。
###[2020-01-06 14:49:31]:正在执行sql201709290202.sql,第(4)个脚本，共(4)个。
###[2020-01-06 14:49:32]:upgreadStatus:0--pagestatus:0
###[2020-01-06 14:51:08]:upgreadStatus:2--pagestatus:1
###[2020-01-06 14:51:08]:正在执行sql201709150103.sql,第(1)个脚本，共(4)个。
###[2020-01-06 14:51:08]:正在执行sql201709190601.sql,第(2)个脚本，共(4)个。
###[2020-01-06 14:51:08]:正在执行sql201709190800.sql,第(3)个脚本，共(4)个。
###[2020-01-06 14:51:08]:正在执行sql201709290202.sql,第(4)个脚本，共(4)个。
###[2020-01-06 14:51:09]:upgreadStatus:0--pagestatus:0
###[2020-01-06 14:51:23]:upgreadStatus:2--pagestatus:1
###[2020-01-06 14:51:23]:正在执行sql201709150103.sql,第(1)个脚本，共(4)个。
###[2020-01-06 14:51:23]:正在执行sql201709190601.sql,第(2)个脚本，共(4)个。
###[2020-01-06 14:51:23]:正在执行sql201709190800.sql,第(3)个脚本，共(4)个。
###[2020-01-06 14:51:23]:正在执行sql201709290202.sql,第(4)个脚本，共(4)个。
###[2020-01-06 14:51:23]:upgreadStatus:0--pagestatus:0
###[2020-01-06 14:51:40]:upgreadStatus:2--pagestatus:1
###[2020-01-06 14:51:40]:正在执行sql201709150103.sql,第(1)个脚本，共(4)个。
###[2020-01-06 14:51:40]:正在执行sql201709190601.sql,第(2)个脚本，共(4)个。
###[2020-01-06 14:51:40]:正在执行sql201709190800.sql,第(3)个脚本，共(4)个。
###[2020-01-06 14:51:40]:正在执行sql201709290202.sql,第(4)个脚本，共(4)个。
###[2020-01-06 14:51:41]:upgreadStatus:0--pagestatus:0
###[2020-01-06 14:51:53]:upgreadStatus:2--pagestatus:1
###[2020-01-06 14:51:53]:正在执行sql201709150103.sql,第(1)个脚本，共(4)个。
###[2020-01-06 14:51:53]:正在执行sql201709190601.sql,第(2)个脚本，共(4)个。
###[2020-01-06 14:51:53]:正在执行sql201709190800.sql,第(3)个脚本，共(4)个。
###[2020-01-06 14:51:53]:正在执行sql201709290202.sql,第(4)个脚本，共(4)个。
###[2020-01-06 14:51:54]:upgreadStatus:0--pagestatus:0
###[2020-01-06 14:52:07]:upgreadStatus:2--pagestatus:1
###[2020-01-06 14:52:07]:正在执行sql201709150103.sql,第(1)个脚本，共(4)个。
###[2020-01-06 14:52:07]:正在执行sql201709190601.sql,第(2)个脚本，共(4)个。
###[2020-01-06 14:52:07]:正在执行sql201709190800.sql,第(3)个脚本，共(4)个。
###[2020-01-06 14:52:07]:正在执行sql201709290202.sql,第(4)个脚本，共(4)个。
###[2020-01-06 14:52:08]:upgreadStatus:0--pagestatus:0
###[2020-01-06 14:52:52]:upgreadStatus:2--pagestatus:1
###[2020-01-06 14:52:52]:正在执行sql201709150103.sql,第(1)个脚本，共(4)个。
###[2020-01-06 14:52:52]:正在执行sql201709190601.sql,第(2)个脚本，共(4)个。
###[2020-01-06 14:52:53]:正在执行sql201709190800.sql,第(3)个脚本，共(4)个。
###[2020-01-06 14:52:53]:正在执行sql201709290202.sql,第(4)个脚本，共(4)个。
###[2020-01-06 14:52:53]:upgreadStatus:0--pagestatus:0
###[2020-01-06 14:53:18]:upgreadStatus:2--pagestatus:1
###[2020-01-06 14:53:18]:正在执行sql201709150103.sql,第(1)个脚本，共(4)个。
###[2020-01-06 14:53:18]:正在执行sql201709190601.sql,第(2)个脚本，共(4)个。
###[2020-01-06 14:53:18]:正在执行sql201709190800.sql,第(3)个脚本，共(4)个。
###[2020-01-06 14:53:18]:正在执行sql201709290202.sql,第(4)个脚本，共(4)个。
###[2020-01-06 14:53:19]:upgreadStatus:0--pagestatus:0
###[2020-01-06 14:54:42]:upgreadStatus:2--pagestatus:1
###[2020-01-06 14:55:07]:ThreadPool size :3
###[2020-01-06 14:55:07]:upgreadStatus:2--pagestatus:1--currentFile:0
###[2020-01-06 14:55:07]:SystemUpgrade Thread isinrunnable:false
###[2020-01-06 14:55:07]:-------isinrunnable:false-------
###[2020-01-06 14:55:12]:ThreadPool size :3
###[2020-01-06 14:55:12]:upgreadStatus:2--pagestatus:1--currentFile:0
###[2020-01-06 14:55:12]:SystemUpgrade Thread isinrunnable:false
###[2020-01-06 14:55:12]:-------isinrunnable:false-------
###[2020-01-06 14:55:17]:ThreadPool size :3
###[2020-01-06 14:55:17]:upgreadStatus:2--pagestatus:1--currentFile:0
###[2020-01-06 14:55:17]:SystemUpgrade Thread isinrunnable:false
###[2020-01-06 14:55:17]:-------isinrunnable:false-------
###[2020-01-06 14:55:21]:upgreadStatus:0--pagestatus:1
###[2020-01-06 14:55:21]:ThreadPool size :3
###[2020-01-06 14:55:21]:upgreadStatus:0--pagestatus:1--currentFile:0
###[2020-01-06 14:55:21]:SystemUpgrade Thread isinrunnable:true
###[2020-01-06 14:55:21]:-------##########------
###[2020-01-06 14:55:21]:upgreadStatus:2--pagestatus:1
###[2020-01-06 14:55:21]:正在执行sql201709150103.sql,第(1)个脚本，共(4)个。
###[2020-01-06 14:55:21]:正在执行sql201709190601.sql,第(2)个脚本，共(4)个。
###[2020-01-06 14:55:21]:正在执行sql201709190800.sql,第(3)个脚本，共(4)个。
###[2020-01-06 14:55:21]:正在执行sql201709290202.sql,第(4)个脚本，共(4)个。
###[2020-01-06 14:55:22]:upgreadStatus:0--pagestatus:0
