2020-10-29 14:52:15,442 INFO  [Thread:Thread-24] weaver.general.InitServerXMLtoDBThread.checkEndUpgrade() - 升级进行中,sleep...
2020-10-29 14:52:16,444 INFO  [Thread:Thread-24] weaver.general.InitServerXMLtoDBThread.run() - 升级完成，执行 InitServiceXMLtoDB ...
2020-10-29 14:52:16,546 INFO  [Thread:Thread-24] weaver.general.InitServiceXMLtoDB.initDB() - 创建表：INITSERVICEXMLSTATE ……
2020-10-29 14:52:16,847 INFO  [Thread:Thread-24] weaver.general.InitServiceXMLtoDB.notExistTable() - table(INITSERVICEXMLSTATE) exist
2020-10-29 14:52:16,891 INFO  [Thread:Thread-24] weaver.general.InitServiceXMLtoDB.notExistTable() - table(INITSERVICEXMLSTATE) exist
2020-10-29 14:52:16,904 INFO  [Thread:Thread-24] weaver.general.InitServiceXMLtoDB.notExistField() - filed (INITSERVICEXMLSTATE.E8CLEAR) exist
2020-10-29 14:52:16,906 INFO  [Thread:Thread-24] weaver.general.InitServiceXMLtoDB.notExistTable() - table(INITSERVICEXMLSTATE) exist
2020-10-29 14:52:16,911 INFO  [Thread:Thread-24] weaver.general.InitServiceXMLtoDB.notExistField() - filed (INITSERVICEXMLSTATE.SMS) exist
2020-10-29 14:52:16,913 INFO  [Thread:Thread-24] weaver.general.InitServiceXMLtoDB.notExistTable() - table(INITSERVICEXMLSTATE) exist
2020-10-29 14:52:16,920 INFO  [Thread:Thread-24] weaver.general.InitServiceXMLtoDB.notExistField() - filed (INITSERVICEXMLSTATE.CHECKERRORDATA) exist
2020-10-29 14:52:16,921 INFO  [Thread:Thread-24] weaver.general.InitServiceXMLtoDB.notExistTable() - table(INITSERVICEXMLSTATE) exist
2020-10-29 14:52:16,936 INFO  [Thread:Thread-24] weaver.general.InitServiceXMLtoDB.notExistField() - filed (INITSERVICEXMLSTATE.XMLINITTODB) exist
2020-10-29 14:52:16,937 INFO  [Thread:Thread-24] weaver.general.InitServiceXMLtoDB.initDB() - 创建表：DATASOURCESETTING ……
2020-10-29 14:52:16,944 INFO  [Thread:Thread-24] weaver.general.InitServiceXMLtoDB.notExistTable() - table(DATASOURCESETTING) exist
2020-10-29 14:52:16,944 INFO  [Thread:Thread-24] weaver.general.InitServiceXMLtoDB.initDB() - 创建表：SCHEDULESETTING ……
2020-10-29 14:52:16,951 INFO  [Thread:Thread-24] weaver.general.InitServiceXMLtoDB.notExistTable() - table(SCHEDULESETTING) exist
2020-10-29 14:52:16,951 INFO  [Thread:Thread-24] weaver.general.InitServiceXMLtoDB.initDB() - 创建表：SMSPROPERTIS ……
2020-10-29 14:52:16,956 INFO  [Thread:Thread-24] weaver.general.InitServiceXMLtoDB.notExistTable() - table(SMSPROPERTIS) exist
2020-10-29 14:52:16,962 INFO  [Thread:Thread-24] weaver.general.InitServiceXMLtoDB.notExistTable() - table(actionsettingdetail) exist
2020-10-29 14:52:17,002 INFO  [Thread:Thread-24] weaver.general.InitServiceXMLtoDB.notExistField() - filed (actionsettingdetail.isdatasource) exist
2020-10-29 14:52:17,008 INFO  [Thread:Thread-24] weaver.general.InitServiceXMLtoDB.notExistTable() - table(datashowset) exist
2020-10-29 14:52:17,029 INFO  [Thread:Thread-24] weaver.general.InitServiceXMLtoDB.notExistField() - filed (datashowset.searchByName) exist
2020-10-29 14:52:17,034 INFO  [Thread:Thread-24] weaver.general.InitServiceXMLtoDB.notExistField() - filed (datashowset.customid) exist
2020-10-29 14:52:17,035 INFO  [Thread:Thread-24] weaver.general.InitServiceXMLtoDB.notExistTable() - table(SCHEDULESETTING) exist
2020-10-29 14:52:17,123 INFO  [Thread:Thread-24] weaver.general.InitServiceXMLtoDB.notExistField() - filed (SCHEDULESETTING.createdate) exist
2020-10-29 14:52:17,124 INFO  [Thread:Thread-24] weaver.general.InitServiceXMLtoDB.notExistTable() - table(SCHEDULESETTING) exist
2020-10-29 14:52:17,133 INFO  [Thread:Thread-24] weaver.general.InitServiceXMLtoDB.notExistField() - filed (SCHEDULESETTING.createtime) exist
2020-10-29 14:52:17,134 INFO  [Thread:Thread-24] weaver.general.InitServiceXMLtoDB.notExistTable() - table(SCHEDULESETTING) exist
2020-10-29 14:52:17,138 INFO  [Thread:Thread-24] weaver.general.InitServiceXMLtoDB.notExistField() - filed (SCHEDULESETTING.modifydate) exist
2020-10-29 14:52:17,139 INFO  [Thread:Thread-24] weaver.general.InitServiceXMLtoDB.notExistTable() - table(SCHEDULESETTING) exist
2020-10-29 14:52:17,143 INFO  [Thread:Thread-24] weaver.general.InitServiceXMLtoDB.notExistField() - filed (SCHEDULESETTING.modifytime) exist
2020-10-29 14:52:17,145 INFO  [Thread:Thread-24] weaver.general.InitServiceXMLtoDB.initCache() - 开始初始化缓存......
2020-10-29 14:52:17,253 INFO  [Thread:Thread-24] weaver.general.InitServiceXMLtoDB.initCache() - System Init Message:mainControlIp= localIp:[192.168.56.1, 192.168.97.232]
2020-10-29 14:52:17,253 INFO  [Thread:Thread-24] weaver.general.InitServiceXMLtoDB.initCache() -   初始化计划任务缓存Start ......
2020-10-29 14:52:17,423 INFO  [Thread:Thread-24] weaver.general.InitServiceXMLtoDB.initCache() -   初始化数据源缓存 ......
2020-10-29 14:52:17,436 INFO  [Thread:Thread-24] weaver.general.InitServiceXMLtoDB.initCache() -   初始化Action缓存 ......
2020-10-29 14:52:23,504 ERROR [Thread:Thread-24] weaver.general.InitServiceXMLtoDB.initCache() - Action加入缓存异常(com.shxiv.hfwh.workflow.action.HfKhAction)：java.lang.NoClassDefFoundError: com/shxiv/jqkj/workflow/action/ClAction
2020-10-29 14:52:24,544 INFO  [Thread:Thread-24] weaver.general.InitServiceXMLtoDB.initCache() -   初始化浏览框缓存 ......
2020-10-29 14:52:27,801 INFO  [Thread:Thread-24] weaver.general.InitServiceXMLtoDB.initCache() -   初始化HR缓存 ......
2020-10-29 14:52:27,983 INFO  [Thread:Thread-24] weaver.general.InitServiceXMLtoDB.initCache() -   初始化短信缓存 ......
2020-10-29 14:52:28,087 INFO  [Thread:Thread-24] weaver.servicefiles.BrowserXML.<init>() - BrowserXML init start ....
2020-10-29 14:52:28,293 INFO  [Thread:Thread-24] weaver.servicefiles.BrowserXML.<init>() - BrowserXML init end ....
2020-10-29 14:52:28,473 INFO  [Thread:Thread-24] weaver.general.InitServiceXMLtoDB.initCache() - 初始化缓存结束......
2020-10-29 14:52:28,752 ERROR [Thread:Thread-24] weaver.interfaces.schedule.ScheduleManage.start() - Schedule Cron Job 缓存（schedule.deleteEML）
2020-10-29 14:52:28,816 ERROR [Thread:Thread-24] weaver.interfaces.schedule.ScheduleManage.start() - Schedule Cron Job 缓存（schedule.Mode4CptCalculateDeprecationJob）
2020-10-29 14:52:28,818 ERROR [Thread:Thread-24] weaver.interfaces.schedule.ScheduleManage.start() - Schedule Cron Job 缓存（schedule.CptLowInventoryRemindJob）
2020-10-29 14:52:28,819 ERROR [Thread:Thread-24] weaver.interfaces.schedule.ScheduleManage.start() - Schedule Cron Job 缓存（schedule.Mode4CptDulldaysInventoryRemindJob）
2020-10-29 14:52:28,820 ERROR [Thread:Thread-24] weaver.interfaces.schedule.ScheduleManage.start() - Schedule Cron Job 缓存（schedule.Mode4CptHighInventoryRemindJob）
2020-10-29 14:52:28,821 ERROR [Thread:Thread-24] weaver.interfaces.schedule.ScheduleManage.start() - Schedule Cron Job 缓存（schedule.Mode4CptLowInventoryRemindJob）
2020-10-29 14:52:28,822 ERROR [Thread:Thread-24] weaver.interfaces.schedule.ScheduleManage.start() - Schedule Cron Job 缓存（schedule.HttpServiceImpl）
2020-10-29 14:52:28,823 ERROR [Thread:Thread-24] weaver.interfaces.schedule.ScheduleManage.start() - Schedule Cron Job 缓存（schedule.HttpKaoQin）
2020-10-29 14:53:12,598 ERROR [Thread:Thread-105] weaver.general.InitServiceXMLtoDB.initCache() - Action加入缓存异常(com.shxiv.hfwh.workflow.action.HfKhAction)：java.lang.NoClassDefFoundError: com/shxiv/jqkj/workflow/action/ClAction
2020-10-29 14:53:12,877 ERROR [Thread:Thread-105] weaver.general.InitServiceXMLtoDB.initCache() - Action加入缓存异常(com.shxiv.hfwh.workflow.action.MxFzAction)：com.caucho.java.CompileClassNotFound: Resin can't execute the compiler `D:\WEAVER\JDK\bin\javac'.  This usually means that the compiler is not in the operating system's PATH or the compiler is incorrectly specified in the configuration.  You may need to add the full path to <java compiler='D:\WEAVER\JDK\bin\javac'/>.

java.io.IOException: Cannot run program "D:\WEAVER\JDK\bin\javac": CreateProcess error=206, 文件名或扩展名太长。
2020-10-29 14:53:13,083 ERROR [Thread:Thread-105] weaver.general.InitServiceXMLtoDB.initCache() - Action加入缓存异常(com.shxiv.hfwh.workflow.action.FkAction)：com.caucho.java.CompileClassNotFound: Resin can't execute the compiler `D:\WEAVER\JDK\bin\javac'.  This usually means that the compiler is not in the operating system's PATH or the compiler is incorrectly specified in the configuration.  You may need to add the full path to <java compiler='D:\WEAVER\JDK\bin\javac'/>.

java.io.IOException: Cannot run program "D:\WEAVER\JDK\bin\javac": CreateProcess error=206, 文件名或扩展名太长。
2020-10-29 14:53:13,266 ERROR [Thread:Thread-105] weaver.general.InitServiceXMLtoDB.initCache() - Action加入缓存异常(com.shxiv.hfwh.workflow.action.XsJsAction)：com.caucho.java.CompileClassNotFound: Resin can't execute the compiler `D:\WEAVER\JDK\bin\javac'.  This usually means that the compiler is not in the operating system's PATH or the compiler is incorrectly specified in the configuration.  You may need to add the full path to <java compiler='D:\WEAVER\JDK\bin\javac'/>.

java.io.IOException: Cannot run program "D:\WEAVER\JDK\bin\javac": CreateProcess error=206, 文件名或扩展名太长。
2020-10-29 14:53:13,394 ERROR [Thread:Thread-105] weaver.general.InitServiceXMLtoDB.initCache() - Action加入缓存异常(com.shxiv.hfwh.workflow.action.FlMxAction)：com.caucho.java.CompileClassNotFound: Resin can't execute the compiler `D:\WEAVER\JDK\bin\javac'.  This usually means that the compiler is not in the operating system's PATH or the compiler is incorrectly specified in the configuration.  You may need to add the full path to <java compiler='D:\WEAVER\JDK\bin\javac'/>.

java.io.IOException: Cannot run program "D:\WEAVER\JDK\bin\javac": CreateProcess error=206, 文件名或扩展名太长。
2020-10-29 14:53:13,725 ERROR [Thread:Thread-105] weaver.general.InitServiceXMLtoDB.initCache() - Action加入缓存异常(com.shxiv.hfwh.workflow.action.SpSsAction)：com.caucho.java.CompileClassNotFound: Resin can't execute the compiler `D:\WEAVER\JDK\bin\javac'.  This usually means that the compiler is not in the operating system's PATH or the compiler is incorrectly specified in the configuration.  You may need to add the full path to <java compiler='D:\WEAVER\JDK\bin\javac'/>.

java.io.IOException: Cannot run program "D:\WEAVER\JDK\bin\javac": CreateProcess error=206, 文件名或扩展名太长。
2020-10-29 14:53:13,860 ERROR [Thread:Thread-105] weaver.general.InitServiceXMLtoDB.initCache() - Action加入缓存异常(com.shxiv.hfwh.workflow.action.WqdlAction)：com.caucho.java.CompileClassNotFound: Resin can't execute the compiler `D:\WEAVER\JDK\bin\javac'.  This usually means that the compiler is not in the operating system's PATH or the compiler is incorrectly specified in the configuration.  You may need to add the full path to <java compiler='D:\WEAVER\JDK\bin\javac'/>.

java.io.IOException: Cannot run program "D:\WEAVER\JDK\bin\javac": CreateProcess error=206, 文件名或扩展名太长。
2020-10-29 14:53:13,860 INFO  [Thread:Thread-105] weaver.general.InitServiceXMLtoDB.initCache() -   初始化浏览框缓存 ......
2020-10-29 14:53:14,252 INFO  [Thread:Thread-105] weaver.general.InitServiceXMLtoDB.initCache() -   初始化HR缓存 ......
2020-10-29 14:53:14,276 INFO  [Thread:Thread-105] weaver.general.InitServiceXMLtoDB.initCache() -   初始化短信缓存 ......
2020-10-29 14:53:14,345 INFO  [Thread:Thread-105] weaver.servicefiles.BrowserXML.<init>() - BrowserXML init start ....
2020-10-29 14:53:14,355 INFO  [Thread:Thread-105] weaver.servicefiles.BrowserXML.<init>() - BrowserXML init end ....
2020-10-29 14:53:14,365 INFO  [Thread:Thread-105] weaver.general.InitServiceXMLtoDB.initCache() - 初始化缓存结束......
2020-10-29 14:53:14,410 ERROR [Thread:Thread-105] weaver.interfaces.schedule.ScheduleManage.start() - Schedule Cron Job 缓存（schedule.deleteEML）
2020-10-29 14:53:14,439 ERROR [Thread:Thread-105] weaver.interfaces.schedule.ScheduleManage.start() - Schedule Cron Job 执行异常(deleteEML):
org.quartz.ObjectAlreadyExistsException: Unable to store Job with name: 'schedule.deleteEML' and group: 'cron', because one already exists with this identification.
	at org.quartz.simpl.RAMJobStore.storeJob(RAMJobStore.java:222)
	at org.quartz.simpl.RAMJobStore.storeJobAndTrigger(RAMJobStore.java:195)
	at org.quartz.core.QuartzScheduler.scheduleJob(QuartzScheduler.java:703)
	at org.quartz.impl.StdScheduler.scheduleJob(StdScheduler.java:255)
	at weaver.interfaces.schedule.ScheduleManage.start(ScheduleManage.java:102)
	at weaver.general.InitServerXMLtoDBThread.run(InitServerXMLtoDBThread.java:40)
	at java.lang.Thread.run(Thread.java:748)
2020-10-29 14:53:14,440 ERROR [Thread:Thread-105] weaver.interfaces.schedule.ScheduleManage.start() - Schedule Cron Job 缓存（schedule.Mode4CptCalculateDeprecationJob）
2020-10-29 14:53:14,441 ERROR [Thread:Thread-105] weaver.interfaces.schedule.ScheduleManage.start() - Schedule Cron Job 执行异常(Mode4CptCalculateDeprecationJob):
org.quartz.ObjectAlreadyExistsException: Unable to store Job with name: 'schedule.Mode4CptCalculateDeprecationJob' and group: 'cron', because one already exists with this identification.
	at org.quartz.simpl.RAMJobStore.storeJob(RAMJobStore.java:222)
	at org.quartz.simpl.RAMJobStore.storeJobAndTrigger(RAMJobStore.java:195)
	at org.quartz.core.QuartzScheduler.scheduleJob(QuartzScheduler.java:703)
	at org.quartz.impl.StdScheduler.scheduleJob(StdScheduler.java:255)
	at weaver.interfaces.schedule.ScheduleManage.start(ScheduleManage.java:102)
	at weaver.general.InitServerXMLtoDBThread.run(InitServerXMLtoDBThread.java:40)
	at java.lang.Thread.run(Thread.java:748)
2020-10-29 14:53:14,441 ERROR [Thread:Thread-105] weaver.interfaces.schedule.ScheduleManage.start() - Schedule Cron Job 缓存（schedule.CptLowInventoryRemindJob）
2020-10-29 14:53:14,441 ERROR [Thread:Thread-105] weaver.interfaces.schedule.ScheduleManage.start() - Schedule Cron Job 执行异常(CptLowInventoryRemindJob):
org.quartz.ObjectAlreadyExistsException: Unable to store Job with name: 'schedule.CptLowInventoryRemindJob' and group: 'cron', because one already exists with this identification.
	at org.quartz.simpl.RAMJobStore.storeJob(RAMJobStore.java:222)
	at org.quartz.simpl.RAMJobStore.storeJobAndTrigger(RAMJobStore.java:195)
	at org.quartz.core.QuartzScheduler.scheduleJob(QuartzScheduler.java:703)
	at org.quartz.impl.StdScheduler.scheduleJob(StdScheduler.java:255)
	at weaver.interfaces.schedule.ScheduleManage.start(ScheduleManage.java:102)
	at weaver.general.InitServerXMLtoDBThread.run(InitServerXMLtoDBThread.java:40)
	at java.lang.Thread.run(Thread.java:748)
2020-10-29 14:53:14,441 ERROR [Thread:Thread-105] weaver.interfaces.schedule.ScheduleManage.start() - Schedule Cron Job 缓存（schedule.Mode4CptDulldaysInventoryRemindJob）
2020-10-29 14:53:14,442 ERROR [Thread:Thread-105] weaver.interfaces.schedule.ScheduleManage.start() - Schedule Cron Job 执行异常(Mode4CptDulldaysInventoryRemindJob):
org.quartz.ObjectAlreadyExistsException: Unable to store Job with name: 'schedule.Mode4CptDulldaysInventoryRemindJob' and group: 'cron', because one already exists with this identification.
	at org.quartz.simpl.RAMJobStore.storeJob(RAMJobStore.java:222)
	at org.quartz.simpl.RAMJobStore.storeJobAndTrigger(RAMJobStore.java:195)
	at org.quartz.core.QuartzScheduler.scheduleJob(QuartzScheduler.java:703)
	at org.quartz.impl.StdScheduler.scheduleJob(StdScheduler.java:255)
	at weaver.interfaces.schedule.ScheduleManage.start(ScheduleManage.java:102)
	at weaver.general.InitServerXMLtoDBThread.run(InitServerXMLtoDBThread.java:40)
	at java.lang.Thread.run(Thread.java:748)
2020-10-29 14:53:14,442 ERROR [Thread:Thread-105] weaver.interfaces.schedule.ScheduleManage.start() - Schedule Cron Job 缓存（schedule.Mode4CptHighInventoryRemindJob）
2020-10-29 14:53:14,442 ERROR [Thread:Thread-105] weaver.interfaces.schedule.ScheduleManage.start() - Schedule Cron Job 执行异常(Mode4CptHighInventoryRemindJob):
org.quartz.ObjectAlreadyExistsException: Unable to store Job with name: 'schedule.Mode4CptHighInventoryRemindJob' and group: 'cron', because one already exists with this identification.
	at org.quartz.simpl.RAMJobStore.storeJob(RAMJobStore.java:222)
	at org.quartz.simpl.RAMJobStore.storeJobAndTrigger(RAMJobStore.java:195)
	at org.quartz.core.QuartzScheduler.scheduleJob(QuartzScheduler.java:703)
	at org.quartz.impl.StdScheduler.scheduleJob(StdScheduler.java:255)
	at weaver.interfaces.schedule.ScheduleManage.start(ScheduleManage.java:102)
	at weaver.general.InitServerXMLtoDBThread.run(InitServerXMLtoDBThread.java:40)
	at java.lang.Thread.run(Thread.java:748)
2020-10-29 14:53:14,442 ERROR [Thread:Thread-105] weaver.interfaces.schedule.ScheduleManage.start() - Schedule Cron Job 缓存（schedule.Mode4CptLowInventoryRemindJob）
2020-10-29 14:53:14,442 ERROR [Thread:Thread-105] weaver.interfaces.schedule.ScheduleManage.start() - Schedule Cron Job 执行异常(Mode4CptLowInventoryRemindJob):
org.quartz.ObjectAlreadyExistsException: Unable to store Job with name: 'schedule.Mode4CptLowInventoryRemindJob' and group: 'cron', because one already exists with this identification.
	at org.quartz.simpl.RAMJobStore.storeJob(RAMJobStore.java:222)
	at org.quartz.simpl.RAMJobStore.storeJobAndTrigger(RAMJobStore.java:195)
	at org.quartz.core.QuartzScheduler.scheduleJob(QuartzScheduler.java:703)
	at org.quartz.impl.StdScheduler.scheduleJob(StdScheduler.java:255)
	at weaver.interfaces.schedule.ScheduleManage.start(ScheduleManage.java:102)
	at weaver.general.InitServerXMLtoDBThread.run(InitServerXMLtoDBThread.java:40)
	at java.lang.Thread.run(Thread.java:748)
2020-10-29 14:53:14,443 ERROR [Thread:Thread-105] weaver.interfaces.schedule.ScheduleManage.start() - Schedule Cron Job 缓存（schedule.HttpServiceImpl）
2020-10-29 14:53:14,443 ERROR [Thread:Thread-105] weaver.interfaces.schedule.ScheduleManage.start() - Schedule Cron Job 执行异常(HttpServiceImpl):
org.quartz.ObjectAlreadyExistsException: Unable to store Job with name: 'schedule.HttpServiceImpl' and group: 'cron', because one already exists with this identification.
	at org.quartz.simpl.RAMJobStore.storeJob(RAMJobStore.java:222)
	at org.quartz.simpl.RAMJobStore.storeJobAndTrigger(RAMJobStore.java:195)
	at org.quartz.core.QuartzScheduler.scheduleJob(QuartzScheduler.java:703)
	at org.quartz.impl.StdScheduler.scheduleJob(StdScheduler.java:255)
	at weaver.interfaces.schedule.ScheduleManage.start(ScheduleManage.java:102)
	at weaver.general.InitServerXMLtoDBThread.run(InitServerXMLtoDBThread.java:40)
	at java.lang.Thread.run(Thread.java:748)
2020-10-29 14:53:14,443 ERROR [Thread:Thread-105] weaver.interfaces.schedule.ScheduleManage.start() - Schedule Cron Job 缓存（schedule.HttpKaoQin）
2020-10-29 14:53:14,443 ERROR [Thread:Thread-105] weaver.interfaces.schedule.ScheduleManage.start() - Schedule Cron Job 缓存不存在（schedule.HttpKaoQin）
2020-10-29 15:46:51,254 INFO  [Thread:Thread-24] weaver.general.InitServerXMLtoDBThread.checkEndUpgrade() - 升级进行中,sleep...
2020-10-29 15:46:52,267 INFO  [Thread:Thread-24] weaver.general.InitServerXMLtoDBThread.run() - 升级完成，执行 InitServiceXMLtoDB ...
2020-10-29 15:46:52,286 INFO  [Thread:Thread-24] weaver.general.InitServiceXMLtoDB.initDB() - 创建表：INITSERVICEXMLSTATE ……
2020-10-29 15:46:52,367 INFO  [Thread:Thread-24] weaver.general.InitServiceXMLtoDB.notExistTable() - table(INITSERVICEXMLSTATE) exist
2020-10-29 15:46:52,622 INFO  [Thread:Thread-24] weaver.general.InitServiceXMLtoDB.notExistTable() - table(INITSERVICEXMLSTATE) exist
2020-10-29 15:46:52,780 INFO  [Thread:Thread-24] weaver.general.InitServiceXMLtoDB.notExistField() - filed (INITSERVICEXMLSTATE.E8CLEAR) exist
2020-10-29 15:46:52,804 INFO  [Thread:Thread-24] weaver.general.InitServiceXMLtoDB.notExistTable() - table(INITSERVICEXMLSTATE) exist
2020-10-29 15:46:53,248 INFO  [Thread:Thread-24] weaver.general.InitServiceXMLtoDB.notExistField() - filed (INITSERVICEXMLSTATE.SMS) exist
2020-10-29 15:46:53,260 INFO  [Thread:Thread-24] weaver.general.InitServiceXMLtoDB.notExistTable() - table(INITSERVICEXMLSTATE) exist
2020-10-29 15:46:53,263 INFO  [Thread:Thread-24] weaver.general.InitServiceXMLtoDB.notExistField() - filed (INITSERVICEXMLSTATE.CHECKERRORDATA) exist
2020-10-29 15:46:53,264 INFO  [Thread:Thread-24] weaver.general.InitServiceXMLtoDB.notExistTable() - table(INITSERVICEXMLSTATE) exist
2020-10-29 15:46:53,273 INFO  [Thread:Thread-24] weaver.general.InitServiceXMLtoDB.notExistField() - filed (INITSERVICEXMLSTATE.XMLINITTODB) exist
2020-10-29 15:46:53,273 INFO  [Thread:Thread-24] weaver.general.InitServiceXMLtoDB.initDB() - 创建表：DATASOURCESETTING ……
2020-10-29 15:46:53,395 INFO  [Thread:Thread-24] weaver.general.InitServiceXMLtoDB.notExistTable() - table(DATASOURCESETTING) exist
2020-10-29 15:46:53,395 INFO  [Thread:Thread-24] weaver.general.InitServiceXMLtoDB.initDB() - 创建表：SCHEDULESETTING ……
2020-10-29 15:46:53,406 INFO  [Thread:Thread-24] weaver.general.InitServiceXMLtoDB.notExistTable() - table(SCHEDULESETTING) exist
2020-10-29 15:46:53,406 INFO  [Thread:Thread-24] weaver.general.InitServiceXMLtoDB.initDB() - 创建表：SMSPROPERTIS ……
2020-10-29 15:46:53,413 INFO  [Thread:Thread-24] weaver.general.InitServiceXMLtoDB.notExistTable() - table(SMSPROPERTIS) exist
2020-10-29 15:46:53,426 INFO  [Thread:Thread-24] weaver.general.InitServiceXMLtoDB.notExistTable() - table(actionsettingdetail) exist
2020-10-29 15:46:53,428 INFO  [Thread:Thread-24] weaver.general.InitServiceXMLtoDB.notExistField() - filed (actionsettingdetail.isdatasource) exist
2020-10-29 15:46:53,435 INFO  [Thread:Thread-24] weaver.general.InitServiceXMLtoDB.notExistTable() - table(datashowset) exist
2020-10-29 15:46:53,437 INFO  [Thread:Thread-24] weaver.general.InitServiceXMLtoDB.notExistField() - filed (datashowset.searchByName) exist
2020-10-29 15:46:53,440 INFO  [Thread:Thread-24] weaver.general.InitServiceXMLtoDB.notExistField() - filed (datashowset.customid) exist
2020-10-29 15:46:53,442 INFO  [Thread:Thread-24] weaver.general.InitServiceXMLtoDB.notExistTable() - table(SCHEDULESETTING) exist
2020-10-29 15:46:53,444 INFO  [Thread:Thread-24] weaver.general.InitServiceXMLtoDB.notExistField() - filed (SCHEDULESETTING.createdate) exist
2020-10-29 15:46:53,448 INFO  [Thread:Thread-24] weaver.general.InitServiceXMLtoDB.notExistTable() - table(SCHEDULESETTING) exist
2020-10-29 15:46:53,454 INFO  [Thread:Thread-24] weaver.general.InitServiceXMLtoDB.notExistField() - filed (SCHEDULESETTING.createtime) exist
2020-10-29 15:46:53,464 INFO  [Thread:Thread-24] weaver.general.InitServiceXMLtoDB.notExistTable() - table(SCHEDULESETTING) exist
2020-10-29 15:46:53,466 INFO  [Thread:Thread-24] weaver.general.InitServiceXMLtoDB.notExistField() - filed (SCHEDULESETTING.modifydate) exist
2020-10-29 15:46:53,468 INFO  [Thread:Thread-24] weaver.general.InitServiceXMLtoDB.notExistTable() - table(SCHEDULESETTING) exist
2020-10-29 15:46:53,470 INFO  [Thread:Thread-24] weaver.general.InitServiceXMLtoDB.notExistField() - filed (SCHEDULESETTING.modifytime) exist
2020-10-29 15:46:53,472 INFO  [Thread:Thread-24] weaver.general.InitServiceXMLtoDB.initCache() - 开始初始化缓存......
2020-10-29 15:46:53,677 INFO  [Thread:Thread-24] weaver.general.InitServiceXMLtoDB.initCache() - System Init Message:mainControlIp= localIp:[192.168.56.1, 192.168.97.232]
2020-10-29 15:46:53,677 INFO  [Thread:Thread-24] weaver.general.InitServiceXMLtoDB.initCache() -   初始化计划任务缓存Start ......
2020-10-29 15:46:53,717 INFO  [Thread:Thread-24] weaver.general.InitServiceXMLtoDB.initCache() -   初始化数据源缓存 ......
2020-10-29 15:46:53,723 INFO  [Thread:Thread-24] weaver.general.InitServiceXMLtoDB.initCache() -   初始化Action缓存 ......
2020-10-29 15:46:54,553 ERROR [Thread:Thread-24] weaver.general.InitServiceXMLtoDB.initCache() - Action加入缓存异常(com.shxiv.hfwh.workflow.action.HfKhAction)：java.lang.NoClassDefFoundError: com/shxiv/jqkj/workflow/action/ClAction
2020-10-29 15:46:54,663 INFO  [Thread:Thread-24] weaver.general.InitServiceXMLtoDB.initCache() -   初始化浏览框缓存 ......
2020-10-29 15:46:55,693 INFO  [Thread:Thread-24] weaver.general.InitServiceXMLtoDB.initCache() -   初始化HR缓存 ......
2020-10-29 15:46:55,709 INFO  [Thread:Thread-24] weaver.general.InitServiceXMLtoDB.initCache() -   初始化短信缓存 ......
2020-10-29 15:46:55,762 INFO  [Thread:Thread-24] weaver.servicefiles.BrowserXML.<init>() - BrowserXML init start ....
2020-10-29 15:46:55,809 INFO  [Thread:Thread-24] weaver.servicefiles.BrowserXML.<init>() - BrowserXML init end ....
2020-10-29 15:46:55,873 INFO  [Thread:Thread-24] weaver.general.InitServiceXMLtoDB.initCache() - 初始化缓存结束......
2020-10-29 15:46:55,881 ERROR [Thread:Thread-24] weaver.interfaces.schedule.ScheduleManage.start() - Schedule Cron Job 缓存（schedule.deleteEML）
2020-10-29 15:46:55,884 ERROR [Thread:Thread-24] weaver.interfaces.schedule.ScheduleManage.start() - Schedule Cron Job 缓存（schedule.Mode4CptCalculateDeprecationJob）
2020-10-29 15:46:55,885 ERROR [Thread:Thread-24] weaver.interfaces.schedule.ScheduleManage.start() - Schedule Cron Job 缓存（schedule.CptLowInventoryRemindJob）
2020-10-29 15:46:55,886 ERROR [Thread:Thread-24] weaver.interfaces.schedule.ScheduleManage.start() - Schedule Cron Job 缓存（schedule.Mode4CptDulldaysInventoryRemindJob）
2020-10-29 15:46:55,887 ERROR [Thread:Thread-24] weaver.interfaces.schedule.ScheduleManage.start() - Schedule Cron Job 缓存（schedule.Mode4CptHighInventoryRemindJob）
2020-10-29 15:46:55,888 ERROR [Thread:Thread-24] weaver.interfaces.schedule.ScheduleManage.start() - Schedule Cron Job 缓存（schedule.Mode4CptLowInventoryRemindJob）
2020-10-29 15:46:55,890 ERROR [Thread:Thread-24] weaver.interfaces.schedule.ScheduleManage.start() - Schedule Cron Job 缓存（schedule.HttpServiceImpl）
2020-10-29 15:46:55,890 ERROR [Thread:Thread-24] weaver.interfaces.schedule.ScheduleManage.start() - Schedule Cron Job 缓存（schedule.HttpKaoQin）
