2020-11-23 09:54:10,214 INFO  [Thread:Thread-25] weaver.general.InitServerXMLtoDBThread.checkEndUpgrade() - 升级进行中,sleep...
2020-11-23 09:54:11,262 INFO  [Thread:Thread-25] weaver.general.InitServerXMLtoDBThread.run() - 升级完成，执行 InitServiceXMLtoDB ...
2020-11-23 09:54:11,303 INFO  [Thread:Thread-25] weaver.general.InitServiceXMLtoDB.initDB() - 创建表：INITSERVICEXMLSTATE ……
2020-11-23 09:54:11,694 INFO  [Thread:Thread-25] weaver.general.InitServiceXMLtoDB.notExistTable() - table(INITSERVICEXMLSTATE) exist
2020-11-23 09:54:11,892 INFO  [Thread:Thread-25] weaver.general.InitServiceXMLtoDB.notExistTable() - table(INITSERVICEXMLSTATE) exist
2020-11-23 09:54:11,934 INFO  [Thread:Thread-25] weaver.general.InitServiceXMLtoDB.notExistField() - filed (INITSERVICEXMLSTATE.E8CLEAR) exist
2020-11-23 09:54:12,010 INFO  [Thread:Thread-25] weaver.general.InitServiceXMLtoDB.notExistTable() - table(INITSERVICEXMLSTATE) exist
2020-11-23 09:54:12,016 INFO  [Thread:Thread-25] weaver.general.InitServiceXMLtoDB.notExistField() - filed (INITSERVICEXMLSTATE.SMS) exist
2020-11-23 09:54:12,022 INFO  [Thread:Thread-25] weaver.general.InitServiceXMLtoDB.notExistTable() - table(INITSERVICEXMLSTATE) exist
2020-11-23 09:54:12,027 INFO  [Thread:Thread-25] weaver.general.InitServiceXMLtoDB.notExistField() - filed (INITSERVICEXMLSTATE.CHECKERRORDATA) exist
2020-11-23 09:54:12,034 INFO  [Thread:Thread-25] weaver.general.InitServiceXMLtoDB.notExistTable() - table(INITSERVICEXMLSTATE) exist
2020-11-23 09:54:12,036 INFO  [Thread:Thread-25] weaver.general.InitServiceXMLtoDB.notExistField() - filed (INITSERVICEXMLSTATE.XMLINITTODB) exist
2020-11-23 09:54:12,036 INFO  [Thread:Thread-25] weaver.general.InitServiceXMLtoDB.initDB() - 创建表：DATASOURCESETTING ……
2020-11-23 09:54:12,064 INFO  [Thread:Thread-25] weaver.general.InitServiceXMLtoDB.notExistTable() - table(DATASOURCESETTING) exist
2020-11-23 09:54:12,064 INFO  [Thread:Thread-25] weaver.general.InitServiceXMLtoDB.initDB() - 创建表：SCHEDULESETTING ……
2020-11-23 09:54:12,068 INFO  [Thread:Thread-25] weaver.general.InitServiceXMLtoDB.notExistTable() - table(SCHEDULESETTING) exist
2020-11-23 09:54:12,068 INFO  [Thread:Thread-25] weaver.general.InitServiceXMLtoDB.initDB() - 创建表：SMSPROPERTIS ……
2020-11-23 09:54:12,071 INFO  [Thread:Thread-25] weaver.general.InitServiceXMLtoDB.notExistTable() - table(SMSPROPERTIS) exist
2020-11-23 09:54:12,072 INFO  [Thread:Thread-25] weaver.general.InitServiceXMLtoDB.notExistTable() - table(actionsettingdetail) exist
2020-11-23 09:54:12,075 INFO  [Thread:Thread-25] weaver.general.InitServiceXMLtoDB.notExistField() - filed (actionsettingdetail.isdatasource) exist
2020-11-23 09:54:12,077 INFO  [Thread:Thread-25] weaver.general.InitServiceXMLtoDB.notExistTable() - table(datashowset) exist
2020-11-23 09:54:12,080 INFO  [Thread:Thread-25] weaver.general.InitServiceXMLtoDB.notExistField() - filed (datashowset.searchByName) exist
2020-11-23 09:54:12,140 INFO  [Thread:Thread-25] weaver.general.InitServiceXMLtoDB.notExistField() - filed (datashowset.customid) exist
2020-11-23 09:54:12,142 INFO  [Thread:Thread-25] weaver.general.InitServiceXMLtoDB.notExistTable() - table(SCHEDULESETTING) exist
2020-11-23 09:54:12,145 INFO  [Thread:Thread-25] weaver.general.InitServiceXMLtoDB.notExistField() - filed (SCHEDULESETTING.createdate) exist
2020-11-23 09:54:12,162 INFO  [Thread:Thread-25] weaver.general.InitServiceXMLtoDB.notExistTable() - table(SCHEDULESETTING) exist
2020-11-23 09:54:12,176 INFO  [Thread:Thread-25] weaver.general.InitServiceXMLtoDB.notExistField() - filed (SCHEDULESETTING.createtime) exist
2020-11-23 09:54:12,178 INFO  [Thread:Thread-25] weaver.general.InitServiceXMLtoDB.notExistTable() - table(SCHEDULESETTING) exist
2020-11-23 09:54:12,179 INFO  [Thread:Thread-25] weaver.general.InitServiceXMLtoDB.notExistField() - filed (SCHEDULESETTING.modifydate) exist
2020-11-23 09:54:12,211 INFO  [Thread:Thread-25] weaver.general.InitServiceXMLtoDB.notExistTable() - table(SCHEDULESETTING) exist
2020-11-23 09:54:12,219 INFO  [Thread:Thread-25] weaver.general.InitServiceXMLtoDB.notExistField() - filed (SCHEDULESETTING.modifytime) exist
2020-11-23 09:54:12,224 INFO  [Thread:Thread-25] weaver.general.InitServiceXMLtoDB.initCache() - 开始初始化缓存......
2020-11-23 09:54:12,528 INFO  [Thread:Thread-25] weaver.general.InitServiceXMLtoDB.initCache() - System Init Message:mainControlIp= localIp:[192.168.56.1, 192.168.97.232]
2020-11-23 09:54:12,528 INFO  [Thread:Thread-25] weaver.general.InitServiceXMLtoDB.initCache() -   初始化计划任务缓存Start ......
2020-11-23 09:54:12,689 INFO  [Thread:Thread-25] weaver.general.InitServiceXMLtoDB.initCache() -   初始化数据源缓存 ......
2020-11-23 09:54:12,717 INFO  [Thread:Thread-25] weaver.general.InitServiceXMLtoDB.initCache() -   初始化Action缓存 ......
2020-11-23 09:54:13,658 ERROR [Thread:Thread-25] weaver.general.InitServiceXMLtoDB.initCache() - Action加入缓存异常(com.shxiv.hfwh.workflow.action.HfKhAction)：java.lang.NoClassDefFoundError: com/shxiv/jqkj/workflow/action/ClAction
2020-11-23 09:54:13,888 INFO  [Thread:Thread-25] weaver.general.InitServiceXMLtoDB.initCache() -   初始化浏览框缓存 ......
2020-11-23 09:54:16,922 INFO  [Thread:Thread-25] weaver.general.InitServiceXMLtoDB.initCache() -   初始化HR缓存 ......
2020-11-23 09:54:16,951 INFO  [Thread:Thread-25] weaver.general.InitServiceXMLtoDB.initCache() -   初始化短信缓存 ......
2020-11-23 09:54:17,015 INFO  [Thread:Thread-25] weaver.servicefiles.BrowserXML.<init>() - BrowserXML init start ....
2020-11-23 09:54:17,098 INFO  [Thread:Thread-25] weaver.servicefiles.BrowserXML.<init>() - BrowserXML init end ....
2020-11-23 09:54:17,188 INFO  [Thread:Thread-25] weaver.general.InitServiceXMLtoDB.initCache() - 初始化缓存结束......
2020-11-23 09:54:17,206 ERROR [Thread:Thread-25] weaver.interfaces.schedule.ScheduleManage.start() - Schedule Cron Job 缓存（schedule.deleteEML）
2020-11-23 09:54:17,226 ERROR [Thread:Thread-25] weaver.interfaces.schedule.ScheduleManage.start() - Schedule Cron Job 缓存（schedule.Mode4CptCalculateDeprecationJob）
2020-11-23 09:54:17,227 ERROR [Thread:Thread-25] weaver.interfaces.schedule.ScheduleManage.start() - Schedule Cron Job 缓存（schedule.CptLowInventoryRemindJob）
2020-11-23 09:54:17,228 ERROR [Thread:Thread-25] weaver.interfaces.schedule.ScheduleManage.start() - Schedule Cron Job 缓存（schedule.Mode4CptDulldaysInventoryRemindJob）
2020-11-23 09:54:17,229 ERROR [Thread:Thread-25] weaver.interfaces.schedule.ScheduleManage.start() - Schedule Cron Job 缓存（schedule.Mode4CptHighInventoryRemindJob）
2020-11-23 09:54:17,229 ERROR [Thread:Thread-25] weaver.interfaces.schedule.ScheduleManage.start() - Schedule Cron Job 缓存（schedule.Mode4CptLowInventoryRemindJob）
2020-11-23 09:54:17,230 ERROR [Thread:Thread-25] weaver.interfaces.schedule.ScheduleManage.start() - Schedule Cron Job 缓存（schedule.HttpServiceImpl）
2020-11-23 09:54:17,231 ERROR [Thread:Thread-25] weaver.interfaces.schedule.ScheduleManage.start() - Schedule Cron Job 缓存（schedule.HttpKaoQin）
