2020-01-17 09:17:42,017 INFO  [Thread:Thread-23] weaver.general.InitServerXMLtoDBThread.checkEndUpgrade() - 升级进行中,sleep...
2020-01-17 09:17:43,351 INFO  [Thread:Thread-23] weaver.general.InitServerXMLtoDBThread.checkEndUpgrade() - 升级进行中,sleep...
2020-01-17 09:17:44,355 INFO  [Thread:Thread-23] weaver.general.InitServerXMLtoDBThread.run() - 升级完成，执行 InitServiceXMLtoDB ...
2020-01-17 09:17:44,410 INFO  [Thread:Thread-23] weaver.general.InitServiceXMLtoDB.initDB() - 创建表：INITSERVICEXMLSTATE ……
2020-01-17 09:17:44,414 INFO  [Thread:Thread-23] weaver.general.InitServiceXMLtoDB.notExistTable() - table(INITSERVICEXMLSTATE) exist
2020-01-17 09:17:44,419 INFO  [Thread:Thread-23] weaver.general.InitServiceXMLtoDB.notExistTable() - table(INITSERVICEXMLSTATE) exist
2020-01-17 09:17:44,427 INFO  [Thread:Thread-23] weaver.general.InitServiceXMLtoDB.notExistField() - filed (INITSERVICEXMLSTATE.E8CLEAR) exist
2020-01-17 09:17:44,429 INFO  [Thread:Thread-23] weaver.general.InitServiceXMLtoDB.notExistTable() - table(INITSERVICEXMLSTATE) exist
2020-01-17 09:17:44,431 INFO  [Thread:Thread-23] weaver.general.InitServiceXMLtoDB.notExistField() - filed (INITSERVICEXMLSTATE.SMS) exist
2020-01-17 09:17:44,433 INFO  [Thread:Thread-23] weaver.general.InitServiceXMLtoDB.notExistTable() - table(INITSERVICEXMLSTATE) exist
2020-01-17 09:17:44,437 INFO  [Thread:Thread-23] weaver.general.InitServiceXMLtoDB.notExistField() - filed (INITSERVICEXMLSTATE.CHECKERRORDATA) exist
2020-01-17 09:17:44,440 INFO  [Thread:Thread-23] weaver.general.InitServiceXMLtoDB.notExistTable() - table(INITSERVICEXMLSTATE) exist
2020-01-17 09:17:44,442 INFO  [Thread:Thread-23] weaver.general.InitServiceXMLtoDB.notExistField() - filed (INITSERVICEXMLSTATE.XMLINITTODB) exist
2020-01-17 09:17:44,442 INFO  [Thread:Thread-23] weaver.general.InitServiceXMLtoDB.initDB() - 创建表：DATASOURCESETTING ……
2020-01-17 09:17:44,443 INFO  [Thread:Thread-23] weaver.general.InitServiceXMLtoDB.notExistTable() - table(DATASOURCESETTING) exist
2020-01-17 09:17:44,444 INFO  [Thread:Thread-23] weaver.general.InitServiceXMLtoDB.initDB() - 创建表：SCHEDULESETTING ……
2020-01-17 09:17:44,445 INFO  [Thread:Thread-23] weaver.general.InitServiceXMLtoDB.notExistTable() - table(SCHEDULESETTING) exist
2020-01-17 09:17:44,445 INFO  [Thread:Thread-23] weaver.general.InitServiceXMLtoDB.initDB() - 创建表：SMSPROPERTIS ……
2020-01-17 09:17:44,447 INFO  [Thread:Thread-23] weaver.general.InitServiceXMLtoDB.notExistTable() - table(SMSPROPERTIS) exist
2020-01-17 09:17:44,602 INFO  [Thread:Thread-23] weaver.general.InitServiceXMLtoDB.notExistTable() - table(actionsettingdetail) exist
2020-01-17 09:17:44,606 INFO  [Thread:Thread-23] weaver.general.InitServiceXMLtoDB.notExistField() - filed (actionsettingdetail.isdatasource) exist
2020-01-17 09:17:44,609 INFO  [Thread:Thread-23] weaver.general.InitServiceXMLtoDB.notExistTable() - table(datashowset) exist
2020-01-17 09:17:44,629 INFO  [Thread:Thread-23] weaver.general.InitServiceXMLtoDB.notExistField() - filed (datashowset.searchByName) exist
2020-01-17 09:17:44,634 INFO  [Thread:Thread-23] weaver.general.InitServiceXMLtoDB.notExistField() - filed (datashowset.customid) exist
2020-01-17 09:17:44,641 INFO  [Thread:Thread-23] weaver.general.InitServiceXMLtoDB.notExistTable() - table(SCHEDULESETTING) exist
2020-01-17 09:17:44,646 INFO  [Thread:Thread-23] weaver.general.InitServiceXMLtoDB.notExistField() - filed (SCHEDULESETTING.createdate) exist
2020-01-17 09:17:44,648 INFO  [Thread:Thread-23] weaver.general.InitServiceXMLtoDB.notExistTable() - table(SCHEDULESETTING) exist
2020-01-17 09:17:44,652 INFO  [Thread:Thread-23] weaver.general.InitServiceXMLtoDB.notExistField() - filed (SCHEDULESETTING.createtime) exist
2020-01-17 09:17:44,655 INFO  [Thread:Thread-23] weaver.general.InitServiceXMLtoDB.notExistTable() - table(SCHEDULESETTING) exist
2020-01-17 09:17:44,657 INFO  [Thread:Thread-23] weaver.general.InitServiceXMLtoDB.notExistField() - filed (SCHEDULESETTING.modifydate) exist
2020-01-17 09:17:44,659 INFO  [Thread:Thread-23] weaver.general.InitServiceXMLtoDB.notExistTable() - table(SCHEDULESETTING) exist
2020-01-17 09:17:44,662 INFO  [Thread:Thread-23] weaver.general.InitServiceXMLtoDB.notExistField() - filed (SCHEDULESETTING.modifytime) exist
2020-01-17 09:17:44,672 INFO  [Thread:Thread-23] weaver.general.InitServiceXMLtoDB.initCache() - 开始初始化缓存......
2020-01-17 09:17:44,783 INFO  [Thread:Thread-23] weaver.general.InitServiceXMLtoDB.initCache() - System Init Message:mainControlIp= localIp:[192.168.97.25, 192.168.149.1, 192.168.25.1]
2020-01-17 09:17:44,783 INFO  [Thread:Thread-23] weaver.general.InitServiceXMLtoDB.initCache() -   初始化计划任务缓存Start ......
2020-01-17 09:17:44,943 INFO  [Thread:Thread-23] weaver.general.InitServiceXMLtoDB.initCache() -   初始化数据源缓存 ......
2020-01-17 09:17:44,956 INFO  [Thread:Thread-23] weaver.general.InitServiceXMLtoDB.initCache() -   初始化Action缓存 ......
2020-01-17 09:17:45,814 ERROR [Thread:Thread-23] weaver.general.InitServiceXMLtoDB.initCache() - Action加入缓存异常(com.shxiv.hfwh.workflow.action.HfKhAction)：java.lang.NoClassDefFoundError: com/shxiv/jqkj/workflow/action/ClAction
2020-01-17 09:17:45,980 INFO  [Thread:Thread-23] weaver.general.InitServiceXMLtoDB.initCache() -   初始化浏览框缓存 ......
2020-01-17 09:17:46,236 INFO  [Thread:Thread-23] weaver.general.InitServiceXMLtoDB.initCache() -   初始化HR缓存 ......
2020-01-17 09:17:46,247 INFO  [Thread:Thread-23] weaver.general.InitServiceXMLtoDB.initCache() -   初始化短信缓存 ......
2020-01-17 09:17:46,303 INFO  [Thread:Thread-23] weaver.servicefiles.BrowserXML.<init>() - BrowserXML init start ....
2020-01-17 09:17:46,339 INFO  [Thread:Thread-23] weaver.servicefiles.BrowserXML.<init>() - BrowserXML init end ....
2020-01-17 09:17:46,352 INFO  [Thread:Thread-23] weaver.general.InitServiceXMLtoDB.initCache() - 初始化缓存结束......
2020-01-17 09:17:46,585 ERROR [Thread:Thread-23] weaver.interfaces.schedule.ScheduleManage.start() - Schedule Cron Job 缓存（schedule.deleteEML）
2020-01-17 09:17:46,686 ERROR [Thread:Thread-23] weaver.interfaces.schedule.ScheduleManage.start() - Schedule Cron Job 缓存（schedule.Mode4CptCalculateDeprecationJob）
2020-01-17 09:17:46,688 ERROR [Thread:Thread-23] weaver.interfaces.schedule.ScheduleManage.start() - Schedule Cron Job 缓存（schedule.CptLowInventoryRemindJob）
2020-01-17 09:17:46,690 ERROR [Thread:Thread-23] weaver.interfaces.schedule.ScheduleManage.start() - Schedule Cron Job 缓存（schedule.Mode4CptDulldaysInventoryRemindJob）
2020-01-17 09:17:46,691 ERROR [Thread:Thread-23] weaver.interfaces.schedule.ScheduleManage.start() - Schedule Cron Job 缓存（schedule.Mode4CptHighInventoryRemindJob）
2020-01-17 09:17:46,691 ERROR [Thread:Thread-23] weaver.interfaces.schedule.ScheduleManage.start() - Schedule Cron Job 缓存（schedule.Mode4CptLowInventoryRemindJob）
2020-01-17 09:17:46,692 ERROR [Thread:Thread-23] weaver.interfaces.schedule.ScheduleManage.start() - Schedule Cron Job 缓存（schedule.HttpServiceImpl）
2020-01-17 09:17:46,693 ERROR [Thread:Thread-23] weaver.interfaces.schedule.ScheduleManage.start() - Schedule Cron Job 缓存（schedule.HttpKaoQin）
2020-01-17 17:18:44,099 INFO  [Thread:Thread-153] weaver.general.InitServerXMLtoDBThread.checkEndUpgrade() - 升级进行中,sleep...
2020-01-17 17:18:45,106 INFO  [Thread:Thread-153] weaver.general.InitServerXMLtoDBThread.checkEndUpgrade() - 升级进行中,sleep...
2020-01-17 17:18:46,106 INFO  [Thread:Thread-153] weaver.general.InitServerXMLtoDBThread.checkEndUpgrade() - 升级进行中,sleep...
2020-01-17 17:18:47,106 INFO  [Thread:Thread-153] weaver.general.InitServerXMLtoDBThread.run() - 升级完成，执行 InitServiceXMLtoDB ...
2020-01-17 17:18:47,203 INFO  [Thread:Thread-153] weaver.general.InitServiceXMLtoDB.initDB() - 创建表：INITSERVICEXMLSTATE ……
2020-01-17 17:18:47,256 INFO  [Thread:Thread-153] weaver.general.InitServiceXMLtoDB.notExistTable() - table(INITSERVICEXMLSTATE) exist
2020-01-17 17:18:47,263 INFO  [Thread:Thread-153] weaver.general.InitServiceXMLtoDB.notExistTable() - table(INITSERVICEXMLSTATE) exist
2020-01-17 17:18:47,267 INFO  [Thread:Thread-153] weaver.general.InitServiceXMLtoDB.notExistField() - filed (INITSERVICEXMLSTATE.E8CLEAR) exist
2020-01-17 17:18:47,269 INFO  [Thread:Thread-153] weaver.general.InitServiceXMLtoDB.notExistTable() - table(INITSERVICEXMLSTATE) exist
2020-01-17 17:18:47,274 INFO  [Thread:Thread-153] weaver.general.InitServiceXMLtoDB.notExistField() - filed (INITSERVICEXMLSTATE.SMS) exist
2020-01-17 17:18:47,275 INFO  [Thread:Thread-153] weaver.general.InitServiceXMLtoDB.notExistTable() - table(INITSERVICEXMLSTATE) exist
2020-01-17 17:18:47,280 INFO  [Thread:Thread-153] weaver.general.InitServiceXMLtoDB.notExistField() - filed (INITSERVICEXMLSTATE.CHECKERRORDATA) exist
2020-01-17 17:18:47,281 INFO  [Thread:Thread-153] weaver.general.InitServiceXMLtoDB.notExistTable() - table(INITSERVICEXMLSTATE) exist
2020-01-17 17:18:47,284 INFO  [Thread:Thread-153] weaver.general.InitServiceXMLtoDB.notExistField() - filed (INITSERVICEXMLSTATE.XMLINITTODB) exist
2020-01-17 17:18:47,284 INFO  [Thread:Thread-153] weaver.general.InitServiceXMLtoDB.initDB() - 创建表：DATASOURCESETTING ……
2020-01-17 17:18:47,288 INFO  [Thread:Thread-153] weaver.general.InitServiceXMLtoDB.notExistTable() - table(DATASOURCESETTING) exist
2020-01-17 17:18:47,289 INFO  [Thread:Thread-153] weaver.general.InitServiceXMLtoDB.initDB() - 创建表：SCHEDULESETTING ……
2020-01-17 17:18:47,294 INFO  [Thread:Thread-153] weaver.general.InitServiceXMLtoDB.notExistTable() - table(SCHEDULESETTING) exist
2020-01-17 17:18:47,294 INFO  [Thread:Thread-153] weaver.general.InitServiceXMLtoDB.initDB() - 创建表：SMSPROPERTIS ……
2020-01-17 17:18:47,298 INFO  [Thread:Thread-153] weaver.general.InitServiceXMLtoDB.notExistTable() - table(SMSPROPERTIS) exist
2020-01-17 17:18:47,302 INFO  [Thread:Thread-153] weaver.general.InitServiceXMLtoDB.notExistTable() - table(actionsettingdetail) exist
2020-01-17 17:18:47,306 INFO  [Thread:Thread-153] weaver.general.InitServiceXMLtoDB.notExistField() - filed (actionsettingdetail.isdatasource) exist
2020-01-17 17:18:47,311 INFO  [Thread:Thread-153] weaver.general.InitServiceXMLtoDB.notExistTable() - table(datashowset) exist
2020-01-17 17:18:47,314 INFO  [Thread:Thread-153] weaver.general.InitServiceXMLtoDB.notExistField() - filed (datashowset.searchByName) exist
2020-01-17 17:18:47,317 INFO  [Thread:Thread-153] weaver.general.InitServiceXMLtoDB.notExistField() - filed (datashowset.customid) exist
2020-01-17 17:18:47,318 INFO  [Thread:Thread-153] weaver.general.InitServiceXMLtoDB.notExistTable() - table(SCHEDULESETTING) exist
2020-01-17 17:18:47,322 INFO  [Thread:Thread-153] weaver.general.InitServiceXMLtoDB.notExistField() - filed (SCHEDULESETTING.createdate) exist
2020-01-17 17:18:47,323 INFO  [Thread:Thread-153] weaver.general.InitServiceXMLtoDB.notExistTable() - table(SCHEDULESETTING) exist
2020-01-17 17:18:47,328 INFO  [Thread:Thread-153] weaver.general.InitServiceXMLtoDB.notExistField() - filed (SCHEDULESETTING.createtime) exist
2020-01-17 17:18:47,329 INFO  [Thread:Thread-153] weaver.general.InitServiceXMLtoDB.notExistTable() - table(SCHEDULESETTING) exist
2020-01-17 17:18:47,332 INFO  [Thread:Thread-153] weaver.general.InitServiceXMLtoDB.notExistField() - filed (SCHEDULESETTING.modifydate) exist
2020-01-17 17:18:47,333 INFO  [Thread:Thread-153] weaver.general.InitServiceXMLtoDB.notExistTable() - table(SCHEDULESETTING) exist
2020-01-17 17:18:47,336 INFO  [Thread:Thread-153] weaver.general.InitServiceXMLtoDB.notExistField() - filed (SCHEDULESETTING.modifytime) exist
2020-01-17 17:18:47,338 INFO  [Thread:Thread-153] weaver.general.InitServiceXMLtoDB.initCache() - 开始初始化缓存......
2020-01-17 17:18:47,415 INFO  [Thread:Thread-153] weaver.general.InitServiceXMLtoDB.initCache() - System Init Message:mainControlIp= localIp:[192.168.97.25, 192.168.149.1, 192.168.25.1]
2020-01-17 17:18:47,415 INFO  [Thread:Thread-153] weaver.general.InitServiceXMLtoDB.initCache() -   初始化计划任务缓存Start ......
2020-01-17 17:18:47,672 INFO  [Thread:Thread-153] weaver.general.InitServiceXMLtoDB.initCache() -   初始化数据源缓存 ......
2020-01-17 17:18:47,700 INFO  [Thread:Thread-153] weaver.general.InitServiceXMLtoDB.initCache() -   初始化Action缓存 ......
2020-01-17 17:18:50,207 ERROR [Thread:Thread-153] weaver.general.InitServiceXMLtoDB.initCache() - Action加入缓存异常(com.shxiv.hfwh.workflow.action.HfKhAction)：java.lang.NoClassDefFoundError: com/shxiv/jqkj/workflow/action/ClAction
2020-01-17 17:18:50,451 INFO  [Thread:Thread-153] weaver.general.InitServiceXMLtoDB.initCache() -   初始化浏览框缓存 ......
2020-01-17 17:18:50,646 INFO  [Thread:Thread-153] weaver.general.InitServiceXMLtoDB.initCache() -   初始化HR缓存 ......
2020-01-17 17:18:50,661 INFO  [Thread:Thread-153] weaver.general.InitServiceXMLtoDB.initCache() -   初始化短信缓存 ......
2020-01-17 17:18:50,732 INFO  [Thread:Thread-153] weaver.servicefiles.BrowserXML.<init>() - BrowserXML init start ....
2020-01-17 17:18:50,756 INFO  [Thread:Thread-153] weaver.servicefiles.BrowserXML.<init>() - BrowserXML init end ....
2020-01-17 17:18:50,769 INFO  [Thread:Thread-153] weaver.general.InitServiceXMLtoDB.initCache() - 初始化缓存结束......
2020-01-17 17:18:50,952 ERROR [Thread:Thread-153] weaver.interfaces.schedule.ScheduleManage.start() - Schedule Cron Job 缓存（schedule.deleteEML）
2020-01-17 17:18:51,004 ERROR [Thread:Thread-153] weaver.interfaces.schedule.ScheduleManage.start() - Schedule Cron Job 执行异常(deleteEML):
org.quartz.ObjectAlreadyExistsException: Unable to store Job with name: 'schedule.deleteEML' and group: 'cron', because one already exists with this identification.
	at org.quartz.simpl.RAMJobStore.storeJob(RAMJobStore.java:222)
	at org.quartz.simpl.RAMJobStore.storeJobAndTrigger(RAMJobStore.java:195)
	at org.quartz.core.QuartzScheduler.scheduleJob(QuartzScheduler.java:703)
	at org.quartz.impl.StdScheduler.scheduleJob(StdScheduler.java:255)
	at weaver.interfaces.schedule.ScheduleManage.start(ScheduleManage.java:102)
	at weaver.general.InitServerXMLtoDBThread.run(InitServerXMLtoDBThread.java:40)
	at java.lang.Thread.run(Thread.java:748)
2020-01-17 17:18:51,078 ERROR [Thread:Thread-153] weaver.interfaces.schedule.ScheduleManage.start() - Schedule Cron Job 缓存（schedule.Mode4CptCalculateDeprecationJob）
2020-01-17 17:18:51,090 ERROR [Thread:Thread-153] weaver.interfaces.schedule.ScheduleManage.start() - Schedule Cron Job 执行异常(Mode4CptCalculateDeprecationJob):
org.quartz.ObjectAlreadyExistsException: Unable to store Job with name: 'schedule.Mode4CptCalculateDeprecationJob' and group: 'cron', because one already exists with this identification.
	at org.quartz.simpl.RAMJobStore.storeJob(RAMJobStore.java:222)
	at org.quartz.simpl.RAMJobStore.storeJobAndTrigger(RAMJobStore.java:195)
	at org.quartz.core.QuartzScheduler.scheduleJob(QuartzScheduler.java:703)
	at org.quartz.impl.StdScheduler.scheduleJob(StdScheduler.java:255)
	at weaver.interfaces.schedule.ScheduleManage.start(ScheduleManage.java:102)
	at weaver.general.InitServerXMLtoDBThread.run(InitServerXMLtoDBThread.java:40)
	at java.lang.Thread.run(Thread.java:748)
2020-01-17 17:18:51,091 ERROR [Thread:Thread-153] weaver.interfaces.schedule.ScheduleManage.start() - Schedule Cron Job 缓存（schedule.CptLowInventoryRemindJob）
2020-01-17 17:18:51,091 ERROR [Thread:Thread-153] weaver.interfaces.schedule.ScheduleManage.start() - Schedule Cron Job 执行异常(CptLowInventoryRemindJob):
org.quartz.ObjectAlreadyExistsException: Unable to store Job with name: 'schedule.CptLowInventoryRemindJob' and group: 'cron', because one already exists with this identification.
	at org.quartz.simpl.RAMJobStore.storeJob(RAMJobStore.java:222)
	at org.quartz.simpl.RAMJobStore.storeJobAndTrigger(RAMJobStore.java:195)
	at org.quartz.core.QuartzScheduler.scheduleJob(QuartzScheduler.java:703)
	at org.quartz.impl.StdScheduler.scheduleJob(StdScheduler.java:255)
	at weaver.interfaces.schedule.ScheduleManage.start(ScheduleManage.java:102)
	at weaver.general.InitServerXMLtoDBThread.run(InitServerXMLtoDBThread.java:40)
	at java.lang.Thread.run(Thread.java:748)
2020-01-17 17:18:51,091 ERROR [Thread:Thread-153] weaver.interfaces.schedule.ScheduleManage.start() - Schedule Cron Job 缓存（schedule.Mode4CptDulldaysInventoryRemindJob）
2020-01-17 17:18:51,092 ERROR [Thread:Thread-153] weaver.interfaces.schedule.ScheduleManage.start() - Schedule Cron Job 执行异常(Mode4CptDulldaysInventoryRemindJob):
org.quartz.ObjectAlreadyExistsException: Unable to store Job with name: 'schedule.Mode4CptDulldaysInventoryRemindJob' and group: 'cron', because one already exists with this identification.
	at org.quartz.simpl.RAMJobStore.storeJob(RAMJobStore.java:222)
	at org.quartz.simpl.RAMJobStore.storeJobAndTrigger(RAMJobStore.java:195)
	at org.quartz.core.QuartzScheduler.scheduleJob(QuartzScheduler.java:703)
	at org.quartz.impl.StdScheduler.scheduleJob(StdScheduler.java:255)
	at weaver.interfaces.schedule.ScheduleManage.start(ScheduleManage.java:102)
	at weaver.general.InitServerXMLtoDBThread.run(InitServerXMLtoDBThread.java:40)
	at java.lang.Thread.run(Thread.java:748)
2020-01-17 17:18:51,092 ERROR [Thread:Thread-153] weaver.interfaces.schedule.ScheduleManage.start() - Schedule Cron Job 缓存（schedule.Mode4CptHighInventoryRemindJob）
2020-01-17 17:18:51,092 ERROR [Thread:Thread-153] weaver.interfaces.schedule.ScheduleManage.start() - Schedule Cron Job 执行异常(Mode4CptHighInventoryRemindJob):
org.quartz.ObjectAlreadyExistsException: Unable to store Job with name: 'schedule.Mode4CptHighInventoryRemindJob' and group: 'cron', because one already exists with this identification.
	at org.quartz.simpl.RAMJobStore.storeJob(RAMJobStore.java:222)
	at org.quartz.simpl.RAMJobStore.storeJobAndTrigger(RAMJobStore.java:195)
	at org.quartz.core.QuartzScheduler.scheduleJob(QuartzScheduler.java:703)
	at org.quartz.impl.StdScheduler.scheduleJob(StdScheduler.java:255)
	at weaver.interfaces.schedule.ScheduleManage.start(ScheduleManage.java:102)
	at weaver.general.InitServerXMLtoDBThread.run(InitServerXMLtoDBThread.java:40)
	at java.lang.Thread.run(Thread.java:748)
2020-01-17 17:18:51,093 ERROR [Thread:Thread-153] weaver.interfaces.schedule.ScheduleManage.start() - Schedule Cron Job 缓存（schedule.Mode4CptLowInventoryRemindJob）
2020-01-17 17:18:51,094 ERROR [Thread:Thread-153] weaver.interfaces.schedule.ScheduleManage.start() - Schedule Cron Job 执行异常(Mode4CptLowInventoryRemindJob):
org.quartz.ObjectAlreadyExistsException: Unable to store Job with name: 'schedule.Mode4CptLowInventoryRemindJob' and group: 'cron', because one already exists with this identification.
	at org.quartz.simpl.RAMJobStore.storeJob(RAMJobStore.java:222)
	at org.quartz.simpl.RAMJobStore.storeJobAndTrigger(RAMJobStore.java:195)
	at org.quartz.core.QuartzScheduler.scheduleJob(QuartzScheduler.java:703)
	at org.quartz.impl.StdScheduler.scheduleJob(StdScheduler.java:255)
	at weaver.interfaces.schedule.ScheduleManage.start(ScheduleManage.java:102)
	at weaver.general.InitServerXMLtoDBThread.run(InitServerXMLtoDBThread.java:40)
	at java.lang.Thread.run(Thread.java:748)
2020-01-17 17:18:51,094 ERROR [Thread:Thread-153] weaver.interfaces.schedule.ScheduleManage.start() - Schedule Cron Job 缓存（schedule.HttpServiceImpl）
2020-01-17 17:18:51,095 ERROR [Thread:Thread-153] weaver.interfaces.schedule.ScheduleManage.start() - Schedule Cron Job 执行异常(HttpServiceImpl):
org.quartz.ObjectAlreadyExistsException: Unable to store Job with name: 'schedule.HttpServiceImpl' and group: 'cron', because one already exists with this identification.
	at org.quartz.simpl.RAMJobStore.storeJob(RAMJobStore.java:222)
	at org.quartz.simpl.RAMJobStore.storeJobAndTrigger(RAMJobStore.java:195)
	at org.quartz.core.QuartzScheduler.scheduleJob(QuartzScheduler.java:703)
	at org.quartz.impl.StdScheduler.scheduleJob(StdScheduler.java:255)
	at weaver.interfaces.schedule.ScheduleManage.start(ScheduleManage.java:102)
	at weaver.general.InitServerXMLtoDBThread.run(InitServerXMLtoDBThread.java:40)
	at java.lang.Thread.run(Thread.java:748)
2020-01-17 17:18:51,095 ERROR [Thread:Thread-153] weaver.interfaces.schedule.ScheduleManage.start() - Schedule Cron Job 缓存（schedule.HttpKaoQin）
2020-01-17 17:18:51,095 ERROR [Thread:Thread-153] weaver.interfaces.schedule.ScheduleManage.start() - Schedule Cron Job 执行异常(HttpKaoQin):
org.quartz.ObjectAlreadyExistsException: Unable to store Job with name: 'schedule.HttpKaoQin' and group: 'cron', because one already exists with this identification.
	at org.quartz.simpl.RAMJobStore.storeJob(RAMJobStore.java:222)
	at org.quartz.simpl.RAMJobStore.storeJobAndTrigger(RAMJobStore.java:195)
	at org.quartz.core.QuartzScheduler.scheduleJob(QuartzScheduler.java:703)
	at org.quartz.impl.StdScheduler.scheduleJob(StdScheduler.java:255)
	at weaver.interfaces.schedule.ScheduleManage.start(ScheduleManage.java:102)
	at weaver.general.InitServerXMLtoDBThread.run(InitServerXMLtoDBThread.java:40)
	at java.lang.Thread.run(Thread.java:748)
