2020-01-08 16:42:18,704 INFO  [Thread:Thread-26] weaver.general.InitServerXMLtoDBThread.checkEndUpgrade() - 升级进行中,sleep...
2020-01-08 16:42:19,712 INFO  [Thread:Thread-26] weaver.general.InitServerXMLtoDBThread.checkEndUpgrade() - 升级进行中,sleep...
2020-01-08 16:42:20,712 INFO  [Thread:Thread-26] weaver.general.InitServerXMLtoDBThread.run() - 升级完成，执行 InitServiceXMLtoDB ...
2020-01-08 16:42:20,746 INFO  [Thread:Thread-26] weaver.general.InitServiceXMLtoDB.initDB() - 创建表：INITSERVICEXMLSTATE ……
2020-01-08 16:42:20,759 INFO  [Thread:Thread-26] weaver.general.InitServiceXMLtoDB.notExistTable() - table(INITSERVICEXMLSTATE) exist
2020-01-08 16:42:20,763 INFO  [Thread:Thread-26] weaver.general.InitServiceXMLtoDB.notExistTable() - table(INITSERVICEXMLSTATE) exist
2020-01-08 16:42:20,765 INFO  [Thread:Thread-26] weaver.general.InitServiceXMLtoDB.notExistField() - filed (INITSERVICEXMLSTATE.E8CLEAR) exist
2020-01-08 16:42:20,767 INFO  [Thread:Thread-26] weaver.general.InitServiceXMLtoDB.notExistTable() - table(INITSERVICEXMLSTATE) exist
2020-01-08 16:42:20,769 INFO  [Thread:Thread-26] weaver.general.InitServiceXMLtoDB.notExistField() - filed (INITSERVICEXMLSTATE.SMS) exist
2020-01-08 16:42:20,771 INFO  [Thread:Thread-26] weaver.general.InitServiceXMLtoDB.notExistTable() - table(INITSERVICEXMLSTATE) exist
2020-01-08 16:42:20,773 INFO  [Thread:Thread-26] weaver.general.InitServiceXMLtoDB.notExistField() - filed (INITSERVICEXMLSTATE.CHECKERRORDATA) exist
2020-01-08 16:42:20,775 INFO  [Thread:Thread-26] weaver.general.InitServiceXMLtoDB.notExistTable() - table(INITSERVICEXMLSTATE) exist
2020-01-08 16:42:20,776 INFO  [Thread:Thread-26] weaver.general.InitServiceXMLtoDB.notExistField() - filed (INITSERVICEXMLSTATE.XMLINITTODB) exist
2020-01-08 16:42:20,776 INFO  [Thread:Thread-26] weaver.general.InitServiceXMLtoDB.initDB() - 创建表：DATASOURCESETTING ……
2020-01-08 16:42:20,778 INFO  [Thread:Thread-26] weaver.general.InitServiceXMLtoDB.notExistTable() - table(DATASOURCESETTING) exist
2020-01-08 16:42:20,778 INFO  [Thread:Thread-26] weaver.general.InitServiceXMLtoDB.initDB() - 创建表：SCHEDULESETTING ……
2020-01-08 16:42:20,949 INFO  [Thread:Thread-26] weaver.general.InitServiceXMLtoDB.notExistTable() - table(SCHEDULESETTING) exist
2020-01-08 16:42:20,949 INFO  [Thread:Thread-26] weaver.general.InitServiceXMLtoDB.initDB() - 创建表：SMSPROPERTIS ……
2020-01-08 16:42:20,954 INFO  [Thread:Thread-26] weaver.general.InitServiceXMLtoDB.notExistTable() - table(SMSPROPERTIS) exist
2020-01-08 16:42:20,960 INFO  [Thread:Thread-26] weaver.general.InitServiceXMLtoDB.notExistTable() - table(actionsettingdetail) exist
2020-01-08 16:42:20,966 INFO  [Thread:Thread-26] weaver.general.InitServiceXMLtoDB.notExistField() - filed (actionsettingdetail.isdatasource) exist
2020-01-08 16:42:20,969 INFO  [Thread:Thread-26] weaver.general.InitServiceXMLtoDB.notExistTable() - table(datashowset) exist
2020-01-08 16:42:20,974 INFO  [Thread:Thread-26] weaver.general.InitServiceXMLtoDB.notExistField() - filed (datashowset.searchByName) exist
2020-01-08 16:42:20,978 INFO  [Thread:Thread-26] weaver.general.InitServiceXMLtoDB.notExistField() - filed (datashowset.customid) exist
2020-01-08 16:42:20,981 INFO  [Thread:Thread-26] weaver.general.InitServiceXMLtoDB.notExistTable() - table(SCHEDULESETTING) exist
2020-01-08 16:42:20,984 INFO  [Thread:Thread-26] weaver.general.InitServiceXMLtoDB.notExistField() - filed (SCHEDULESETTING.createdate) exist
2020-01-08 16:42:20,987 INFO  [Thread:Thread-26] weaver.general.InitServiceXMLtoDB.notExistTable() - table(SCHEDULESETTING) exist
2020-01-08 16:42:20,991 INFO  [Thread:Thread-26] weaver.general.InitServiceXMLtoDB.notExistField() - filed (SCHEDULESETTING.createtime) exist
2020-01-08 16:42:20,997 INFO  [Thread:Thread-26] weaver.general.InitServiceXMLtoDB.notExistTable() - table(SCHEDULESETTING) exist
2020-01-08 16:42:21,000 INFO  [Thread:Thread-26] weaver.general.InitServiceXMLtoDB.notExistField() - filed (SCHEDULESETTING.modifydate) exist
2020-01-08 16:42:21,002 INFO  [Thread:Thread-26] weaver.general.InitServiceXMLtoDB.notExistTable() - table(SCHEDULESETTING) exist
2020-01-08 16:42:21,006 INFO  [Thread:Thread-26] weaver.general.InitServiceXMLtoDB.notExistField() - filed (SCHEDULESETTING.modifytime) exist
2020-01-08 16:42:21,014 INFO  [Thread:Thread-26] weaver.general.InitServiceXMLtoDB.initCache() - 开始初始化缓存......
2020-01-08 16:42:21,170 INFO  [Thread:Thread-26] weaver.general.InitServiceXMLtoDB.initCache() - System Init Message:mainControlIp= localIp:[192.168.96.104, 192.168.149.1, 192.168.25.1]
2020-01-08 16:42:21,170 INFO  [Thread:Thread-26] weaver.general.InitServiceXMLtoDB.initCache() -   初始化计划任务缓存Start ......
2020-01-08 16:42:21,297 INFO  [Thread:Thread-26] weaver.general.InitServiceXMLtoDB.initCache() -   初始化数据源缓存 ......
2020-01-08 16:42:21,317 INFO  [Thread:Thread-26] weaver.general.InitServiceXMLtoDB.initCache() -   初始化Action缓存 ......
2020-01-08 16:42:22,089 ERROR [Thread:Thread-26] weaver.general.InitServiceXMLtoDB.initCache() - Action加入缓存异常(com.shxiv.hfwh.workflow.action.HfKhAction)：java.lang.NoClassDefFoundError: com/shxiv/jqkj/workflow/action/ClAction
2020-01-08 16:42:22,230 INFO  [Thread:Thread-26] weaver.general.InitServiceXMLtoDB.initCache() -   初始化浏览框缓存 ......
2020-01-08 16:42:22,545 INFO  [Thread:Thread-26] weaver.general.InitServiceXMLtoDB.initCache() -   初始化HR缓存 ......
2020-01-08 16:42:22,555 INFO  [Thread:Thread-26] weaver.general.InitServiceXMLtoDB.initCache() -   初始化短信缓存 ......
2020-01-08 16:42:22,591 INFO  [Thread:Thread-26] weaver.servicefiles.BrowserXML.<init>() - BrowserXML init start ....
2020-01-08 16:42:22,602 INFO  [Thread:Thread-26] weaver.servicefiles.BrowserXML.<init>() - BrowserXML init end ....
2020-01-08 16:42:22,615 INFO  [Thread:Thread-26] weaver.general.InitServiceXMLtoDB.initCache() - 初始化缓存结束......
2020-01-08 16:42:22,817 ERROR [Thread:Thread-26] weaver.interfaces.schedule.ScheduleManage.start() - Schedule Cron Job 缓存（schedule.deleteEML）
2020-01-08 16:42:22,857 ERROR [Thread:Thread-26] weaver.interfaces.schedule.ScheduleManage.start() - Schedule Cron Job 缓存（schedule.Mode4CptCalculateDeprecationJob）
2020-01-08 16:42:22,859 ERROR [Thread:Thread-26] weaver.interfaces.schedule.ScheduleManage.start() - Schedule Cron Job 缓存（schedule.CptLowInventoryRemindJob）
2020-01-08 16:42:22,860 ERROR [Thread:Thread-26] weaver.interfaces.schedule.ScheduleManage.start() - Schedule Cron Job 缓存（schedule.Mode4CptDulldaysInventoryRemindJob）
2020-01-08 16:42:22,861 ERROR [Thread:Thread-26] weaver.interfaces.schedule.ScheduleManage.start() - Schedule Cron Job 缓存（schedule.Mode4CptHighInventoryRemindJob）
2020-01-08 16:42:22,861 ERROR [Thread:Thread-26] weaver.interfaces.schedule.ScheduleManage.start() - Schedule Cron Job 缓存（schedule.Mode4CptLowInventoryRemindJob）
2020-01-08 16:42:22,862 ERROR [Thread:Thread-26] weaver.interfaces.schedule.ScheduleManage.start() - Schedule Cron Job 缓存（schedule.HttpServiceImpl）
2020-01-08 16:49:16,631 ERROR [Thread:http--8080-14$560359444] weaver.interfaces.schedule.ScheduleManage.addJob() - addJob 新增任务:schedule.HttpPostUrl  0 0/5 * * * ?
2020-01-08 16:49:16,646 INFO  [Thread:http--8080-14$560359444] weaver.general.InitServiceXMLtoDB.initCache() - 开始初始化缓存......
2020-01-08 16:49:16,719 INFO  [Thread:http--8080-14$560359444] weaver.general.InitServiceXMLtoDB.initCache() - System Init Message:mainControlIp= localIp:[192.168.96.104, 192.168.149.1, 192.168.25.1]
2020-01-08 16:49:16,719 INFO  [Thread:http--8080-14$560359444] weaver.general.InitServiceXMLtoDB.initCache() -   初始化计划任务缓存Start ......
2020-01-08 16:49:16,720 INFO  [Thread:http--8080-14$560359444] weaver.general.InitServiceXMLtoDB.initCache() -   初始化数据源缓存 ......
2020-01-08 16:49:16,721 INFO  [Thread:http--8080-14$560359444] weaver.general.InitServiceXMLtoDB.initCache() -   初始化Action缓存 ......
2020-01-08 16:49:16,723 ERROR [Thread:http--8080-14$560359444] weaver.general.InitServiceXMLtoDB.initCache() - Action加入缓存异常(com.shxiv.hfwh.workflow.action.HfKhAction)：java.lang.NoClassDefFoundError: com/shxiv/jqkj/workflow/action/ClAction
2020-01-08 16:49:16,724 INFO  [Thread:http--8080-14$560359444] weaver.general.InitServiceXMLtoDB.initCache() -   初始化浏览框缓存 ......
2020-01-08 16:49:16,774 INFO  [Thread:http--8080-14$560359444] weaver.general.InitServiceXMLtoDB.initCache() -   初始化HR缓存 ......
2020-01-08 16:49:16,775 INFO  [Thread:http--8080-14$560359444] weaver.general.InitServiceXMLtoDB.initCache() -   初始化短信缓存 ......
2020-01-08 16:49:16,781 INFO  [Thread:http--8080-14$560359444] weaver.general.InitServiceXMLtoDB.initCache() - 初始化缓存结束......
2020-01-08 16:50:22,435 INFO  [Thread:Thread-23] weaver.general.InitServerXMLtoDBThread.checkEndUpgrade() - 升级进行中,sleep...
2020-01-08 16:50:23,435 INFO  [Thread:Thread-23] weaver.general.InitServerXMLtoDBThread.checkEndUpgrade() - 升级进行中,sleep...
2020-01-08 16:50:24,435 INFO  [Thread:Thread-23] weaver.general.InitServerXMLtoDBThread.run() - 升级完成，执行 InitServiceXMLtoDB ...
2020-01-08 16:50:24,449 INFO  [Thread:Thread-23] weaver.general.InitServiceXMLtoDB.initDB() - 创建表：INITSERVICEXMLSTATE ……
2020-01-08 16:50:24,451 INFO  [Thread:Thread-23] weaver.general.InitServiceXMLtoDB.notExistTable() - table(INITSERVICEXMLSTATE) exist
2020-01-08 16:50:24,454 INFO  [Thread:Thread-23] weaver.general.InitServiceXMLtoDB.notExistTable() - table(INITSERVICEXMLSTATE) exist
2020-01-08 16:50:24,455 INFO  [Thread:Thread-23] weaver.general.InitServiceXMLtoDB.notExistField() - filed (INITSERVICEXMLSTATE.E8CLEAR) exist
2020-01-08 16:50:24,456 INFO  [Thread:Thread-23] weaver.general.InitServiceXMLtoDB.notExistTable() - table(INITSERVICEXMLSTATE) exist
2020-01-08 16:50:24,458 INFO  [Thread:Thread-23] weaver.general.InitServiceXMLtoDB.notExistField() - filed (INITSERVICEXMLSTATE.SMS) exist
2020-01-08 16:50:24,461 INFO  [Thread:Thread-23] weaver.general.InitServiceXMLtoDB.notExistTable() - table(INITSERVICEXMLSTATE) exist
2020-01-08 16:50:24,462 INFO  [Thread:Thread-23] weaver.general.InitServiceXMLtoDB.notExistField() - filed (INITSERVICEXMLSTATE.CHECKERRORDATA) exist
2020-01-08 16:50:24,463 INFO  [Thread:Thread-23] weaver.general.InitServiceXMLtoDB.notExistTable() - table(INITSERVICEXMLSTATE) exist
2020-01-08 16:50:24,464 INFO  [Thread:Thread-23] weaver.general.InitServiceXMLtoDB.notExistField() - filed (INITSERVICEXMLSTATE.XMLINITTODB) exist
2020-01-08 16:50:24,464 INFO  [Thread:Thread-23] weaver.general.InitServiceXMLtoDB.initDB() - 创建表：DATASOURCESETTING ……
2020-01-08 16:50:24,466 INFO  [Thread:Thread-23] weaver.general.InitServiceXMLtoDB.notExistTable() - table(DATASOURCESETTING) exist
2020-01-08 16:50:24,466 INFO  [Thread:Thread-23] weaver.general.InitServiceXMLtoDB.initDB() - 创建表：SCHEDULESETTING ……
2020-01-08 16:50:24,469 INFO  [Thread:Thread-23] weaver.general.InitServiceXMLtoDB.notExistTable() - table(SCHEDULESETTING) exist
2020-01-08 16:50:24,469 INFO  [Thread:Thread-23] weaver.general.InitServiceXMLtoDB.initDB() - 创建表：SMSPROPERTIS ……
2020-01-08 16:50:24,475 INFO  [Thread:Thread-23] weaver.general.InitServiceXMLtoDB.notExistTable() - table(SMSPROPERTIS) exist
2020-01-08 16:50:24,478 INFO  [Thread:Thread-23] weaver.general.InitServiceXMLtoDB.notExistTable() - table(actionsettingdetail) exist
2020-01-08 16:50:24,480 INFO  [Thread:Thread-23] weaver.general.InitServiceXMLtoDB.notExistField() - filed (actionsettingdetail.isdatasource) exist
2020-01-08 16:50:24,481 INFO  [Thread:Thread-23] weaver.general.InitServiceXMLtoDB.notExistTable() - table(datashowset) exist
2020-01-08 16:50:24,483 INFO  [Thread:Thread-23] weaver.general.InitServiceXMLtoDB.notExistField() - filed (datashowset.searchByName) exist
2020-01-08 16:50:24,485 INFO  [Thread:Thread-23] weaver.general.InitServiceXMLtoDB.notExistField() - filed (datashowset.customid) exist
2020-01-08 16:50:24,487 INFO  [Thread:Thread-23] weaver.general.InitServiceXMLtoDB.notExistTable() - table(SCHEDULESETTING) exist
2020-01-08 16:50:24,489 INFO  [Thread:Thread-23] weaver.general.InitServiceXMLtoDB.notExistField() - filed (SCHEDULESETTING.createdate) exist
2020-01-08 16:50:24,491 INFO  [Thread:Thread-23] weaver.general.InitServiceXMLtoDB.notExistTable() - table(SCHEDULESETTING) exist
2020-01-08 16:50:24,492 INFO  [Thread:Thread-23] weaver.general.InitServiceXMLtoDB.notExistField() - filed (SCHEDULESETTING.createtime) exist
2020-01-08 16:50:24,497 INFO  [Thread:Thread-23] weaver.general.InitServiceXMLtoDB.notExistTable() - table(SCHEDULESETTING) exist
2020-01-08 16:50:24,498 INFO  [Thread:Thread-23] weaver.general.InitServiceXMLtoDB.notExistField() - filed (SCHEDULESETTING.modifydate) exist
2020-01-08 16:50:24,500 INFO  [Thread:Thread-23] weaver.general.InitServiceXMLtoDB.notExistTable() - table(SCHEDULESETTING) exist
2020-01-08 16:50:24,502 INFO  [Thread:Thread-23] weaver.general.InitServiceXMLtoDB.notExistField() - filed (SCHEDULESETTING.modifytime) exist
2020-01-08 16:50:24,510 INFO  [Thread:Thread-23] weaver.general.InitServiceXMLtoDB.initCache() - 开始初始化缓存......
2020-01-08 16:50:24,722 INFO  [Thread:Thread-23] weaver.general.InitServiceXMLtoDB.initCache() - System Init Message:mainControlIp= localIp:[192.168.96.104, 192.168.149.1, 192.168.25.1]
2020-01-08 16:50:24,722 INFO  [Thread:Thread-23] weaver.general.InitServiceXMLtoDB.initCache() -   初始化计划任务缓存Start ......
2020-01-08 16:50:24,755 INFO  [Thread:Thread-23] weaver.general.InitServiceXMLtoDB.initCache() -   初始化数据源缓存 ......
2020-01-08 16:50:24,761 INFO  [Thread:Thread-23] weaver.general.InitServiceXMLtoDB.initCache() -   初始化Action缓存 ......
2020-01-08 16:50:25,065 ERROR [Thread:Thread-23] weaver.general.InitServiceXMLtoDB.initCache() - Action加入缓存异常(com.shxiv.hfwh.workflow.action.HfKhAction)：java.lang.NoClassDefFoundError: com/shxiv/jqkj/workflow/action/ClAction
2020-01-08 16:50:25,108 INFO  [Thread:Thread-23] weaver.general.InitServiceXMLtoDB.initCache() -   初始化浏览框缓存 ......
2020-01-08 16:50:26,274 INFO  [Thread:Thread-23] weaver.general.InitServiceXMLtoDB.initCache() -   初始化HR缓存 ......
2020-01-08 16:50:26,279 INFO  [Thread:Thread-23] weaver.general.InitServiceXMLtoDB.initCache() -   初始化短信缓存 ......
2020-01-08 16:50:26,292 INFO  [Thread:Thread-23] weaver.servicefiles.BrowserXML.<init>() - BrowserXML init start ....
2020-01-08 16:50:26,303 INFO  [Thread:Thread-23] weaver.servicefiles.BrowserXML.<init>() - BrowserXML init end ....
2020-01-08 16:50:26,314 INFO  [Thread:Thread-23] weaver.general.InitServiceXMLtoDB.initCache() - 初始化缓存结束......
2020-01-08 16:50:26,323 ERROR [Thread:Thread-23] weaver.interfaces.schedule.ScheduleManage.start() - Schedule Cron Job 缓存（schedule.deleteEML）
2020-01-08 16:50:26,326 ERROR [Thread:Thread-23] weaver.interfaces.schedule.ScheduleManage.start() - Schedule Cron Job 缓存（schedule.Mode4CptCalculateDeprecationJob）
2020-01-08 16:50:26,327 ERROR [Thread:Thread-23] weaver.interfaces.schedule.ScheduleManage.start() - Schedule Cron Job 缓存（schedule.CptLowInventoryRemindJob）
2020-01-08 16:50:26,328 ERROR [Thread:Thread-23] weaver.interfaces.schedule.ScheduleManage.start() - Schedule Cron Job 缓存（schedule.Mode4CptDulldaysInventoryRemindJob）
2020-01-08 16:50:26,328 ERROR [Thread:Thread-23] weaver.interfaces.schedule.ScheduleManage.start() - Schedule Cron Job 缓存（schedule.Mode4CptHighInventoryRemindJob）
2020-01-08 16:50:26,328 ERROR [Thread:Thread-23] weaver.interfaces.schedule.ScheduleManage.start() - Schedule Cron Job 缓存（schedule.Mode4CptLowInventoryRemindJob）
2020-01-08 16:50:26,329 ERROR [Thread:Thread-23] weaver.interfaces.schedule.ScheduleManage.start() - Schedule Cron Job 缓存（schedule.HttpServiceImpl）
2020-01-08 16:50:26,329 ERROR [Thread:Thread-23] weaver.interfaces.schedule.ScheduleManage.start() - Schedule Cron Job 缓存（schedule.HttpPostUrl）
2020-01-08 17:21:28,144 INFO  [Thread:Thread-24] weaver.general.InitServerXMLtoDBThread.checkEndUpgrade() - 升级进行中,sleep...
2020-01-08 17:21:29,158 INFO  [Thread:Thread-24] weaver.general.InitServerXMLtoDBThread.checkEndUpgrade() - 升级进行中,sleep...
2020-01-08 17:21:30,166 INFO  [Thread:Thread-24] weaver.general.InitServerXMLtoDBThread.run() - 升级完成，执行 InitServiceXMLtoDB ...
2020-01-08 17:21:30,180 INFO  [Thread:Thread-24] weaver.general.InitServiceXMLtoDB.initDB() - 创建表：INITSERVICEXMLSTATE ……
2020-01-08 17:21:30,221 INFO  [Thread:Thread-24] weaver.general.InitServiceXMLtoDB.notExistTable() - table(INITSERVICEXMLSTATE) exist
2020-01-08 17:21:30,255 INFO  [Thread:Thread-24] weaver.general.InitServiceXMLtoDB.notExistTable() - table(INITSERVICEXMLSTATE) exist
2020-01-08 17:21:30,260 INFO  [Thread:Thread-24] weaver.general.InitServiceXMLtoDB.notExistField() - filed (INITSERVICEXMLSTATE.E8CLEAR) exist
2020-01-08 17:21:30,282 INFO  [Thread:Thread-24] weaver.general.InitServiceXMLtoDB.notExistTable() - table(INITSERVICEXMLSTATE) exist
2020-01-08 17:21:30,322 INFO  [Thread:Thread-24] weaver.general.InitServiceXMLtoDB.notExistField() - filed (INITSERVICEXMLSTATE.SMS) exist
2020-01-08 17:21:30,342 INFO  [Thread:Thread-24] weaver.general.InitServiceXMLtoDB.notExistTable() - table(INITSERVICEXMLSTATE) exist
2020-01-08 17:21:30,344 INFO  [Thread:Thread-24] weaver.general.InitServiceXMLtoDB.notExistField() - filed (INITSERVICEXMLSTATE.CHECKERRORDATA) exist
2020-01-08 17:21:30,347 INFO  [Thread:Thread-24] weaver.general.InitServiceXMLtoDB.notExistTable() - table(INITSERVICEXMLSTATE) exist
2020-01-08 17:21:30,363 INFO  [Thread:Thread-24] weaver.general.InitServiceXMLtoDB.notExistField() - filed (INITSERVICEXMLSTATE.XMLINITTODB) exist
2020-01-08 17:21:30,364 INFO  [Thread:Thread-24] weaver.general.InitServiceXMLtoDB.initDB() - 创建表：DATASOURCESETTING ……
2020-01-08 17:21:30,380 INFO  [Thread:Thread-24] weaver.general.InitServiceXMLtoDB.notExistTable() - table(DATASOURCESETTING) exist
2020-01-08 17:21:30,380 INFO  [Thread:Thread-24] weaver.general.InitServiceXMLtoDB.initDB() - 创建表：SCHEDULESETTING ……
2020-01-08 17:21:30,397 INFO  [Thread:Thread-24] weaver.general.InitServiceXMLtoDB.notExistTable() - table(SCHEDULESETTING) exist
2020-01-08 17:21:30,397 INFO  [Thread:Thread-24] weaver.general.InitServiceXMLtoDB.initDB() - 创建表：SMSPROPERTIS ……
2020-01-08 17:21:30,413 INFO  [Thread:Thread-24] weaver.general.InitServiceXMLtoDB.notExistTable() - table(SMSPROPERTIS) exist
2020-01-08 17:21:30,417 INFO  [Thread:Thread-24] weaver.general.InitServiceXMLtoDB.notExistTable() - table(actionsettingdetail) exist
2020-01-08 17:21:30,429 INFO  [Thread:Thread-24] weaver.general.InitServiceXMLtoDB.notExistField() - filed (actionsettingdetail.isdatasource) exist
2020-01-08 17:21:30,432 INFO  [Thread:Thread-24] weaver.general.InitServiceXMLtoDB.notExistTable() - table(datashowset) exist
2020-01-08 17:21:30,433 INFO  [Thread:Thread-24] weaver.general.InitServiceXMLtoDB.notExistField() - filed (datashowset.searchByName) exist
2020-01-08 17:21:30,435 INFO  [Thread:Thread-24] weaver.general.InitServiceXMLtoDB.notExistField() - filed (datashowset.customid) exist
2020-01-08 17:21:30,438 INFO  [Thread:Thread-24] weaver.general.InitServiceXMLtoDB.notExistTable() - table(SCHEDULESETTING) exist
2020-01-08 17:21:30,477 INFO  [Thread:Thread-24] weaver.general.InitServiceXMLtoDB.notExistField() - filed (SCHEDULESETTING.createdate) exist
2020-01-08 17:21:30,584 INFO  [Thread:Thread-24] weaver.general.InitServiceXMLtoDB.notExistTable() - table(SCHEDULESETTING) exist
2020-01-08 17:21:30,623 INFO  [Thread:Thread-24] weaver.general.InitServiceXMLtoDB.notExistField() - filed (SCHEDULESETTING.createtime) exist
2020-01-08 17:21:30,638 INFO  [Thread:Thread-24] weaver.general.InitServiceXMLtoDB.notExistTable() - table(SCHEDULESETTING) exist
2020-01-08 17:21:30,650 INFO  [Thread:Thread-24] weaver.general.InitServiceXMLtoDB.notExistField() - filed (SCHEDULESETTING.modifydate) exist
2020-01-08 17:21:30,670 INFO  [Thread:Thread-24] weaver.general.InitServiceXMLtoDB.notExistTable() - table(SCHEDULESETTING) exist
2020-01-08 17:21:30,677 INFO  [Thread:Thread-24] weaver.general.InitServiceXMLtoDB.notExistField() - filed (SCHEDULESETTING.modifytime) exist
2020-01-08 17:21:30,679 INFO  [Thread:Thread-24] weaver.general.InitServiceXMLtoDB.initCache() - 开始初始化缓存......
2020-01-08 17:21:31,062 INFO  [Thread:Thread-24] weaver.general.InitServiceXMLtoDB.initCache() - System Init Message:mainControlIp= localIp:[192.168.96.104, 192.168.149.1, 192.168.25.1]
2020-01-08 17:21:31,062 INFO  [Thread:Thread-24] weaver.general.InitServiceXMLtoDB.initCache() -   初始化计划任务缓存Start ......
2020-01-08 17:21:31,100 INFO  [Thread:Thread-24] weaver.general.InitServiceXMLtoDB.initCache() -   初始化数据源缓存 ......
2020-01-08 17:21:31,114 INFO  [Thread:Thread-24] weaver.general.InitServiceXMLtoDB.initCache() -   初始化Action缓存 ......
2020-01-08 17:21:31,474 ERROR [Thread:Thread-24] weaver.general.InitServiceXMLtoDB.initCache() - Action加入缓存异常(com.shxiv.hfwh.workflow.action.HfKhAction)：java.lang.NoClassDefFoundError: com/shxiv/jqkj/workflow/action/ClAction
2020-01-08 17:21:31,531 INFO  [Thread:Thread-24] weaver.general.InitServiceXMLtoDB.initCache() -   初始化浏览框缓存 ......
2020-01-08 17:21:32,068 INFO  [Thread:Thread-24] weaver.general.InitServiceXMLtoDB.initCache() -   初始化HR缓存 ......
2020-01-08 17:21:32,073 INFO  [Thread:Thread-24] weaver.general.InitServiceXMLtoDB.initCache() -   初始化短信缓存 ......
2020-01-08 17:21:32,086 INFO  [Thread:Thread-24] weaver.servicefiles.BrowserXML.<init>() - BrowserXML init start ....
2020-01-08 17:21:32,094 INFO  [Thread:Thread-24] weaver.servicefiles.BrowserXML.<init>() - BrowserXML init end ....
2020-01-08 17:21:32,102 INFO  [Thread:Thread-24] weaver.general.InitServiceXMLtoDB.initCache() - 初始化缓存结束......
2020-01-08 17:21:32,110 ERROR [Thread:Thread-24] weaver.interfaces.schedule.ScheduleManage.start() - Schedule Cron Job 缓存（schedule.deleteEML）
2020-01-08 17:21:32,113 ERROR [Thread:Thread-24] weaver.interfaces.schedule.ScheduleManage.start() - Schedule Cron Job 缓存（schedule.Mode4CptCalculateDeprecationJob）
2020-01-08 17:21:32,113 ERROR [Thread:Thread-24] weaver.interfaces.schedule.ScheduleManage.start() - Schedule Cron Job 缓存（schedule.CptLowInventoryRemindJob）
2020-01-08 17:21:32,114 ERROR [Thread:Thread-24] weaver.interfaces.schedule.ScheduleManage.start() - Schedule Cron Job 缓存（schedule.Mode4CptDulldaysInventoryRemindJob）
2020-01-08 17:21:32,114 ERROR [Thread:Thread-24] weaver.interfaces.schedule.ScheduleManage.start() - Schedule Cron Job 缓存（schedule.Mode4CptHighInventoryRemindJob）
2020-01-08 17:21:32,114 ERROR [Thread:Thread-24] weaver.interfaces.schedule.ScheduleManage.start() - Schedule Cron Job 缓存（schedule.Mode4CptLowInventoryRemindJob）
2020-01-08 17:21:32,115 ERROR [Thread:Thread-24] weaver.interfaces.schedule.ScheduleManage.start() - Schedule Cron Job 缓存（schedule.HttpServiceImpl）
2020-01-08 17:21:32,116 ERROR [Thread:Thread-24] weaver.interfaces.schedule.ScheduleManage.start() - Schedule Cron Job 缓存（schedule.HttpPostUrl）
2020-01-08 17:43:01,742 ERROR [Thread:http--8080-4$816685391] weaver.interfaces.schedule.ScheduleManage.addJob() - addJob 新增任务:schedule.HttpPostUrl2  0 0/5 * * * ?
2020-01-08 17:43:01,745 INFO  [Thread:http--8080-4$816685391] weaver.general.InitServiceXMLtoDB.initCache() - 开始初始化缓存......
2020-01-08 17:43:01,821 INFO  [Thread:http--8080-4$816685391] weaver.general.InitServiceXMLtoDB.initCache() - System Init Message:mainControlIp= localIp:[192.168.96.104, 192.168.149.1, 192.168.25.1]
2020-01-08 17:43:01,821 INFO  [Thread:http--8080-4$816685391] weaver.general.InitServiceXMLtoDB.initCache() -   初始化计划任务缓存Start ......
2020-01-08 17:43:01,822 INFO  [Thread:http--8080-4$816685391] weaver.general.InitServiceXMLtoDB.initCache() -   初始化数据源缓存 ......
2020-01-08 17:43:01,823 INFO  [Thread:http--8080-4$816685391] weaver.general.InitServiceXMLtoDB.initCache() -   初始化Action缓存 ......
2020-01-08 17:43:01,827 ERROR [Thread:http--8080-4$816685391] weaver.general.InitServiceXMLtoDB.initCache() - Action加入缓存异常(com.shxiv.hfwh.workflow.action.HfKhAction)：java.lang.NoClassDefFoundError: com/shxiv/jqkj/workflow/action/ClAction
2020-01-08 17:43:01,827 INFO  [Thread:http--8080-4$816685391] weaver.general.InitServiceXMLtoDB.initCache() -   初始化浏览框缓存 ......
2020-01-08 17:43:01,897 INFO  [Thread:http--8080-4$816685391] weaver.general.InitServiceXMLtoDB.initCache() -   初始化HR缓存 ......
2020-01-08 17:43:01,898 INFO  [Thread:http--8080-4$816685391] weaver.general.InitServiceXMLtoDB.initCache() -   初始化短信缓存 ......
2020-01-08 17:43:01,907 INFO  [Thread:http--8080-4$816685391] weaver.general.InitServiceXMLtoDB.initCache() - 初始化缓存结束......
2020-01-08 17:43:46,128 ERROR [Thread:http--8080-4$816685391] weaver.interfaces.schedule.ScheduleManage.removeJob() - removeJob 移除一个任务:schedule.HttpPostUrl
2020-01-08 17:43:46,129 ERROR [Thread:http--8080-4$816685391] weaver.interfaces.schedule.ScheduleManage.addJob() - addJob 新增任务:schedule.HttpPostUrl  59 59 9 * * ?
2020-01-08 17:43:46,129 ERROR [Thread:http--8080-4$816685391] weaver.interfaces.schedule.ScheduleManage.modifyJobTime() - modifyJobTime 修改已有任务触发时间:schedule.HttpPostUrl  59 59 9 * * ?
2020-01-08 17:43:46,130 ERROR [Thread:http--8080-4$816685391] weaver.interfaces.schedule.ScheduleManage.removeJob() - removeJob 移除一个任务:schedule.HttpPostUrl2
2020-01-08 17:43:46,130 ERROR [Thread:http--8080-4$816685391] weaver.interfaces.schedule.ScheduleManage.addJob() - addJob 新增任务:schedule.HttpPostUrl2   0 30 23 * * ?
2020-01-08 17:43:46,131 ERROR [Thread:http--8080-4$816685391] weaver.interfaces.schedule.ScheduleManage.modifyJobTime() - modifyJobTime 修改已有任务触发时间:schedule.HttpPostUrl2   0 30 23 * * ?
2020-01-08 17:43:46,401 INFO  [Thread:http--8080-4$816685391] weaver.general.InitServiceXMLtoDB.initCache() - 开始初始化缓存......
2020-01-08 17:43:46,499 INFO  [Thread:http--8080-4$816685391] weaver.general.InitServiceXMLtoDB.initCache() - System Init Message:mainControlIp= localIp:[192.168.96.104, 192.168.149.1, 192.168.25.1]
2020-01-08 17:43:46,500 INFO  [Thread:http--8080-4$816685391] weaver.general.InitServiceXMLtoDB.initCache() -   初始化计划任务缓存Start ......
2020-01-08 17:43:46,500 INFO  [Thread:http--8080-4$816685391] weaver.general.InitServiceXMLtoDB.initCache() -   初始化数据源缓存 ......
2020-01-08 17:43:46,501 INFO  [Thread:http--8080-4$816685391] weaver.general.InitServiceXMLtoDB.initCache() -   初始化Action缓存 ......
2020-01-08 17:43:46,503 ERROR [Thread:http--8080-4$816685391] weaver.general.InitServiceXMLtoDB.initCache() - Action加入缓存异常(com.shxiv.hfwh.workflow.action.HfKhAction)：java.lang.NoClassDefFoundError: com/shxiv/jqkj/workflow/action/ClAction
2020-01-08 17:43:46,504 INFO  [Thread:http--8080-4$816685391] weaver.general.InitServiceXMLtoDB.initCache() -   初始化浏览框缓存 ......
2020-01-08 17:43:46,554 INFO  [Thread:http--8080-4$816685391] weaver.general.InitServiceXMLtoDB.initCache() -   初始化HR缓存 ......
2020-01-08 17:43:46,555 INFO  [Thread:http--8080-4$816685391] weaver.general.InitServiceXMLtoDB.initCache() -   初始化短信缓存 ......
2020-01-08 17:43:46,560 INFO  [Thread:http--8080-4$816685391] weaver.general.InitServiceXMLtoDB.initCache() - 初始化缓存结束......
2020-01-08 17:53:36,337 ERROR [Thread:http--8080-11$648633587] weaver.interfaces.schedule.ScheduleManage.removeJob() - removeJob 移除一个任务:schedule.HttpPostUrl2
2020-01-08 17:53:36,342 INFO  [Thread:http--8080-11$648633587] weaver.general.InitServiceXMLtoDB.initCache() - 开始初始化缓存......
2020-01-08 17:53:36,459 INFO  [Thread:http--8080-11$648633587] weaver.general.InitServiceXMLtoDB.initCache() - System Init Message:mainControlIp= localIp:[192.168.96.104, 192.168.149.1, 192.168.25.1]
2020-01-08 17:53:36,459 INFO  [Thread:http--8080-11$648633587] weaver.general.InitServiceXMLtoDB.initCache() -   初始化计划任务缓存Start ......
2020-01-08 17:53:36,461 INFO  [Thread:http--8080-11$648633587] weaver.general.InitServiceXMLtoDB.initCache() -   初始化数据源缓存 ......
2020-01-08 17:53:36,462 INFO  [Thread:http--8080-11$648633587] weaver.general.InitServiceXMLtoDB.initCache() -   初始化Action缓存 ......
2020-01-08 17:53:36,465 ERROR [Thread:http--8080-11$648633587] weaver.general.InitServiceXMLtoDB.initCache() - Action加入缓存异常(com.shxiv.hfwh.workflow.action.HfKhAction)：java.lang.NoClassDefFoundError: com/shxiv/jqkj/workflow/action/ClAction
2020-01-08 17:53:36,466 INFO  [Thread:http--8080-11$648633587] weaver.general.InitServiceXMLtoDB.initCache() -   初始化浏览框缓存 ......
2020-01-08 17:53:36,518 INFO  [Thread:http--8080-11$648633587] weaver.general.InitServiceXMLtoDB.initCache() -   初始化HR缓存 ......
2020-01-08 17:53:36,518 INFO  [Thread:http--8080-11$648633587] weaver.general.InitServiceXMLtoDB.initCache() -   初始化短信缓存 ......
2020-01-08 17:53:36,525 INFO  [Thread:http--8080-11$648633587] weaver.general.InitServiceXMLtoDB.initCache() - 初始化缓存结束......
2020-01-08 17:53:54,908 ERROR [Thread:http--8080-11$648633587] weaver.interfaces.schedule.ScheduleManage.removeJob() - removeJob 移除一个任务:schedule.HttpPostUrl
2020-01-08 17:53:54,909 ERROR [Thread:http--8080-11$648633587] weaver.interfaces.schedule.ScheduleManage.addJob() - addJob 新增任务:schedule.HttpPostUrl  0 30 10,23 * * ?
2020-01-08 17:53:54,909 ERROR [Thread:http--8080-11$648633587] weaver.interfaces.schedule.ScheduleManage.modifyJobTime() - modifyJobTime 修改已有任务触发时间:schedule.HttpPostUrl  0 30 10,23 * * ?
2020-01-08 17:53:55,017 INFO  [Thread:http--8080-11$648633587] weaver.general.InitServiceXMLtoDB.initCache() - 开始初始化缓存......
2020-01-08 17:53:55,112 INFO  [Thread:http--8080-11$648633587] weaver.general.InitServiceXMLtoDB.initCache() - System Init Message:mainControlIp= localIp:[192.168.96.104, 192.168.149.1, 192.168.25.1]
2020-01-08 17:53:55,112 INFO  [Thread:http--8080-11$648633587] weaver.general.InitServiceXMLtoDB.initCache() -   初始化计划任务缓存Start ......
2020-01-08 17:53:55,114 INFO  [Thread:http--8080-11$648633587] weaver.general.InitServiceXMLtoDB.initCache() -   初始化数据源缓存 ......
2020-01-08 17:53:55,115 INFO  [Thread:http--8080-11$648633587] weaver.general.InitServiceXMLtoDB.initCache() -   初始化Action缓存 ......
2020-01-08 17:53:55,117 ERROR [Thread:http--8080-11$648633587] weaver.general.InitServiceXMLtoDB.initCache() - Action加入缓存异常(com.shxiv.hfwh.workflow.action.HfKhAction)：java.lang.NoClassDefFoundError: com/shxiv/jqkj/workflow/action/ClAction
2020-01-08 17:53:55,118 INFO  [Thread:http--8080-11$648633587] weaver.general.InitServiceXMLtoDB.initCache() -   初始化浏览框缓存 ......
2020-01-08 17:53:55,172 INFO  [Thread:http--8080-11$648633587] weaver.general.InitServiceXMLtoDB.initCache() -   初始化HR缓存 ......
2020-01-08 17:53:55,172 INFO  [Thread:http--8080-11$648633587] weaver.general.InitServiceXMLtoDB.initCache() -   初始化短信缓存 ......
2020-01-08 17:53:55,179 INFO  [Thread:http--8080-11$648633587] weaver.general.InitServiceXMLtoDB.initCache() - 初始化缓存结束......
