2020-07-22 09:02:44,568 INFO  [Thread:Thread-24] weaver.general.InitServerXMLtoDBThread.checkEndUpgrade() - 升级进行中,sleep...
2020-07-22 09:02:45,618 INFO  [Thread:Thread-24] weaver.general.InitServerXMLtoDBThread.run() - 升级完成，执行 InitServiceXMLtoDB ...
2020-07-22 09:02:45,681 INFO  [Thread:Thread-24] weaver.general.InitServiceXMLtoDB.initDB() - 创建表：INITSERVICEXMLSTATE ……
2020-07-22 09:02:45,681 INFO  [Thread:Thread-24] weaver.general.InitServiceXMLtoDB.notExistTable() - table(INITSERVICEXMLSTATE) exist
2020-07-22 09:02:45,696 INFO  [Thread:Thread-24] weaver.general.InitServiceXMLtoDB.notExistTable() - table(INITSERVICEXMLSTATE) exist
2020-07-22 09:02:45,696 INFO  [Thread:Thread-24] weaver.general.InitServiceXMLtoDB.notExistField() - filed (INITSERVICEXMLSTATE.E8CLEAR) exist
2020-07-22 09:02:45,712 INFO  [Thread:Thread-24] weaver.general.InitServiceXMLtoDB.notExistTable() - table(INITSERVICEXMLSTATE) exist
2020-07-22 09:02:45,712 INFO  [Thread:Thread-24] weaver.general.InitServiceXMLtoDB.notExistField() - filed (INITSERVICEXMLSTATE.SMS) exist
2020-07-22 09:02:45,712 INFO  [Thread:Thread-24] weaver.general.InitServiceXMLtoDB.notExistTable() - table(INITSERVICEXMLSTATE) exist
2020-07-22 09:02:45,712 INFO  [Thread:Thread-24] weaver.general.InitServiceXMLtoDB.notExistField() - filed (INITSERVICEXMLSTATE.CHECKERRORDATA) exist
2020-07-22 09:02:45,728 INFO  [Thread:Thread-24] weaver.general.InitServiceXMLtoDB.notExistTable() - table(INITSERVICEXMLSTATE) exist
2020-07-22 09:02:45,728 INFO  [Thread:Thread-24] weaver.general.InitServiceXMLtoDB.notExistField() - filed (INITSERVICEXMLSTATE.XMLINITTODB) exist
2020-07-22 09:02:45,728 INFO  [Thread:Thread-24] weaver.general.InitServiceXMLtoDB.initDB() - 创建表：DATASOURCESETTING ……
2020-07-22 09:02:45,728 INFO  [Thread:Thread-24] weaver.general.InitServiceXMLtoDB.notExistTable() - table(DATASOURCESETTING) exist
2020-07-22 09:02:45,728 INFO  [Thread:Thread-24] weaver.general.InitServiceXMLtoDB.initDB() - 创建表：SCHEDULESETTING ……
2020-07-22 09:02:45,728 INFO  [Thread:Thread-24] weaver.general.InitServiceXMLtoDB.notExistTable() - table(SCHEDULESETTING) exist
2020-07-22 09:02:45,728 INFO  [Thread:Thread-24] weaver.general.InitServiceXMLtoDB.initDB() - 创建表：SMSPROPERTIS ……
2020-07-22 09:02:45,743 INFO  [Thread:Thread-24] weaver.general.InitServiceXMLtoDB.notExistTable() - table(SMSPROPERTIS) exist
2020-07-22 09:02:45,743 INFO  [Thread:Thread-24] weaver.general.InitServiceXMLtoDB.notExistTable() - table(actionsettingdetail) exist
2020-07-22 09:02:45,743 INFO  [Thread:Thread-24] weaver.general.InitServiceXMLtoDB.notExistField() - filed (actionsettingdetail.isdatasource) exist
2020-07-22 09:02:45,759 INFO  [Thread:Thread-24] weaver.general.InitServiceXMLtoDB.notExistTable() - table(datashowset) exist
2020-07-22 09:02:45,759 INFO  [Thread:Thread-24] weaver.general.InitServiceXMLtoDB.notExistField() - filed (datashowset.searchByName) exist
2020-07-22 09:02:45,759 INFO  [Thread:Thread-24] weaver.general.InitServiceXMLtoDB.notExistField() - filed (datashowset.customid) exist
2020-07-22 09:02:45,759 INFO  [Thread:Thread-24] weaver.general.InitServiceXMLtoDB.notExistTable() - table(SCHEDULESETTING) exist
2020-07-22 09:02:45,775 INFO  [Thread:Thread-24] weaver.general.InitServiceXMLtoDB.notExistField() - filed (SCHEDULESETTING.createdate) exist
2020-07-22 09:02:45,775 INFO  [Thread:Thread-24] weaver.general.InitServiceXMLtoDB.notExistTable() - table(SCHEDULESETTING) exist
2020-07-22 09:02:45,775 INFO  [Thread:Thread-24] weaver.general.InitServiceXMLtoDB.notExistField() - filed (SCHEDULESETTING.createtime) exist
2020-07-22 09:02:45,775 INFO  [Thread:Thread-24] weaver.general.InitServiceXMLtoDB.notExistTable() - table(SCHEDULESETTING) exist
2020-07-22 09:02:45,775 INFO  [Thread:Thread-24] weaver.general.InitServiceXMLtoDB.notExistField() - filed (SCHEDULESETTING.modifydate) exist
2020-07-22 09:02:45,790 INFO  [Thread:Thread-24] weaver.general.InitServiceXMLtoDB.notExistTable() - table(SCHEDULESETTING) exist
2020-07-22 09:02:45,790 INFO  [Thread:Thread-24] weaver.general.InitServiceXMLtoDB.notExistField() - filed (SCHEDULESETTING.modifytime) exist
2020-07-22 09:02:45,790 INFO  [Thread:Thread-24] weaver.general.InitServiceXMLtoDB.initCache() - 开始初始化缓存......
2020-07-22 09:02:45,900 INFO  [Thread:Thread-24] weaver.general.InitServiceXMLtoDB.initCache() - System Init Message:mainControlIp= localIp:[192.168.97.232, 192.168.56.1]
2020-07-22 09:02:45,900 INFO  [Thread:Thread-24] weaver.general.InitServiceXMLtoDB.initCache() -   初始化计划任务缓存Start ......
2020-07-22 09:02:46,212 INFO  [Thread:Thread-24] weaver.general.InitServiceXMLtoDB.initCache() -   初始化数据源缓存 ......
2020-07-22 09:02:46,306 INFO  [Thread:Thread-24] weaver.general.InitServiceXMLtoDB.initCache() -   初始化Action缓存 ......
2020-07-22 09:02:47,824 ERROR [Thread:Thread-24] weaver.general.InitServiceXMLtoDB.initCache() - Action加入缓存异常(com.shxiv.hfwh.workflow.action.HfKhAction)：java.lang.NoClassDefFoundError: com/shxiv/jqkj/workflow/action/ClAction
2020-07-22 09:02:48,136 INFO  [Thread:Thread-24] weaver.general.InitServiceXMLtoDB.initCache() -   初始化浏览框缓存 ......
2020-07-22 09:02:48,246 INFO  [Thread:Thread-24] weaver.general.InitServiceXMLtoDB.initCache() -   初始化HR缓存 ......
2020-07-22 09:02:48,261 INFO  [Thread:Thread-24] weaver.general.InitServiceXMLtoDB.initCache() -   初始化短信缓存 ......
2020-07-22 09:02:48,308 INFO  [Thread:Thread-24] weaver.servicefiles.BrowserXML.<init>() - BrowserXML init start ....
2020-07-22 09:02:48,371 INFO  [Thread:Thread-24] weaver.servicefiles.BrowserXML.<init>() - BrowserXML init end ....
2020-07-22 09:02:48,527 INFO  [Thread:Thread-24] weaver.general.InitServiceXMLtoDB.initCache() - 初始化缓存结束......
2020-07-22 09:02:48,740 ERROR [Thread:Thread-24] weaver.interfaces.schedule.ScheduleManage.start() - Schedule Cron Job 缓存（schedule.deleteEML）
2020-07-22 09:02:48,772 ERROR [Thread:Thread-24] weaver.interfaces.schedule.ScheduleManage.start() - Schedule Cron Job 缓存（schedule.Mode4CptCalculateDeprecationJob）
2020-07-22 09:02:48,772 ERROR [Thread:Thread-24] weaver.interfaces.schedule.ScheduleManage.start() - Schedule Cron Job 缓存（schedule.CptLowInventoryRemindJob）
2020-07-22 09:02:48,787 ERROR [Thread:Thread-24] weaver.interfaces.schedule.ScheduleManage.start() - Schedule Cron Job 缓存（schedule.Mode4CptDulldaysInventoryRemindJob）
2020-07-22 09:02:48,787 ERROR [Thread:Thread-24] weaver.interfaces.schedule.ScheduleManage.start() - Schedule Cron Job 缓存（schedule.Mode4CptHighInventoryRemindJob）
2020-07-22 09:02:48,787 ERROR [Thread:Thread-24] weaver.interfaces.schedule.ScheduleManage.start() - Schedule Cron Job 缓存（schedule.Mode4CptLowInventoryRemindJob）
2020-07-22 09:02:48,787 ERROR [Thread:Thread-24] weaver.interfaces.schedule.ScheduleManage.start() - Schedule Cron Job 缓存（schedule.HttpServiceImpl）
2020-07-22 09:02:48,787 ERROR [Thread:Thread-24] weaver.interfaces.schedule.ScheduleManage.start() - Schedule Cron Job 缓存（schedule.HttpKaoQin）
