2020-07-13 09:11:29,597 INFO  [Thread:Thread-23] weaver.general.InitServerXMLtoDBThread.checkEndUpgrade() - 升级进行中,sleep...
2020-07-13 09:11:30,664 INFO  [Thread:Thread-23] weaver.general.InitServerXMLtoDBThread.checkEndUpgrade() - 升级进行中,sleep...
2020-07-13 09:11:31,666 INFO  [Thread:Thread-23] weaver.general.InitServerXMLtoDBThread.run() - 升级完成，执行 InitServiceXMLtoDB ...
2020-07-13 09:11:31,717 INFO  [Thread:Thread-23] weaver.general.InitServiceXMLtoDB.initDB() - 创建表：INITSERVICEXMLSTATE ……
2020-07-13 09:11:31,752 INFO  [Thread:Thread-23] weaver.general.InitServiceXMLtoDB.notExistTable() - table(INITSERVICEXMLSTATE) exist
2020-07-13 09:11:31,790 INFO  [Thread:Thread-23] weaver.general.InitServiceXMLtoDB.notExistTable() - table(INITSERVICEXMLSTATE) exist
2020-07-13 09:11:31,796 INFO  [Thread:Thread-23] weaver.general.InitServiceXMLtoDB.notExistField() - filed (INITSERVICEXMLSTATE.E8CLEAR) exist
2020-07-13 09:11:31,801 INFO  [Thread:Thread-23] weaver.general.InitServiceXMLtoDB.notExistTable() - table(INITSERVICEXMLSTATE) exist
2020-07-13 09:11:31,809 INFO  [Thread:Thread-23] weaver.general.InitServiceXMLtoDB.notExistField() - filed (INITSERVICEXMLSTATE.SMS) exist
2020-07-13 09:11:31,813 INFO  [Thread:Thread-23] weaver.general.InitServiceXMLtoDB.notExistTable() - table(INITSERVICEXMLSTATE) exist
2020-07-13 09:11:31,821 INFO  [Thread:Thread-23] weaver.general.InitServiceXMLtoDB.notExistField() - filed (INITSERVICEXMLSTATE.CHECKERRORDATA) exist
2020-07-13 09:11:31,826 INFO  [Thread:Thread-23] weaver.general.InitServiceXMLtoDB.notExistTable() - table(INITSERVICEXMLSTATE) exist
2020-07-13 09:11:31,834 INFO  [Thread:Thread-23] weaver.general.InitServiceXMLtoDB.notExistField() - filed (INITSERVICEXMLSTATE.XMLINITTODB) exist
2020-07-13 09:11:31,834 INFO  [Thread:Thread-23] weaver.general.InitServiceXMLtoDB.initDB() - 创建表：DATASOURCESETTING ……
2020-07-13 09:11:31,860 INFO  [Thread:Thread-23] weaver.general.InitServiceXMLtoDB.notExistTable() - table(DATASOURCESETTING) exist
2020-07-13 09:11:31,860 INFO  [Thread:Thread-23] weaver.general.InitServiceXMLtoDB.initDB() - 创建表：SCHEDULESETTING ……
2020-07-13 09:11:31,876 INFO  [Thread:Thread-23] weaver.general.InitServiceXMLtoDB.notExistTable() - table(SCHEDULESETTING) exist
2020-07-13 09:11:31,876 INFO  [Thread:Thread-23] weaver.general.InitServiceXMLtoDB.initDB() - 创建表：SMSPROPERTIS ……
2020-07-13 09:11:31,887 INFO  [Thread:Thread-23] weaver.general.InitServiceXMLtoDB.notExistTable() - table(SMSPROPERTIS) exist
2020-07-13 09:11:31,895 INFO  [Thread:Thread-23] weaver.general.InitServiceXMLtoDB.notExistTable() - table(actionsettingdetail) exist
2020-07-13 09:11:31,901 INFO  [Thread:Thread-23] weaver.general.InitServiceXMLtoDB.notExistField() - filed (actionsettingdetail.isdatasource) exist
2020-07-13 09:11:31,910 INFO  [Thread:Thread-23] weaver.general.InitServiceXMLtoDB.notExistTable() - table(datashowset) exist
2020-07-13 09:11:31,918 INFO  [Thread:Thread-23] weaver.general.InitServiceXMLtoDB.notExistField() - filed (datashowset.searchByName) exist
2020-07-13 09:11:31,924 INFO  [Thread:Thread-23] weaver.general.InitServiceXMLtoDB.notExistField() - filed (datashowset.customid) exist
2020-07-13 09:11:31,926 INFO  [Thread:Thread-23] weaver.general.InitServiceXMLtoDB.notExistTable() - table(SCHEDULESETTING) exist
2020-07-13 09:11:31,945 INFO  [Thread:Thread-23] weaver.general.InitServiceXMLtoDB.notExistField() - filed (SCHEDULESETTING.createdate) exist
2020-07-13 09:11:31,947 INFO  [Thread:Thread-23] weaver.general.InitServiceXMLtoDB.notExistTable() - table(SCHEDULESETTING) exist
2020-07-13 09:11:31,955 INFO  [Thread:Thread-23] weaver.general.InitServiceXMLtoDB.notExistField() - filed (SCHEDULESETTING.createtime) exist
2020-07-13 09:11:31,957 INFO  [Thread:Thread-23] weaver.general.InitServiceXMLtoDB.notExistTable() - table(SCHEDULESETTING) exist
2020-07-13 09:11:31,963 INFO  [Thread:Thread-23] weaver.general.InitServiceXMLtoDB.notExistField() - filed (SCHEDULESETTING.modifydate) exist
2020-07-13 09:11:31,965 INFO  [Thread:Thread-23] weaver.general.InitServiceXMLtoDB.notExistTable() - table(SCHEDULESETTING) exist
2020-07-13 09:11:31,971 INFO  [Thread:Thread-23] weaver.general.InitServiceXMLtoDB.notExistField() - filed (SCHEDULESETTING.modifytime) exist
2020-07-13 09:11:31,974 INFO  [Thread:Thread-23] weaver.general.InitServiceXMLtoDB.initCache() - 开始初始化缓存......
2020-07-13 09:11:32,088 INFO  [Thread:Thread-23] weaver.general.InitServiceXMLtoDB.initCache() - System Init Message:mainControlIp= localIp:[192.168.97.232]
2020-07-13 09:11:32,089 INFO  [Thread:Thread-23] weaver.general.InitServiceXMLtoDB.initCache() -   初始化计划任务缓存Start ......
2020-07-13 09:11:32,689 INFO  [Thread:Thread-23] weaver.general.InitServiceXMLtoDB.initCache() -   初始化数据源缓存 ......
2020-07-13 09:11:32,724 INFO  [Thread:Thread-23] weaver.general.InitServiceXMLtoDB.initCache() -   初始化Action缓存 ......
2020-07-13 09:11:38,639 ERROR [Thread:Thread-23] weaver.general.InitServiceXMLtoDB.initCache() - Action加入缓存异常(com.shxiv.hfwh.workflow.action.HfKhAction)：java.lang.NoClassDefFoundError: com/shxiv/jqkj/workflow/action/ClAction
2020-07-13 09:11:39,634 INFO  [Thread:Thread-23] weaver.general.InitServiceXMLtoDB.initCache() -   初始化浏览框缓存 ......
2020-07-13 09:11:39,937 INFO  [Thread:Thread-23] weaver.general.InitServiceXMLtoDB.initCache() -   初始化HR缓存 ......
2020-07-13 09:11:40,040 INFO  [Thread:Thread-23] weaver.general.InitServiceXMLtoDB.initCache() -   初始化短信缓存 ......
2020-07-13 09:11:40,141 INFO  [Thread:Thread-23] weaver.servicefiles.BrowserXML.<init>() - BrowserXML init start ....
2020-07-13 09:11:40,478 INFO  [Thread:Thread-23] weaver.servicefiles.BrowserXML.<init>() - BrowserXML init end ....
2020-07-13 09:11:40,493 INFO  [Thread:Thread-23] weaver.general.InitServiceXMLtoDB.initCache() - 初始化缓存结束......
2020-07-13 09:11:40,696 ERROR [Thread:Thread-23] weaver.interfaces.schedule.ScheduleManage.start() - Schedule Cron Job 缓存（schedule.deleteEML）
2020-07-13 09:11:40,923 ERROR [Thread:Thread-23] weaver.interfaces.schedule.ScheduleManage.start() - Schedule Cron Job 缓存（schedule.Mode4CptCalculateDeprecationJob）
2020-07-13 09:11:40,923 ERROR [Thread:Thread-23] weaver.interfaces.schedule.ScheduleManage.start() - Schedule Cron Job 缓存（schedule.CptLowInventoryRemindJob）
2020-07-13 09:11:40,923 ERROR [Thread:Thread-23] weaver.interfaces.schedule.ScheduleManage.start() - Schedule Cron Job 缓存（schedule.Mode4CptDulldaysInventoryRemindJob）
2020-07-13 09:11:40,923 ERROR [Thread:Thread-23] weaver.interfaces.schedule.ScheduleManage.start() - Schedule Cron Job 缓存（schedule.Mode4CptHighInventoryRemindJob）
2020-07-13 09:11:40,923 ERROR [Thread:Thread-23] weaver.interfaces.schedule.ScheduleManage.start() - Schedule Cron Job 缓存（schedule.Mode4CptLowInventoryRemindJob）
2020-07-13 09:11:40,923 ERROR [Thread:Thread-23] weaver.interfaces.schedule.ScheduleManage.start() - Schedule Cron Job 缓存（schedule.HttpServiceImpl）
2020-07-13 09:11:40,923 ERROR [Thread:Thread-23] weaver.interfaces.schedule.ScheduleManage.start() - Schedule Cron Job 缓存（schedule.HttpKaoQin）
