2020-07-15 09:01:55,436 INFO  [Thread:Thread-23] weaver.general.InitServerXMLtoDBThread.checkEndUpgrade() - 升级进行中,sleep...
2020-07-15 09:01:56,516 INFO  [Thread:Thread-23] weaver.general.InitServerXMLtoDBThread.run() - 升级完成，执行 InitServiceXMLtoDB ...
2020-07-15 09:01:56,549 INFO  [Thread:Thread-23] weaver.general.InitServiceXMLtoDB.initDB() - 创建表：INITSERVICEXMLSTATE ……
2020-07-15 09:01:56,560 INFO  [Thread:Thread-23] weaver.general.InitServiceXMLtoDB.notExistTable() - table(INITSERVICEXMLSTATE) exist
2020-07-15 09:01:56,576 INFO  [Thread:Thread-23] weaver.general.InitServiceXMLtoDB.notExistTable() - table(INITSERVICEXMLSTATE) exist
2020-07-15 09:01:56,584 INFO  [Thread:Thread-23] weaver.general.InitServiceXMLtoDB.notExistField() - filed (INITSERVICEXMLSTATE.E8CLEAR) exist
2020-07-15 09:01:56,591 INFO  [Thread:Thread-23] weaver.general.InitServiceXMLtoDB.notExistTable() - table(INITSERVICEXMLSTATE) exist
2020-07-15 09:01:56,598 INFO  [Thread:Thread-23] weaver.general.InitServiceXMLtoDB.notExistField() - filed (INITSERVICEXMLSTATE.SMS) exist
2020-07-15 09:01:56,603 INFO  [Thread:Thread-23] weaver.general.InitServiceXMLtoDB.notExistTable() - table(INITSERVICEXMLSTATE) exist
2020-07-15 09:01:56,612 INFO  [Thread:Thread-23] weaver.general.InitServiceXMLtoDB.notExistField() - filed (INITSERVICEXMLSTATE.CHECKERRORDATA) exist
2020-07-15 09:01:56,614 INFO  [Thread:Thread-23] weaver.general.InitServiceXMLtoDB.notExistTable() - table(INITSERVICEXMLSTATE) exist
2020-07-15 09:01:56,620 INFO  [Thread:Thread-23] weaver.general.InitServiceXMLtoDB.notExistField() - filed (INITSERVICEXMLSTATE.XMLINITTODB) exist
2020-07-15 09:01:56,620 INFO  [Thread:Thread-23] weaver.general.InitServiceXMLtoDB.initDB() - 创建表：DATASOURCESETTING ……
2020-07-15 09:01:56,623 INFO  [Thread:Thread-23] weaver.general.InitServiceXMLtoDB.notExistTable() - table(DATASOURCESETTING) exist
2020-07-15 09:01:56,624 INFO  [Thread:Thread-23] weaver.general.InitServiceXMLtoDB.initDB() - 创建表：SCHEDULESETTING ……
2020-07-15 09:01:56,628 INFO  [Thread:Thread-23] weaver.general.InitServiceXMLtoDB.notExistTable() - table(SCHEDULESETTING) exist
2020-07-15 09:01:56,628 INFO  [Thread:Thread-23] weaver.general.InitServiceXMLtoDB.initDB() - 创建表：SMSPROPERTIS ……
2020-07-15 09:01:56,744 INFO  [Thread:Thread-23] weaver.general.InitServiceXMLtoDB.notExistTable() - table(SMSPROPERTIS) exist
2020-07-15 09:01:56,751 INFO  [Thread:Thread-23] weaver.general.InitServiceXMLtoDB.notExistTable() - table(actionsettingdetail) exist
2020-07-15 09:01:56,768 INFO  [Thread:Thread-23] weaver.general.InitServiceXMLtoDB.notExistField() - filed (actionsettingdetail.isdatasource) exist
2020-07-15 09:01:56,777 INFO  [Thread:Thread-23] weaver.general.InitServiceXMLtoDB.notExistTable() - table(datashowset) exist
2020-07-15 09:01:56,785 INFO  [Thread:Thread-23] weaver.general.InitServiceXMLtoDB.notExistField() - filed (datashowset.searchByName) exist
2020-07-15 09:01:56,794 INFO  [Thread:Thread-23] weaver.general.InitServiceXMLtoDB.notExistField() - filed (datashowset.customid) exist
2020-07-15 09:01:56,797 INFO  [Thread:Thread-23] weaver.general.InitServiceXMLtoDB.notExistTable() - table(SCHEDULESETTING) exist
2020-07-15 09:01:56,805 INFO  [Thread:Thread-23] weaver.general.InitServiceXMLtoDB.notExistField() - filed (SCHEDULESETTING.createdate) exist
2020-07-15 09:01:56,807 INFO  [Thread:Thread-23] weaver.general.InitServiceXMLtoDB.notExistTable() - table(SCHEDULESETTING) exist
2020-07-15 09:01:56,816 INFO  [Thread:Thread-23] weaver.general.InitServiceXMLtoDB.notExistField() - filed (SCHEDULESETTING.createtime) exist
2020-07-15 09:01:56,818 INFO  [Thread:Thread-23] weaver.general.InitServiceXMLtoDB.notExistTable() - table(SCHEDULESETTING) exist
2020-07-15 09:01:56,846 INFO  [Thread:Thread-23] weaver.general.InitServiceXMLtoDB.notExistField() - filed (SCHEDULESETTING.modifydate) exist
2020-07-15 09:01:56,849 INFO  [Thread:Thread-23] weaver.general.InitServiceXMLtoDB.notExistTable() - table(SCHEDULESETTING) exist
2020-07-15 09:01:56,857 INFO  [Thread:Thread-23] weaver.general.InitServiceXMLtoDB.notExistField() - filed (SCHEDULESETTING.modifytime) exist
2020-07-15 09:01:56,860 INFO  [Thread:Thread-23] weaver.general.InitServiceXMLtoDB.initCache() - 开始初始化缓存......
2020-07-15 09:01:56,996 INFO  [Thread:Thread-23] weaver.general.InitServiceXMLtoDB.initCache() - System Init Message:mainControlIp= localIp:[192.168.97.232, 192.168.56.1]
2020-07-15 09:01:56,996 INFO  [Thread:Thread-23] weaver.general.InitServiceXMLtoDB.initCache() -   初始化计划任务缓存Start ......
2020-07-15 09:01:57,209 INFO  [Thread:Thread-23] weaver.general.InitServiceXMLtoDB.initCache() -   初始化数据源缓存 ......
2020-07-15 09:01:57,217 INFO  [Thread:Thread-23] weaver.general.InitServiceXMLtoDB.initCache() -   初始化Action缓存 ......
2020-07-15 09:01:58,610 ERROR [Thread:Thread-23] weaver.general.InitServiceXMLtoDB.initCache() - Action加入缓存异常(com.shxiv.hfwh.workflow.action.HfKhAction)：java.lang.NoClassDefFoundError: com/shxiv/jqkj/workflow/action/ClAction
2020-07-15 09:01:58,863 INFO  [Thread:Thread-23] weaver.general.InitServiceXMLtoDB.initCache() -   初始化浏览框缓存 ......
2020-07-15 09:01:58,991 INFO  [Thread:Thread-23] weaver.general.InitServiceXMLtoDB.initCache() -   初始化HR缓存 ......
2020-07-15 09:01:59,000 INFO  [Thread:Thread-23] weaver.general.InitServiceXMLtoDB.initCache() -   初始化短信缓存 ......
2020-07-15 09:01:59,061 INFO  [Thread:Thread-23] weaver.servicefiles.BrowserXML.<init>() - BrowserXML init start ....
2020-07-15 09:01:59,105 INFO  [Thread:Thread-23] weaver.servicefiles.BrowserXML.<init>() - BrowserXML init end ....
2020-07-15 09:01:59,294 INFO  [Thread:Thread-23] weaver.general.InitServiceXMLtoDB.initCache() - 初始化缓存结束......
2020-07-15 09:01:59,465 ERROR [Thread:Thread-23] weaver.interfaces.schedule.ScheduleManage.start() - Schedule Cron Job 缓存（schedule.deleteEML）
2020-07-15 09:01:59,547 ERROR [Thread:Thread-23] weaver.interfaces.schedule.ScheduleManage.start() - Schedule Cron Job 缓存（schedule.Mode4CptCalculateDeprecationJob）
2020-07-15 09:01:59,549 ERROR [Thread:Thread-23] weaver.interfaces.schedule.ScheduleManage.start() - Schedule Cron Job 缓存（schedule.CptLowInventoryRemindJob）
2020-07-15 09:01:59,554 ERROR [Thread:Thread-23] weaver.interfaces.schedule.ScheduleManage.start() - Schedule Cron Job 缓存（schedule.Mode4CptDulldaysInventoryRemindJob）
2020-07-15 09:01:59,555 ERROR [Thread:Thread-23] weaver.interfaces.schedule.ScheduleManage.start() - Schedule Cron Job 缓存（schedule.Mode4CptHighInventoryRemindJob）
2020-07-15 09:01:59,556 ERROR [Thread:Thread-23] weaver.interfaces.schedule.ScheduleManage.start() - Schedule Cron Job 缓存（schedule.Mode4CptLowInventoryRemindJob）
2020-07-15 09:01:59,556 ERROR [Thread:Thread-23] weaver.interfaces.schedule.ScheduleManage.start() - Schedule Cron Job 缓存（schedule.HttpServiceImpl）
2020-07-15 09:01:59,557 ERROR [Thread:Thread-23] weaver.interfaces.schedule.ScheduleManage.start() - Schedule Cron Job 缓存（schedule.HttpKaoQin）
