2020-07-29 09:05:57,352 INFO  [Thread:Thread-24] weaver.general.InitServerXMLtoDBThread.checkEndUpgrade() - 升级进行中,sleep...
2020-07-29 09:05:58,423 INFO  [Thread:Thread-24] weaver.general.InitServerXMLtoDBThread.run() - 升级完成，执行 InitServiceXMLtoDB ...
2020-07-29 09:05:58,485 INFO  [Thread:Thread-24] weaver.general.InitServiceXMLtoDB.initDB() - 创建表：INITSERVICEXMLSTATE ……
2020-07-29 09:05:58,526 INFO  [Thread:Thread-24] weaver.general.InitServiceXMLtoDB.notExistTable() - table(INITSERVICEXMLSTATE) exist
2020-07-29 09:05:58,533 INFO  [Thread:Thread-24] weaver.general.InitServiceXMLtoDB.notExistTable() - table(INITSERVICEXMLSTATE) exist
2020-07-29 09:05:58,548 INFO  [Thread:Thread-24] weaver.general.InitServiceXMLtoDB.notExistField() - filed (INITSERVICEXMLSTATE.E8CLEAR) exist
2020-07-29 09:05:58,551 INFO  [Thread:Thread-24] weaver.general.InitServiceXMLtoDB.notExistTable() - table(INITSERVICEXMLSTATE) exist
2020-07-29 09:05:58,566 INFO  [Thread:Thread-24] weaver.general.InitServiceXMLtoDB.notExistField() - filed (INITSERVICEXMLSTATE.SMS) exist
2020-07-29 09:05:58,570 INFO  [Thread:Thread-24] weaver.general.InitServiceXMLtoDB.notExistTable() - table(INITSERVICEXMLSTATE) exist
2020-07-29 09:05:58,583 INFO  [Thread:Thread-24] weaver.general.InitServiceXMLtoDB.notExistField() - filed (INITSERVICEXMLSTATE.CHECKERRORDATA) exist
2020-07-29 09:05:58,589 INFO  [Thread:Thread-24] weaver.general.InitServiceXMLtoDB.notExistTable() - table(INITSERVICEXMLSTATE) exist
2020-07-29 09:05:58,596 INFO  [Thread:Thread-24] weaver.general.InitServiceXMLtoDB.notExistField() - filed (INITSERVICEXMLSTATE.XMLINITTODB) exist
2020-07-29 09:05:58,596 INFO  [Thread:Thread-24] weaver.general.InitServiceXMLtoDB.initDB() - 创建表：DATASOURCESETTING ……
2020-07-29 09:05:58,598 INFO  [Thread:Thread-24] weaver.general.InitServiceXMLtoDB.notExistTable() - table(DATASOURCESETTING) exist
2020-07-29 09:05:58,598 INFO  [Thread:Thread-24] weaver.general.InitServiceXMLtoDB.initDB() - 创建表：SCHEDULESETTING ……
2020-07-29 09:05:58,600 INFO  [Thread:Thread-24] weaver.general.InitServiceXMLtoDB.notExistTable() - table(SCHEDULESETTING) exist
2020-07-29 09:05:58,600 INFO  [Thread:Thread-24] weaver.general.InitServiceXMLtoDB.initDB() - 创建表：SMSPROPERTIS ……
2020-07-29 09:05:58,613 INFO  [Thread:Thread-24] weaver.general.InitServiceXMLtoDB.notExistTable() - table(SMSPROPERTIS) exist
2020-07-29 09:05:58,633 INFO  [Thread:Thread-24] weaver.general.InitServiceXMLtoDB.notExistTable() - table(actionsettingdetail) exist
2020-07-29 09:05:58,642 INFO  [Thread:Thread-24] weaver.general.InitServiceXMLtoDB.notExistField() - filed (actionsettingdetail.isdatasource) exist
2020-07-29 09:05:58,646 INFO  [Thread:Thread-24] weaver.general.InitServiceXMLtoDB.notExistTable() - table(datashowset) exist
2020-07-29 09:05:58,657 INFO  [Thread:Thread-24] weaver.general.InitServiceXMLtoDB.notExistField() - filed (datashowset.searchByName) exist
2020-07-29 09:05:58,665 INFO  [Thread:Thread-24] weaver.general.InitServiceXMLtoDB.notExistField() - filed (datashowset.customid) exist
2020-07-29 09:05:58,667 INFO  [Thread:Thread-24] weaver.general.InitServiceXMLtoDB.notExistTable() - table(SCHEDULESETTING) exist
2020-07-29 09:05:58,673 INFO  [Thread:Thread-24] weaver.general.InitServiceXMLtoDB.notExistField() - filed (SCHEDULESETTING.createdate) exist
2020-07-29 09:05:58,676 INFO  [Thread:Thread-24] weaver.general.InitServiceXMLtoDB.notExistTable() - table(SCHEDULESETTING) exist
2020-07-29 09:05:58,682 INFO  [Thread:Thread-24] weaver.general.InitServiceXMLtoDB.notExistField() - filed (SCHEDULESETTING.createtime) exist
2020-07-29 09:05:58,685 INFO  [Thread:Thread-24] weaver.general.InitServiceXMLtoDB.notExistTable() - table(SCHEDULESETTING) exist
2020-07-29 09:05:58,692 INFO  [Thread:Thread-24] weaver.general.InitServiceXMLtoDB.notExistField() - filed (SCHEDULESETTING.modifydate) exist
2020-07-29 09:05:58,693 INFO  [Thread:Thread-24] weaver.general.InitServiceXMLtoDB.notExistTable() - table(SCHEDULESETTING) exist
2020-07-29 09:05:58,699 INFO  [Thread:Thread-24] weaver.general.InitServiceXMLtoDB.notExistField() - filed (SCHEDULESETTING.modifytime) exist
2020-07-29 09:05:58,701 INFO  [Thread:Thread-24] weaver.general.InitServiceXMLtoDB.initCache() - 开始初始化缓存......
2020-07-29 09:05:58,875 INFO  [Thread:Thread-24] weaver.general.InitServiceXMLtoDB.initCache() - System Init Message:mainControlIp= localIp:[192.168.97.232, 192.168.56.1]
2020-07-29 09:05:58,876 INFO  [Thread:Thread-24] weaver.general.InitServiceXMLtoDB.initCache() -   初始化计划任务缓存Start ......
2020-07-29 09:05:59,300 INFO  [Thread:Thread-24] weaver.general.InitServiceXMLtoDB.initCache() -   初始化数据源缓存 ......
2020-07-29 09:05:59,338 INFO  [Thread:Thread-24] weaver.general.InitServiceXMLtoDB.initCache() -   初始化Action缓存 ......
2020-07-29 09:06:00,886 ERROR [Thread:Thread-24] weaver.general.InitServiceXMLtoDB.initCache() - Action加入缓存异常(com.shxiv.hfwh.workflow.action.HfKhAction)：java.lang.NoClassDefFoundError: com/shxiv/jqkj/workflow/action/ClAction
2020-07-29 09:06:01,527 INFO  [Thread:Thread-24] weaver.general.InitServiceXMLtoDB.initCache() -   初始化浏览框缓存 ......
2020-07-29 09:06:01,664 INFO  [Thread:Thread-24] weaver.general.InitServiceXMLtoDB.initCache() -   初始化HR缓存 ......
2020-07-29 09:06:01,685 INFO  [Thread:Thread-24] weaver.general.InitServiceXMLtoDB.initCache() -   初始化短信缓存 ......
2020-07-29 09:06:01,801 INFO  [Thread:Thread-24] weaver.servicefiles.BrowserXML.<init>() - BrowserXML init start ....
2020-07-29 09:06:01,831 INFO  [Thread:Thread-24] weaver.servicefiles.BrowserXML.<init>() - BrowserXML init end ....
2020-07-29 09:06:01,838 INFO  [Thread:Thread-24] weaver.general.InitServiceXMLtoDB.initCache() - 初始化缓存结束......
2020-07-29 09:06:02,049 ERROR [Thread:Thread-24] weaver.interfaces.schedule.ScheduleManage.start() - Schedule Cron Job 缓存（schedule.deleteEML）
2020-07-29 09:06:02,110 ERROR [Thread:Thread-24] weaver.interfaces.schedule.ScheduleManage.start() - Schedule Cron Job 缓存（schedule.Mode4CptCalculateDeprecationJob）
2020-07-29 09:06:02,111 ERROR [Thread:Thread-24] weaver.interfaces.schedule.ScheduleManage.start() - Schedule Cron Job 缓存（schedule.CptLowInventoryRemindJob）
2020-07-29 09:06:02,113 ERROR [Thread:Thread-24] weaver.interfaces.schedule.ScheduleManage.start() - Schedule Cron Job 缓存（schedule.Mode4CptDulldaysInventoryRemindJob）
2020-07-29 09:06:02,114 ERROR [Thread:Thread-24] weaver.interfaces.schedule.ScheduleManage.start() - Schedule Cron Job 缓存（schedule.Mode4CptHighInventoryRemindJob）
2020-07-29 09:06:02,115 ERROR [Thread:Thread-24] weaver.interfaces.schedule.ScheduleManage.start() - Schedule Cron Job 缓存（schedule.Mode4CptLowInventoryRemindJob）
2020-07-29 09:06:02,116 ERROR [Thread:Thread-24] weaver.interfaces.schedule.ScheduleManage.start() - Schedule Cron Job 缓存（schedule.HttpServiceImpl）
2020-07-29 09:06:02,117 ERROR [Thread:Thread-24] weaver.interfaces.schedule.ScheduleManage.start() - Schedule Cron Job 缓存（schedule.HttpKaoQin）
2020-07-29 16:59:33,261 INFO  [Thread:http--8080-18$816685391] weaver.workflow.action.BaseAction.execute() - --------------------进入节点前、后操作动作-----------------------------------
2020-07-29 16:59:33,283 INFO  [Thread:http--8080-18$816685391] weaver.workflow.action.BaseAction.execute() - 触发老的接口
2020-07-29 16:59:33,284 INFO  [Thread:http--8080-18$816685391] weaver.workflow.action.BaseAction.execute() - 老版本的action解析------BaseAction-----------
2020-07-29 16:59:33,307 ERROR [Thread:http--8080-18$816685391] weaver.workflow.action.ActionLogService.save() - insertSql= INSERT INTO actionExecuteLog (  actionid,  actiontype,  datashowCount,  createDate,  createTime  ) VALUES (  'action.SpSsAction' ,  '3' ,  1 , '2020-07-29', '16:59:33'  ) 
2020-07-29 16:59:33,307 INFO  [Thread:http--8080-18$816685391] weaver.workflow.action.BaseAction.execute() - ACTION：[action.SpSsAction]执行失败，它返回了错误的信息并阻止了流程继续向下流转！
2020-07-29 16:59:45,341 INFO  [Thread:http--8080-18$816685391] weaver.workflow.action.BaseAction.execute() - --------------------进入节点前、后操作动作-----------------------------------
2020-07-29 16:59:45,343 INFO  [Thread:http--8080-18$816685391] weaver.workflow.action.BaseAction.execute() - 触发老的接口
2020-07-29 16:59:45,343 INFO  [Thread:http--8080-18$816685391] weaver.workflow.action.BaseAction.execute() - 老版本的action解析------BaseAction-----------
2020-07-29 16:59:45,348 ERROR [Thread:http--8080-18$816685391] weaver.workflow.action.ActionLogService.save() - insertSql= INSERT INTO actionExecuteLog (  actionid,  actiontype,  datashowCount,  createDate,  createTime  ) VALUES (  'action.SpSsAction' ,  '3' ,  1 , '2020-07-29', '16:59:45'  ) 
2020-07-29 16:59:45,348 INFO  [Thread:http--8080-18$816685391] weaver.workflow.action.BaseAction.execute() - ACTION：[action.SpSsAction]执行失败，它返回了错误的信息并阻止了流程继续向下流转！
2020-07-29 17:00:10,128 INFO  [Thread:http--8080-18$816685391] weaver.workflow.action.BaseAction.execute() - --------------------进入节点前、后操作动作-----------------------------------
2020-07-29 17:00:10,130 INFO  [Thread:http--8080-18$816685391] weaver.workflow.action.BaseAction.execute() - 触发老的接口
2020-07-29 17:00:10,130 INFO  [Thread:http--8080-18$816685391] weaver.workflow.action.BaseAction.execute() - 老版本的action解析------BaseAction-----------
2020-07-29 17:00:10,137 ERROR [Thread:http--8080-18$816685391] weaver.workflow.action.ActionLogService.save() - insertSql= INSERT INTO actionExecuteLog (  actionid,  actiontype,  datashowCount,  createDate,  createTime  ) VALUES (  'action.SpSsAction' ,  '3' ,  1 , '2020-07-29', '17:00:10'  ) 
2020-07-29 17:00:10,137 INFO  [Thread:http--8080-18$816685391] weaver.workflow.action.BaseAction.execute() - ACTION：[action.SpSsAction]执行失败，它返回了错误的信息并阻止了流程继续向下流转！
2020-07-29 17:01:28,977 INFO  [Thread:http--8080-23$1417609686] weaver.workflow.action.BaseAction.checkFromActionUsed() - checksql : select 1 from (select s.id,s.actionname,'3' as fromtype 		  from actionsetting s) r, 	workflowactionset s where r.actionname=s.interfaceid 	and r.fromtype=s.interfacetype and r.actionname='SpSsAction' and r.fromtype='3'
