2020-11-05 14:34:15,407 INFO  [Thread:Thread-25] weaver.general.InitServerXMLtoDBThread.checkEndUpgrade() - 升级进行中,sleep...
2020-11-05 14:34:16,410 INFO  [Thread:Thread-25] weaver.general.InitServerXMLtoDBThread.run() - 升级完成，执行 InitServiceXMLtoDB ...
2020-11-05 14:34:16,442 INFO  [Thread:Thread-25] weaver.general.InitServiceXMLtoDB.initDB() - 创建表：INITSERVICEXMLSTATE ……
2020-11-05 14:34:16,463 INFO  [Thread:Thread-25] weaver.general.InitServiceXMLtoDB.notExistTable() - table(INITSERVICEXMLSTATE) exist
2020-11-05 14:34:16,474 INFO  [Thread:Thread-25] weaver.general.InitServiceXMLtoDB.notExistTable() - table(INITSERVICEXMLSTATE) exist
2020-11-05 14:34:16,477 INFO  [Thread:Thread-25] weaver.general.InitServiceXMLtoDB.notExistField() - filed (INITSERVICEXMLSTATE.E8CLEAR) exist
2020-11-05 14:34:16,479 INFO  [Thread:Thread-25] weaver.general.InitServiceXMLtoDB.notExistTable() - table(INITSERVICEXMLSTATE) exist
2020-11-05 14:34:16,489 INFO  [Thread:Thread-25] weaver.general.InitServiceXMLtoDB.notExistField() - filed (INITSERVICEXMLSTATE.SMS) exist
2020-11-05 14:34:16,495 INFO  [Thread:Thread-25] weaver.general.InitServiceXMLtoDB.notExistTable() - table(INITSERVICEXMLSTATE) exist
2020-11-05 14:34:16,509 INFO  [Thread:Thread-25] weaver.general.InitServiceXMLtoDB.notExistField() - filed (INITSERVICEXMLSTATE.CHECKERRORDATA) exist
2020-11-05 14:34:16,511 INFO  [Thread:Thread-25] weaver.general.InitServiceXMLtoDB.notExistTable() - table(INITSERVICEXMLSTATE) exist
2020-11-05 14:34:16,516 INFO  [Thread:Thread-25] weaver.general.InitServiceXMLtoDB.notExistField() - filed (INITSERVICEXMLSTATE.XMLINITTODB) exist
2020-11-05 14:34:16,516 INFO  [Thread:Thread-25] weaver.general.InitServiceXMLtoDB.initDB() - 创建表：DATASOURCESETTING ……
2020-11-05 14:34:16,523 INFO  [Thread:Thread-25] weaver.general.InitServiceXMLtoDB.notExistTable() - table(DATASOURCESETTING) exist
2020-11-05 14:34:16,523 INFO  [Thread:Thread-25] weaver.general.InitServiceXMLtoDB.initDB() - 创建表：SCHEDULESETTING ……
2020-11-05 14:34:16,524 INFO  [Thread:Thread-25] weaver.general.InitServiceXMLtoDB.notExistTable() - table(SCHEDULESETTING) exist
2020-11-05 14:34:16,525 INFO  [Thread:Thread-25] weaver.general.InitServiceXMLtoDB.initDB() - 创建表：SMSPROPERTIS ……
2020-11-05 14:34:16,526 INFO  [Thread:Thread-25] weaver.general.InitServiceXMLtoDB.notExistTable() - table(SMSPROPERTIS) exist
2020-11-05 14:34:16,527 INFO  [Thread:Thread-25] weaver.general.InitServiceXMLtoDB.notExistTable() - table(actionsettingdetail) exist
2020-11-05 14:34:16,529 INFO  [Thread:Thread-25] weaver.general.InitServiceXMLtoDB.notExistField() - filed (actionsettingdetail.isdatasource) exist
2020-11-05 14:34:16,531 INFO  [Thread:Thread-25] weaver.general.InitServiceXMLtoDB.notExistTable() - table(datashowset) exist
2020-11-05 14:34:16,532 INFO  [Thread:Thread-25] weaver.general.InitServiceXMLtoDB.notExistField() - filed (datashowset.searchByName) exist
2020-11-05 14:34:16,534 INFO  [Thread:Thread-25] weaver.general.InitServiceXMLtoDB.notExistField() - filed (datashowset.customid) exist
2020-11-05 14:34:16,536 INFO  [Thread:Thread-25] weaver.general.InitServiceXMLtoDB.notExistTable() - table(SCHEDULESETTING) exist
2020-11-05 14:34:16,539 INFO  [Thread:Thread-25] weaver.general.InitServiceXMLtoDB.notExistField() - filed (SCHEDULESETTING.createdate) exist
2020-11-05 14:34:16,540 INFO  [Thread:Thread-25] weaver.general.InitServiceXMLtoDB.notExistTable() - table(SCHEDULESETTING) exist
2020-11-05 14:34:16,567 INFO  [Thread:Thread-25] weaver.general.InitServiceXMLtoDB.notExistField() - filed (SCHEDULESETTING.createtime) exist
2020-11-05 14:34:16,604 INFO  [Thread:Thread-25] weaver.general.InitServiceXMLtoDB.notExistTable() - table(SCHEDULESETTING) exist
2020-11-05 14:34:16,626 INFO  [Thread:Thread-25] weaver.general.InitServiceXMLtoDB.notExistField() - filed (SCHEDULESETTING.modifydate) exist
2020-11-05 14:34:16,693 INFO  [Thread:Thread-25] weaver.general.InitServiceXMLtoDB.notExistTable() - table(SCHEDULESETTING) exist
2020-11-05 14:34:16,721 INFO  [Thread:Thread-25] weaver.general.InitServiceXMLtoDB.notExistField() - filed (SCHEDULESETTING.modifytime) exist
2020-11-05 14:34:16,729 INFO  [Thread:Thread-25] weaver.general.InitServiceXMLtoDB.initCache() - 开始初始化缓存......
2020-11-05 14:34:16,916 INFO  [Thread:Thread-25] weaver.general.InitServiceXMLtoDB.initCache() - System Init Message:mainControlIp= localIp:[192.168.56.1, 192.168.97.232]
2020-11-05 14:34:16,916 INFO  [Thread:Thread-25] weaver.general.InitServiceXMLtoDB.initCache() -   初始化计划任务缓存Start ......
2020-11-05 14:34:17,026 INFO  [Thread:Thread-25] weaver.general.InitServiceXMLtoDB.initCache() -   初始化数据源缓存 ......
2020-11-05 14:34:17,037 INFO  [Thread:Thread-25] weaver.general.InitServiceXMLtoDB.initCache() -   初始化Action缓存 ......
2020-11-05 14:34:17,804 ERROR [Thread:Thread-25] weaver.general.InitServiceXMLtoDB.initCache() - Action加入缓存异常(com.shxiv.hfwh.workflow.action.HfKhAction)：java.lang.NoClassDefFoundError: com/shxiv/jqkj/workflow/action/ClAction
2020-11-05 14:34:17,992 INFO  [Thread:Thread-25] weaver.general.InitServiceXMLtoDB.initCache() -   初始化浏览框缓存 ......
2020-11-05 14:34:18,648 INFO  [Thread:Thread-25] weaver.general.InitServiceXMLtoDB.initCache() -   初始化HR缓存 ......
2020-11-05 14:34:18,662 INFO  [Thread:Thread-25] weaver.general.InitServiceXMLtoDB.initCache() -   初始化短信缓存 ......
2020-11-05 14:34:18,728 INFO  [Thread:Thread-25] weaver.servicefiles.BrowserXML.<init>() - BrowserXML init start ....
2020-11-05 14:34:18,807 INFO  [Thread:Thread-25] weaver.servicefiles.BrowserXML.<init>() - BrowserXML init end ....
2020-11-05 14:34:18,822 INFO  [Thread:Thread-25] weaver.general.InitServiceXMLtoDB.initCache() - 初始化缓存结束......
2020-11-05 14:34:19,111 ERROR [Thread:Thread-25] weaver.interfaces.schedule.ScheduleManage.start() - Schedule Cron Job 缓存（schedule.deleteEML）
2020-11-05 14:34:19,160 ERROR [Thread:Thread-25] weaver.interfaces.schedule.ScheduleManage.start() - Schedule Cron Job 缓存（schedule.Mode4CptCalculateDeprecationJob）
2020-11-05 14:34:19,161 ERROR [Thread:Thread-25] weaver.interfaces.schedule.ScheduleManage.start() - Schedule Cron Job 缓存（schedule.CptLowInventoryRemindJob）
2020-11-05 14:34:19,162 ERROR [Thread:Thread-25] weaver.interfaces.schedule.ScheduleManage.start() - Schedule Cron Job 缓存（schedule.Mode4CptDulldaysInventoryRemindJob）
2020-11-05 14:34:19,163 ERROR [Thread:Thread-25] weaver.interfaces.schedule.ScheduleManage.start() - Schedule Cron Job 缓存（schedule.Mode4CptHighInventoryRemindJob）
2020-11-05 14:34:19,163 ERROR [Thread:Thread-25] weaver.interfaces.schedule.ScheduleManage.start() - Schedule Cron Job 缓存（schedule.Mode4CptLowInventoryRemindJob）
2020-11-05 14:34:19,164 ERROR [Thread:Thread-25] weaver.interfaces.schedule.ScheduleManage.start() - Schedule Cron Job 缓存（schedule.HttpServiceImpl）
2020-11-05 14:34:19,165 ERROR [Thread:Thread-25] weaver.interfaces.schedule.ScheduleManage.start() - Schedule Cron Job 缓存（schedule.HttpKaoQin）
2020-11-05 14:42:13,918 INFO  [Thread:Thread-24] weaver.general.InitServerXMLtoDBThread.checkEndUpgrade() - 升级进行中,sleep...
2020-11-05 14:42:14,939 INFO  [Thread:Thread-24] weaver.general.InitServerXMLtoDBThread.run() - 升级完成，执行 InitServiceXMLtoDB ...
2020-11-05 14:42:14,952 INFO  [Thread:Thread-24] weaver.general.InitServiceXMLtoDB.initDB() - 创建表：INITSERVICEXMLSTATE ……
2020-11-05 14:42:14,961 INFO  [Thread:Thread-24] weaver.general.InitServiceXMLtoDB.notExistTable() - table(INITSERVICEXMLSTATE) exist
2020-11-05 14:42:15,064 INFO  [Thread:Thread-24] weaver.general.InitServiceXMLtoDB.notExistTable() - table(INITSERVICEXMLSTATE) exist
2020-11-05 14:42:15,066 INFO  [Thread:Thread-24] weaver.general.InitServiceXMLtoDB.notExistField() - filed (INITSERVICEXMLSTATE.E8CLEAR) exist
2020-11-05 14:42:15,068 INFO  [Thread:Thread-24] weaver.general.InitServiceXMLtoDB.notExistTable() - table(INITSERVICEXMLSTATE) exist
2020-11-05 14:42:15,070 INFO  [Thread:Thread-24] weaver.general.InitServiceXMLtoDB.notExistField() - filed (INITSERVICEXMLSTATE.SMS) exist
2020-11-05 14:42:15,077 INFO  [Thread:Thread-24] weaver.general.InitServiceXMLtoDB.notExistTable() - table(INITSERVICEXMLSTATE) exist
2020-11-05 14:42:15,079 INFO  [Thread:Thread-24] weaver.general.InitServiceXMLtoDB.notExistField() - filed (INITSERVICEXMLSTATE.CHECKERRORDATA) exist
2020-11-05 14:42:15,081 INFO  [Thread:Thread-24] weaver.general.InitServiceXMLtoDB.notExistTable() - table(INITSERVICEXMLSTATE) exist
2020-11-05 14:42:15,101 INFO  [Thread:Thread-24] weaver.general.InitServiceXMLtoDB.notExistField() - filed (INITSERVICEXMLSTATE.XMLINITTODB) exist
2020-11-05 14:42:15,101 INFO  [Thread:Thread-24] weaver.general.InitServiceXMLtoDB.initDB() - 创建表：DATASOURCESETTING ……
2020-11-05 14:42:15,104 INFO  [Thread:Thread-24] weaver.general.InitServiceXMLtoDB.notExistTable() - table(DATASOURCESETTING) exist
2020-11-05 14:42:15,104 INFO  [Thread:Thread-24] weaver.general.InitServiceXMLtoDB.initDB() - 创建表：SCHEDULESETTING ……
2020-11-05 14:42:15,120 INFO  [Thread:Thread-24] weaver.general.InitServiceXMLtoDB.notExistTable() - table(SCHEDULESETTING) exist
2020-11-05 14:42:15,120 INFO  [Thread:Thread-24] weaver.general.InitServiceXMLtoDB.initDB() - 创建表：SMSPROPERTIS ……
2020-11-05 14:42:15,123 INFO  [Thread:Thread-24] weaver.general.InitServiceXMLtoDB.notExistTable() - table(SMSPROPERTIS) exist
2020-11-05 14:42:15,126 INFO  [Thread:Thread-24] weaver.general.InitServiceXMLtoDB.notExistTable() - table(actionsettingdetail) exist
2020-11-05 14:42:15,128 INFO  [Thread:Thread-24] weaver.general.InitServiceXMLtoDB.notExistField() - filed (actionsettingdetail.isdatasource) exist
2020-11-05 14:42:15,129 INFO  [Thread:Thread-24] weaver.general.InitServiceXMLtoDB.notExistTable() - table(datashowset) exist
2020-11-05 14:42:15,130 INFO  [Thread:Thread-24] weaver.general.InitServiceXMLtoDB.notExistField() - filed (datashowset.searchByName) exist
2020-11-05 14:42:15,153 INFO  [Thread:Thread-24] weaver.general.InitServiceXMLtoDB.notExistField() - filed (datashowset.customid) exist
2020-11-05 14:42:15,156 INFO  [Thread:Thread-24] weaver.general.InitServiceXMLtoDB.notExistTable() - table(SCHEDULESETTING) exist
2020-11-05 14:42:15,157 INFO  [Thread:Thread-24] weaver.general.InitServiceXMLtoDB.notExistField() - filed (SCHEDULESETTING.createdate) exist
2020-11-05 14:42:15,158 INFO  [Thread:Thread-24] weaver.general.InitServiceXMLtoDB.notExistTable() - table(SCHEDULESETTING) exist
2020-11-05 14:42:15,161 INFO  [Thread:Thread-24] weaver.general.InitServiceXMLtoDB.notExistField() - filed (SCHEDULESETTING.createtime) exist
2020-11-05 14:42:15,162 INFO  [Thread:Thread-24] weaver.general.InitServiceXMLtoDB.notExistTable() - table(SCHEDULESETTING) exist
2020-11-05 14:42:15,167 INFO  [Thread:Thread-24] weaver.general.InitServiceXMLtoDB.notExistField() - filed (SCHEDULESETTING.modifydate) exist
2020-11-05 14:42:15,169 INFO  [Thread:Thread-24] weaver.general.InitServiceXMLtoDB.notExistTable() - table(SCHEDULESETTING) exist
2020-11-05 14:42:15,170 INFO  [Thread:Thread-24] weaver.general.InitServiceXMLtoDB.notExistField() - filed (SCHEDULESETTING.modifytime) exist
2020-11-05 14:42:15,172 INFO  [Thread:Thread-24] weaver.general.InitServiceXMLtoDB.initCache() - 开始初始化缓存......
2020-11-05 14:42:15,402 INFO  [Thread:Thread-24] weaver.general.InitServiceXMLtoDB.initCache() - System Init Message:mainControlIp= localIp:[192.168.56.1, 192.168.97.232]
2020-11-05 14:42:15,402 INFO  [Thread:Thread-24] weaver.general.InitServiceXMLtoDB.initCache() -   初始化计划任务缓存Start ......
2020-11-05 14:42:15,530 INFO  [Thread:Thread-24] weaver.general.InitServiceXMLtoDB.initCache() -   初始化数据源缓存 ......
2020-11-05 14:42:15,544 INFO  [Thread:Thread-24] weaver.general.InitServiceXMLtoDB.initCache() -   初始化Action缓存 ......
2020-11-05 14:42:15,919 ERROR [Thread:Thread-24] weaver.general.InitServiceXMLtoDB.initCache() - Action加入缓存异常(com.shxiv.hfwh.workflow.action.HfKhAction)：java.lang.NoClassDefFoundError: com/shxiv/jqkj/workflow/action/ClAction
2020-11-05 14:42:15,963 INFO  [Thread:Thread-24] weaver.general.InitServiceXMLtoDB.initCache() -   初始化浏览框缓存 ......
2020-11-05 14:42:17,397 INFO  [Thread:Thread-24] weaver.general.InitServiceXMLtoDB.initCache() -   初始化HR缓存 ......
2020-11-05 14:42:17,404 INFO  [Thread:Thread-24] weaver.general.InitServiceXMLtoDB.initCache() -   初始化短信缓存 ......
2020-11-05 14:42:17,419 INFO  [Thread:Thread-24] weaver.servicefiles.BrowserXML.<init>() - BrowserXML init start ....
2020-11-05 14:42:17,560 INFO  [Thread:Thread-24] weaver.servicefiles.BrowserXML.<init>() - BrowserXML init end ....
2020-11-05 14:42:17,734 INFO  [Thread:Thread-24] weaver.general.InitServiceXMLtoDB.initCache() - 初始化缓存结束......
2020-11-05 14:42:17,743 ERROR [Thread:Thread-24] weaver.interfaces.schedule.ScheduleManage.start() - Schedule Cron Job 缓存（schedule.deleteEML）
2020-11-05 14:42:17,747 ERROR [Thread:Thread-24] weaver.interfaces.schedule.ScheduleManage.start() - Schedule Cron Job 缓存（schedule.Mode4CptCalculateDeprecationJob）
2020-11-05 14:42:17,747 ERROR [Thread:Thread-24] weaver.interfaces.schedule.ScheduleManage.start() - Schedule Cron Job 缓存（schedule.CptLowInventoryRemindJob）
2020-11-05 14:42:17,768 ERROR [Thread:Thread-24] weaver.interfaces.schedule.ScheduleManage.start() - Schedule Cron Job 缓存（schedule.Mode4CptDulldaysInventoryRemindJob）
2020-11-05 14:42:17,769 ERROR [Thread:Thread-24] weaver.interfaces.schedule.ScheduleManage.start() - Schedule Cron Job 缓存（schedule.Mode4CptHighInventoryRemindJob）
2020-11-05 14:42:17,769 ERROR [Thread:Thread-24] weaver.interfaces.schedule.ScheduleManage.start() - Schedule Cron Job 缓存（schedule.Mode4CptLowInventoryRemindJob）
2020-11-05 14:42:17,770 ERROR [Thread:Thread-24] weaver.interfaces.schedule.ScheduleManage.start() - Schedule Cron Job 缓存（schedule.HttpServiceImpl）
2020-11-05 14:42:17,771 ERROR [Thread:Thread-24] weaver.interfaces.schedule.ScheduleManage.start() - Schedule Cron Job 缓存（schedule.HttpKaoQin）
2020-11-05 14:50:23,113 INFO  [Thread:Thread-24] weaver.general.InitServerXMLtoDBThread.checkEndUpgrade() - 升级进行中,sleep...
2020-11-05 14:50:24,149 INFO  [Thread:Thread-24] weaver.general.InitServerXMLtoDBThread.run() - 升级完成，执行 InitServiceXMLtoDB ...
2020-11-05 14:50:24,159 INFO  [Thread:Thread-24] weaver.general.InitServiceXMLtoDB.initDB() - 创建表：INITSERVICEXMLSTATE ……
2020-11-05 14:50:24,174 INFO  [Thread:Thread-24] weaver.general.InitServiceXMLtoDB.notExistTable() - table(INITSERVICEXMLSTATE) exist
2020-11-05 14:50:24,234 INFO  [Thread:Thread-24] weaver.general.InitServiceXMLtoDB.notExistTable() - table(INITSERVICEXMLSTATE) exist
2020-11-05 14:50:24,250 INFO  [Thread:Thread-24] weaver.general.InitServiceXMLtoDB.notExistField() - filed (INITSERVICEXMLSTATE.E8CLEAR) exist
2020-11-05 14:50:24,255 INFO  [Thread:Thread-24] weaver.general.InitServiceXMLtoDB.notExistTable() - table(INITSERVICEXMLSTATE) exist
2020-11-05 14:50:24,277 INFO  [Thread:Thread-24] weaver.general.InitServiceXMLtoDB.notExistField() - filed (INITSERVICEXMLSTATE.SMS) exist
2020-11-05 14:50:24,282 INFO  [Thread:Thread-24] weaver.general.InitServiceXMLtoDB.notExistTable() - table(INITSERVICEXMLSTATE) exist
2020-11-05 14:50:24,284 INFO  [Thread:Thread-24] weaver.general.InitServiceXMLtoDB.notExistField() - filed (INITSERVICEXMLSTATE.CHECKERRORDATA) exist
2020-11-05 14:50:24,289 INFO  [Thread:Thread-24] weaver.general.InitServiceXMLtoDB.notExistTable() - table(INITSERVICEXMLSTATE) exist
2020-11-05 14:50:24,294 INFO  [Thread:Thread-24] weaver.general.InitServiceXMLtoDB.notExistField() - filed (INITSERVICEXMLSTATE.XMLINITTODB) exist
2020-11-05 14:50:24,295 INFO  [Thread:Thread-24] weaver.general.InitServiceXMLtoDB.initDB() - 创建表：DATASOURCESETTING ……
2020-11-05 14:50:24,297 INFO  [Thread:Thread-24] weaver.general.InitServiceXMLtoDB.notExistTable() - table(DATASOURCESETTING) exist
2020-11-05 14:50:24,297 INFO  [Thread:Thread-24] weaver.general.InitServiceXMLtoDB.initDB() - 创建表：SCHEDULESETTING ……
2020-11-05 14:50:24,320 INFO  [Thread:Thread-24] weaver.general.InitServiceXMLtoDB.notExistTable() - table(SCHEDULESETTING) exist
2020-11-05 14:50:24,320 INFO  [Thread:Thread-24] weaver.general.InitServiceXMLtoDB.initDB() - 创建表：SMSPROPERTIS ……
2020-11-05 14:50:24,328 INFO  [Thread:Thread-24] weaver.general.InitServiceXMLtoDB.notExistTable() - table(SMSPROPERTIS) exist
2020-11-05 14:50:24,337 INFO  [Thread:Thread-24] weaver.general.InitServiceXMLtoDB.notExistTable() - table(actionsettingdetail) exist
2020-11-05 14:50:24,342 INFO  [Thread:Thread-24] weaver.general.InitServiceXMLtoDB.notExistField() - filed (actionsettingdetail.isdatasource) exist
2020-11-05 14:50:24,344 INFO  [Thread:Thread-24] weaver.general.InitServiceXMLtoDB.notExistTable() - table(datashowset) exist
2020-11-05 14:50:24,346 INFO  [Thread:Thread-24] weaver.general.InitServiceXMLtoDB.notExistField() - filed (datashowset.searchByName) exist
2020-11-05 14:50:24,397 INFO  [Thread:Thread-24] weaver.general.InitServiceXMLtoDB.notExistField() - filed (datashowset.customid) exist
2020-11-05 14:50:24,400 INFO  [Thread:Thread-24] weaver.general.InitServiceXMLtoDB.notExistTable() - table(SCHEDULESETTING) exist
2020-11-05 14:50:24,404 INFO  [Thread:Thread-24] weaver.general.InitServiceXMLtoDB.notExistField() - filed (SCHEDULESETTING.createdate) exist
2020-11-05 14:50:24,405 INFO  [Thread:Thread-24] weaver.general.InitServiceXMLtoDB.notExistTable() - table(SCHEDULESETTING) exist
2020-11-05 14:50:24,410 INFO  [Thread:Thread-24] weaver.general.InitServiceXMLtoDB.notExistField() - filed (SCHEDULESETTING.createtime) exist
2020-11-05 14:50:24,415 INFO  [Thread:Thread-24] weaver.general.InitServiceXMLtoDB.notExistTable() - table(SCHEDULESETTING) exist
2020-11-05 14:50:24,421 INFO  [Thread:Thread-24] weaver.general.InitServiceXMLtoDB.notExistField() - filed (SCHEDULESETTING.modifydate) exist
2020-11-05 14:50:24,423 INFO  [Thread:Thread-24] weaver.general.InitServiceXMLtoDB.notExistTable() - table(SCHEDULESETTING) exist
2020-11-05 14:50:24,429 INFO  [Thread:Thread-24] weaver.general.InitServiceXMLtoDB.notExistField() - filed (SCHEDULESETTING.modifytime) exist
2020-11-05 14:50:24,493 INFO  [Thread:Thread-24] weaver.general.InitServiceXMLtoDB.initCache() - 开始初始化缓存......
2020-11-05 14:50:24,927 INFO  [Thread:Thread-24] weaver.general.InitServiceXMLtoDB.initCache() - System Init Message:mainControlIp= localIp:[192.168.56.1, 192.168.97.232]
2020-11-05 14:50:24,927 INFO  [Thread:Thread-24] weaver.general.InitServiceXMLtoDB.initCache() -   初始化计划任务缓存Start ......
2020-11-05 14:50:24,963 INFO  [Thread:Thread-24] weaver.general.InitServiceXMLtoDB.initCache() -   初始化数据源缓存 ......
2020-11-05 14:50:24,968 INFO  [Thread:Thread-24] weaver.general.InitServiceXMLtoDB.initCache() -   初始化Action缓存 ......
2020-11-05 14:50:25,382 ERROR [Thread:Thread-24] weaver.general.InitServiceXMLtoDB.initCache() - Action加入缓存异常(com.shxiv.hfwh.workflow.action.HfKhAction)：java.lang.NoClassDefFoundError: com/shxiv/jqkj/workflow/action/ClAction
2020-11-05 14:50:25,472 INFO  [Thread:Thread-24] weaver.general.InitServiceXMLtoDB.initCache() -   初始化浏览框缓存 ......
2020-11-05 14:50:26,513 INFO  [Thread:Thread-24] weaver.general.InitServiceXMLtoDB.initCache() -   初始化HR缓存 ......
2020-11-05 14:50:26,609 INFO  [Thread:Thread-24] weaver.general.InitServiceXMLtoDB.initCache() -   初始化短信缓存 ......
2020-11-05 14:50:26,629 INFO  [Thread:Thread-24] weaver.servicefiles.BrowserXML.<init>() - BrowserXML init start ....
2020-11-05 14:50:26,709 INFO  [Thread:Thread-24] weaver.servicefiles.BrowserXML.<init>() - BrowserXML init end ....
2020-11-05 14:50:26,785 INFO  [Thread:Thread-24] weaver.general.InitServiceXMLtoDB.initCache() - 初始化缓存结束......
2020-11-05 14:50:26,793 ERROR [Thread:Thread-24] weaver.interfaces.schedule.ScheduleManage.start() - Schedule Cron Job 缓存（schedule.deleteEML）
2020-11-05 14:50:26,796 ERROR [Thread:Thread-24] weaver.interfaces.schedule.ScheduleManage.start() - Schedule Cron Job 缓存（schedule.Mode4CptCalculateDeprecationJob）
2020-11-05 14:50:26,803 ERROR [Thread:Thread-24] weaver.interfaces.schedule.ScheduleManage.start() - Schedule Cron Job 缓存（schedule.CptLowInventoryRemindJob）
2020-11-05 14:50:26,809 ERROR [Thread:Thread-24] weaver.interfaces.schedule.ScheduleManage.start() - Schedule Cron Job 缓存（schedule.Mode4CptDulldaysInventoryRemindJob）
2020-11-05 14:50:26,809 ERROR [Thread:Thread-24] weaver.interfaces.schedule.ScheduleManage.start() - Schedule Cron Job 缓存（schedule.Mode4CptHighInventoryRemindJob）
2020-11-05 14:50:26,810 ERROR [Thread:Thread-24] weaver.interfaces.schedule.ScheduleManage.start() - Schedule Cron Job 缓存（schedule.Mode4CptLowInventoryRemindJob）
2020-11-05 14:50:26,810 ERROR [Thread:Thread-24] weaver.interfaces.schedule.ScheduleManage.start() - Schedule Cron Job 缓存（schedule.HttpServiceImpl）
2020-11-05 14:50:26,811 ERROR [Thread:Thread-24] weaver.interfaces.schedule.ScheduleManage.start() - Schedule Cron Job 缓存（schedule.HttpKaoQin）
2020-11-05 15:01:48,262 INFO  [Thread:Thread-24] weaver.general.InitServerXMLtoDBThread.checkEndUpgrade() - 升级进行中,sleep...
2020-11-05 15:01:49,319 INFO  [Thread:Thread-24] weaver.general.InitServerXMLtoDBThread.run() - 升级完成，执行 InitServiceXMLtoDB ...
2020-11-05 15:01:49,328 INFO  [Thread:Thread-24] weaver.general.InitServiceXMLtoDB.initDB() - 创建表：INITSERVICEXMLSTATE ……
2020-11-05 15:01:49,361 INFO  [Thread:Thread-24] weaver.general.InitServiceXMLtoDB.notExistTable() - table(INITSERVICEXMLSTATE) exist
2020-11-05 15:01:49,462 INFO  [Thread:Thread-24] weaver.general.InitServiceXMLtoDB.notExistTable() - table(INITSERVICEXMLSTATE) exist
2020-11-05 15:01:49,522 INFO  [Thread:Thread-24] weaver.general.InitServiceXMLtoDB.notExistField() - filed (INITSERVICEXMLSTATE.E8CLEAR) exist
2020-11-05 15:01:49,550 INFO  [Thread:Thread-24] weaver.general.InitServiceXMLtoDB.notExistTable() - table(INITSERVICEXMLSTATE) exist
2020-11-05 15:01:49,554 INFO  [Thread:Thread-24] weaver.general.InitServiceXMLtoDB.notExistField() - filed (INITSERVICEXMLSTATE.SMS) exist
2020-11-05 15:01:49,583 INFO  [Thread:Thread-24] weaver.general.InitServiceXMLtoDB.notExistTable() - table(INITSERVICEXMLSTATE) exist
2020-11-05 15:01:49,589 INFO  [Thread:Thread-24] weaver.general.InitServiceXMLtoDB.notExistField() - filed (INITSERVICEXMLSTATE.CHECKERRORDATA) exist
2020-11-05 15:01:49,610 INFO  [Thread:Thread-24] weaver.general.InitServiceXMLtoDB.notExistTable() - table(INITSERVICEXMLSTATE) exist
2020-11-05 15:01:49,617 INFO  [Thread:Thread-24] weaver.general.InitServiceXMLtoDB.notExistField() - filed (INITSERVICEXMLSTATE.XMLINITTODB) exist
2020-11-05 15:01:49,617 INFO  [Thread:Thread-24] weaver.general.InitServiceXMLtoDB.initDB() - 创建表：DATASOURCESETTING ……
2020-11-05 15:01:49,636 INFO  [Thread:Thread-24] weaver.general.InitServiceXMLtoDB.notExistTable() - table(DATASOURCESETTING) exist
2020-11-05 15:01:49,637 INFO  [Thread:Thread-24] weaver.general.InitServiceXMLtoDB.initDB() - 创建表：SCHEDULESETTING ……
2020-11-05 15:01:49,673 INFO  [Thread:Thread-24] weaver.general.InitServiceXMLtoDB.notExistTable() - table(SCHEDULESETTING) exist
2020-11-05 15:01:49,673 INFO  [Thread:Thread-24] weaver.general.InitServiceXMLtoDB.initDB() - 创建表：SMSPROPERTIS ……
2020-11-05 15:01:49,677 INFO  [Thread:Thread-24] weaver.general.InitServiceXMLtoDB.notExistTable() - table(SMSPROPERTIS) exist
2020-11-05 15:01:49,680 INFO  [Thread:Thread-24] weaver.general.InitServiceXMLtoDB.notExistTable() - table(actionsettingdetail) exist
2020-11-05 15:01:49,681 INFO  [Thread:Thread-24] weaver.general.InitServiceXMLtoDB.notExistField() - filed (actionsettingdetail.isdatasource) exist
2020-11-05 15:01:49,682 INFO  [Thread:Thread-24] weaver.general.InitServiceXMLtoDB.notExistTable() - table(datashowset) exist
2020-11-05 15:01:49,684 INFO  [Thread:Thread-24] weaver.general.InitServiceXMLtoDB.notExistField() - filed (datashowset.searchByName) exist
2020-11-05 15:01:49,719 INFO  [Thread:Thread-24] weaver.general.InitServiceXMLtoDB.notExistField() - filed (datashowset.customid) exist
2020-11-05 15:01:49,721 INFO  [Thread:Thread-24] weaver.general.InitServiceXMLtoDB.notExistTable() - table(SCHEDULESETTING) exist
2020-11-05 15:01:49,722 INFO  [Thread:Thread-24] weaver.general.InitServiceXMLtoDB.notExistField() - filed (SCHEDULESETTING.createdate) exist
2020-11-05 15:01:49,724 INFO  [Thread:Thread-24] weaver.general.InitServiceXMLtoDB.notExistTable() - table(SCHEDULESETTING) exist
2020-11-05 15:01:49,726 INFO  [Thread:Thread-24] weaver.general.InitServiceXMLtoDB.notExistField() - filed (SCHEDULESETTING.createtime) exist
2020-11-05 15:01:49,727 INFO  [Thread:Thread-24] weaver.general.InitServiceXMLtoDB.notExistTable() - table(SCHEDULESETTING) exist
2020-11-05 15:01:49,728 INFO  [Thread:Thread-24] weaver.general.InitServiceXMLtoDB.notExistField() - filed (SCHEDULESETTING.modifydate) exist
2020-11-05 15:01:49,730 INFO  [Thread:Thread-24] weaver.general.InitServiceXMLtoDB.notExistTable() - table(SCHEDULESETTING) exist
2020-11-05 15:01:49,731 INFO  [Thread:Thread-24] weaver.general.InitServiceXMLtoDB.notExistField() - filed (SCHEDULESETTING.modifytime) exist
2020-11-05 15:01:49,733 INFO  [Thread:Thread-24] weaver.general.InitServiceXMLtoDB.initCache() - 开始初始化缓存......
2020-11-05 15:01:49,911 INFO  [Thread:Thread-24] weaver.general.InitServiceXMLtoDB.initCache() - System Init Message:mainControlIp= localIp:[192.168.56.1, 192.168.97.232]
2020-11-05 15:01:49,911 INFO  [Thread:Thread-24] weaver.general.InitServiceXMLtoDB.initCache() -   初始化计划任务缓存Start ......
2020-11-05 15:01:49,951 INFO  [Thread:Thread-24] weaver.general.InitServiceXMLtoDB.initCache() -   初始化数据源缓存 ......
2020-11-05 15:01:49,975 INFO  [Thread:Thread-24] weaver.general.InitServiceXMLtoDB.initCache() -   初始化Action缓存 ......
2020-11-05 15:01:50,372 ERROR [Thread:Thread-24] weaver.general.InitServiceXMLtoDB.initCache() - Action加入缓存异常(com.shxiv.hfwh.workflow.action.HfKhAction)：java.lang.NoClassDefFoundError: com/shxiv/jqkj/workflow/action/ClAction
2020-11-05 15:01:50,474 INFO  [Thread:Thread-24] weaver.general.InitServiceXMLtoDB.initCache() -   初始化浏览框缓存 ......
2020-11-05 15:01:53,528 INFO  [Thread:Thread-24] weaver.general.InitServiceXMLtoDB.initCache() -   初始化HR缓存 ......
2020-11-05 15:01:53,533 INFO  [Thread:Thread-24] weaver.general.InitServiceXMLtoDB.initCache() -   初始化短信缓存 ......
2020-11-05 15:01:53,545 INFO  [Thread:Thread-24] weaver.servicefiles.BrowserXML.<init>() - BrowserXML init start ....
2020-11-05 15:01:53,555 INFO  [Thread:Thread-24] weaver.servicefiles.BrowserXML.<init>() - BrowserXML init end ....
2020-11-05 15:01:53,564 INFO  [Thread:Thread-24] weaver.general.InitServiceXMLtoDB.initCache() - 初始化缓存结束......
2020-11-05 15:01:53,571 ERROR [Thread:Thread-24] weaver.interfaces.schedule.ScheduleManage.start() - Schedule Cron Job 缓存（schedule.deleteEML）
2020-11-05 15:01:53,574 ERROR [Thread:Thread-24] weaver.interfaces.schedule.ScheduleManage.start() - Schedule Cron Job 缓存（schedule.Mode4CptCalculateDeprecationJob）
2020-11-05 15:01:53,575 ERROR [Thread:Thread-24] weaver.interfaces.schedule.ScheduleManage.start() - Schedule Cron Job 缓存（schedule.CptLowInventoryRemindJob）
2020-11-05 15:01:53,575 ERROR [Thread:Thread-24] weaver.interfaces.schedule.ScheduleManage.start() - Schedule Cron Job 缓存（schedule.Mode4CptDulldaysInventoryRemindJob）
2020-11-05 15:01:53,576 ERROR [Thread:Thread-24] weaver.interfaces.schedule.ScheduleManage.start() - Schedule Cron Job 缓存（schedule.Mode4CptHighInventoryRemindJob）
2020-11-05 15:01:53,576 ERROR [Thread:Thread-24] weaver.interfaces.schedule.ScheduleManage.start() - Schedule Cron Job 缓存（schedule.Mode4CptLowInventoryRemindJob）
2020-11-05 15:01:53,577 ERROR [Thread:Thread-24] weaver.interfaces.schedule.ScheduleManage.start() - Schedule Cron Job 缓存（schedule.HttpServiceImpl）
2020-11-05 15:01:53,578 ERROR [Thread:Thread-24] weaver.interfaces.schedule.ScheduleManage.start() - Schedule Cron Job 缓存（schedule.HttpKaoQin）
2020-11-05 16:00:58,276 INFO  [Thread:Thread-24] weaver.general.InitServerXMLtoDBThread.checkEndUpgrade() - 升级进行中,sleep...
2020-11-05 16:00:59,287 INFO  [Thread:Thread-24] weaver.general.InitServerXMLtoDBThread.run() - 升级完成，执行 InitServiceXMLtoDB ...
2020-11-05 16:00:59,320 INFO  [Thread:Thread-24] weaver.general.InitServiceXMLtoDB.initDB() - 创建表：INITSERVICEXMLSTATE ……
2020-11-05 16:00:59,381 INFO  [Thread:Thread-24] weaver.general.InitServiceXMLtoDB.notExistTable() - table(INITSERVICEXMLSTATE) exist
2020-11-05 16:00:59,389 INFO  [Thread:Thread-24] weaver.general.InitServiceXMLtoDB.notExistTable() - table(INITSERVICEXMLSTATE) exist
2020-11-05 16:00:59,392 INFO  [Thread:Thread-24] weaver.general.InitServiceXMLtoDB.notExistField() - filed (INITSERVICEXMLSTATE.E8CLEAR) exist
2020-11-05 16:00:59,400 INFO  [Thread:Thread-24] weaver.general.InitServiceXMLtoDB.notExistTable() - table(INITSERVICEXMLSTATE) exist
2020-11-05 16:00:59,411 INFO  [Thread:Thread-24] weaver.general.InitServiceXMLtoDB.notExistField() - filed (INITSERVICEXMLSTATE.SMS) exist
2020-11-05 16:00:59,418 INFO  [Thread:Thread-24] weaver.general.InitServiceXMLtoDB.notExistTable() - table(INITSERVICEXMLSTATE) exist
2020-11-05 16:00:59,423 INFO  [Thread:Thread-24] weaver.general.InitServiceXMLtoDB.notExistField() - filed (INITSERVICEXMLSTATE.CHECKERRORDATA) exist
2020-11-05 16:00:59,425 INFO  [Thread:Thread-24] weaver.general.InitServiceXMLtoDB.notExistTable() - table(INITSERVICEXMLSTATE) exist
2020-11-05 16:00:59,431 INFO  [Thread:Thread-24] weaver.general.InitServiceXMLtoDB.notExistField() - filed (INITSERVICEXMLSTATE.XMLINITTODB) exist
2020-11-05 16:00:59,431 INFO  [Thread:Thread-24] weaver.general.InitServiceXMLtoDB.initDB() - 创建表：DATASOURCESETTING ……
2020-11-05 16:00:59,434 INFO  [Thread:Thread-24] weaver.general.InitServiceXMLtoDB.notExistTable() - table(DATASOURCESETTING) exist
2020-11-05 16:00:59,435 INFO  [Thread:Thread-24] weaver.general.InitServiceXMLtoDB.initDB() - 创建表：SCHEDULESETTING ……
2020-11-05 16:00:59,438 INFO  [Thread:Thread-24] weaver.general.InitServiceXMLtoDB.notExistTable() - table(SCHEDULESETTING) exist
2020-11-05 16:00:59,438 INFO  [Thread:Thread-24] weaver.general.InitServiceXMLtoDB.initDB() - 创建表：SMSPROPERTIS ……
2020-11-05 16:00:59,442 INFO  [Thread:Thread-24] weaver.general.InitServiceXMLtoDB.notExistTable() - table(SMSPROPERTIS) exist
2020-11-05 16:00:59,444 INFO  [Thread:Thread-24] weaver.general.InitServiceXMLtoDB.notExistTable() - table(actionsettingdetail) exist
2020-11-05 16:00:59,447 INFO  [Thread:Thread-24] weaver.general.InitServiceXMLtoDB.notExistField() - filed (actionsettingdetail.isdatasource) exist
2020-11-05 16:00:59,449 INFO  [Thread:Thread-24] weaver.general.InitServiceXMLtoDB.notExistTable() - table(datashowset) exist
2020-11-05 16:00:59,451 INFO  [Thread:Thread-24] weaver.general.InitServiceXMLtoDB.notExistField() - filed (datashowset.searchByName) exist
2020-11-05 16:00:59,453 INFO  [Thread:Thread-24] weaver.general.InitServiceXMLtoDB.notExistField() - filed (datashowset.customid) exist
2020-11-05 16:00:59,455 INFO  [Thread:Thread-24] weaver.general.InitServiceXMLtoDB.notExistTable() - table(SCHEDULESETTING) exist
2020-11-05 16:00:59,457 INFO  [Thread:Thread-24] weaver.general.InitServiceXMLtoDB.notExistField() - filed (SCHEDULESETTING.createdate) exist
2020-11-05 16:00:59,459 INFO  [Thread:Thread-24] weaver.general.InitServiceXMLtoDB.notExistTable() - table(SCHEDULESETTING) exist
2020-11-05 16:00:59,461 INFO  [Thread:Thread-24] weaver.general.InitServiceXMLtoDB.notExistField() - filed (SCHEDULESETTING.createtime) exist
2020-11-05 16:00:59,463 INFO  [Thread:Thread-24] weaver.general.InitServiceXMLtoDB.notExistTable() - table(SCHEDULESETTING) exist
2020-11-05 16:00:59,464 INFO  [Thread:Thread-24] weaver.general.InitServiceXMLtoDB.notExistField() - filed (SCHEDULESETTING.modifydate) exist
2020-11-05 16:00:59,466 INFO  [Thread:Thread-24] weaver.general.InitServiceXMLtoDB.notExistTable() - table(SCHEDULESETTING) exist
2020-11-05 16:00:59,468 INFO  [Thread:Thread-24] weaver.general.InitServiceXMLtoDB.notExistField() - filed (SCHEDULESETTING.modifytime) exist
2020-11-05 16:00:59,470 INFO  [Thread:Thread-24] weaver.general.InitServiceXMLtoDB.initCache() - 开始初始化缓存......
2020-11-05 16:00:59,748 INFO  [Thread:Thread-24] weaver.general.InitServiceXMLtoDB.initCache() - System Init Message:mainControlIp= localIp:[192.168.56.1, 192.168.97.232]
2020-11-05 16:00:59,748 INFO  [Thread:Thread-24] weaver.general.InitServiceXMLtoDB.initCache() -   初始化计划任务缓存Start ......
2020-11-05 16:00:59,792 INFO  [Thread:Thread-24] weaver.general.InitServiceXMLtoDB.initCache() -   初始化数据源缓存 ......
2020-11-05 16:00:59,802 INFO  [Thread:Thread-24] weaver.general.InitServiceXMLtoDB.initCache() -   初始化Action缓存 ......
2020-11-05 16:01:00,455 ERROR [Thread:Thread-24] weaver.general.InitServiceXMLtoDB.initCache() - Action加入缓存异常(com.shxiv.hfwh.workflow.action.HfKhAction)：java.lang.NoClassDefFoundError: com/shxiv/jqkj/workflow/action/ClAction
2020-11-05 16:01:00,506 INFO  [Thread:Thread-24] weaver.general.InitServiceXMLtoDB.initCache() -   初始化浏览框缓存 ......
2020-11-05 16:01:03,751 INFO  [Thread:Thread-24] weaver.general.InitServiceXMLtoDB.initCache() -   初始化HR缓存 ......
2020-11-05 16:01:03,802 INFO  [Thread:Thread-24] weaver.general.InitServiceXMLtoDB.initCache() -   初始化短信缓存 ......
2020-11-05 16:01:03,852 INFO  [Thread:Thread-24] weaver.servicefiles.BrowserXML.<init>() - BrowserXML init start ....
2020-11-05 16:01:03,949 INFO  [Thread:Thread-24] weaver.servicefiles.BrowserXML.<init>() - BrowserXML init end ....
2020-11-05 16:01:04,246 INFO  [Thread:Thread-24] weaver.general.InitServiceXMLtoDB.initCache() - 初始化缓存结束......
2020-11-05 16:01:04,260 ERROR [Thread:Thread-24] weaver.interfaces.schedule.ScheduleManage.start() - Schedule Cron Job 缓存（schedule.deleteEML）
2020-11-05 16:01:04,263 ERROR [Thread:Thread-24] weaver.interfaces.schedule.ScheduleManage.start() - Schedule Cron Job 缓存（schedule.Mode4CptCalculateDeprecationJob）
2020-11-05 16:01:04,264 ERROR [Thread:Thread-24] weaver.interfaces.schedule.ScheduleManage.start() - Schedule Cron Job 缓存（schedule.CptLowInventoryRemindJob）
2020-11-05 16:01:04,264 ERROR [Thread:Thread-24] weaver.interfaces.schedule.ScheduleManage.start() - Schedule Cron Job 缓存（schedule.Mode4CptDulldaysInventoryRemindJob）
2020-11-05 16:01:04,265 ERROR [Thread:Thread-24] weaver.interfaces.schedule.ScheduleManage.start() - Schedule Cron Job 缓存（schedule.Mode4CptHighInventoryRemindJob）
2020-11-05 16:01:04,266 ERROR [Thread:Thread-24] weaver.interfaces.schedule.ScheduleManage.start() - Schedule Cron Job 缓存（schedule.Mode4CptLowInventoryRemindJob）
2020-11-05 16:01:04,266 ERROR [Thread:Thread-24] weaver.interfaces.schedule.ScheduleManage.start() - Schedule Cron Job 缓存（schedule.HttpServiceImpl）
2020-11-05 16:01:04,267 ERROR [Thread:Thread-24] weaver.interfaces.schedule.ScheduleManage.start() - Schedule Cron Job 缓存（schedule.HttpKaoQin）
2020-11-05 16:13:07,782 INFO  [Thread:Thread-24] weaver.general.InitServerXMLtoDBThread.checkEndUpgrade() - 升级进行中,sleep...
2020-11-05 16:13:08,831 INFO  [Thread:Thread-24] weaver.general.InitServerXMLtoDBThread.run() - 升级完成，执行 InitServiceXMLtoDB ...
2020-11-05 16:13:08,841 INFO  [Thread:Thread-24] weaver.general.InitServiceXMLtoDB.initDB() - 创建表：INITSERVICEXMLSTATE ……
2020-11-05 16:13:08,884 INFO  [Thread:Thread-24] weaver.general.InitServiceXMLtoDB.notExistTable() - table(INITSERVICEXMLSTATE) exist
2020-11-05 16:13:08,906 INFO  [Thread:Thread-24] weaver.general.InitServiceXMLtoDB.notExistTable() - table(INITSERVICEXMLSTATE) exist
2020-11-05 16:13:08,913 INFO  [Thread:Thread-24] weaver.general.InitServiceXMLtoDB.notExistField() - filed (INITSERVICEXMLSTATE.E8CLEAR) exist
2020-11-05 16:13:08,923 INFO  [Thread:Thread-24] weaver.general.InitServiceXMLtoDB.notExistTable() - table(INITSERVICEXMLSTATE) exist
2020-11-05 16:13:08,932 INFO  [Thread:Thread-24] weaver.general.InitServiceXMLtoDB.notExistField() - filed (INITSERVICEXMLSTATE.SMS) exist
2020-11-05 16:13:08,957 INFO  [Thread:Thread-24] weaver.general.InitServiceXMLtoDB.notExistTable() - table(INITSERVICEXMLSTATE) exist
2020-11-05 16:13:08,963 INFO  [Thread:Thread-24] weaver.general.InitServiceXMLtoDB.notExistField() - filed (INITSERVICEXMLSTATE.CHECKERRORDATA) exist
2020-11-05 16:13:09,005 INFO  [Thread:Thread-24] weaver.general.InitServiceXMLtoDB.notExistTable() - table(INITSERVICEXMLSTATE) exist
2020-11-05 16:13:09,008 INFO  [Thread:Thread-24] weaver.general.InitServiceXMLtoDB.notExistField() - filed (INITSERVICEXMLSTATE.XMLINITTODB) exist
2020-11-05 16:13:09,009 INFO  [Thread:Thread-24] weaver.general.InitServiceXMLtoDB.initDB() - 创建表：DATASOURCESETTING ……
2020-11-05 16:13:09,010 INFO  [Thread:Thread-24] weaver.general.InitServiceXMLtoDB.notExistTable() - table(DATASOURCESETTING) exist
2020-11-05 16:13:09,010 INFO  [Thread:Thread-24] weaver.general.InitServiceXMLtoDB.initDB() - 创建表：SCHEDULESETTING ……
2020-11-05 16:13:09,012 INFO  [Thread:Thread-24] weaver.general.InitServiceXMLtoDB.notExistTable() - table(SCHEDULESETTING) exist
2020-11-05 16:13:09,012 INFO  [Thread:Thread-24] weaver.general.InitServiceXMLtoDB.initDB() - 创建表：SMSPROPERTIS ……
2020-11-05 16:13:09,014 INFO  [Thread:Thread-24] weaver.general.InitServiceXMLtoDB.notExistTable() - table(SMSPROPERTIS) exist
2020-11-05 16:13:09,020 INFO  [Thread:Thread-24] weaver.general.InitServiceXMLtoDB.notExistTable() - table(actionsettingdetail) exist
2020-11-05 16:13:09,022 INFO  [Thread:Thread-24] weaver.general.InitServiceXMLtoDB.notExistField() - filed (actionsettingdetail.isdatasource) exist
2020-11-05 16:13:09,024 INFO  [Thread:Thread-24] weaver.general.InitServiceXMLtoDB.notExistTable() - table(datashowset) exist
2020-11-05 16:13:09,026 INFO  [Thread:Thread-24] weaver.general.InitServiceXMLtoDB.notExistField() - filed (datashowset.searchByName) exist
2020-11-05 16:13:09,187 INFO  [Thread:Thread-24] weaver.general.InitServiceXMLtoDB.notExistField() - filed (datashowset.customid) exist
2020-11-05 16:13:09,225 INFO  [Thread:Thread-24] weaver.general.InitServiceXMLtoDB.notExistTable() - table(SCHEDULESETTING) exist
2020-11-05 16:13:09,228 INFO  [Thread:Thread-24] weaver.general.InitServiceXMLtoDB.notExistField() - filed (SCHEDULESETTING.createdate) exist
2020-11-05 16:13:09,234 INFO  [Thread:Thread-24] weaver.general.InitServiceXMLtoDB.notExistTable() - table(SCHEDULESETTING) exist
2020-11-05 16:13:09,236 INFO  [Thread:Thread-24] weaver.general.InitServiceXMLtoDB.notExistField() - filed (SCHEDULESETTING.createtime) exist
2020-11-05 16:13:09,241 INFO  [Thread:Thread-24] weaver.general.InitServiceXMLtoDB.notExistTable() - table(SCHEDULESETTING) exist
2020-11-05 16:13:09,247 INFO  [Thread:Thread-24] weaver.general.InitServiceXMLtoDB.notExistField() - filed (SCHEDULESETTING.modifydate) exist
2020-11-05 16:13:09,370 INFO  [Thread:Thread-24] weaver.general.InitServiceXMLtoDB.notExistTable() - table(SCHEDULESETTING) exist
2020-11-05 16:13:09,378 INFO  [Thread:Thread-24] weaver.general.InitServiceXMLtoDB.notExistField() - filed (SCHEDULESETTING.modifytime) exist
2020-11-05 16:13:09,380 INFO  [Thread:Thread-24] weaver.general.InitServiceXMLtoDB.initCache() - 开始初始化缓存......
2020-11-05 16:13:09,582 INFO  [Thread:Thread-24] weaver.general.InitServiceXMLtoDB.initCache() - System Init Message:mainControlIp= localIp:[192.168.56.1, 192.168.97.232]
2020-11-05 16:13:09,582 INFO  [Thread:Thread-24] weaver.general.InitServiceXMLtoDB.initCache() -   初始化计划任务缓存Start ......
2020-11-05 16:13:09,617 INFO  [Thread:Thread-24] weaver.general.InitServiceXMLtoDB.initCache() -   初始化数据源缓存 ......
2020-11-05 16:13:09,627 INFO  [Thread:Thread-24] weaver.general.InitServiceXMLtoDB.initCache() -   初始化Action缓存 ......
2020-11-05 16:13:10,057 ERROR [Thread:Thread-24] weaver.general.InitServiceXMLtoDB.initCache() - Action加入缓存异常(com.shxiv.hfwh.workflow.action.HfKhAction)：java.lang.NoClassDefFoundError: com/shxiv/jqkj/workflow/action/ClAction
2020-11-05 16:13:10,168 INFO  [Thread:Thread-24] weaver.general.InitServiceXMLtoDB.initCache() -   初始化浏览框缓存 ......
2020-11-05 16:13:13,274 INFO  [Thread:Thread-24] weaver.general.InitServiceXMLtoDB.initCache() -   初始化HR缓存 ......
2020-11-05 16:13:13,283 INFO  [Thread:Thread-24] weaver.general.InitServiceXMLtoDB.initCache() -   初始化短信缓存 ......
2020-11-05 16:13:13,324 INFO  [Thread:Thread-24] weaver.servicefiles.BrowserXML.<init>() - BrowserXML init start ....
2020-11-05 16:13:13,337 INFO  [Thread:Thread-24] weaver.servicefiles.BrowserXML.<init>() - BrowserXML init end ....
2020-11-05 16:13:13,472 INFO  [Thread:Thread-24] weaver.general.InitServiceXMLtoDB.initCache() - 初始化缓存结束......
2020-11-05 16:13:13,485 ERROR [Thread:Thread-24] weaver.interfaces.schedule.ScheduleManage.start() - Schedule Cron Job 缓存（schedule.deleteEML）
2020-11-05 16:13:13,502 ERROR [Thread:Thread-24] weaver.interfaces.schedule.ScheduleManage.start() - Schedule Cron Job 缓存（schedule.Mode4CptCalculateDeprecationJob）
2020-11-05 16:13:13,502 ERROR [Thread:Thread-24] weaver.interfaces.schedule.ScheduleManage.start() - Schedule Cron Job 缓存（schedule.CptLowInventoryRemindJob）
2020-11-05 16:13:13,503 ERROR [Thread:Thread-24] weaver.interfaces.schedule.ScheduleManage.start() - Schedule Cron Job 缓存（schedule.Mode4CptDulldaysInventoryRemindJob）
2020-11-05 16:13:13,504 ERROR [Thread:Thread-24] weaver.interfaces.schedule.ScheduleManage.start() - Schedule Cron Job 缓存（schedule.Mode4CptHighInventoryRemindJob）
2020-11-05 16:13:13,504 ERROR [Thread:Thread-24] weaver.interfaces.schedule.ScheduleManage.start() - Schedule Cron Job 缓存（schedule.Mode4CptLowInventoryRemindJob）
2020-11-05 16:13:13,505 ERROR [Thread:Thread-24] weaver.interfaces.schedule.ScheduleManage.start() - Schedule Cron Job 缓存（schedule.HttpServiceImpl）
2020-11-05 16:13:13,505 ERROR [Thread:Thread-24] weaver.interfaces.schedule.ScheduleManage.start() - Schedule Cron Job 缓存（schedule.HttpKaoQin）
2020-11-05 16:21:04,792 INFO  [Thread:Thread-24] weaver.general.InitServerXMLtoDBThread.checkEndUpgrade() - 升级进行中,sleep...
2020-11-05 16:21:05,800 INFO  [Thread:Thread-24] weaver.general.InitServerXMLtoDBThread.run() - 升级完成，执行 InitServiceXMLtoDB ...
2020-11-05 16:21:05,815 INFO  [Thread:Thread-24] weaver.general.InitServiceXMLtoDB.initDB() - 创建表：INITSERVICEXMLSTATE ……
2020-11-05 16:21:05,823 INFO  [Thread:Thread-24] weaver.general.InitServiceXMLtoDB.notExistTable() - table(INITSERVICEXMLSTATE) exist
2020-11-05 16:21:05,852 INFO  [Thread:Thread-24] weaver.general.InitServiceXMLtoDB.notExistTable() - table(INITSERVICEXMLSTATE) exist
2020-11-05 16:21:05,856 INFO  [Thread:Thread-24] weaver.general.InitServiceXMLtoDB.notExistField() - filed (INITSERVICEXMLSTATE.E8CLEAR) exist
2020-11-05 16:21:05,860 INFO  [Thread:Thread-24] weaver.general.InitServiceXMLtoDB.notExistTable() - table(INITSERVICEXMLSTATE) exist
2020-11-05 16:21:05,879 INFO  [Thread:Thread-24] weaver.general.InitServiceXMLtoDB.notExistField() - filed (INITSERVICEXMLSTATE.SMS) exist
2020-11-05 16:21:05,883 INFO  [Thread:Thread-24] weaver.general.InitServiceXMLtoDB.notExistTable() - table(INITSERVICEXMLSTATE) exist
2020-11-05 16:21:05,885 INFO  [Thread:Thread-24] weaver.general.InitServiceXMLtoDB.notExistField() - filed (INITSERVICEXMLSTATE.CHECKERRORDATA) exist
2020-11-05 16:21:05,901 INFO  [Thread:Thread-24] weaver.general.InitServiceXMLtoDB.notExistTable() - table(INITSERVICEXMLSTATE) exist
2020-11-05 16:21:05,902 INFO  [Thread:Thread-24] weaver.general.InitServiceXMLtoDB.notExistField() - filed (INITSERVICEXMLSTATE.XMLINITTODB) exist
2020-11-05 16:21:05,902 INFO  [Thread:Thread-24] weaver.general.InitServiceXMLtoDB.initDB() - 创建表：DATASOURCESETTING ……
2020-11-05 16:21:05,913 INFO  [Thread:Thread-24] weaver.general.InitServiceXMLtoDB.notExistTable() - table(DATASOURCESETTING) exist
2020-11-05 16:21:05,914 INFO  [Thread:Thread-24] weaver.general.InitServiceXMLtoDB.initDB() - 创建表：SCHEDULESETTING ……
2020-11-05 16:21:05,919 INFO  [Thread:Thread-24] weaver.general.InitServiceXMLtoDB.notExistTable() - table(SCHEDULESETTING) exist
2020-11-05 16:21:05,919 INFO  [Thread:Thread-24] weaver.general.InitServiceXMLtoDB.initDB() - 创建表：SMSPROPERTIS ……
2020-11-05 16:21:05,922 INFO  [Thread:Thread-24] weaver.general.InitServiceXMLtoDB.notExistTable() - table(SMSPROPERTIS) exist
2020-11-05 16:21:05,996 INFO  [Thread:Thread-24] weaver.general.InitServiceXMLtoDB.notExistTable() - table(actionsettingdetail) exist
2020-11-05 16:21:05,998 INFO  [Thread:Thread-24] weaver.general.InitServiceXMLtoDB.notExistField() - filed (actionsettingdetail.isdatasource) exist
2020-11-05 16:21:05,999 INFO  [Thread:Thread-24] weaver.general.InitServiceXMLtoDB.notExistTable() - table(datashowset) exist
2020-11-05 16:21:06,001 INFO  [Thread:Thread-24] weaver.general.InitServiceXMLtoDB.notExistField() - filed (datashowset.searchByName) exist
2020-11-05 16:21:06,025 INFO  [Thread:Thread-24] weaver.general.InitServiceXMLtoDB.notExistField() - filed (datashowset.customid) exist
2020-11-05 16:21:06,027 INFO  [Thread:Thread-24] weaver.general.InitServiceXMLtoDB.notExistTable() - table(SCHEDULESETTING) exist
2020-11-05 16:21:06,030 INFO  [Thread:Thread-24] weaver.general.InitServiceXMLtoDB.notExistField() - filed (SCHEDULESETTING.createdate) exist
2020-11-05 16:21:06,032 INFO  [Thread:Thread-24] weaver.general.InitServiceXMLtoDB.notExistTable() - table(SCHEDULESETTING) exist
2020-11-05 16:21:06,034 INFO  [Thread:Thread-24] weaver.general.InitServiceXMLtoDB.notExistField() - filed (SCHEDULESETTING.createtime) exist
2020-11-05 16:21:06,035 INFO  [Thread:Thread-24] weaver.general.InitServiceXMLtoDB.notExistTable() - table(SCHEDULESETTING) exist
2020-11-05 16:21:06,041 INFO  [Thread:Thread-24] weaver.general.InitServiceXMLtoDB.notExistField() - filed (SCHEDULESETTING.modifydate) exist
2020-11-05 16:21:06,045 INFO  [Thread:Thread-24] weaver.general.InitServiceXMLtoDB.notExistTable() - table(SCHEDULESETTING) exist
2020-11-05 16:21:06,047 INFO  [Thread:Thread-24] weaver.general.InitServiceXMLtoDB.notExistField() - filed (SCHEDULESETTING.modifytime) exist
2020-11-05 16:21:06,048 INFO  [Thread:Thread-24] weaver.general.InitServiceXMLtoDB.initCache() - 开始初始化缓存......
2020-11-05 16:21:06,334 INFO  [Thread:Thread-24] weaver.general.InitServiceXMLtoDB.initCache() - System Init Message:mainControlIp= localIp:[192.168.56.1, 192.168.97.232]
2020-11-05 16:21:06,334 INFO  [Thread:Thread-24] weaver.general.InitServiceXMLtoDB.initCache() -   初始化计划任务缓存Start ......
2020-11-05 16:21:06,374 INFO  [Thread:Thread-24] weaver.general.InitServiceXMLtoDB.initCache() -   初始化数据源缓存 ......
2020-11-05 16:21:06,382 INFO  [Thread:Thread-24] weaver.general.InitServiceXMLtoDB.initCache() -   初始化Action缓存 ......
2020-11-05 16:21:06,700 ERROR [Thread:Thread-24] weaver.general.InitServiceXMLtoDB.initCache() - Action加入缓存异常(com.shxiv.hfwh.workflow.action.HfKhAction)：java.lang.NoClassDefFoundError: com/shxiv/jqkj/workflow/action/ClAction
2020-11-05 16:21:06,836 INFO  [Thread:Thread-24] weaver.general.InitServiceXMLtoDB.initCache() -   初始化浏览框缓存 ......
2020-11-05 16:21:10,462 INFO  [Thread:Thread-24] weaver.general.InitServiceXMLtoDB.initCache() -   初始化HR缓存 ......
2020-11-05 16:21:10,468 INFO  [Thread:Thread-24] weaver.general.InitServiceXMLtoDB.initCache() -   初始化短信缓存 ......
2020-11-05 16:21:10,484 INFO  [Thread:Thread-24] weaver.servicefiles.BrowserXML.<init>() - BrowserXML init start ....
2020-11-05 16:21:10,641 INFO  [Thread:Thread-24] weaver.servicefiles.BrowserXML.<init>() - BrowserXML init end ....
2020-11-05 16:21:10,777 INFO  [Thread:Thread-24] weaver.general.InitServiceXMLtoDB.initCache() - 初始化缓存结束......
2020-11-05 16:21:10,784 ERROR [Thread:Thread-24] weaver.interfaces.schedule.ScheduleManage.start() - Schedule Cron Job 缓存（schedule.deleteEML）
2020-11-05 16:21:10,787 ERROR [Thread:Thread-24] weaver.interfaces.schedule.ScheduleManage.start() - Schedule Cron Job 缓存（schedule.Mode4CptCalculateDeprecationJob）
2020-11-05 16:21:10,787 ERROR [Thread:Thread-24] weaver.interfaces.schedule.ScheduleManage.start() - Schedule Cron Job 缓存（schedule.CptLowInventoryRemindJob）
2020-11-05 16:21:10,788 ERROR [Thread:Thread-24] weaver.interfaces.schedule.ScheduleManage.start() - Schedule Cron Job 缓存（schedule.Mode4CptDulldaysInventoryRemindJob）
2020-11-05 16:21:10,788 ERROR [Thread:Thread-24] weaver.interfaces.schedule.ScheduleManage.start() - Schedule Cron Job 缓存（schedule.Mode4CptHighInventoryRemindJob）
2020-11-05 16:21:10,789 ERROR [Thread:Thread-24] weaver.interfaces.schedule.ScheduleManage.start() - Schedule Cron Job 缓存（schedule.Mode4CptLowInventoryRemindJob）
2020-11-05 16:21:10,789 ERROR [Thread:Thread-24] weaver.interfaces.schedule.ScheduleManage.start() - Schedule Cron Job 缓存（schedule.HttpServiceImpl）
2020-11-05 16:21:10,790 ERROR [Thread:Thread-24] weaver.interfaces.schedule.ScheduleManage.start() - Schedule Cron Job 缓存（schedule.HttpKaoQin）
