2020-08-19 09:03:24,094 INFO  [Thread:Thread-23] weaver.general.InitServerXMLtoDBThread.checkEndUpgrade() - 升级进行中,sleep...
2020-08-19 09:03:25,139 INFO  [Thread:Thread-23] weaver.general.InitServerXMLtoDBThread.run() - 升级完成，执行 InitServiceXMLtoDB ...
2020-08-19 09:03:25,233 INFO  [Thread:Thread-23] weaver.general.InitServiceXMLtoDB.initDB() - 创建表：INITSERVICEXMLSTATE ……
2020-08-19 09:03:25,561 INFO  [Thread:Thread-23] weaver.general.InitServiceXMLtoDB.notExistTable() - table(INITSERVICEXMLSTATE) exist
2020-08-19 09:03:25,577 INFO  [Thread:Thread-23] weaver.general.InitServiceXMLtoDB.notExistTable() - table(INITSERVICEXMLSTATE) exist
2020-08-19 09:03:25,608 INFO  [Thread:Thread-23] weaver.general.InitServiceXMLtoDB.notExistField() - filed (INITSERVICEXMLSTATE.E8CLEAR) exist
2020-08-19 09:03:25,608 INFO  [Thread:Thread-23] weaver.general.InitServiceXMLtoDB.notExistTable() - table(INITSERVICEXMLSTATE) exist
2020-08-19 09:03:25,624 INFO  [Thread:Thread-23] weaver.general.InitServiceXMLtoDB.notExistField() - filed (INITSERVICEXMLSTATE.SMS) exist
2020-08-19 09:03:25,624 INFO  [Thread:Thread-23] weaver.general.InitServiceXMLtoDB.notExistTable() - table(INITSERVICEXMLSTATE) exist
2020-08-19 09:03:25,624 INFO  [Thread:Thread-23] weaver.general.InitServiceXMLtoDB.notExistField() - filed (INITSERVICEXMLSTATE.CHECKERRORDATA) exist
2020-08-19 09:03:25,624 INFO  [Thread:Thread-23] weaver.general.InitServiceXMLtoDB.notExistTable() - table(INITSERVICEXMLSTATE) exist
2020-08-19 09:03:25,655 INFO  [Thread:Thread-23] weaver.general.InitServiceXMLtoDB.notExistField() - filed (INITSERVICEXMLSTATE.XMLINITTODB) exist
2020-08-19 09:03:25,655 INFO  [Thread:Thread-23] weaver.general.InitServiceXMLtoDB.initDB() - 创建表：DATASOURCESETTING ……
2020-08-19 09:03:25,655 INFO  [Thread:Thread-23] weaver.general.InitServiceXMLtoDB.notExistTable() - table(DATASOURCESETTING) exist
2020-08-19 09:03:25,655 INFO  [Thread:Thread-23] weaver.general.InitServiceXMLtoDB.initDB() - 创建表：SCHEDULESETTING ……
2020-08-19 09:03:25,671 INFO  [Thread:Thread-23] weaver.general.InitServiceXMLtoDB.notExistTable() - table(SCHEDULESETTING) exist
2020-08-19 09:03:25,671 INFO  [Thread:Thread-23] weaver.general.InitServiceXMLtoDB.initDB() - 创建表：SMSPROPERTIS ……
2020-08-19 09:03:25,671 INFO  [Thread:Thread-23] weaver.general.InitServiceXMLtoDB.notExistTable() - table(SMSPROPERTIS) exist
2020-08-19 09:03:25,686 INFO  [Thread:Thread-23] weaver.general.InitServiceXMLtoDB.notExistTable() - table(actionsettingdetail) exist
2020-08-19 09:03:25,749 INFO  [Thread:Thread-23] weaver.general.InitServiceXMLtoDB.notExistField() - filed (actionsettingdetail.isdatasource) exist
2020-08-19 09:03:25,749 INFO  [Thread:Thread-23] weaver.general.InitServiceXMLtoDB.notExistTable() - table(datashowset) exist
2020-08-19 09:03:25,780 INFO  [Thread:Thread-23] weaver.general.InitServiceXMLtoDB.notExistField() - filed (datashowset.searchByName) exist
2020-08-19 09:03:25,780 INFO  [Thread:Thread-23] weaver.general.InitServiceXMLtoDB.notExistField() - filed (datashowset.customid) exist
2020-08-19 09:03:25,780 INFO  [Thread:Thread-23] weaver.general.InitServiceXMLtoDB.notExistTable() - table(SCHEDULESETTING) exist
2020-08-19 09:03:25,811 INFO  [Thread:Thread-23] weaver.general.InitServiceXMLtoDB.notExistField() - filed (SCHEDULESETTING.createdate) exist
2020-08-19 09:03:25,811 INFO  [Thread:Thread-23] weaver.general.InitServiceXMLtoDB.notExistTable() - table(SCHEDULESETTING) exist
2020-08-19 09:03:25,827 INFO  [Thread:Thread-23] weaver.general.InitServiceXMLtoDB.notExistField() - filed (SCHEDULESETTING.createtime) exist
2020-08-19 09:03:25,827 INFO  [Thread:Thread-23] weaver.general.InitServiceXMLtoDB.notExistTable() - table(SCHEDULESETTING) exist
2020-08-19 09:03:25,827 INFO  [Thread:Thread-23] weaver.general.InitServiceXMLtoDB.notExistField() - filed (SCHEDULESETTING.modifydate) exist
2020-08-19 09:03:25,827 INFO  [Thread:Thread-23] weaver.general.InitServiceXMLtoDB.notExistTable() - table(SCHEDULESETTING) exist
2020-08-19 09:03:25,842 INFO  [Thread:Thread-23] weaver.general.InitServiceXMLtoDB.notExistField() - filed (SCHEDULESETTING.modifytime) exist
2020-08-19 09:03:25,842 INFO  [Thread:Thread-23] weaver.general.InitServiceXMLtoDB.initCache() - 开始初始化缓存......
2020-08-19 09:03:25,952 INFO  [Thread:Thread-23] weaver.general.InitServiceXMLtoDB.initCache() - System Init Message:mainControlIp= localIp:[192.168.56.1, 192.168.97.232]
2020-08-19 09:03:25,952 INFO  [Thread:Thread-23] weaver.general.InitServiceXMLtoDB.initCache() -   初始化计划任务缓存Start ......
2020-08-19 09:03:26,155 INFO  [Thread:Thread-23] weaver.general.InitServiceXMLtoDB.initCache() -   初始化数据源缓存 ......
2020-08-19 09:03:26,171 INFO  [Thread:Thread-23] weaver.general.InitServiceXMLtoDB.initCache() -   初始化Action缓存 ......
2020-08-19 09:03:31,236 ERROR [Thread:Thread-23] weaver.general.InitServiceXMLtoDB.initCache() - Action加入缓存异常(com.shxiv.hfwh.workflow.action.HfKhAction)：java.lang.NoClassDefFoundError: com/shxiv/jqkj/workflow/action/ClAction
2020-08-19 09:03:31,423 INFO  [Thread:Thread-23] weaver.general.InitServiceXMLtoDB.initCache() -   初始化浏览框缓存 ......
2020-08-19 09:03:31,831 INFO  [Thread:Thread-23] weaver.general.InitServiceXMLtoDB.initCache() -   初始化HR缓存 ......
2020-08-19 09:03:31,862 INFO  [Thread:Thread-23] weaver.general.InitServiceXMLtoDB.initCache() -   初始化短信缓存 ......
2020-08-19 09:03:31,956 INFO  [Thread:Thread-23] weaver.servicefiles.BrowserXML.<init>() - BrowserXML init start ....
2020-08-19 09:03:32,066 INFO  [Thread:Thread-23] weaver.servicefiles.BrowserXML.<init>() - BrowserXML init end ....
2020-08-19 09:03:32,066 INFO  [Thread:Thread-23] weaver.general.InitServiceXMLtoDB.initCache() - 初始化缓存结束......
2020-08-19 09:03:32,206 ERROR [Thread:Thread-23] weaver.interfaces.schedule.ScheduleManage.start() - Schedule Cron Job 缓存（schedule.deleteEML）
2020-08-19 09:03:32,253 ERROR [Thread:Thread-23] weaver.interfaces.schedule.ScheduleManage.start() - Schedule Cron Job 缓存（schedule.Mode4CptCalculateDeprecationJob）
2020-08-19 09:03:32,269 ERROR [Thread:Thread-23] weaver.interfaces.schedule.ScheduleManage.start() - Schedule Cron Job 缓存（schedule.CptLowInventoryRemindJob）
2020-08-19 09:03:32,269 ERROR [Thread:Thread-23] weaver.interfaces.schedule.ScheduleManage.start() - Schedule Cron Job 缓存（schedule.Mode4CptDulldaysInventoryRemindJob）
2020-08-19 09:03:32,269 ERROR [Thread:Thread-23] weaver.interfaces.schedule.ScheduleManage.start() - Schedule Cron Job 缓存（schedule.Mode4CptHighInventoryRemindJob）
2020-08-19 09:03:32,269 ERROR [Thread:Thread-23] weaver.interfaces.schedule.ScheduleManage.start() - Schedule Cron Job 缓存（schedule.Mode4CptLowInventoryRemindJob）
2020-08-19 09:03:32,269 ERROR [Thread:Thread-23] weaver.interfaces.schedule.ScheduleManage.start() - Schedule Cron Job 缓存（schedule.HttpServiceImpl）
2020-08-19 09:03:32,269 ERROR [Thread:Thread-23] weaver.interfaces.schedule.ScheduleManage.start() - Schedule Cron Job 缓存（schedule.HttpKaoQin）
2020-08-19 10:52:22,943 INFO  [Thread:http--8080-9$1817413641] weaver.workflow.action.BaseAction.execute() - --------------------进入节点前、后操作动作-----------------------------------
2020-08-19 10:52:22,976 INFO  [Thread:http--8080-9$1817413641] weaver.workflow.action.BaseAction.execute() - 触发老的接口
2020-08-19 10:52:22,976 INFO  [Thread:http--8080-9$1817413641] weaver.workflow.action.BaseAction.execute() - 老版本的action解析------BaseAction-----------
2020-08-19 10:52:24,373 ERROR [Thread:http--8080-9$1817413641] weaver.workflow.action.ActionLogService.save() - insertSql= INSERT INTO actionExecuteLog (  actionid,  actiontype,  datashowCount,  createDate,  createTime  ) VALUES (  'action.WorkflowToMode' ,  '3' ,  1 , '2020-08-19', '10:52:24'  ) 
2020-08-19 10:52:24,373 INFO  [Thread:http--8080-9$1817413641] weaver.workflow.action.BaseAction.execute() - &&&&  执行SAPAction 流程信息 workflowid : 281 requestid :57229  end ....................
2020-08-19 11:15:35,861 INFO  [Thread:http--8080-25$624533497] weaver.workflow.action.BaseAction.execute() - --------------------进入节点前、后操作动作-----------------------------------
2020-08-19 11:15:35,878 INFO  [Thread:http--8080-25$624533497] weaver.workflow.action.BaseAction.execute() - 触发老的接口
2020-08-19 11:15:35,878 INFO  [Thread:http--8080-25$624533497] weaver.workflow.action.BaseAction.execute() - 老版本的action解析------BaseAction-----------
2020-08-19 11:15:36,388 ERROR [Thread:http--8080-25$624533497] weaver.workflow.action.ActionLogService.save() - insertSql= INSERT INTO actionExecuteLog (  actionid,  actiontype,  datashowCount,  createDate,  createTime  ) VALUES (  'action.WorkflowToMode' ,  '3' ,  1 , '2020-08-19', '11:15:36'  ) 
2020-08-19 11:15:36,388 INFO  [Thread:http--8080-25$624533497] weaver.workflow.action.BaseAction.execute() - &&&&  执行SAPAction 流程信息 workflowid : 281 requestid :57232  end ....................
2020-08-19 11:18:55,741 INFO  [Thread:http--8080-7$675015876] weaver.workflow.action.BaseAction.execute() - --------------------进入节点前、后操作动作-----------------------------------
2020-08-19 11:18:55,745 INFO  [Thread:http--8080-7$675015876] weaver.workflow.action.BaseAction.execute() - 触发老的接口
2020-08-19 11:18:55,746 INFO  [Thread:http--8080-7$675015876] weaver.workflow.action.BaseAction.execute() - 老版本的action解析------BaseAction-----------
2020-08-19 11:18:56,060 ERROR [Thread:http--8080-7$675015876] weaver.workflow.action.ActionLogService.save() - insertSql= INSERT INTO actionExecuteLog (  actionid,  actiontype,  datashowCount,  createDate,  createTime  ) VALUES (  'action.WorkflowToMode' ,  '3' ,  1 , '2020-08-19', '11:18:56'  ) 
2020-08-19 11:18:56,060 INFO  [Thread:http--8080-7$675015876] weaver.workflow.action.BaseAction.execute() - &&&&  执行SAPAction 流程信息 workflowid : 281 requestid :57232  end ....................
2020-08-19 11:19:57,834 INFO  [Thread:http--8080-25$624533497] weaver.workflow.action.BaseAction.execute() - --------------------进入节点前、后操作动作-----------------------------------
2020-08-19 11:19:57,850 INFO  [Thread:http--8080-25$624533497] weaver.workflow.action.BaseAction.execute() - 触发老的接口
2020-08-19 11:19:57,850 INFO  [Thread:http--8080-25$624533497] weaver.workflow.action.BaseAction.execute() - 老版本的action解析------BaseAction-----------
2020-08-19 11:19:57,999 ERROR [Thread:http--8080-25$624533497] weaver.workflow.action.ActionLogService.save() - insertSql= INSERT INTO actionExecuteLog (  actionid,  actiontype,  datashowCount,  createDate,  createTime  ) VALUES (  'action.WorkflowToMode' ,  '3' ,  1 , '2020-08-19', '11:19:57'  ) 
2020-08-19 11:19:57,999 INFO  [Thread:http--8080-25$624533497] weaver.workflow.action.BaseAction.execute() - &&&&  执行SAPAction 流程信息 workflowid : 281 requestid :57232  end ....................
2020-08-19 11:23:54,038 INFO  [Thread:http--8080-12$822177685] weaver.workflow.action.BaseAction.execute() - --------------------进入节点前、后操作动作-----------------------------------
2020-08-19 11:23:54,039 INFO  [Thread:http--8080-12$822177685] weaver.workflow.action.BaseAction.execute() - 触发老的接口
2020-08-19 11:23:54,039 INFO  [Thread:http--8080-12$822177685] weaver.workflow.action.BaseAction.execute() - 老版本的action解析------BaseAction-----------
2020-08-19 11:23:54,195 ERROR [Thread:http--8080-12$822177685] weaver.workflow.action.ActionLogService.save() - insertSql= INSERT INTO actionExecuteLog (  actionid,  actiontype,  datashowCount,  createDate,  createTime  ) VALUES (  'action.WorkflowToMode' ,  '3' ,  1 , '2020-08-19', '11:23:54'  ) 
2020-08-19 11:23:54,195 INFO  [Thread:http--8080-12$822177685] weaver.workflow.action.BaseAction.execute() - &&&&  执行SAPAction 流程信息 workflowid : 281 requestid :57232  end ....................
2020-08-19 11:43:00,881 INFO  [Thread:http--8080-10$78696081] weaver.workflow.action.BaseAction.execute() - --------------------进入节点前、后操作动作-----------------------------------
2020-08-19 11:43:00,883 INFO  [Thread:http--8080-10$78696081] weaver.workflow.action.BaseAction.execute() - 触发老的接口
2020-08-19 11:43:00,883 INFO  [Thread:http--8080-10$78696081] weaver.workflow.action.BaseAction.execute() - 老版本的action解析------BaseAction-----------
2020-08-19 11:43:01,039 ERROR [Thread:http--8080-10$78696081] weaver.workflow.action.ActionLogService.save() - insertSql= INSERT INTO actionExecuteLog (  actionid,  actiontype,  datashowCount,  createDate,  createTime  ) VALUES (  'action.WorkflowToMode' ,  '3' ,  1 , '2020-08-19', '11:43:01'  ) 
2020-08-19 11:43:01,040 INFO  [Thread:http--8080-10$78696081] weaver.workflow.action.BaseAction.execute() - &&&&  执行SAPAction 流程信息 workflowid : 281 requestid :57232  end ....................
2020-08-19 14:33:31,362 INFO  [Thread:http--8080-15$1708324101] weaver.servicefiles.BrowserXML.writeToBrowserXMLAddNew() - 调用方：weaver.servicefiles.BrowserXML; 方法：writeToBrowserXMLAdd ; parapointid:wlqdmc; from:1
2020-08-19 14:36:02,142 INFO  [Thread:http--8080-2$1068081725] weaver.servicefiles.BrowserXML.writeToBrowserXMLAddNew() - 调用方：weaver.servicefiles.BrowserXML; 方法：writeToBrowserXMLAdd ; parapointid:wldplx; from:1
2020-08-19 15:28:57,219 INFO  [Thread:pool-30-thread-1] weaver.interfaces.workflow.browser.BaseBrowser.searchForImport() - wldplx: searchForImport sql1 : select id,dplx,dplx from uf_dplx where dplx  =  ? 
2020-08-19 15:28:57,246 INFO  [Thread:pool-30-thread-1] weaver.interfaces.workflow.browser.BaseBrowser.searchForImport() - wlqdmc: searchForImport sql1 : select id,qdmc,qdmc from uf_wlqd where qdmc  =  ? 
2020-08-19 15:30:50,600 INFO  [Thread:pool-30-thread-3] weaver.interfaces.workflow.browser.BaseBrowser.searchForImport() - wldplx: searchForImport sql1 : select id,dplx,dplx from uf_dplx where dplx  =  ? 
2020-08-19 15:31:05,814 INFO  [Thread:pool-30-thread-5] weaver.interfaces.workflow.browser.BaseBrowser.searchForImport() - wldplx: searchForImport sql1 : select id,dplx,dplx from uf_dplx where dplx  =  ? 
