2020-09-23 09:12:37,420 INFO  [Thread:Thread-23] weaver.general.InitServerXMLtoDBThread.checkEndUpgrade() - 升级进行中,sleep...
2020-09-23 09:12:38,512 INFO  [Thread:Thread-23] weaver.general.InitServerXMLtoDBThread.run() - 升级完成，执行 InitServiceXMLtoDB ...
2020-09-23 09:12:38,634 INFO  [Thread:Thread-23] weaver.general.InitServiceXMLtoDB.initDB() - 创建表：INITSERVICEXMLSTATE ……
2020-09-23 09:12:39,205 INFO  [Thread:Thread-23] weaver.general.InitServiceXMLtoDB.notExistTable() - table(INITSERVICEXMLSTATE) exist
2020-09-23 09:12:39,284 INFO  [Thread:Thread-23] weaver.general.InitServiceXMLtoDB.notExistTable() - table(INITSERVICEXMLSTATE) exist
2020-09-23 09:12:39,334 INFO  [Thread:Thread-23] weaver.general.InitServiceXMLtoDB.notExistField() - filed (INITSERVICEXMLSTATE.E8CLEAR) exist
2020-09-23 09:12:39,470 INFO  [Thread:Thread-23] weaver.general.InitServiceXMLtoDB.notExistTable() - table(INITSERVICEXMLSTATE) exist
2020-09-23 09:12:39,650 INFO  [Thread:Thread-23] weaver.general.InitServiceXMLtoDB.notExistField() - filed (INITSERVICEXMLSTATE.SMS) exist
2020-09-23 09:12:39,651 INFO  [Thread:Thread-23] weaver.general.InitServiceXMLtoDB.notExistTable() - table(INITSERVICEXMLSTATE) exist
2020-09-23 09:12:39,657 INFO  [Thread:Thread-23] weaver.general.InitServiceXMLtoDB.notExistField() - filed (INITSERVICEXMLSTATE.CHECKERRORDATA) exist
2020-09-23 09:12:39,659 INFO  [Thread:Thread-23] weaver.general.InitServiceXMLtoDB.notExistTable() - table(INITSERVICEXMLSTATE) exist
2020-09-23 09:12:39,772 INFO  [Thread:Thread-23] weaver.general.InitServiceXMLtoDB.notExistField() - filed (INITSERVICEXMLSTATE.XMLINITTODB) exist
2020-09-23 09:12:39,772 INFO  [Thread:Thread-23] weaver.general.InitServiceXMLtoDB.initDB() - 创建表：DATASOURCESETTING ……
2020-09-23 09:12:39,820 INFO  [Thread:Thread-23] weaver.general.InitServiceXMLtoDB.notExistTable() - table(DATASOURCESETTING) exist
2020-09-23 09:12:39,820 INFO  [Thread:Thread-23] weaver.general.InitServiceXMLtoDB.initDB() - 创建表：SCHEDULESETTING ……
2020-09-23 09:12:39,829 INFO  [Thread:Thread-23] weaver.general.InitServiceXMLtoDB.notExistTable() - table(SCHEDULESETTING) exist
2020-09-23 09:12:39,829 INFO  [Thread:Thread-23] weaver.general.InitServiceXMLtoDB.initDB() - 创建表：SMSPROPERTIS ……
2020-09-23 09:12:39,838 INFO  [Thread:Thread-23] weaver.general.InitServiceXMLtoDB.notExistTable() - table(SMSPROPERTIS) exist
2020-09-23 09:12:39,846 INFO  [Thread:Thread-23] weaver.general.InitServiceXMLtoDB.notExistTable() - table(actionsettingdetail) exist
2020-09-23 09:12:39,937 INFO  [Thread:Thread-23] weaver.general.InitServiceXMLtoDB.notExistField() - filed (actionsettingdetail.isdatasource) exist
2020-09-23 09:12:39,947 INFO  [Thread:Thread-23] weaver.general.InitServiceXMLtoDB.notExistTable() - table(datashowset) exist
2020-09-23 09:12:40,160 INFO  [Thread:Thread-23] weaver.general.InitServiceXMLtoDB.notExistField() - filed (datashowset.searchByName) exist
2020-09-23 09:12:40,165 INFO  [Thread:Thread-23] weaver.general.InitServiceXMLtoDB.notExistField() - filed (datashowset.customid) exist
2020-09-23 09:12:40,167 INFO  [Thread:Thread-23] weaver.general.InitServiceXMLtoDB.notExistTable() - table(SCHEDULESETTING) exist
2020-09-23 09:12:40,245 INFO  [Thread:Thread-23] weaver.general.InitServiceXMLtoDB.notExistField() - filed (SCHEDULESETTING.createdate) exist
2020-09-23 09:12:40,246 INFO  [Thread:Thread-23] weaver.general.InitServiceXMLtoDB.notExistTable() - table(SCHEDULESETTING) exist
2020-09-23 09:12:40,270 INFO  [Thread:Thread-23] weaver.general.InitServiceXMLtoDB.notExistField() - filed (SCHEDULESETTING.createtime) exist
2020-09-23 09:12:40,272 INFO  [Thread:Thread-23] weaver.general.InitServiceXMLtoDB.notExistTable() - table(SCHEDULESETTING) exist
2020-09-23 09:12:40,282 INFO  [Thread:Thread-23] weaver.general.InitServiceXMLtoDB.notExistField() - filed (SCHEDULESETTING.modifydate) exist
2020-09-23 09:12:40,283 INFO  [Thread:Thread-23] weaver.general.InitServiceXMLtoDB.notExistTable() - table(SCHEDULESETTING) exist
2020-09-23 09:12:40,290 INFO  [Thread:Thread-23] weaver.general.InitServiceXMLtoDB.notExistField() - filed (SCHEDULESETTING.modifytime) exist
2020-09-23 09:12:40,295 INFO  [Thread:Thread-23] weaver.general.InitServiceXMLtoDB.initCache() - 开始初始化缓存......
2020-09-23 09:12:40,458 INFO  [Thread:Thread-23] weaver.general.InitServiceXMLtoDB.initCache() - System Init Message:mainControlIp= localIp:[192.168.56.1, 192.168.97.232]
2020-09-23 09:12:40,458 INFO  [Thread:Thread-23] weaver.general.InitServiceXMLtoDB.initCache() -   初始化计划任务缓存Start ......
2020-09-23 09:12:40,996 INFO  [Thread:Thread-23] weaver.general.InitServiceXMLtoDB.initCache() -   初始化数据源缓存 ......
2020-09-23 09:12:41,076 INFO  [Thread:Thread-23] weaver.general.InitServiceXMLtoDB.initCache() -   初始化Action缓存 ......
2020-09-23 09:12:42,247 ERROR [Thread:Thread-23] weaver.general.InitServiceXMLtoDB.initCache() - Action加入缓存异常(com.shxiv.hfwh.workflow.action.HfKhAction)：java.lang.NoClassDefFoundError: com/shxiv/jqkj/workflow/action/ClAction
2020-09-23 09:12:44,987 INFO  [Thread:Thread-23] weaver.general.InitServiceXMLtoDB.initCache() -   初始化浏览框缓存 ......
2020-09-23 09:12:45,358 INFO  [Thread:Thread-23] weaver.general.InitServiceXMLtoDB.initCache() -   初始化HR缓存 ......
2020-09-23 09:12:46,886 INFO  [Thread:Thread-23] weaver.general.InitServiceXMLtoDB.initCache() -   初始化短信缓存 ......
2020-09-23 09:12:47,208 INFO  [Thread:Thread-23] weaver.servicefiles.BrowserXML.<init>() - BrowserXML init start ....
2020-09-23 09:12:47,396 INFO  [Thread:Thread-23] weaver.servicefiles.BrowserXML.<init>() - BrowserXML init end ....
2020-09-23 09:12:47,398 INFO  [Thread:Thread-23] weaver.general.InitServiceXMLtoDB.initCache() - 初始化缓存结束......
2020-09-23 09:12:47,737 ERROR [Thread:Thread-23] weaver.interfaces.schedule.ScheduleManage.start() - Schedule Cron Job 缓存（schedule.deleteEML）
2020-09-23 09:12:48,287 ERROR [Thread:Thread-23] weaver.interfaces.schedule.ScheduleManage.start() - Schedule Cron Job 缓存（schedule.Mode4CptCalculateDeprecationJob）
2020-09-23 09:12:48,289 ERROR [Thread:Thread-23] weaver.interfaces.schedule.ScheduleManage.start() - Schedule Cron Job 缓存（schedule.CptLowInventoryRemindJob）
2020-09-23 09:12:48,290 ERROR [Thread:Thread-23] weaver.interfaces.schedule.ScheduleManage.start() - Schedule Cron Job 缓存（schedule.Mode4CptDulldaysInventoryRemindJob）
2020-09-23 09:12:48,290 ERROR [Thread:Thread-23] weaver.interfaces.schedule.ScheduleManage.start() - Schedule Cron Job 缓存（schedule.Mode4CptHighInventoryRemindJob）
2020-09-23 09:12:48,291 ERROR [Thread:Thread-23] weaver.interfaces.schedule.ScheduleManage.start() - Schedule Cron Job 缓存（schedule.Mode4CptLowInventoryRemindJob）
2020-09-23 09:12:48,292 ERROR [Thread:Thread-23] weaver.interfaces.schedule.ScheduleManage.start() - Schedule Cron Job 缓存（schedule.HttpServiceImpl）
2020-09-23 09:12:48,293 ERROR [Thread:Thread-23] weaver.interfaces.schedule.ScheduleManage.start() - Schedule Cron Job 缓存（schedule.HttpKaoQin）
2020-09-23 14:52:33,507 INFO  [Thread:Thread-23] weaver.general.InitServerXMLtoDBThread.checkEndUpgrade() - 升级进行中,sleep...
2020-09-23 14:52:34,553 INFO  [Thread:Thread-23] weaver.general.InitServerXMLtoDBThread.checkEndUpgrade() - 升级进行中,sleep...
2020-09-23 14:52:35,554 INFO  [Thread:Thread-23] weaver.general.InitServerXMLtoDBThread.run() - 升级完成，执行 InitServiceXMLtoDB ...
2020-09-23 14:52:35,700 INFO  [Thread:Thread-23] weaver.general.InitServiceXMLtoDB.initDB() - 创建表：INITSERVICEXMLSTATE ……
2020-09-23 14:52:35,707 INFO  [Thread:Thread-23] weaver.general.InitServiceXMLtoDB.notExistTable() - table(INITSERVICEXMLSTATE) exist
2020-09-23 14:52:35,796 INFO  [Thread:Thread-23] weaver.general.InitServiceXMLtoDB.notExistTable() - table(INITSERVICEXMLSTATE) exist
2020-09-23 14:52:35,819 INFO  [Thread:Thread-23] weaver.general.InitServiceXMLtoDB.notExistField() - filed (INITSERVICEXMLSTATE.E8CLEAR) exist
2020-09-23 14:52:35,843 INFO  [Thread:Thread-23] weaver.general.InitServiceXMLtoDB.notExistTable() - table(INITSERVICEXMLSTATE) exist
2020-09-23 14:52:35,857 INFO  [Thread:Thread-23] weaver.general.InitServiceXMLtoDB.notExistField() - filed (INITSERVICEXMLSTATE.SMS) exist
2020-09-23 14:52:35,859 INFO  [Thread:Thread-23] weaver.general.InitServiceXMLtoDB.notExistTable() - table(INITSERVICEXMLSTATE) exist
2020-09-23 14:52:35,864 INFO  [Thread:Thread-23] weaver.general.InitServiceXMLtoDB.notExistField() - filed (INITSERVICEXMLSTATE.CHECKERRORDATA) exist
2020-09-23 14:52:35,867 INFO  [Thread:Thread-23] weaver.general.InitServiceXMLtoDB.notExistTable() - table(INITSERVICEXMLSTATE) exist
2020-09-23 14:52:35,870 INFO  [Thread:Thread-23] weaver.general.InitServiceXMLtoDB.notExistField() - filed (INITSERVICEXMLSTATE.XMLINITTODB) exist
2020-09-23 14:52:35,870 INFO  [Thread:Thread-23] weaver.general.InitServiceXMLtoDB.initDB() - 创建表：DATASOURCESETTING ……
2020-09-23 14:52:35,873 INFO  [Thread:Thread-23] weaver.general.InitServiceXMLtoDB.notExistTable() - table(DATASOURCESETTING) exist
2020-09-23 14:52:35,873 INFO  [Thread:Thread-23] weaver.general.InitServiceXMLtoDB.initDB() - 创建表：SCHEDULESETTING ……
2020-09-23 14:52:35,904 INFO  [Thread:Thread-23] weaver.general.InitServiceXMLtoDB.notExistTable() - table(SCHEDULESETTING) exist
2020-09-23 14:52:35,904 INFO  [Thread:Thread-23] weaver.general.InitServiceXMLtoDB.initDB() - 创建表：SMSPROPERTIS ……
2020-09-23 14:52:35,921 INFO  [Thread:Thread-23] weaver.general.InitServiceXMLtoDB.notExistTable() - table(SMSPROPERTIS) exist
2020-09-23 14:52:35,926 INFO  [Thread:Thread-23] weaver.general.InitServiceXMLtoDB.notExistTable() - table(actionsettingdetail) exist
2020-09-23 14:52:35,929 INFO  [Thread:Thread-23] weaver.general.InitServiceXMLtoDB.notExistField() - filed (actionsettingdetail.isdatasource) exist
2020-09-23 14:52:35,933 INFO  [Thread:Thread-23] weaver.general.InitServiceXMLtoDB.notExistTable() - table(datashowset) exist
2020-09-23 14:52:35,935 INFO  [Thread:Thread-23] weaver.general.InitServiceXMLtoDB.notExistField() - filed (datashowset.searchByName) exist
2020-09-23 14:52:35,937 INFO  [Thread:Thread-23] weaver.general.InitServiceXMLtoDB.notExistField() - filed (datashowset.customid) exist
2020-09-23 14:52:35,939 INFO  [Thread:Thread-23] weaver.general.InitServiceXMLtoDB.notExistTable() - table(SCHEDULESETTING) exist
2020-09-23 14:52:35,941 INFO  [Thread:Thread-23] weaver.general.InitServiceXMLtoDB.notExistField() - filed (SCHEDULESETTING.createdate) exist
2020-09-23 14:52:35,947 INFO  [Thread:Thread-23] weaver.general.InitServiceXMLtoDB.notExistTable() - table(SCHEDULESETTING) exist
2020-09-23 14:52:35,949 INFO  [Thread:Thread-23] weaver.general.InitServiceXMLtoDB.notExistField() - filed (SCHEDULESETTING.createtime) exist
2020-09-23 14:52:35,952 INFO  [Thread:Thread-23] weaver.general.InitServiceXMLtoDB.notExistTable() - table(SCHEDULESETTING) exist
2020-09-23 14:52:35,954 INFO  [Thread:Thread-23] weaver.general.InitServiceXMLtoDB.notExistField() - filed (SCHEDULESETTING.modifydate) exist
2020-09-23 14:52:35,956 INFO  [Thread:Thread-23] weaver.general.InitServiceXMLtoDB.notExistTable() - table(SCHEDULESETTING) exist
2020-09-23 14:52:35,964 INFO  [Thread:Thread-23] weaver.general.InitServiceXMLtoDB.notExistField() - filed (SCHEDULESETTING.modifytime) exist
2020-09-23 14:52:35,973 INFO  [Thread:Thread-23] weaver.general.InitServiceXMLtoDB.initCache() - 开始初始化缓存......
2020-09-23 14:52:36,475 INFO  [Thread:Thread-23] weaver.general.InitServiceXMLtoDB.initCache() - System Init Message:mainControlIp= localIp:[192.168.56.1, 192.168.97.232]
2020-09-23 14:52:36,475 INFO  [Thread:Thread-23] weaver.general.InitServiceXMLtoDB.initCache() -   初始化计划任务缓存Start ......
2020-09-23 14:52:37,025 INFO  [Thread:Thread-23] weaver.general.InitServiceXMLtoDB.initCache() -   初始化数据源缓存 ......
2020-09-23 14:52:37,062 INFO  [Thread:Thread-23] weaver.general.InitServiceXMLtoDB.initCache() -   初始化Action缓存 ......
2020-09-23 14:52:38,012 ERROR [Thread:Thread-23] weaver.general.InitServiceXMLtoDB.initCache() - Action加入缓存异常(com.shxiv.hfwh.workflow.action.HfKhAction)：java.lang.NoClassDefFoundError: com/shxiv/jqkj/workflow/action/ClAction
2020-09-23 14:52:38,257 INFO  [Thread:Thread-23] weaver.general.InitServiceXMLtoDB.initCache() -   初始化浏览框缓存 ......
2020-09-23 14:52:38,338 INFO  [Thread:Thread-23] weaver.general.InitServiceXMLtoDB.initCache() -   初始化HR缓存 ......
2020-09-23 14:52:38,344 INFO  [Thread:Thread-23] weaver.general.InitServiceXMLtoDB.initCache() -   初始化短信缓存 ......
2020-09-23 14:52:38,385 INFO  [Thread:Thread-23] weaver.servicefiles.BrowserXML.<init>() - BrowserXML init start ....
2020-09-23 14:52:38,405 INFO  [Thread:Thread-23] weaver.servicefiles.BrowserXML.<init>() - BrowserXML init end ....
2020-09-23 14:52:38,408 INFO  [Thread:Thread-23] weaver.general.InitServiceXMLtoDB.initCache() - 初始化缓存结束......
2020-09-23 14:52:38,575 ERROR [Thread:Thread-23] weaver.interfaces.schedule.ScheduleManage.start() - Schedule Cron Job 缓存（schedule.deleteEML）
2020-09-23 14:52:38,613 ERROR [Thread:Thread-23] weaver.interfaces.schedule.ScheduleManage.start() - Schedule Cron Job 缓存（schedule.Mode4CptCalculateDeprecationJob）
2020-09-23 14:52:38,614 ERROR [Thread:Thread-23] weaver.interfaces.schedule.ScheduleManage.start() - Schedule Cron Job 缓存（schedule.CptLowInventoryRemindJob）
2020-09-23 14:52:38,615 ERROR [Thread:Thread-23] weaver.interfaces.schedule.ScheduleManage.start() - Schedule Cron Job 缓存（schedule.Mode4CptDulldaysInventoryRemindJob）
2020-09-23 14:52:38,617 ERROR [Thread:Thread-23] weaver.interfaces.schedule.ScheduleManage.start() - Schedule Cron Job 缓存（schedule.Mode4CptHighInventoryRemindJob）
2020-09-23 14:52:38,618 ERROR [Thread:Thread-23] weaver.interfaces.schedule.ScheduleManage.start() - Schedule Cron Job 缓存（schedule.Mode4CptLowInventoryRemindJob）
2020-09-23 14:52:38,621 ERROR [Thread:Thread-23] weaver.interfaces.schedule.ScheduleManage.start() - Schedule Cron Job 缓存（schedule.HttpServiceImpl）
2020-09-23 14:52:38,622 ERROR [Thread:Thread-23] weaver.interfaces.schedule.ScheduleManage.start() - Schedule Cron Job 缓存（schedule.HttpKaoQin）
