~~~~~~conn been not closed~~~~~~~~:/formmode/setup/formSettingsAction.jsp
java.lang.Throwable
	at weaver.monitor.monitor.MonitorConn.addConn(MonitorConn.java:33)
	at weaver.conn.aop.WeaverConnectionAop.init_after(WeaverConnectionAop.java:14)
	at weaver.conn.WeaverConnection.<init>(WeaverConnection.java:61)
	at weaver.conn.DBConnectionPool.getConnection(DBConnectionPool.java:157)
	at weaver.conn.ConnectionPool.getConnection(ConnectionPool.java:207)
	at weaver.conn.ConnectionPool.getConnection(ConnectionPool.java:180)
	at weaver.conn.ConnectionPool.getConnection(ConnectionPool.java:164)
	at weaver.conn.RecordSetTrans.getConnection(RecordSetTrans.java:1269)
	at weaver.conn.RecordSetTrans.executeSql(RecordSetTrans.java:534)
	at weaver.conn.RecordSetTrans.executeSql(RecordSetTrans.java:472)
	at _jsp._formmode._setup._formsettingsaction__jsp._jspService(_formsettingsaction__jsp.java:772)
	at com.caucho.jsp.JavaPage.service(JavaPage.java:61)
	at com.caucho.jsp.Page.pageservice(Page.java:587)
	at com.caucho.server.dispatch.PageFilterChain.doFilter(PageFilterChain.java:195)
	at wscheck.FileCheckFilter.doFilter(FileCheckFilter.java:146)
	at com.caucho.server.dispatch.FilterFilterChain.doFilter(FilterFilterChain.java:87)
	at weaver.filter.PFixFilter.doFilter(PFixFilter.java:129)
	at com.caucho.server.dispatch.FilterFilterChain.doFilter(FilterFilterChain.java:87)
	at weaver.filter.MonitorXFixIPFilter.doFilter(MonitorXFixIPFilter.java:30)
	at weaver.filter.MonitorForbiddenUrlFilter.doFilter(MonitorForbiddenUrlFilter.java:133)
	at weaver.filter.MonitorCheckdbFilter.doFilter(MonitorCheckdbFilter.java:49)
	at weaver.filter.MonitorXUrlTimeFilter.doFilter(MonitorXUrlTimeFilter.java:66)
	at weaver.filter.DynamicMonitorXFilter.doFilter(DynamicMonitorXFilter.java:86)
	at weaver.filter.MonitorXFilter.doFilter(MonitorXFilter.java:83)
	at com.caucho.server.dispatch.FilterFilterChain.doFilter(FilterFilterChain.java:87)
	at weaver.filter.FixIPFilter.doFilter(FixIPFilter.java:23)
	at com.caucho.server.dispatch.FilterFilterChain.doFilter(FilterFilterChain.java:87)
	at weaver.filter.DialogHandleFilter.doFilter(DialogHandleFilter.java:76)
	at com.caucho.server.dispatch.FilterFilterChain.doFilter(FilterFilterChain.java:87)
	at weaver.filter.XssFilter.doFilterInternal(XssFilter.java:40)
	at org.springframework.web.filter.OncePerRequestFilter.doFilter(OncePerRequestFilter.java:76)
	at com.caucho.server.dispatch.FilterFilterChain.doFilter(FilterFilterChain.java:87)
	at weaver.filter.ConnFastFilter.doFilter(ConnFastFilter.java:38)
	at com.caucho.server.dispatch.FilterFilterChain.doFilter(FilterFilterChain.java:87)
	at weaver.filter.AppUseFilter.doFilter(AppUseFilter.java:48)
	at com.caucho.server.dispatch.FilterFilterChain.doFilter(FilterFilterChain.java:87)
	at weaver.filter.IECompatibleFilter.doFilter(IECompatibleFilter.java:104)
	at com.caucho.server.dispatch.FilterFilterChain.doFilter(FilterFilterChain.java:87)
	at weaver.filter.WGzipFilter.doFilter(WGzipFilter.java:115)
	at com.caucho.server.dispatch.FilterFilterChain.doFilter(FilterFilterChain.java:87)
	at weaver.security.webcontainer.XssRequestForResin3.doFilter(XssRequestForResin3.java:35)
	at sun.reflect.GeneratedMethodAccessor74.invoke(Unknown Source)
	at sun.reflect.DelegatingMethodAccessorImpl.invoke(DelegatingMethodAccessorImpl.java:43)
	at java.lang.reflect.Method.invoke(Method.java:498)
	at weaver.security.filter.SecurityMain.process(SecurityMain.java:854)
	at sun.reflect.GeneratedMethodAccessor61.invoke(Unknown Source)
	at sun.reflect.DelegatingMethodAccessorImpl.invoke(DelegatingMethodAccessorImpl.java:43)
	at java.lang.reflect.Method.invoke(Method.java:498)
	at weaver.filter.SecurityFilter.doFilterInternal(SecurityFilter.java:51)
	at org.springframework.web.filter.OncePerRequestFilter.doFilter(OncePerRequestFilter.java:76)
	at com.caucho.server.dispatch.FilterFilterChain.doFilter(FilterFilterChain.java:87)
	at com.caucho.server.webapp.WebAppFilterChain.doFilter(WebAppFilterChain.java:187)
	at com.caucho.server.dispatch.ServletInvocation.service(ServletInvocation.java:265)
	at com.caucho.server.http.HttpRequest.handleRequest(HttpRequest.java:273)
	at com.caucho.server.port.TcpConnection.run(TcpConnection.java:682)
	at com.caucho.util.ThreadPool$Item.runTasks(ThreadPool.java:730)
	at com.caucho.util.ThreadPool$Item.run(ThreadPool.java:649)
	at java.lang.Thread.run(Thread.java:748)

